Log file open, 05/11/19 20:58:05
LogWindows: Failed to load 'aqProf.dll' (GetLastError=126)
LogWindows: File 'aqProf.dll' does not exist
LogWindows: Failed to load 'VSPerf140.dll' (GetLastError=126)
LogWindows: File 'VSPerf140.dll' does not exist
LogWindows: Failed to load 'VtuneApi.dll' (GetLastError=126)
LogWindows: File 'VtuneApi.dll' does not exist
LogWindows: Failed to load 'VtuneApi32e.dll' (GetLastError=126)
LogWindows: File 'VtuneApi32e.dll' does not exist
LogInit: Display: Running engine for game: ClimbDemo
LogPlatformFile: Not using cached read wrapper
LogTaskGraph: Started task graph with 5 named threads and 23 total threads with 3 sets of task threads.
LogStats: Stats thread started at 0.327394
LogD3D11RHI: Loaded GFSDK_Aftermath_Lib.x64.dll
LogICUInternationalization: Display: ICU TimeZone Detection - Raw Offset: +8:00, Platform Override: ''
LogPluginManager: Mounting plugin Paper2D
LogPluginManager: Mounting plugin AISupport
LogPluginManager: Mounting plugin LightPropagationVolume
LogPluginManager: Mounting plugin CLionSourceCodeAccess
LogPluginManager: Mounting plugin CodeLiteSourceCodeAccess
LogPluginManager: Mounting plugin GitSourceControl
LogPluginManager: Mounting plugin KDevelopSourceCodeAccess
LogPluginManager: Mounting plugin NullSourceCodeAccess
LogPluginManager: Mounting plugin PerforceSourceControl
LogPluginManager: Mounting plugin SubversionSourceControl
LogPluginManager: Mounting plugin UObjectPlugin
LogPluginManager: Mounting plugin VisualStudioCodeSourceCodeAccess
LogPluginManager: Mounting plugin VisualStudioSourceCodeAccess
LogPluginManager: Mounting plugin XCodeSourceCodeAccess
LogPluginManager: Mounting plugin AssetManagerEditor
LogPluginManager: Mounting plugin CryptoKeys
LogPluginManager: Mounting plugin DataValidation
LogPluginManager: Mounting plugin FacialAnimation
LogPluginManager: Mounting plugin GameplayTagsEditor
LogPluginManager: Mounting plugin MacGraphicsSwitching
LogPluginManager: Mounting plugin MeshEditor
LogPluginManager: Mounting plugin MobileLauncherProfileWizard
LogPluginManager: Mounting plugin PluginBrowser
LogPluginManager: Mounting plugin SpeedTreeImporter
LogPluginManager: Mounting plugin DatasmithContent
LogPluginManager: Mounting plugin AlembicImporter
LogPluginManager: Mounting plugin AppleImageUtils
LogPluginManager: Mounting plugin AppleVision
LogPluginManager: Mounting plugin BackChannel
LogPluginManager: Mounting plugin CharacterAI
LogPluginManager: Mounting plugin GeometryCache
LogPluginManager: Mounting plugin HTML5Networking
LogPluginManager: Mounting plugin ProxyLODPlugin
LogPluginManager: Mounting plugin MagicLeap
LogPluginManager: Mounting plugin MagicLeapEmulator
LogPluginManager: Mounting plugin MagicLeapMedia
LogPluginManager: Mounting plugin AndroidMedia
LogPluginManager: Mounting plugin AvfMedia
LogPluginManager: Mounting plugin ImgMedia
LogPluginManager: Mounting plugin LinearTimecode
LogPluginManager: Mounting plugin MediaCompositing
LogPluginManager: Mounting plugin MediaPlayerEditor
LogPluginManager: Mounting plugin WmfMedia
LogPluginManager: Mounting plugin TcpMessaging
LogPluginManager: Mounting plugin UdpMessaging
LogPluginManager: Mounting plugin ActorSequence
LogPluginManager: Mounting plugin LevelSequenceEditor
LogPluginManager: Mounting plugin MatineeToLevelSequence
LogPluginManager: Mounting plugin NetcodeUnitTest
LogPluginManager: Mounting plugin NUTUnrealEngine4
LogPluginManager: Mounting plugin OnlineSubsystemGooglePlay
LogPluginManager: Mounting plugin OnlineSubsystemIOS
LogPluginManager: Mounting plugin OnlineSubsystem
LogPluginManager: Mounting plugin OnlineSubsystemNull
LogPluginManager: Mounting plugin OnlineSubsystemUtils
LogPluginManager: Mounting plugin LauncherChunkInstaller
LogPluginManager: Mounting plugin AndroidDeviceProfileSelector
LogPluginManager: Mounting plugin AndroidMoviePlayer
LogPluginManager: Mounting plugin AndroidPermission
LogPluginManager: Mounting plugin AppleMoviePlayer
LogPluginManager: Mounting plugin ArchVisCharacter
LogPluginManager: Mounting plugin AudioCapture
LogPluginManager: Mounting plugin CableComponent
LogPluginManager: Mounting plugin CustomMeshComponent
LogPluginManager: Mounting plugin EditableMesh
LogPluginManager: Mounting plugin ExampleDeviceProfileSelector
LogPluginManager: Mounting plugin GoogleCloudMessaging
LogPluginManager: Mounting plugin ImmediatePhysics
LogPluginManager: Mounting plugin IOSDeviceProfileSelector
LogPluginManager: Mounting plugin LinuxDeviceProfileSelector
LogPluginManager: Mounting plugin LocationServicesBPLibrary
LogPluginManager: Mounting plugin MobilePatchingUtils
LogPluginManager: Mounting plugin OculusVR
LogPluginManager: Plugin shader directory ../../../Engine/Plugins/Runtime/Oculus/OculusVR/Shaders found
LogPluginManager: Mapping shader source directory ../../../Engine/Plugins/Runtime/Oculus/OculusVR/Shaders to virtual directory /Plugin/OculusVR
LogPluginManager: Mounting plugin PhysXVehicles
LogPluginManager: Mounting plugin ProceduralMeshComponent
LogPluginManager: Mounting plugin RuntimePhysXCooking
LogPluginManager: Mounting plugin SteamVR
LogPluginManager: Mounting plugin WindowsMoviePlayer
LogStreaming: Display: Took  0.390s to configure plugins.
LogInit: Using libcurl 7.55.1-DEV
LogInit:  - built for x86_64-pc-win32
LogInit:  - supports SSL with OpenSSL/1.0.2h
LogInit:  - supports HTTP deflate (compression) using libz 1.2.8
LogInit:  - other features:
LogInit:      CURL_VERSION_SSL
LogInit:      CURL_VERSION_LIBZ
LogInit:      CURL_VERSION_IPV6
LogInit:      CURL_VERSION_ASYNCHDNS
LogInit:      CURL_VERSION_LARGEFILE
LogInit:      CURL_VERSION_IDN
LogInit:  CurlRequestOptions (configurable via config and command line):
LogInit:  - bVerifyPeer = false  - Libcurl will NOT verify peer certificate
LogInit:  - bUseHttpProxy = false  - Libcurl will NOT use HTTP proxy
LogInit:  - bDontReuseConnections = false  - Libcurl will reuse connections
LogInit:  - CertBundlePath = nullptr  - Libcurl will use whatever was configured at build time.
LogInit:  - MaxHostConnections = 16  - Libcurl will limit the number of connections to a host
LogInit:  - LocalHostAddr = Default
LogInit:  - BufferSize = 65536
LogInit: WinSock: version 1.1 (2.2), MaxSocks=32767, MaxUdp=65467
LogHMD: Failed initializing OVRPlugin 1.25.0
LogInit: Build: ++UE4+Release-4.20-CL-4369336
LogInit: Engine Version: 4.20.3-4369336+++UE4+Release-4.20
LogInit: Compatible Engine Version: 4.20.0-4212847+++UE4+Release-4.20
LogInit: Net CL: 4212847
LogInit: OS: Windows 10 (), CPU: Intel(R) Core(TM) i7-7700HQ CPU @ 2.80GHz, GPU: Intel(R) HD Graphics 630
LogInit: Compiled (64-bit): Sep 17 2018 12:26:19
LogInit: Compiled with Visual C++: 19.13.26129.00
LogInit: Build Configuration: Development
LogInit: Branch Name: ++UE4+Release-4.20
LogInit: Command Line:  
LogInit: Base Directory: D:/Program Files/Epic Games/UE_4.20/Engine/Binaries/Win64/
LogInit: Installed Engine Build: 1
LogDevObjectVersion: Number of dev versions registered: 20
LogDevObjectVersion:   Dev-Blueprints (B0D832E4-1F89-4F0D-ACCF-7EB736FD4AA2): 10
LogDevObjectVersion:   Dev-Build (E1C64328-A22C-4D53-A36C-8E866417BD8C): 0
LogDevObjectVersion:   Dev-Core (375EC13C-06E4-48FB-B500-84F0262A717E): 2
LogDevObjectVersion:   Dev-Editor (E4B068ED-F494-42E9-A231-DA0B2E46BB41): 24
LogDevObjectVersion:   Dev-Framework (CFFC743F-43B0-4480-9391-14DF171D2073): 34
LogDevObjectVersion:   Dev-Mobile (B02B49B5-BB20-44E9-A304-32B752E40360): 2
LogDevObjectVersion:   Dev-Networking (A4E4105C-59A1-49B5-A7C5-40C4547EDFEE): 0
LogDevObjectVersion:   Dev-Online (39C831C9-5AE6-47DC-9A44-9C173E1C8E7C): 0
LogDevObjectVersion:   Dev-Physics (78F01B33-EBEA-4F98-B9B4-84EACCB95AA2): 0
LogDevObjectVersion:   Dev-Platform (6631380F-2D4D-43E0-8009-CF276956A95A): 0
LogDevObjectVersion:   Dev-Rendering (12F88B9F-8875-4AFC-A67C-D90C383ABD29): 26
LogDevObjectVersion:   Dev-Sequencer (7B5AE74C-D270-4C10-A958-57980B212A5A): 9
LogDevObjectVersion:   Dev-VR (D7296918-1DD6-4BDD-9DE2-64A83CC13884): 2
LogDevObjectVersion:   Dev-LoadTimes (C2A15278-BFE7-4AFE-6C17-90FF531DF755): 1
LogDevObjectVersion:   Private-Geometry (6EACA3D4-40EC-4CC1-B786-8BED09428FC5): 3
LogDevObjectVersion:   Dev-AnimPhys (29E575DD-E0A3-4627-9D10-D276232CDCEA): 17
LogDevObjectVersion:   Dev-ReflectionCapture (6B266CEC-1EC7-4B8F-A30B-E4D90942FC07): 1
LogDevObjectVersion:   Dev-Automation (0DF73D61-A23F-47EA-B727-89E90C41499A): 1
LogDevObjectVersion:   FortniteMain (601D1886-AC64-4F84-AA16-D3DE0DEAC7D6): 12
LogDevObjectVersion:   Dev-Enterprise (9DFFBCD6-494F-0158-E221-12823C92A888): 1
LogStreaming: Display: Took  0.000s to delete old logs.
LogInit: Presizing for max 8388607 objects, including 0 objects not considered by GC, pre-allocating 0 bytes for permanent pool.
LogInit: Object subsystem initialized
[2019.05.11-12.58.07:146][  0]LogInit: Selected Device Profile: [Windows]
[2019.05.11-12.58.07:146][  0]LogInit: Applying CVar settings loaded from the selected device profile: [Windows]
[2019.05.11-12.58.07:170][  0]LogHAL: Display: Platform has ~ 16 GB [17046654976 / 17179869184 / 16], which maps to Larger [LargestMinGB=32, LargerMinGB=12, DefaultMinGB=8, SmallerMinGB=6, SmallestMinGB=0)
[2019.05.11-12.58.07:170][  0]LogInit: Setting Device Profile CVar: [[r.Vulkan.UseRealUBs:1]]
[2019.05.11-12.58.07:170][  0]LogInit: Going up to parent DeviceProfile []
[2019.05.11-12.58.07:170][  0]LogInit: Computer: DESKTOP-UHKKT41
[2019.05.11-12.58.07:170][  0]LogInit: User: Ivy
[2019.05.11-12.58.07:170][  0]LogInit: CPU Page size=4096, Cores=4
[2019.05.11-12.58.07:170][  0]LogInit: High frequency timer resolution =2.742192 MHz
[2019.05.11-12.58.07:170][  0]LogMemory: Memory total: Physical=15.9GB (16GB approx)
[2019.05.11-12.58.07:171][  0]LogMemory: Platform Memory Stats for Windows
[2019.05.11-12.58.07:171][  0]LogMemory: Process Physical Memory: 102.32 MB used, 102.32 MB peak
[2019.05.11-12.58.07:171][  0]LogMemory: Process Virtual Memory: 94.30 MB used, 94.30 MB peak
[2019.05.11-12.58.07:171][  0]LogMemory: Physical Memory: 7930.06 MB used,  8326.90 MB free, 16256.96 MB total
[2019.05.11-12.58.07:171][  0]LogMemory: Virtual Memory: 4655.39 MB used,  8326.90 MB free, 134217728.00 MB total
[2019.05.11-12.58.07:827][  0]LogInit: Overriding language with editor language configuration option (en).
[2019.05.11-12.58.07:827][  0]LogInit: Overriding locale with editor locale configuration option (en).
[2019.05.11-12.58.08:396][  0]LogStreaming: Display: Took  0.568s to InitEngineTextLocalization.
[2019.05.11-12.58.08:397][  0]LogInit: Setting process to per monitor DPI aware
[2019.05.11-12.58.08:742][  0]LogSlate: New Slate User Created.  User Index 0, Is Virtual User: 0
[2019.05.11-12.58.08:742][  0]LogSlate: Slate User Registered.  User Index 0, Is Virtual User: 0
[2019.05.11-12.58.09:135][  0]LogHMD: Failed to initialize OpenVR with code 110
[2019.05.11-12.58.09:135][  0]LogD3D11RHI: D3D11 adapters:
[2019.05.11-12.58.09:307][  0]LogD3D11RHI:    0. 'NVIDIA GeForce GTX 1070' (Feature Level 11_0)
[2019.05.11-12.58.09:307][  0]LogD3D11RHI:       8089/0/8128 MB DedicatedVideo/DedicatedSystem/SharedSystem, Outputs:1, VendorId:0x10de
[2019.05.11-12.58.09:325][  0]LogD3D11RHI:    1. 'Intel(R) HD Graphics 630' (Feature Level 11_0)
[2019.05.11-12.58.09:325][  0]LogD3D11RHI:       128/0/8128 MB DedicatedVideo/DedicatedSystem/SharedSystem, Outputs:0, VendorId:0x8086
[2019.05.11-12.58.09:329][  0]LogD3D11RHI:    2. 'Microsoft Basic Render Driver' (Feature Level 11_0)
[2019.05.11-12.58.09:329][  0]LogD3D11RHI:       0/0/8128 MB DedicatedVideo/DedicatedSystem/SharedSystem, Outputs:0, VendorId:0x1414
[2019.05.11-12.58.09:329][  0]LogD3D11RHI: Chosen D3D11 Adapter: 0
[2019.05.11-12.58.09:380][  0]LogD3D11RHI: Creating new Direct3DDevice
[2019.05.11-12.58.09:380][  0]LogD3D11RHI:     GPU DeviceId: 0x1ba1 (for the marketing name, search the web for "GPU Device Id")
[2019.05.11-12.58.09:380][  0]LogWindows: EnumDisplayDevices:
[2019.05.11-12.58.09:380][  0]LogWindows:    0. 'Intel(R) HD Graphics 630' (P:1 D:1)
[2019.05.11-12.58.09:383][  0]LogWindows:    1. 'Intel(R) HD Graphics 630' (P:0 D:0)
[2019.05.11-12.58.09:386][  0]LogWindows:    2. 'Intel(R) HD Graphics 630' (P:0 D:0)
[2019.05.11-12.58.09:389][  0]LogWindows:    3. 'NVIDIA GeForce GTX 1070' (P:0 D:0)
[2019.05.11-12.58.09:394][  0]LogWindows:    4. 'NVIDIA GeForce GTX 1070' (P:0 D:0)
[2019.05.11-12.58.09:396][  0]LogWindows:    5. 'NVIDIA GeForce GTX 1070' (P:0 D:0)
[2019.05.11-12.58.09:399][  0]LogWindows:    6. 'NVIDIA GeForce GTX 1070' (P:0 D:0)
[2019.05.11-12.58.09:402][  0]LogWindows: DebugString: PrimaryIsNotTheChoosenAdapter PrimaryIsNotTheChoosenAdapter PrimaryIsNotTheChoosenAdapter FoundDriverCount:4 
[2019.05.11-12.58.09:402][  0]LogD3D11RHI:     Adapter Name: NVIDIA GeForce GTX 1070
[2019.05.11-12.58.09:402][  0]LogD3D11RHI:   Driver Version: 389.12 (internal:23.21.13.8912, unified:389.12)
[2019.05.11-12.58.09:402][  0]LogD3D11RHI:      Driver Date: 3-7-2018
[2019.05.11-12.58.09:402][  0]LogRHI: Texture pool is 5662 MB (70% of 8089 MB)
[2019.05.11-12.58.09:480][  0]LogD3D11RHI: Async texture creation enabled
[2019.05.11-12.58.09:494][  0]LogD3D11RHI: GPU Timing Frequency: 1000.000000 (Debug: 2 1)
[2019.05.11-12.58.09:501][  0]LogShaderCompilers: Guid format shader working directory is -1 characters bigger than the processId version (C:/Users/Ivy/Documents/DiplomaGame/ClimbDemo/Intermediate/Shaders/WorkingDirectory/26540/).
[2019.05.11-12.58.09:502][  0]LogShaderCompilers: Cleaned the shader compiler working directory 'C:/Users/Ivy/AppData/Local/Temp/UnrealShaderWorkingDir/442EADE94B3BE019FB2AFDB65ECB0EFF/'.
[2019.05.11-12.58.11:185][  0]LogTemp: Display: Loaded TP AllDesktopTargetPlatform
[2019.05.11-12.58.11:206][  0]LogTemp: Display: Loaded TP MacClientTargetPlatform
[2019.05.11-12.58.11:229][  0]LogTemp: Display: Loaded TP MacNoEditorTargetPlatform
[2019.05.11-12.58.11:253][  0]LogTemp: Display: Loaded TP MacServerTargetPlatform
[2019.05.11-12.58.11:276][  0]LogTemp: Display: Loaded TP MacTargetPlatform
[2019.05.11-12.58.11:297][  0]LogTemp: Display: Loaded TP WindowsClientTargetPlatform
[2019.05.11-12.58.11:319][  0]LogTemp: Display: Loaded TP WindowsNoEditorTargetPlatform
[2019.05.11-12.58.11:342][  0]LogTemp: Display: Loaded TP WindowsServerTargetPlatform
[2019.05.11-12.58.11:353][  0]LogTemp: Display: Loaded TP WindowsTargetPlatform
[2019.05.11-12.58.11:474][  0]LogTemp: Display: Loaded TP AndroidTargetPlatform
[2019.05.11-12.58.11:474][  0]LogTemp: Display: Loaded TP AndroidTargetPlatform
[2019.05.11-12.58.11:474][  0]LogTemp: Display: Loaded TP AndroidTargetPlatform
[2019.05.11-12.58.11:474][  0]LogTemp: Display: Loaded TP AndroidTargetPlatform
[2019.05.11-12.58.11:474][  0]LogTemp: Display: Loaded TP AndroidTargetPlatform
[2019.05.11-12.58.11:475][  0]LogTemp: Display: Loaded TP AndroidTargetPlatform
[2019.05.11-12.58.11:475][  0]LogTemp: Display: Loaded TP AndroidTargetPlatform
[2019.05.11-12.58.11:475][  0]LogTemp: Display: Loaded TP AndroidTargetPlatform
[2019.05.11-12.58.11:475][  0]LogTemp: Display: Loaded TP AndroidTargetPlatform
[2019.05.11-12.58.11:475][  0]LogTemp: Display: Loaded TP AndroidTargetPlatform
[2019.05.11-12.58.11:475][  0]LogTemp: Display: Loaded TP AndroidTargetPlatform
[2019.05.11-12.58.11:475][  0]LogTemp: Display: Loaded TP AndroidTargetPlatform
[2019.05.11-12.58.11:475][  0]LogTemp: Display: Loaded TP AndroidTargetPlatform
[2019.05.11-12.58.11:475][  0]LogTemp: Display: Loaded TP AndroidTargetPlatform
[2019.05.11-12.58.11:475][  0]LogTemp: Display: Loaded TP AndroidTargetPlatform
[2019.05.11-12.58.11:475][  0]LogTemp: Display: Loaded TP AndroidTargetPlatform
[2019.05.11-12.58.11:475][  0]LogTemp: Display: Loaded TP AndroidTargetPlatform
[2019.05.11-12.58.11:475][  0]LogTemp: Display: Loaded TP AndroidTargetPlatform
[2019.05.11-12.58.11:488][  0]LogTemp: Display: Loaded TP HTML5TargetPlatform
[2019.05.11-12.58.11:567][  0]LogTemp: Display: Loaded TP IOSTargetPlatform
[2019.05.11-12.58.11:567][  0]LogTemp: Display: Loaded TP IOSTargetPlatform
[2019.05.11-12.58.11:598][  0]LogTemp: Display: Loaded TP TVOSTargetPlatform
[2019.05.11-12.58.11:598][  0]LogTemp: Display: Loaded TP TVOSTargetPlatform
[2019.05.11-12.58.11:619][  0]LogTemp: Display: Loaded TP LinuxClientTargetPlatform
[2019.05.11-12.58.11:637][  0]LogTemp: Display: Loaded TP LinuxNoEditorTargetPlatform
[2019.05.11-12.58.11:656][  0]LogTemp: Display: Loaded TP LinuxServerTargetPlatform
[2019.05.11-12.58.11:676][  0]LogTemp: Display: Loaded TP LinuxTargetPlatform
[2019.05.11-12.58.11:710][  0]LogTemp: Display: Loaded TP LuminTargetPlatform
[2019.05.11-12.58.11:710][  0]LogTargetPlatformManager: Display: Building Assets For Windows
[2019.05.11-12.58.11:815][  0]LogXGEController: Cannot use XGE Controller as Incredibuild is not installed on this machine.
[2019.05.11-12.58.11:816][  0]LogShaderCompilers: Cannot use XGE Shader Compiler as Incredibuild is not installed on this machine.
[2019.05.11-12.58.11:816][  0]LogShaderCompilers: Display: Using Local Shader Compiler.
[2019.05.11-12.58.12:955][  0]LogDerivedDataCache: Display: Max Cache Size: 512 MB
[2019.05.11-12.58.13:021][  0]LogDerivedDataCache: Loaded boot cache 0.07s 71MB C:/Users/Ivy/AppData/Local/UnrealEngine/4.20/DerivedDataCache/Boot.ddc.
[2019.05.11-12.58.13:021][  0]LogDerivedDataCache: Display: Loaded Boot cache: C:/Users/Ivy/AppData/Local/UnrealEngine/4.20/DerivedDataCache/Boot.ddc
[2019.05.11-12.58.13:021][  0]LogDerivedDataCache: FDerivedDataBackendGraph:  Pak pak cache file C:/Users/Ivy/Documents/DiplomaGame/ClimbDemo/DerivedDataCache/DDC.ddp not found, will not use a pak cache.
[2019.05.11-12.58.13:021][  0]LogDerivedDataCache: Unable to find inner node Pak for hierarchical cache Hierarchy.
[2019.05.11-12.58.13:021][  0]LogDerivedDataCache: FDerivedDataBackendGraph:  CompressedPak pak cache file C:/Users/Ivy/Documents/DiplomaGame/ClimbDemo/DerivedDataCache/Compressed.ddp not found, will not use a pak cache.
[2019.05.11-12.58.13:021][  0]LogDerivedDataCache: Unable to find inner node CompressedPak for hierarchical cache Hierarchy.
[2019.05.11-12.58.13:041][  0]LogDerivedDataCache: Display: Pak cache opened for reading ../../../Engine/DerivedDataCache/Compressed.ddp.
[2019.05.11-12.58.13:059][  0]LogDerivedDataCache: Using Local data cache path C:/Users/Ivy/AppData/Local/UnrealEngine/Common/DerivedDataCache: Writable
[2019.05.11-12.58.13:059][  0]LogDerivedDataCache: Shared data cache path not found in *engine.ini, will not use an Shared cache.
[2019.05.11-12.58.13:059][  0]LogDerivedDataCache: Unable to find inner node Shared for hierarchical cache Hierarchy.
[2019.05.11-12.58.13:086][  0]LogMaterial: Verifying Global Shaders for PCD3D_SM5
[2019.05.11-12.58.13:090][  0]LogSlate: Using FreeType 2.6.0
[2019.05.11-12.58.13:090][  0]LogSlate: SlateFontServices - WITH_FREETYPE: 1, WITH_HARFBUZZ: 1
[2019.05.11-12.58.13:183][  0]LogAssetRegistry: FAssetRegistry took 0.0273 seconds to start up
[2019.05.11-12.58.13:625][  0]LogInit: Selected Device Profile: [Windows]
[2019.05.11-12.58.13:831][  0]LogSimplygon: Simplygon DLL not present - disabling.
[2019.05.11-12.58.13:839][  0]LogMeshReduction: Using SimplygonSwarm for distributed automatic mesh merging
[2019.05.11-12.58.13:839][  0]LogMeshReduction: Using ProxyLODMeshReduction for automatic mesh merging
[2019.05.11-12.58.13:840][  0]LogMeshReduction: Using QuadricMeshReduction for automatic static mesh reduction
[2019.05.11-12.58.13:840][  0]LogMeshReduction: No automatic skeletal mesh reduction module available
[2019.05.11-12.58.13:870][  0]LogNetVersion: ClimbDemo 1.0.0, NetCL: 4212847, EngineNetVer: 5, GameNetVer: 0 (Checksum: 2394580764)
[2019.05.11-12.58.14:774][  0]LogPackageLocalizationCache: Processed 11 localized package path(s) for 1 prioritized culture(s) in 0.210609 seconds
[2019.05.11-12.58.14:784][  0]LogUObjectArray: 38425 objects as part of root set at end of initial load.
[2019.05.11-12.58.14:784][  0]LogUObjectAllocator: 6690864 out of 0 bytes used by permanent object pool.
[2019.05.11-12.58.14:784][  0]LogUObjectArray: CloseDisregardForGC: 0/0 objects in disregard for GC pool
[2019.05.11-12.58.16:165][  0]LogTcpMessaging: Initializing TcpMessaging bridge
[2019.05.11-12.58.16:180][  0]LogUdpMessaging: Initializing bridge on interface 0.0.0.0:0 to multicast group 230.0.0.1:6666.
[2019.05.11-12.58.16:412][  0]SourceControl: Source control is disabled
[2019.05.11-12.58.16:412][  0]SourceControl: Source control is disabled
[2019.05.11-12.58.16:416][  0]SourceControl: Source control is disabled
[2019.05.11-12.58.16:420][  0]SourceControl: Source control is disabled
[2019.05.11-12.58.16:691][  0]LogAndroidPermission: UAndroidPermissionCallbackProxy::GetInstance
[2019.05.11-12.58.17:040][  0]LogOcInput: OculusInput pre-init called
[2019.05.11-12.58.17:124][  0]LogEngine: Initializing Engine...
[2019.05.11-12.58.17:126][  0]LogHMD: Failed to initialize OpenVR with code 110
[2019.05.11-12.58.17:129][  0]LogStats: UGameplayTagsManager::ConstructGameplayTagTree: ImportINI prefixes -  0.000 s
[2019.05.11-12.58.17:129][  0]LogStats: UGameplayTagsManager::ConstructGameplayTagTree: Construct from data asset -  0.000 s
[2019.05.11-12.58.17:129][  0]LogStats: UGameplayTagsManager::ConstructGameplayTagTree: ImportINI -  0.000 s
[2019.05.11-12.58.17:129][  0]LogStats: UGameplayTagsManager::ConstructGameplayTagTree: GameplayTagTreeChangedEvent.Broadcast -  0.000 s
[2019.05.11-12.58.17:465][  0]LogInit: Initializing FReadOnlyCVARCache
[2019.05.11-12.58.17:482][  0]LogAIModule: Creating AISystem for world Untitled
[2019.05.11-12.58.17:712][  0]LogInit: XAudio2 using '扬声器/听筒 (Realtek Audio)' : 6 channels at 48 kHz using 32 bits per sample (channel mask 0x3f)
[2019.05.11-12.58.17:812][  0]LogInit: FAudioDevice initialized.
[2019.05.11-12.58.17:812][  0]LogNetVersion: Set ProjectVersion to 1.0.0.0. Version Checksum will be recalculated on next use.
[2019.05.11-12.58.18:008][  0]LogDerivedDataCache: Saved boot cache 0.20s 71MB C:/Users/Ivy/AppData/Local/UnrealEngine/4.20/DerivedDataCache/Boot.ddc.
[2019.05.11-12.58.18:020][  0]LogInit: Texture streaming: Enabled
[2019.05.11-12.58.18:100][  0]LogEngineSessionManager: EngineSessionManager initialized
[2019.05.11-12.58.18:100][  0]LogEngineSessionManager: EngineSessionManager sent abnormal shutdown report. Type=AbnormalShutdown, SessionId={97FD0274-4449-45CA-BB3C-10AE22AF61CB}
[2019.05.11-12.58.18:125][  0]LogInit: Transaction tracking system initialized
[2019.05.11-12.58.18:159][  0]BlueprintLog: New page: Editor Load
[2019.05.11-12.58.18:292][  0]LocalizationService: Localization service is disabled
[2019.05.11-12.58.18:865][  0]LogCook: Display: Max memory allowance for cook 16384mb min free memory 0mb
[2019.05.11-12.58.18:865][  0]LogCook: Display: Mobile HDR setting 1
[2019.05.11-12.58.18:865][  0]LogGameplayTags: Display: UGameplayTagsManager::DoneAddingNativeTags. DelegateIsBound: 0
[2019.05.11-12.58.18:865][  0]LogStats: UGameplayTagsManager::ConstructGameplayTagTree: ImportINI prefixes -  0.000 s
[2019.05.11-12.58.18:865][  0]LogStats: UGameplayTagsManager::ConstructGameplayTagTree: Construct from data asset -  0.000 s
[2019.05.11-12.58.18:865][  0]LogStats: UGameplayTagsManager::ConstructGameplayTagTree: ImportINI -  0.000 s
[2019.05.11-12.58.18:865][  0]LogStats: UGameplayTagsManager::ConstructGameplayTagTree: GameplayTagTreeChangedEvent.Broadcast -  0.000 s
[2019.05.11-12.58.19:109][  0]LogFileCache: Scanning file cache for directory 'C:/Users/Ivy/Documents/DiplomaGame/ClimbDemo/Content/' took 0.04s
[2019.05.11-12.58.19:109][  0]SourceControl: Source control is disabled
[2019.05.11-12.58.19:109][  0]Cmd: MAP LOAD FILE="C:/Users/Ivy/Documents/DiplomaGame/ClimbDemo/Content/Terrain/4/LakeLevel.umap" TEMPLATE=0 SHOWPROGRESS=1 FEATURELEVEL=3
[2019.05.11-12.58.19:109][  0]LightingResults: New page: Lighting Build
[2019.05.11-12.58.19:113][  0]MapCheck: New page: Map Check
[2019.05.11-12.58.19:113][  0]LightingResults: New page: Lighting Build
[2019.05.11-12.58.20:916][  0]LogBlueprint: Warning: [Compiler ABP_Climber] Cling_BS to JumpEnd  will never be taken, please connect something to  Can Enter Transition
[2019.05.11-12.58.21:608][  0]LogBlueprint: Warning: [Compiler ABP_Climber] [0017.47] Compile of ABP_Climber successful, but with 1 Warning(s) [in 944 ms] (/Game/Clinging/Animations/Blueprints/ABP_Climber.ABP_Climber)
[2019.05.11-12.58.22:049][  0]LogLinker: Warning: Unable to load PhysicsSerializer with outer InstancedStaticMeshComponent /Game/Terrain/HoudiniBake/terrain_bishe_1_846516E4.terrain_bishe_1_846516E4_C:InstancedStaticMesh10_GEN_VARIABLE because its class does not exist
[2019.05.11-12.58.22:049][  0]LogLinker: Warning: Unable to load PhysicsSerializer with outer InstancedStaticMeshComponent /Game/Terrain/HoudiniBake/terrain_bishe_1_846516E4.terrain_bishe_1_846516E4_C:InstancedStaticMesh11_GEN_VARIABLE because its class does not exist
[2019.05.11-12.58.22:050][  0]LogLinker: Warning: Unable to load PhysicsSerializer with outer InstancedStaticMeshComponent /Game/Terrain/HoudiniBake/terrain_bishe_1_846516E4.terrain_bishe_1_846516E4_C:InstancedStaticMesh12_GEN_VARIABLE because its class does not exist
[2019.05.11-12.58.22:050][  0]LogLinker: Warning: Unable to load PhysicsSerializer with outer InstancedStaticMeshComponent /Game/Terrain/HoudiniBake/terrain_bishe_1_846516E4.terrain_bishe_1_846516E4_C:InstancedStaticMesh13_GEN_VARIABLE because its class does not exist
[2019.05.11-12.58.22:050][  0]LogLinker: Warning: Unable to load PhysicsSerializer with outer InstancedStaticMeshComponent /Game/Terrain/HoudiniBake/terrain_bishe_1_846516E4.terrain_bishe_1_846516E4_C:InstancedStaticMesh14_GEN_VARIABLE because its class does not exist
[2019.05.11-12.58.22:050][  0]LogLinker: Warning: Unable to load PhysicsSerializer with outer InstancedStaticMeshComponent /Game/Terrain/HoudiniBake/terrain_bishe_1_846516E4.terrain_bishe_1_846516E4_C:InstancedStaticMesh15_GEN_VARIABLE because its class does not exist
[2019.05.11-12.58.22:050][  0]LogLinker: Warning: Unable to load PhysicsSerializer with outer InstancedStaticMeshComponent /Game/Terrain/HoudiniBake/terrain_bishe_1_846516E4.terrain_bishe_1_846516E4_C:InstancedStaticMesh16_GEN_VARIABLE because its class does not exist
[2019.05.11-12.58.22:050][  0]LogLinker: Warning: Unable to load PhysicsSerializer with outer InstancedStaticMeshComponent /Game/Terrain/HoudiniBake/terrain_bishe_1_846516E4.terrain_bishe_1_846516E4_C:InstancedStaticMesh17_GEN_VARIABLE because its class does not exist
[2019.05.11-12.58.22:050][  0]LogLinker: Warning: Unable to load PhysicsSerializer with outer InstancedStaticMeshComponent /Game/Terrain/HoudiniBake/terrain_bishe_1_846516E4.terrain_bishe_1_846516E4_C:InstancedStaticMesh18_GEN_VARIABLE because its class does not exist
[2019.05.11-12.58.22:050][  0]LogLinker: Warning: Unable to load PhysicsSerializer with outer InstancedStaticMeshComponent /Game/Terrain/HoudiniBake/terrain_bishe_1_846516E4.terrain_bishe_1_846516E4_C:InstancedStaticMesh19_GEN_VARIABLE because its class does not exist
[2019.05.11-12.58.22:050][  0]LogLinker: Warning: Unable to load PhysicsSerializer with outer InstancedStaticMeshComponent /Game/Terrain/HoudiniBake/terrain_bishe_1_846516E4.terrain_bishe_1_846516E4_C:InstancedStaticMesh1_GEN_VARIABLE because its class does not exist
[2019.05.11-12.58.22:051][  0]LogLinker: Warning: Unable to load PhysicsSerializer with outer InstancedStaticMeshComponent /Game/Terrain/HoudiniBake/terrain_bishe_1_846516E4.terrain_bishe_1_846516E4_C:InstancedStaticMesh20_GEN_VARIABLE because its class does not exist
[2019.05.11-12.58.22:051][  0]LogLinker: Warning: Unable to load PhysicsSerializer with outer InstancedStaticMeshComponent /Game/Terrain/HoudiniBake/terrain_bishe_1_846516E4.terrain_bishe_1_846516E4_C:InstancedStaticMesh21_GEN_VARIABLE because its class does not exist
[2019.05.11-12.58.22:051][  0]LogLinker: Warning: Unable to load PhysicsSerializer with outer InstancedStaticMeshComponent /Game/Terrain/HoudiniBake/terrain_bishe_1_846516E4.terrain_bishe_1_846516E4_C:InstancedStaticMesh22_GEN_VARIABLE because its class does not exist
[2019.05.11-12.58.22:051][  0]LogLinker: Warning: Unable to load PhysicsSerializer with outer InstancedStaticMeshComponent /Game/Terrain/HoudiniBake/terrain_bishe_1_846516E4.terrain_bishe_1_846516E4_C:InstancedStaticMesh23_GEN_VARIABLE because its class does not exist
[2019.05.11-12.58.22:051][  0]LogLinker: Warning: Unable to load PhysicsSerializer with outer InstancedStaticMeshComponent /Game/Terrain/HoudiniBake/terrain_bishe_1_846516E4.terrain_bishe_1_846516E4_C:InstancedStaticMesh24_GEN_VARIABLE because its class does not exist
[2019.05.11-12.58.22:051][  0]LogLinker: Warning: Unable to load PhysicsSerializer with outer InstancedStaticMeshComponent /Game/Terrain/HoudiniBake/terrain_bishe_1_846516E4.terrain_bishe_1_846516E4_C:InstancedStaticMesh25_GEN_VARIABLE because its class does not exist
[2019.05.11-12.58.22:051][  0]LogLinker: Warning: Unable to load PhysicsSerializer with outer InstancedStaticMeshComponent /Game/Terrain/HoudiniBake/terrain_bishe_1_846516E4.terrain_bishe_1_846516E4_C:InstancedStaticMesh26_GEN_VARIABLE because its class does not exist
[2019.05.11-12.58.22:051][  0]LogLinker: Warning: Unable to load PhysicsSerializer with outer InstancedStaticMeshComponent /Game/Terrain/HoudiniBake/terrain_bishe_1_846516E4.terrain_bishe_1_846516E4_C:InstancedStaticMesh27_GEN_VARIABLE because its class does not exist
[2019.05.11-12.58.22:051][  0]LogLinker: Warning: Unable to load PhysicsSerializer with outer InstancedStaticMeshComponent /Game/Terrain/HoudiniBake/terrain_bishe_1_846516E4.terrain_bishe_1_846516E4_C:InstancedStaticMesh28_GEN_VARIABLE because its class does not exist
[2019.05.11-12.58.22:052][  0]LogLinker: Warning: Unable to load PhysicsSerializer with outer InstancedStaticMeshComponent /Game/Terrain/HoudiniBake/terrain_bishe_1_846516E4.terrain_bishe_1_846516E4_C:InstancedStaticMesh29_GEN_VARIABLE because its class does not exist
[2019.05.11-12.58.22:052][  0]LogLinker: Warning: Unable to load PhysicsSerializer with outer InstancedStaticMeshComponent /Game/Terrain/HoudiniBake/terrain_bishe_1_846516E4.terrain_bishe_1_846516E4_C:InstancedStaticMesh2_GEN_VARIABLE because its class does not exist
[2019.05.11-12.58.22:052][  0]LogLinker: Warning: Unable to load PhysicsSerializer with outer InstancedStaticMeshComponent /Game/Terrain/HoudiniBake/terrain_bishe_1_846516E4.terrain_bishe_1_846516E4_C:InstancedStaticMesh30_GEN_VARIABLE because its class does not exist
[2019.05.11-12.58.22:052][  0]LogLinker: Warning: Unable to load PhysicsSerializer with outer InstancedStaticMeshComponent /Game/Terrain/HoudiniBake/terrain_bishe_1_846516E4.terrain_bishe_1_846516E4_C:InstancedStaticMesh31_GEN_VARIABLE because its class does not exist
[2019.05.11-12.58.22:052][  0]LogLinker: Warning: Unable to load PhysicsSerializer with outer InstancedStaticMeshComponent /Game/Terrain/HoudiniBake/terrain_bishe_1_846516E4.terrain_bishe_1_846516E4_C:InstancedStaticMesh32_GEN_VARIABLE because its class does not exist
[2019.05.11-12.58.22:052][  0]LogLinker: Warning: Unable to load PhysicsSerializer with outer InstancedStaticMeshComponent /Game/Terrain/HoudiniBake/terrain_bishe_1_846516E4.terrain_bishe_1_846516E4_C:InstancedStaticMesh3_GEN_VARIABLE because its class does not exist
[2019.05.11-12.58.22:052][  0]LogLinker: Warning: Unable to load PhysicsSerializer with outer InstancedStaticMeshComponent /Game/Terrain/HoudiniBake/terrain_bishe_1_846516E4.terrain_bishe_1_846516E4_C:InstancedStaticMesh4_GEN_VARIABLE because its class does not exist
[2019.05.11-12.58.22:052][  0]LogLinker: Warning: Unable to load PhysicsSerializer with outer InstancedStaticMeshComponent /Game/Terrain/HoudiniBake/terrain_bishe_1_846516E4.terrain_bishe_1_846516E4_C:InstancedStaticMesh5_GEN_VARIABLE because its class does not exist
[2019.05.11-12.58.22:052][  0]LogLinker: Warning: Unable to load PhysicsSerializer with outer InstancedStaticMeshComponent /Game/Terrain/HoudiniBake/terrain_bishe_1_846516E4.terrain_bishe_1_846516E4_C:InstancedStaticMesh6_GEN_VARIABLE because its class does not exist
[2019.05.11-12.58.22:052][  0]LogLinker: Warning: Unable to load PhysicsSerializer with outer InstancedStaticMeshComponent /Game/Terrain/HoudiniBake/terrain_bishe_1_846516E4.terrain_bishe_1_846516E4_C:InstancedStaticMesh7_GEN_VARIABLE because its class does not exist
[2019.05.11-12.58.22:053][  0]LogLinker: Warning: Unable to load PhysicsSerializer with outer InstancedStaticMeshComponent /Game/Terrain/HoudiniBake/terrain_bishe_1_846516E4.terrain_bishe_1_846516E4_C:InstancedStaticMesh8_GEN_VARIABLE because its class does not exist
[2019.05.11-12.58.22:053][  0]LogLinker: Warning: Unable to load PhysicsSerializer with outer InstancedStaticMeshComponent /Game/Terrain/HoudiniBake/terrain_bishe_1_846516E4.terrain_bishe_1_846516E4_C:InstancedStaticMesh9_GEN_VARIABLE because its class does not exist
[2019.05.11-12.58.22:053][  0]LogLinker: Warning: Unable to load PhysicsSerializer with outer InstancedStaticMeshComponent /Game/Terrain/HoudiniBake/terrain_bishe_1_846516E4.terrain_bishe_1_846516E4_C:InstancedStaticMesh_GEN_VARIABLE because its class does not exist
[2019.05.11-12.58.22:078][  0]LogBlueprint: Warning: [Compiler InfoTrigger] Input pin  Show  specifying non-default value no longer exists on node  Update Info . Please refresh node or reset pin to default value to remove pin.
[2019.05.11-12.58.22:080][  0]LogBlueprint: Warning: [Compiler InfoTrigger] [0017.94] Compile of InfoTrigger successful, but with 1 Warning(s) [in 6 ms] (/Game/UI/Teach/InfoTrigger.InfoTrigger)
[2019.05.11-12.58.24:451][  0]LogAIModule: Creating AISystem for world LakeLevel
[2019.05.11-12.58.24:855][  0]LogEditorServer: Finished looking for orphan Actors (0.000 secs)
[2019.05.11-12.58.24:984][  0]Cmd: MAP CHECKDEP NOCLEARLOG
[2019.05.11-12.58.25:243][  0]MapCheck: Map check complete: 0 Error(s), 0 Warning(s), took 258.87ms to complete.
[2019.05.11-12.58.25:243][  0]LogFileHelpers: Loading map 'LakeLevel' took 6.134
[2019.05.11-12.58.25:410][  0]LogSlate: Updating window title bar state: overlay mode, drag disabled, window buttons hidden, title bar hidden
[2019.05.11-12.58.25:420][  0]LogSlate: Updating window title bar state: overlay mode, drag disabled, window buttons hidden, title bar hidden
[2019.05.11-12.58.25:430][  0]LogSlate: Updating window title bar state: overlay mode, drag disabled, window buttons hidden, title bar hidden
[2019.05.11-12.58.25:441][  0]LogSlate: Updating window title bar state: overlay mode, drag disabled, window buttons hidden, title bar hidden
[2019.05.11-12.58.25:449][  0]LogCollectionManager: Loaded 0 collections in 0.001826 seconds
[2019.05.11-12.58.25:503][  0]LogFileCache: Scanning file cache for directory 'C:/Users/Ivy/Documents/DiplomaGame/ClimbDemo/Saved/Collections/' took 0.01s
[2019.05.11-12.58.25:503][  0]LogFileCache: Scanning file cache for directory 'C:/Users/Ivy/Documents/DiplomaGame/ClimbDemo/Content/Developers/Ivy/Collections/' took 0.01s
[2019.05.11-12.58.25:503][  0]LogFileCache: Scanning file cache for directory 'C:/Users/Ivy/Documents/DiplomaGame/ClimbDemo/Content/Collections/' took 0.01s
[2019.05.11-12.58.25:504][  0]LogCollectionManager: Rebuilt the GUID cache for 0 collections in 0.000000 seconds
[2019.05.11-12.58.25:515][  0]LogContentBrowser: Native class hierarchy populated in 0.0112 seconds. Added 2572 classes and 603 folders.
[2019.05.11-12.58.25:524][  0]LogContentBrowser: Native class hierarchy updated for 'WidgetCarousel' in 0.0003 seconds. Added 0 classes and 0 folders.
[2019.05.11-12.58.25:602][  0]LogContentBrowser: Native class hierarchy updated for 'AddContentDialog' in 0.0002 seconds. Added 0 classes and 0 folders.
[2019.05.11-12.58.25:619][  0]LogContentBrowser: Native class hierarchy updated for 'SceneOutliner' in 0.0008 seconds. Added 1 classes and 2 folders.
[2019.05.11-12.58.25:788][  0]LogSlate: Took 0.000283 seconds to synchronously load lazily loaded font '../../../Engine/Content/Slate/Fonts/Roboto-Regular.ttf' (155K)
[2019.05.11-12.58.25:794][  0]LogSlate: Took 0.000349 seconds to synchronously load lazily loaded font '../../../Engine/Content/Slate/Fonts/Roboto-Bold.ttf' (160K)
[2019.05.11-12.58.25:797][  0]LogSlate: Took 0.000337 seconds to synchronously load lazily loaded font '../../../Engine/Content/Editor/Slate/Fonts/FontAwesome.ttf' (139K)
[2019.05.11-12.58.25:925][  0]LogRenderer: Reallocating scene render targets to support 748x344 Format 10 NumSamples 1 (Frame:1).
[2019.05.11-12.58.25:957][  0]LogRenderer: Reallocating scene render targets to support 1496x688 Format 10 NumSamples 1 (Frame:1).
[2019.05.11-12.58.26:241][  0]LogContentBrowser: Native class hierarchy updated for 'HierarchicalLODOutliner' in 0.0004 seconds. Added 0 classes and 0 folders.
[2019.05.11-12.58.26:242][  0]LogLoad: (Engine Initialization) Total time: 22.10 seconds
[2019.05.11-12.58.26:242][  0]LogLoad: (Engine Initialization) Total Blueprint compile time: 0.00 seconds
[2019.05.11-12.58.26:292][  0]LogContentStreaming: Texture pool size now 1000 MB
[2019.05.11-12.58.26:311][  0]LogSlate: Took 0.000180 seconds to synchronously load lazily loaded font '../../../Engine/Content/Slate/Fonts/Roboto-Light.ttf' (167K)
[2019.05.11-12.58.26:463][  3]LogAssetRegistry: Asset discovery search completed in 13.3022 seconds
[2019.05.11-12.58.26:465][  3]LogCollectionManager: Rebuilt the object cache for 0 collections in 0.000000 seconds (found 0 objects)
[2019.05.11-12.58.26:465][  3]LogCollectionManager: Fixed up redirectors for 0 collections in 0.000075 seconds (updated 0 objects)
[2019.05.11-12.58.27:781][  7]LogSlate: Took 0.000240 seconds to synchronously load lazily loaded font '../../../Engine/Content/Slate/Fonts/Roboto-Light.ttf' (167K)
[2019.05.11-12.58.32:169][110]LogSlate: FSceneViewport::OnFocusLost() reason 0
[2019.05.11-12.58.39:410][302]LogSlate: FSceneViewport::OnFocusLost() reason 0
[2019.05.11-12.59.01:288][640]LogSlate: Took 0.002280 seconds to synchronously load lazily loaded font '../../../Engine/Content/Slate/Fonts/DroidSansFallback.ttf' (3848K)
[2019.05.11-12.59.04:169][796]LogAssetEditorManager: Opening Asset editor for Blueprint /Game/AI/BIgBoss/AIBoss.AIBoss
[2019.05.11-12.59.04:857][796]LogContentBrowser: Native class hierarchy updated for 'BlueprintGraph' in 0.0006 seconds. Added 116 classes and 0 folders.
[2019.05.11-12.59.05:953][796]LogSlate: Took 0.000236 seconds to synchronously load lazily loaded font '../../../Engine/Content/Slate/Fonts/Roboto-BoldCondensed.ttf' (158K)
[2019.05.11-12.59.06:162][797]LogSlate: Took 0.000323 seconds to synchronously load lazily loaded font '../../../Engine/Content/Slate/Fonts/Roboto-Italic.ttf' (157K)
[2019.05.11-12.59.16:517][346]LogClass: Warning: In asset 'None', there is an enum property of type 'EAnimationMode' with an invalid value of ''
[2019.05.11-12.59.16:517][346]LogClass: Warning: In asset 'None', there is an enum property of type 'EAnimationMode' with an invalid value of ''
[2019.05.11-12.59.18:843][473]BlueprintLog: New page: Compile AIBoss
[2019.05.11-12.59.19:784][494]Cmd: OBJ SAVEPACKAGE PACKAGE="/Game/AI/BIgBoss/AIBoss" FILE="C:/Users/Ivy/Documents/DiplomaGame/ClimbDemo/Content/AI/BIgBoss/AIBoss.uasset" SILENT=true
[2019.05.11-12.59.19:962][494]LogSavePackage: Moving 'C:/Users/Ivy/Documents/DiplomaGame/ClimbDemo/Saved/AIBoss2622F8AD4FB0B2C6EBB7C3B80E3F801C.tmp' to 'C:/Users/Ivy/Documents/DiplomaGame/ClimbDemo/Content/AI/BIgBoss/AIBoss.uasset'
[2019.05.11-12.59.22:170][621]LogSlate: FSceneViewport::OnFocusLost() reason 0
[2019.05.11-12.59.24:441][685]LogSlate: Window 'New Level' being destroyed
[2019.05.11-12.59.24:451][685]Cmd: MAP LOAD FILE="../../../Engine/Content/Maps/Templates/Template_Default.umap" TEMPLATE=1 SHOWPROGRESS=1 FEATURELEVEL=3
[2019.05.11-12.59.24:482][685]LightingResults: New page: Lighting Build
[2019.05.11-12.59.24:484][685]LoadErrors: New page: Loading map: Template_Default.umap
[2019.05.11-12.59.24:493][685]MapCheck: New page: Map Check
[2019.05.11-12.59.24:493][685]LightingResults: New page: Lighting Build
[2019.05.11-12.59.24:564][685]LogAIModule: Creating AISystem for world Untitled_1
[2019.05.11-12.59.24:655][685]LogEditorServer: Finished looking for orphan Actors (0.000 secs)
[2019.05.11-12.59.24:701][685]Cmd: MAP CHECKDEP NOCLEARLOG
[2019.05.11-12.59.24:917][685]MapCheck: Map check complete: 0 Error(s), 0 Warning(s), took 215.18ms to complete.
[2019.05.11-12.59.24:917][685]LogFileHelpers: Loading map 'Template_Default' took 0.465
[2019.05.11-12.59.26:410][768]LogSlate: FSceneViewport::OnFocusLost() reason 0
[2019.05.11-12.59.28:657][861]LogSlate: FSceneViewport::OnFocusLost() reason 0
[2019.05.11-12.59.38:283][412]LogSlate: FSceneViewport::OnFocusLost() reason 0
[2019.05.11-12.59.49:931][ 80]LogSlate: FSceneViewport::OnFocusLost() reason 0
[2019.05.11-12.59.57:827][531]LogTemp: Repeating last play command: Selected Viewport
[2019.05.11-12.59.57:854][531]LogPlayLevel: PlayLevel: No blueprints needed recompiling
[2019.05.11-12.59.57:867][531]PIE: New page: PIE session: Untitled_1 (May 12, 2019, 4:59:57 AM)
[2019.05.11-12.59.57:867][531]LogPlayLevel: Creating play world package: /Temp/UEDPIE_0_Untitled_1
[2019.05.11-12.59.57:871][531]LogPlayLevel: PIE: StaticDuplicateObject took: (0.003222s)
[2019.05.11-12.59.57:871][531]LogAIModule: Creating AISystem for world Untitled_1
[2019.05.11-12.59.57:871][531]LogPlayLevel: PIE: World Init took: (0.000703s)
[2019.05.11-12.59.57:871][531]LogPlayLevel: PIE: Created PIE world by copying editor world from /Temp/Untitled_1.Untitled_1 to /Temp/UEDPIE_0_Untitled_1.Untitled_1 (0.004064s)
[2019.05.11-12.59.58:042][531]LogInit: XAudio2 using '扬声器/听筒 (Realtek Audio)' : 6 channels at 48 kHz using 32 bits per sample (channel mask 0x3f)
[2019.05.11-12.59.58:095][531]LogInit: FAudioDevice initialized.
[2019.05.11-12.59.58:138][531]LogLoad: Game class is 'GameModeBase'
[2019.05.11-12.59.58:141][531]LogWorld: Bringing World /Temp/UEDPIE_0_Untitled_1.Untitled_1 up for play (max tick rate 60) at 2019.05.11-20.59.58
[2019.05.11-12.59.58:142][531]LogWorld: Bringing up level for play took: 0.002465
[2019.05.11-12.59.58:158][531]LogContentBrowser: Native class hierarchy updated for 'MovieSceneCapture' in 0.0003 seconds. Added 10 classes and 0 folders.
[2019.05.11-12.59.58:160][531]PIE: Play in editor start time for /Temp/UEDPIE_0_Untitled_1 -0.011
[2019.05.11-13.00.00:712][678]LogSlate: Updating window title bar state: overlay mode, drag disabled, window buttons hidden, title bar hidden
[2019.05.11-13.00.00:749][678]LogPlayLevel: Display: Shutting down PIE online subsystems
[2019.05.11-13.00.00:786][678]LogSlate: Updating window title bar state: overlay mode, drag disabled, window buttons hidden, title bar hidden
[2019.05.11-13.00.00:822][679]LogPlayLevel: Display: Destroying online subsystem :Context_10
[2019.05.11-13.00.02:141][756]LogSlate: FSceneViewport::OnFocusLost() reason 0
[2019.05.11-13.00.12:588][356]LogEditorViewport: Clicking on Actor (LMB): StaticMeshActor (Floor)
[2019.05.11-13.00.14:368][460]LogSlate: FSceneViewport::OnFocusLost() reason 0
[2019.05.11-13.00.20:044][716]LogSlate: Window 'Save Content' being destroyed
[2019.05.11-13.00.29:135][716]LogSlate: Window 'Save Level As' being destroyed
[2019.05.11-13.00.29:362][716]Cmd: OBJ SAVEPACKAGE PACKAGE="/Game/Test/TestBos" FILE="C:/Users/Ivy/Documents/DiplomaGame/ClimbDemo/Content/Test/TestBos.umap" SILENT=true AUTOSAVING=false KEEPDIRTY=false
[2019.05.11-13.00.29:469][716]LogSavePackage: Moving 'C:/Users/Ivy/Documents/DiplomaGame/ClimbDemo/Saved/TestBos47C5074C4DDDC730CC48509E5A6A0A0D.tmp' to 'C:/Users/Ivy/Documents/DiplomaGame/ClimbDemo/Content/Test/TestBos.umap'
[2019.05.11-13.00.29:512][716]LogFileHelpers: Saving map 'TestBos' took 0.364
[2019.05.11-13.01.03:591][422]LogFactory: FactoryCreateFile: StaticMesh with FbxFactory (0 0 C:\Users\Ivy\Documents\Tencent Files\1205591375\FileRecv\BossZBrush2.fbx)
[2019.05.11-13.01.03:610][422]LogFbx: Loading FBX Scene from C:\Users\Ivy\Documents\Tencent Files\1205591375\FileRecv\BossZBrush2.fbx
[2019.05.11-13.01.03:654][422]LogFbx: FBX Scene Loaded Succesfully
[2019.05.11-13.01.10:655][422]LogSlate: Window 'FBX Import Options' being destroyed
[2019.05.11-13.01.10:687][422]LogFbx: =================================================
[2019.05.11-13.01.10:687][422]LogFbx: Dumping Node START [Boss1] 
[2019.05.11-13.01.10:687][422]LogFbx: 	Total Deformer Count -1525573808.
[2019.05.11-13.01.10:687][422]LogFbx: 	Attribute () Type (4).
[2019.05.11-13.01.10:687][422]LogFbx: 		[Node Attribute Child 1] Boss1 (Type Mesh).
[2019.05.11-13.01.10:687][422]LogFbx: Dumping Node END [Boss1]
[2019.05.11-13.01.10:687][422]LogFbx: =================================================
[2019.05.11-13.01.10:687][422]LogFbx: Dumping Node START [Boss1] 
[2019.05.11-13.01.10:687][422]LogFbx: 	Total Deformer Count -1525573808.
[2019.05.11-13.01.10:687][422]LogFbx: 	Attribute () Type (4).
[2019.05.11-13.01.10:687][422]LogFbx: 		[Node Attribute Child 1] Boss1 (Type Mesh).
[2019.05.11-13.01.10:688][422]LogFbx: Dumping Node END [Boss1]
[2019.05.11-13.01.10:761][422]LogFbx: Warning: Bones digested - 1  Depth of hierarchy - 1
[2019.05.11-13.01.11:765][422]LogSkeletalMesh: Section 0: 24557 vertices, 1 active bones
[2019.05.11-13.01.11:767][422]LogSkeletalMesh: Section 0: Material=0, 48874 triangles
[2019.05.11-13.01.11:769][422]LogSkeletalMesh: Building Skeletal Mesh BossZBrush2...
[2019.05.11-13.01.12:157][422]LogSkeletalMesh: Built Skeletal Mesh [0.39s] /Game/-Models/Boss/BossZBrush2.BossZBrush2
[2019.05.11-13.01.12:170][422]LogLinker: Can't find file '/Game/-Models/Boss/BossZBrush2_Skeleton'
[2019.05.11-13.01.12:170][422]LogLinker: Can't find file '/Game/-Models/Boss/BossZBrush2_Skeleton'
[2019.05.11-13.01.12:179][422]LogLinker: Can't find file '/Game/-Models/Boss/BossZBrush2_PhysicsAsset'
[2019.05.11-13.01.12:179][422]LogLinker: Can't find file '/Game/-Models/Boss/BossZBrush2_PhysicsAsset'
[2019.05.11-13.01.12:193][422]LogSkeletalMesh: USkeletalMeshComponent::InitArticulated : Could not find root physics body: '/Engine/Transient.World_9:PersistentLevel.SkeletalMeshActor_0.SkeletalMeshComponent0'
[2019.05.11-13.01.12:244][422]LogFbx: =================================================
[2019.05.11-13.01.12:244][422]LogFbx: Dumping Node START [Boss1] 
[2019.05.11-13.01.12:244][422]LogFbx: 	Total Deformer Count -1499248704.
[2019.05.11-13.01.12:244][422]LogFbx: 	Attribute () Type (4).
[2019.05.11-13.01.12:244][422]LogFbx: 		[Node Attribute Child 1] Boss1 (Type Mesh).
[2019.05.11-13.01.12:244][422]LogFbx: Dumping Node END [Boss1]
[2019.05.11-13.01.12:244][422]LogFbx: =================================================
[2019.05.11-13.01.12:244][422]LogFbx: Dumping Node START [Boss1] 
[2019.05.11-13.01.12:244][422]LogFbx: 	Total Deformer Count -1499248704.
[2019.05.11-13.01.12:245][422]LogFbx: 	Attribute () Type (4).
[2019.05.11-13.01.12:245][422]LogFbx: 		[Node Attribute Child 1] Boss1 (Type Mesh).
[2019.05.11-13.01.12:245][422]LogFbx: Dumping Node END [Boss1]
[2019.05.11-13.01.12:249][422]LogFbx: SortedLinks :(0) Boss1
[2019.05.11-13.01.12:249][422]LogFbx: Parsing AnimStack Take 001
[2019.05.11-13.01.12:268][422]LogLinker: Can't find file '/Game/-Models/Boss/BossZBrush2_Anim'
[2019.05.11-13.01.12:268][422]LogLinker: Can't find file '/Game/-Models/Boss/BossZBrush2_Anim'
[2019.05.11-13.01.12:282][422]LogAnimationCompression: Building Anim DDC data for AnimSequence /Game/-Models/Boss/BossZBrush2_Anim.BossZBrush2_Anim
[2019.05.11-13.01.12:296][422]LogAnimationCompression: Recompressing (AnimSequence /Engine/Transient.BossZBrush2_Anim) using current/default (AnimCompress_BitwiseCompressOnly_0) bFirstRecompressUsingCurrentOrDefault(1) bTryAlternateCompressor(0) IsCompressedDataValid(0)
[2019.05.11-13.01.12:327][422]LogSkeletalMesh: Building Skeletal Mesh BossZBrush2...
[2019.05.11-13.01.12:718][422]LogSkeletalMesh: Built Skeletal Mesh [0.39s] /Game/-Models/Boss/BossZBrush2.BossZBrush2
[2019.05.11-13.01.12:726][422]FBXImport: Warning: No smoothing group information was found in this FBX scene.  Please make sure to enable the 'Export Smoothing Groups' option in the FBX Exporter plug-in before exporting the file.  Even for tools that don't support smoothing groups, the FBX Exporter will generate appropriate smoothing data at export-time so that correct vertex normals can be inferred while importing. 
[2019.05.11-13.01.12:726][422]FBXImport: Warning: Could not find the bind pose.  It will use time 0 as bind pose. 
[2019.05.11-13.01.12:726][422]FBXImport: Warning: Mesh 'Boss1' has no UV set. Creating a default set. 
[2019.05.11-13.01.12:753][422]LogSkeletalMesh: Building Skeletal Mesh BossZBrush2...
[2019.05.11-13.01.13:120][422]LogSkeletalMesh: Built Skeletal Mesh [0.37s] /Game/-Models/Boss/BossZBrush2.BossZBrush2
[2019.05.11-13.01.15:260][523]LogSlate: Window 'Message Log' being destroyed
[2019.05.11-13.01.15:272][523]LogSlate: Window 'Message Log' being destroyed
[2019.05.11-13.01.19:157][733]LogEditorViewport: Clicking on Actor (LMB): AIBoss_C (AIBoss)
[2019.05.11-13.01.21:055][835]LogSlate: FSceneViewport::OnFocusLost() reason 0
[2019.05.11-13.01.53:313][251]LogSlate: FSceneViewport::OnFocusLost() reason 0
[2019.05.11-13.01.53:424][256]BlueprintLog: New page: Compile AIBoss
[2019.05.11-13.01.54:417][270]Cmd: OBJ SAVEPACKAGE PACKAGE="/Game/AI/BIgBoss/AIBoss" FILE="C:/Users/Ivy/Documents/DiplomaGame/ClimbDemo/Content/AI/BIgBoss/AIBoss.uasset" SILENT=true
[2019.05.11-13.01.54:609][270]LogSavePackage: Moving 'C:/Users/Ivy/Documents/DiplomaGame/ClimbDemo/Saved/AIBoss9F05DE174D4A50AB02F3988E73F2A9B5.tmp' to 'C:/Users/Ivy/Documents/DiplomaGame/ClimbDemo/Content/AI/BIgBoss/AIBoss.uasset'
[2019.05.11-13.01.56:471][366]LogTemp: Repeating last play command: Selected Viewport
[2019.05.11-13.01.56:489][366]LogPlayLevel: PlayLevel: No blueprints needed recompiling
[2019.05.11-13.01.56:489][366]PIE: New page: PIE session: TestBos (May 12, 2019, 5:01:56 AM)
[2019.05.11-13.01.56:489][366]LogPlayLevel: Creating play world package: /Game/Test/UEDPIE_0_TestBos
[2019.05.11-13.01.56:492][366]LogPlayLevel: PIE: StaticDuplicateObject took: (0.004350s)
[2019.05.11-13.01.56:493][366]LogAIModule: Creating AISystem for world TestBos
[2019.05.11-13.01.56:493][366]LogPlayLevel: PIE: World Init took: (0.000938s)
[2019.05.11-13.01.56:493][366]LogPlayLevel: PIE: Created PIE world by copying editor world from /Game/Test/TestBos.TestBos to /Game/Test/UEDPIE_0_TestBos.TestBos (0.005493s)
[2019.05.11-13.01.56:625][366]LogInit: XAudio2 using '扬声器/听筒 (Realtek Audio)' : 6 channels at 48 kHz using 32 bits per sample (channel mask 0x3f)
[2019.05.11-13.01.56:676][366]LogInit: FAudioDevice initialized.
[2019.05.11-13.01.56:711][366]LogLoad: Game class is 'GameModeBase'
[2019.05.11-13.01.56:713][366]LogWorld: Bringing World /Game/Test/UEDPIE_0_TestBos.TestBos up for play (max tick rate 60) at 2019.05.11-21.01.56
[2019.05.11-13.01.56:714][366]LogWorld: Bringing up level for play took: 0.002482
[2019.05.11-13.01.56:732][366]PIE: Play in editor start time for /Game/Test/UEDPIE_0_TestBos 0.56
[2019.05.11-13.02.05:214][868]LogSlate: FSceneViewport::OnFocusLost() reason 2
[2019.05.11-13.02.09:944][144]LogSlate: FSceneViewport::OnFocusLost() reason 0
[2019.05.11-13.02.15:235][451]LogAssetEditorManager: Opening Asset editor for BlackboardData /Game/AI/BIgBoss/AIBoss_BlackboardData.AIBoss_BlackboardData
[2019.05.11-13.02.18:591][641]LogAssetEditorManager: Opening Asset editor for BehaviorTree /Game/AI/BIgBoss/ABossTree.ABossTree
[2019.05.11-13.02.20:687][759]LogAnimMontage: Warning: Playing a Montage (攻击_Montage) for the wrong Skeleton (BossZBrush2_Skeleton) instead of (little_Skeleton).
[2019.05.11-13.02.21:327][797]LogAnimMontage: Warning: Playing a Montage (攻击_Montage) for the wrong Skeleton (BossZBrush2_Skeleton) instead of (little_Skeleton).
[2019.05.11-13.02.21:752][822]LogAnimMontage: Warning: Playing a Montage (攻击_Montage) for the wrong Skeleton (BossZBrush2_Skeleton) instead of (little_Skeleton).
[2019.05.11-13.02.22:394][859]LogAnimMontage: Warning: Playing a Montage (攻击_Montage) for the wrong Skeleton (BossZBrush2_Skeleton) instead of (little_Skeleton).
[2019.05.11-13.02.22:934][891]LogAnimMontage: Warning: Playing a Montage (攻击_Montage) for the wrong Skeleton (BossZBrush2_Skeleton) instead of (little_Skeleton).
[2019.05.11-13.02.23:435][921]LogAnimMontage: Warning: Playing a Montage (攻击_Montage) for the wrong Skeleton (BossZBrush2_Skeleton) instead of (little_Skeleton).
[2019.05.11-13.02.23:985][953]LogAnimMontage: Warning: Playing a Montage (攻击_Montage) for the wrong Skeleton (BossZBrush2_Skeleton) instead of (little_Skeleton).
[2019.05.11-13.02.24:443][980]LogEditorViewport: Clicking on Actor (LMB): AIBoss_C (AIBoss)
[2019.05.11-13.02.24:548][981]LogAnimMontage: Warning: Playing a Montage (攻击_Montage) for the wrong Skeleton (BossZBrush2_Skeleton) instead of (little_Skeleton).
[2019.05.11-13.02.24:994][  3]LogAnimMontage: Warning: Playing a Montage (攻击_Montage) for the wrong Skeleton (BossZBrush2_Skeleton) instead of (little_Skeleton).
[2019.05.11-13.02.25:596][ 29]LogAnimMontage: Warning: Playing a Montage (攻击_Montage) for the wrong Skeleton (BossZBrush2_Skeleton) instead of (little_Skeleton).
[2019.05.11-13.02.26:109][ 54]LogAnimMontage: Warning: Playing a Montage (攻击_Montage) for the wrong Skeleton (BossZBrush2_Skeleton) instead of (little_Skeleton).
[2019.05.11-13.02.26:388][ 70]LogSlate: FSceneViewport::OnFocusLost() reason 0
[2019.05.11-13.02.26:645][ 77]LogAnimMontage: Warning: Playing a Montage (攻击_Montage) for the wrong Skeleton (BossZBrush2_Skeleton) instead of (little_Skeleton).
[2019.05.11-13.02.27:168][105]LogAssetEditorManager: Opening Asset editor for BehaviorTree /Game/AI/BIgBoss/ABossTree.ABossTree
[2019.05.11-13.02.27:288][106]LogAnimMontage: Warning: Playing a Montage (攻击_Montage) for the wrong Skeleton (BossZBrush2_Skeleton) instead of (little_Skeleton).
[2019.05.11-13.02.27:824][133]LogAnimMontage: Warning: Playing a Montage (攻击_Montage) for the wrong Skeleton (BossZBrush2_Skeleton) instead of (little_Skeleton).
[2019.05.11-13.02.28:388][159]LogAnimMontage: Warning: Playing a Montage (攻击_Montage) for the wrong Skeleton (BossZBrush2_Skeleton) instead of (little_Skeleton).
[2019.05.11-13.02.28:860][182]LogAnimMontage: Warning: Playing a Montage (攻击_Montage) for the wrong Skeleton (BossZBrush2_Skeleton) instead of (little_Skeleton).
[2019.05.11-13.02.29:619][218]LogAnimMontage: Warning: Playing a Montage (攻击_Montage) for the wrong Skeleton (BossZBrush2_Skeleton) instead of (little_Skeleton).
[2019.05.11-13.02.30:171][245]LogAnimMontage: Warning: Playing a Montage (攻击_Montage) for the wrong Skeleton (BossZBrush2_Skeleton) instead of (little_Skeleton).
[2019.05.11-13.02.30:815][278]LogAnimMontage: Warning: Playing a Montage (攻击_Montage) for the wrong Skeleton (BossZBrush2_Skeleton) instead of (little_Skeleton).
[2019.05.11-13.02.31:486][317]LogAnimMontage: Warning: Playing a Montage (攻击_Montage) for the wrong Skeleton (BossZBrush2_Skeleton) instead of (little_Skeleton).
[2019.05.11-13.02.31:997][347]LogAnimMontage: Warning: Playing a Montage (攻击_Montage) for the wrong Skeleton (BossZBrush2_Skeleton) instead of (little_Skeleton).
[2019.05.11-13.02.32:637][382]LogAnimMontage: Warning: Playing a Montage (攻击_Montage) for the wrong Skeleton (BossZBrush2_Skeleton) instead of (little_Skeleton).
[2019.05.11-13.02.33:150][408]LogAnimMontage: Warning: Playing a Montage (攻击_Montage) for the wrong Skeleton (BossZBrush2_Skeleton) instead of (little_Skeleton).
[2019.05.11-13.02.33:624][433]LogAnimMontage: Warning: Playing a Montage (攻击_Montage) for the wrong Skeleton (BossZBrush2_Skeleton) instead of (little_Skeleton).
[2019.05.11-13.02.34:152][459]LogAnimMontage: Warning: Playing a Montage (攻击_Montage) for the wrong Skeleton (BossZBrush2_Skeleton) instead of (little_Skeleton).
[2019.05.11-13.02.34:890][499]LogAnimMontage: Warning: Playing a Montage (攻击_Montage) for the wrong Skeleton (BossZBrush2_Skeleton) instead of (little_Skeleton).
[2019.05.11-13.02.35:447][528]LogAnimMontage: Warning: Playing a Montage (攻击_Montage) for the wrong Skeleton (BossZBrush2_Skeleton) instead of (little_Skeleton).
[2019.05.11-13.02.36:110][567]LogAnimMontage: Warning: Playing a Montage (攻击_Montage) for the wrong Skeleton (BossZBrush2_Skeleton) instead of (little_Skeleton).
[2019.05.11-13.02.36:600][593]LogAnimMontage: Warning: Playing a Montage (攻击_Montage) for the wrong Skeleton (BossZBrush2_Skeleton) instead of (little_Skeleton).
[2019.05.11-13.02.37:187][624]LogAnimMontage: Warning: Playing a Montage (攻击_Montage) for the wrong Skeleton (BossZBrush2_Skeleton) instead of (little_Skeleton).
[2019.05.11-13.02.37:720][653]LogAnimMontage: Warning: Playing a Montage (攻击_Montage) for the wrong Skeleton (BossZBrush2_Skeleton) instead of (little_Skeleton).
[2019.05.11-13.02.38:171][671]LogAnimMontage: Warning: Playing a Montage (攻击_Montage) for the wrong Skeleton (BossZBrush2_Skeleton) instead of (little_Skeleton).
[2019.05.11-13.02.38:648][692]LogAnimMontage: Warning: Playing a Montage (攻击_Montage) for the wrong Skeleton (BossZBrush2_Skeleton) instead of (little_Skeleton).
[2019.05.11-13.02.39:135][718]LogAnimMontage: Warning: Playing a Montage (攻击_Montage) for the wrong Skeleton (BossZBrush2_Skeleton) instead of (little_Skeleton).
[2019.05.11-13.02.39:586][740]LogAnimMontage: Warning: Playing a Montage (攻击_Montage) for the wrong Skeleton (BossZBrush2_Skeleton) instead of (little_Skeleton).
[2019.05.11-13.02.40:227][769]LogAnimMontage: Warning: Playing a Montage (攻击_Montage) for the wrong Skeleton (BossZBrush2_Skeleton) instead of (little_Skeleton).
[2019.05.11-13.02.40:771][792]LogSlate: Updating window title bar state: overlay mode, drag disabled, window buttons hidden, title bar hidden
[2019.05.11-13.02.40:808][792]LogPlayLevel: Display: Shutting down PIE online subsystems
[2019.05.11-13.02.40:842][792]LogSlate: Updating window title bar state: overlay mode, drag disabled, window buttons hidden, title bar hidden
[2019.05.11-13.02.40:866][793]LogPlayLevel: Display: Destroying online subsystem :Context_14
[2019.05.11-13.02.42:115][867]LogTemp: Repeating last play command: Selected Viewport
[2019.05.11-13.02.42:140][867]LogPlayLevel: PlayLevel: No blueprints needed recompiling
[2019.05.11-13.02.42:141][867]PIE: New page: PIE session: TestBos (May 12, 2019, 5:02:42 AM)
[2019.05.11-13.02.42:141][867]LogPlayLevel: Creating play world package: /Game/Test/UEDPIE_0_TestBos
[2019.05.11-13.02.42:143][867]LogPlayLevel: PIE: StaticDuplicateObject took: (0.003361s)
[2019.05.11-13.02.42:144][867]LogAIModule: Creating AISystem for world TestBos
[2019.05.11-13.02.42:145][867]LogPlayLevel: PIE: World Init took: (0.001439s)
[2019.05.11-13.02.42:145][867]LogPlayLevel: PIE: Created PIE world by copying editor world from /Game/Test/TestBos.TestBos to /Game/Test/UEDPIE_0_TestBos.TestBos (0.004962s)
[2019.05.11-13.02.42:282][867]LogInit: XAudio2 using '扬声器/听筒 (Realtek Audio)' : 6 channels at 48 kHz using 32 bits per sample (channel mask 0x3f)
[2019.05.11-13.02.42:326][867]LogInit: FAudioDevice initialized.
[2019.05.11-13.02.42:357][867]LogLoad: Game class is 'GameModeBase'
[2019.05.11-13.02.42:359][867]LogWorld: Bringing World /Game/Test/UEDPIE_0_TestBos.TestBos up for play (max tick rate 60) at 2019.05.11-21.02.42
[2019.05.11-13.02.42:360][867]LogWorld: Bringing up level for play took: 0.002454
[2019.05.11-13.02.42:376][867]PIE: Play in editor start time for /Game/Test/UEDPIE_0_TestBos 0.204
[2019.05.11-13.02.43:187][910]LogAnimMontage: Warning: Playing a Montage (攻击_Montage) for the wrong Skeleton (BossZBrush2_Skeleton) instead of (little_Skeleton).
[2019.05.11-13.02.48:219][209]LogSlate: Updating window title bar state: overlay mode, drag disabled, window buttons hidden, title bar hidden
[2019.05.11-13.02.48:257][209]LogPlayLevel: Display: Shutting down PIE online subsystems
[2019.05.11-13.02.48:292][209]LogSlate: Updating window title bar state: overlay mode, drag disabled, window buttons hidden, title bar hidden
[2019.05.11-13.02.48:319][210]LogPlayLevel: Display: Destroying online subsystem :Context_15
[2019.05.11-13.02.57:174][713]LogAssetEditorManager: Opening Asset editor for Blueprint /Game/AI/BIgBoss/AIBossController.AIBossController
[2019.05.11-13.03.13:436][622]BlueprintLog: New page: Compile AIBossController
[2019.05.11-13.03.14:144][647]Cmd: OBJ SAVEPACKAGE PACKAGE="/Game/AI/BIgBoss/AIBossController" FILE="C:/Users/Ivy/Documents/DiplomaGame/ClimbDemo/Content/AI/BIgBoss/AIBossController.uasset" SILENT=true
[2019.05.11-13.03.14:179][647]LogSavePackage: Moving 'C:/Users/Ivy/Documents/DiplomaGame/ClimbDemo/Saved/AIBossController75A33B5140816D8BA17737B2B5551358.tmp' to 'C:/Users/Ivy/Documents/DiplomaGame/ClimbDemo/Content/AI/BIgBoss/AIBossController.uasset'
[2019.05.11-13.03.16:284][751]LogTemp: Repeating last play command: Selected Viewport
[2019.05.11-13.03.16:309][751]LogPlayLevel: PlayLevel: No blueprints needed recompiling
[2019.05.11-13.03.16:309][751]PIE: New page: PIE session: TestBos (May 12, 2019, 5:03:16 AM)
[2019.05.11-13.03.16:309][751]LogPlayLevel: Creating play world package: /Game/Test/UEDPIE_0_TestBos
[2019.05.11-13.03.16:313][751]LogPlayLevel: PIE: StaticDuplicateObject took: (0.003537s)
[2019.05.11-13.03.16:313][751]LogAIModule: Creating AISystem for world TestBos
[2019.05.11-13.03.16:314][751]LogPlayLevel: PIE: World Init took: (0.000949s)
[2019.05.11-13.03.16:314][751]LogPlayLevel: PIE: Created PIE world by copying editor world from /Game/Test/TestBos.TestBos to /Game/Test/UEDPIE_0_TestBos.TestBos (0.004651s)
[2019.05.11-13.03.16:454][751]LogInit: XAudio2 using '扬声器/听筒 (Realtek Audio)' : 6 channels at 48 kHz using 32 bits per sample (channel mask 0x3f)
[2019.05.11-13.03.16:499][751]LogInit: FAudioDevice initialized.
[2019.05.11-13.03.16:530][751]LogLoad: Game class is 'GameModeBase'
[2019.05.11-13.03.16:533][751]LogWorld: Bringing World /Game/Test/UEDPIE_0_TestBos.TestBos up for play (max tick rate 60) at 2019.05.11-21.03.16
[2019.05.11-13.03.16:534][751]LogWorld: Bringing up level for play took: 0.002530
[2019.05.11-13.03.16:550][751]PIE: Play in editor start time for /Game/Test/UEDPIE_0_TestBos 0.378
[2019.05.11-13.03.18:468][865]LogSlate: Updating window title bar state: overlay mode, drag disabled, window buttons hidden, title bar hidden
[2019.05.11-13.03.18:507][865]LogPlayLevel: Display: Shutting down PIE online subsystems
[2019.05.11-13.03.18:547][865]LogSlate: Updating window title bar state: overlay mode, drag disabled, window buttons hidden, title bar hidden
[2019.05.11-13.03.18:574][866]LogPlayLevel: Display: Destroying online subsystem :Context_17
[2019.05.11-13.03.19:790][938]LogSlate: FSceneViewport::OnFocusLost() reason 0
[2019.05.11-13.03.31:057][605]LogSlate: FSceneViewport::OnFocusLost() reason 0
[2019.05.11-13.03.31:135][610]LogTemp: Repeating last play command: Selected Viewport
[2019.05.11-13.03.31:164][610]LogPlayLevel: PlayLevel: No blueprints needed recompiling
[2019.05.11-13.03.31:164][610]PIE: New page: PIE session: TestBos (May 12, 2019, 5:03:31 AM)
[2019.05.11-13.03.31:164][610]LogPlayLevel: Creating play world package: /Game/Test/UEDPIE_0_TestBos
[2019.05.11-13.03.31:169][610]LogPlayLevel: PIE: StaticDuplicateObject took: (0.004492s)
[2019.05.11-13.03.31:170][610]LogAIModule: Creating AISystem for world TestBos
[2019.05.11-13.03.31:170][610]LogPlayLevel: PIE: World Init took: (0.001005s)
[2019.05.11-13.03.31:170][610]LogPlayLevel: PIE: Created PIE world by copying editor world from /Game/Test/TestBos.TestBos to /Game/Test/UEDPIE_0_TestBos.TestBos (0.005684s)
[2019.05.11-13.03.31:303][610]LogInit: XAudio2 using '扬声器/听筒 (Realtek Audio)' : 6 channels at 48 kHz using 32 bits per sample (channel mask 0x3f)
[2019.05.11-13.03.31:346][610]LogInit: FAudioDevice initialized.
[2019.05.11-13.03.31:385][610]LogLoad: Game class is 'GameModeBase'
[2019.05.11-13.03.31:388][610]LogWorld: Bringing World /Game/Test/UEDPIE_0_TestBos.TestBos up for play (max tick rate 60) at 2019.05.11-21.03.31
[2019.05.11-13.03.31:389][610]LogWorld: Bringing up level for play took: 0.002997
[2019.05.11-13.03.31:407][610]PIE: Play in editor start time for /Game/Test/UEDPIE_0_TestBos 1.235
[2019.05.11-13.03.32:081][643]LogAnimMontage: Warning: Playing a Montage (攻击_Montage) for the wrong Skeleton (BossZBrush2_Skeleton) instead of (little_Skeleton).
[2019.05.11-13.03.33:248][713]LogAnimMontage: Warning: Playing a Montage (攻击_Montage) for the wrong Skeleton (BossZBrush2_Skeleton) instead of (little_Skeleton).
[2019.05.11-13.03.33:815][747]LogAnimMontage: Warning: Playing a Montage (攻击_Montage) for the wrong Skeleton (BossZBrush2_Skeleton) instead of (little_Skeleton).
[2019.05.11-13.03.34:232][772]LogAnimMontage: Warning: Playing a Montage (攻击_Montage) for the wrong Skeleton (BossZBrush2_Skeleton) instead of (little_Skeleton).
[2019.05.11-13.03.34:697][800]LogAnimMontage: Warning: Playing a Montage (攻击_Montage) for the wrong Skeleton (BossZBrush2_Skeleton) instead of (little_Skeleton).
[2019.05.11-13.03.35:214][831]LogAnimMontage: Warning: Playing a Montage (攻击_Montage) for the wrong Skeleton (BossZBrush2_Skeleton) instead of (little_Skeleton).
[2019.05.11-13.03.35:631][856]LogAnimMontage: Warning: Playing a Montage (攻击_Montage) for the wrong Skeleton (BossZBrush2_Skeleton) instead of (little_Skeleton).
[2019.05.11-13.03.36:081][883]LogAnimMontage: Warning: Playing a Montage (攻击_Montage) for the wrong Skeleton (BossZBrush2_Skeleton) instead of (little_Skeleton).
[2019.05.11-13.03.36:964][936]LogAnimMontage: Warning: Playing a Montage (攻击_Montage) for the wrong Skeleton (BossZBrush2_Skeleton) instead of (little_Skeleton).
[2019.05.11-13.03.37:382][961]LogAnimMontage: Warning: Playing a Montage (攻击_Montage) for the wrong Skeleton (BossZBrush2_Skeleton) instead of (little_Skeleton).
[2019.05.11-13.03.38:432][ 24]LogAnimMontage: Warning: Playing a Montage (攻击_Montage) for the wrong Skeleton (BossZBrush2_Skeleton) instead of (little_Skeleton).
[2019.05.11-13.03.38:849][ 49]LogAnimMontage: Warning: Playing a Montage (攻击_Montage) for the wrong Skeleton (BossZBrush2_Skeleton) instead of (little_Skeleton).
[2019.05.11-13.03.39:336][ 78]LogAnimMontage: Warning: Playing a Montage (攻击_Montage) for the wrong Skeleton (BossZBrush2_Skeleton) instead of (little_Skeleton).
[2019.05.11-13.03.40:715][159]LogAnimMontage: Warning: Playing a Montage (攻击_Montage) for the wrong Skeleton (BossZBrush2_Skeleton) instead of (little_Skeleton).
[2019.05.11-13.03.41:249][191]LogAnimMontage: Warning: Playing a Montage (攻击_Montage) for the wrong Skeleton (BossZBrush2_Skeleton) instead of (little_Skeleton).
[2019.05.11-13.03.41:817][225]LogAnimMontage: Warning: Playing a Montage (攻击_Montage) for the wrong Skeleton (BossZBrush2_Skeleton) instead of (little_Skeleton).
[2019.05.11-13.03.42:384][259]LogAnimMontage: Warning: Playing a Montage (攻击_Montage) for the wrong Skeleton (BossZBrush2_Skeleton) instead of (little_Skeleton).
[2019.05.11-13.03.42:965][294]LogAnimMontage: Warning: Playing a Montage (攻击_Montage) for the wrong Skeleton (BossZBrush2_Skeleton) instead of (little_Skeleton).
[2019.05.11-13.03.43:274][312]LogSlate: Updating window title bar state: overlay mode, drag disabled, window buttons hidden, title bar hidden
[2019.05.11-13.03.43:318][312]LogPlayLevel: Display: Shutting down PIE online subsystems
[2019.05.11-13.03.43:356][312]LogSlate: Updating window title bar state: overlay mode, drag disabled, window buttons hidden, title bar hidden
[2019.05.11-13.03.43:407][313]LogPlayLevel: Display: Destroying online subsystem :Context_19
[2019.05.11-13.03.44:939][401]LogSlate: FSceneViewport::OnFocusLost() reason 0
[2019.05.11-13.03.46:189][405]LogSlate: Window 'Save Content' being destroyed
[2019.05.11-13.03.46:273][405]Cmd: OBJ SAVEPACKAGE PACKAGE="/Game/-Models/Boss/BossZBrush2" FILE="C:/Users/Ivy/Documents/DiplomaGame/ClimbDemo/Content/-Models/Boss/BossZBrush2.uasset" SILENT=true
[2019.05.11-13.03.46:363][405]LogSavePackage: Moving 'C:/Users/Ivy/Documents/DiplomaGame/ClimbDemo/Saved/BossZBrush2618E71BA4D6BBE197471AC82AC5BD419.tmp' to 'C:/Users/Ivy/Documents/DiplomaGame/ClimbDemo/Content/-Models/Boss/BossZBrush2.uasset'
[2019.05.11-13.03.46:404][405]Cmd: OBJ SAVEPACKAGE PACKAGE="/Game/-Models/Boss/BossZBrush2_Anim" FILE="C:/Users/Ivy/Documents/DiplomaGame/ClimbDemo/Content/-Models/Boss/BossZBrush2_Anim.uasset" SILENT=true
[2019.05.11-13.03.46:424][405]LogSavePackage: Moving 'C:/Users/Ivy/Documents/DiplomaGame/ClimbDemo/Saved/BossZBrush2_Anim17515BCC4C6D50E52636F595E4026E06.tmp' to 'C:/Users/Ivy/Documents/DiplomaGame/ClimbDemo/Content/-Models/Boss/BossZBrush2_Anim.uasset'
[2019.05.11-13.03.46:479][405]Cmd: OBJ SAVEPACKAGE PACKAGE="/Game/-Models/Boss/BossZBrush2_PhysicsAsset" FILE="C:/Users/Ivy/Documents/DiplomaGame/ClimbDemo/Content/-Models/Boss/BossZBrush2_PhysicsAsset.uasset" SILENT=true
[2019.05.11-13.03.46:500][405]LogSavePackage: Moving 'C:/Users/Ivy/Documents/DiplomaGame/ClimbDemo/Saved/BossZBrush2_PhysicsAssetE75FF779479109C44C2E85BDE68B4D5C.tmp' to 'C:/Users/Ivy/Documents/DiplomaGame/ClimbDemo/Content/-Models/Boss/BossZBrush2_PhysicsAsset.uasset'
[2019.05.11-13.03.46:519][405]Cmd: OBJ SAVEPACKAGE PACKAGE="/Game/-Models/Boss/BossZBrush2_Skeleton" FILE="C:/Users/Ivy/Documents/DiplomaGame/ClimbDemo/Content/-Models/Boss/BossZBrush2_Skeleton.uasset" SILENT=true
[2019.05.11-13.03.46:532][405]LogSavePackage: Moving 'C:/Users/Ivy/Documents/DiplomaGame/ClimbDemo/Saved/BossZBrush2_Skeleton327D1AD24D32D17BDE8C54957E994184.tmp' to 'C:/Users/Ivy/Documents/DiplomaGame/ClimbDemo/Content/-Models/Boss/BossZBrush2_Skeleton.uasset'
[2019.05.11-13.03.46:752][405]Cmd: OBJ SAVEPACKAGE PACKAGE="/Game/Test/TestBos" FILE="C:/Users/Ivy/Documents/DiplomaGame/ClimbDemo/Content/Test/TestBos.umap" SILENT=true AUTOSAVING=false KEEPDIRTY=false
[2019.05.11-13.03.46:861][405]LogSavePackage: Moving 'C:/Users/Ivy/Documents/DiplomaGame/ClimbDemo/Saved/TestBos106296C2411AECDC389C9DB48696A1AC.tmp' to 'C:/Users/Ivy/Documents/DiplomaGame/ClimbDemo/Content/Test/TestBos.umap'
[2019.05.11-13.03.46:899][405]LogFileHelpers: Saving map 'TestBos' took 0.351
[2019.05.11-13.03.46:904][405]Cmd: OBJ SAVEPACKAGE PACKAGE="/Game/Test/TestBos_BuiltData" FILE="C:/Users/Ivy/Documents/DiplomaGame/ClimbDemo/Content/Test/TestBos_BuiltData.uasset" SILENT=true
[2019.05.11-13.03.46:935][405]LogSavePackage: Moving 'C:/Users/Ivy/Documents/DiplomaGame/ClimbDemo/Saved/TestBos_BuiltDataA01F040F46F3A9CD88873C858C2A7122.tmp' to 'C:/Users/Ivy/Documents/DiplomaGame/ClimbDemo/Content/Test/TestBos_BuiltData.uasset'
[2019.05.11-13.05.11:103][391]LogRenderer: Reallocating scene render targets to support 1496x728 Format 10 NumSamples 1 (Frame:6399).
[2019.05.11-13.05.49:545][518]LogSlate: FSceneViewport::OnFocusLost() reason 0
[2019.05.11-13.05.49:631][523]BlueprintLog: New page: Compile AIBoss
[2019.05.11-13.05.50:409][539]Cmd: OBJ SAVEPACKAGE PACKAGE="/Game/AI/BIgBoss/AIBoss" FILE="C:/Users/Ivy/Documents/DiplomaGame/ClimbDemo/Content/AI/BIgBoss/AIBoss.uasset" SILENT=true
[2019.05.11-13.05.50:590][539]LogSavePackage: Moving 'C:/Users/Ivy/Documents/DiplomaGame/ClimbDemo/Saved/AIBossB587D2C14AE8FBDA11ED2FA0230D770F.tmp' to 'C:/Users/Ivy/Documents/DiplomaGame/ClimbDemo/Content/AI/BIgBoss/AIBoss.uasset'
[2019.05.11-13.06.52:431][158]LogEditorViewport: Clicking on Actor (LMB): NavMeshBoundsVolume (NavMeshBoundsVolume)
[2019.05.11-13.06.54:136][256]LogSlate: FSceneViewport::OnFocusLost() reason 0
[2019.05.11-13.07.03:855][808]LogSlate: FSceneViewport::OnFocusLost() reason 0
[2019.05.11-13.07.03:918][812]LogTemp: Repeating last play command: Selected Viewport
[2019.05.11-13.07.03:949][812]LogPlayLevel: PlayLevel: No blueprints needed recompiling
[2019.05.11-13.07.03:949][812]PIE: New page: PIE session: TestBos (May 12, 2019, 5:07:03 AM)
[2019.05.11-13.07.03:949][812]LogPlayLevel: Creating play world package: /Game/Test/UEDPIE_0_TestBos
[2019.05.11-13.07.03:954][812]LogPlayLevel: PIE: StaticDuplicateObject took: (0.005225s)
[2019.05.11-13.07.03:955][812]LogAIModule: Creating AISystem for world TestBos
[2019.05.11-13.07.03:955][812]LogPlayLevel: PIE: World Init took: (0.001339s)
[2019.05.11-13.07.03:956][812]LogPlayLevel: PIE: Created PIE world by copying editor world from /Game/Test/TestBos.TestBos to /Game/Test/UEDPIE_0_TestBos.TestBos (0.006748s)
[2019.05.11-13.07.04:097][812]LogInit: XAudio2 using '扬声器/听筒 (Realtek Audio)' : 6 channels at 48 kHz using 32 bits per sample (channel mask 0x3f)
[2019.05.11-13.07.04:144][812]LogInit: FAudioDevice initialized.
[2019.05.11-13.07.04:180][812]LogLoad: Game class is 'GameModeBase'
[2019.05.11-13.07.04:183][812]LogWorld: Bringing World /Game/Test/UEDPIE_0_TestBos.TestBos up for play (max tick rate 60) at 2019.05.11-21.07.04
[2019.05.11-13.07.04:183][812]LogWorld: Bringing up level for play took: 0.002232
[2019.05.11-13.07.04:200][812]PIE: Play in editor start time for /Game/Test/UEDPIE_0_TestBos 0.028
[2019.05.11-13.07.14:148][400]LogSlate: FSceneViewport::OnFocusLost() reason 2
[2019.05.11-13.07.17:993][619]LogSlate: FSceneViewport::OnFocusLost() reason 0
[2019.05.11-13.07.18:067][623]LogSlate: Updating window title bar state: overlay mode, drag disabled, window buttons hidden, title bar hidden
[2019.05.11-13.07.18:108][623]LogPlayLevel: Display: Shutting down PIE online subsystems
[2019.05.11-13.07.18:147][623]LogSlate: Updating window title bar state: overlay mode, drag disabled, window buttons hidden, title bar hidden
[2019.05.11-13.07.18:187][624]LogPlayLevel: Display: Destroying online subsystem :Context_20
[2019.05.11-13.07.21:136][739]LogSlate: Window 'Save Content' being destroyed
[2019.05.11-13.07.21:380][739]Cmd: OBJ SAVEPACKAGE PACKAGE="/Game/Test/TestBos" FILE="C:/Users/Ivy/Documents/DiplomaGame/ClimbDemo/Content/Test/TestBos.umap" SILENT=true AUTOSAVING=false KEEPDIRTY=false
[2019.05.11-13.07.21:494][739]LogSavePackage: Moving 'C:/Users/Ivy/Documents/DiplomaGame/ClimbDemo/Saved/TestBosCA4C25C342ECF838B73106B048F044F6.tmp' to 'C:/Users/Ivy/Documents/DiplomaGame/ClimbDemo/Content/Test/TestBos.umap'
[2019.05.11-13.07.21:534][739]LogFileHelpers: Saving map 'TestBos' took 0.348
[2019.05.11-13.07.29:833][186]LogLinker: Warning: Can't find file '/Game/-Models/Flag/FLags/Wind_jingfan_mid_Skeleton'
[2019.05.11-13.07.29:833][186]LogLinker: Warning: Can't find file for asset '/Game/-Models/Flag/FLags/Wind_jingfan_mid_Skeleton' while loading C:/Users/Ivy/Documents/DiplomaGame/ClimbDemo/Content/-Models/Flag/FLags/Wind_jingfan_mid.uasset.
[2019.05.11-13.07.29:833][186]LoadErrors: Error: /Game/-Models/Flag/FLags/Wind_jingfan_mid : Can't find file for asset. /Game/-Models/Flag/FLags/Wind_jingfan_mid_Skeleton
[2019.05.11-13.07.29:834][186]LogLinker: Warning: Can't find file '/Game/-Models/Flag/FLags/Wind_jingfan_mid_Skeleton'
[2019.05.11-13.07.29:834][186]LogLinker: Warning: Can't find file for asset '/Game/-Models/Flag/FLags/Wind_jingfan_mid_Skeleton' while loading C:/Users/Ivy/Documents/DiplomaGame/ClimbDemo/Content/-Models/Flag/FLags/Wind_jingfan_mid.uasset.
[2019.05.11-13.07.30:166][186]LogLinker: Warning: Can't find file '/Game/-Models/Flag/FLags/Wind_jingfan_mid_Skeleton'
[2019.05.11-13.07.30:166][186]LoadErrors: Failed to load /Game/-Models/Flag/FLags/Wind_jingfan_mid_Skeleton.Wind_jingfan_mid_Skeleton Referenced by Wind_jingfan_mid
[2019.05.11-13.07.30:166][186]LogLinker: Warning: Can't find file for asset '/Game/-Models/Flag/FLags/Wind_jingfan_mid_Skeleton' while loading NULL.
[2019.05.11-13.07.31:773][186]LogWindows: Error: === Critical error: ===
[2019.05.11-13.07.31:773][186]LogWindows: Error: 
[2019.05.11-13.07.31:773][186]LogWindows: Error: Fatal error!
[2019.05.11-13.07.31:773][186]LogWindows: Error: 
[2019.05.11-13.07.31:774][186]LogWindows: Error: Unhandled Exception: EXCEPTION_ACCESS_VIOLATION reading address 0x00000008
[2019.05.11-13.07.31:774][186]LogWindows: Error: 
[2019.05.11-13.07.31:774][186]LogWindows: Error: [Callstack] 0x00007ffa08dbc181 UE4Editor-Landscape.dll!UnknownFunction []
[2019.05.11-13.07.31:774][186]LogWindows: Error: [Callstack] 0x00007ffa08d37263 UE4Editor-Landscape.dll!UnknownFunction []
[2019.05.11-13.07.31:774][186]LogWindows: Error: [Callstack] 0x00007ffa08d31aa2 UE4Editor-Landscape.dll!UnknownFunction []
[2019.05.11-13.07.31:774][186]LogWindows: Error: [Callstack] 0x00007ffa08d318a4 UE4Editor-Landscape.dll!UnknownFunction []
[2019.05.11-13.07.31:774][186]LogWindows: Error: [Callstack] 0x00007ffa0a343345 UE4Editor-CoreUObject.dll!UnknownFunction []
[2019.05.11-13.07.31:774][186]LogWindows: Error: [Callstack] 0x00007ffa0a42b7a1 UE4Editor-CoreUObject.dll!UnknownFunction []
[2019.05.11-13.07.31:774][186]LogWindows: Error: [Callstack] 0x00007ffa0a4462c4 UE4Editor-CoreUObject.dll!UnknownFunction []
[2019.05.11-13.07.31:774][186]LogWindows: Error: [Callstack] 0x00007ffa0a4454b9 UE4Editor-CoreUObject.dll!UnknownFunction []
[2019.05.11-13.07.31:774][186]LogWindows: Error: [Callstack] 0x00007ffa0a45c30e UE4Editor-CoreUObject.dll!UnknownFunction []
[2019.05.11-13.07.31:774][186]LogWindows: Error: [Callstack] 0x00007ffa0a469a28 UE4Editor-CoreUObject.dll!UnknownFunction []
[2019.05.11-13.07.31:774][186]LogWindows: Error: [Callstack] 0x00007ffa0a46916e UE4Editor-CoreUObject.dll!UnknownFunction []
[2019.05.11-13.07.31:774][186]LogWindows: Error: [Callstack] 0x00007ff9c0ad3e37 UE4Editor-ContentBrowser.dll!UnknownFunction []
[2019.05.11-13.07.31:774][186]LogWindows: Error: [Callstack] 0x00007ff9c0a90499 UE4Editor-ContentBrowser.dll!UnknownFunction []
[2019.05.11-13.07.31:774][186]LogWindows: Error: [Callstack] 0x00007ff9c0adefe3 UE4Editor-ContentBrowser.dll!UnknownFunction []
[2019.05.11-13.07.31:774][186]LogWindows: Error: [Callstack] 0x00007ff9c0a8e1ea UE4Editor-ContentBrowser.dll!UnknownFunction []
[2019.05.11-13.07.31:774][186]LogWindows: Error: [Callstack] 0x00007ff9c0a8ab30 UE4Editor-ContentBrowser.dll!UnknownFunction []
[2019.05.11-13.07.31:774][186]LogWindows: Error: [Callstack] 0x00007ff9c0aeb950 UE4Editor-ContentBrowser.dll!UnknownFunction []
[2019.05.11-13.07.31:774][186]LogWindows: Error: [Callstack] 0x00007ff9c0adf4af UE4Editor-ContentBrowser.dll!UnknownFunction []
[2019.05.11-13.07.31:774][186]LogWindows: Error: [Callstack] 0x00007ffa09a08f0a UE4Editor-Slate.dll!UnknownFunction []
[2019.05.11-13.07.31:774][186]LogWindows: Error: [Callstack] 0x00007ffa09a9fdce UE4Editor-Slate.dll!UnknownFunction []
[2019.05.11-13.07.31:774][186]LogWindows: Error: [Callstack] 0x00007ffa09a86fca UE4Editor-Slate.dll!UnknownFunction []
[2019.05.11-13.07.31:774][186]LogWindows: Error: [Callstack] 0x00007ffa09a7a87a UE4Editor-Slate.dll!UnknownFunction []
[2019.05.11-13.07.31:774][186]LogWindows: Error: [Callstack] 0x00007ffa1b68d16f UE4Editor-ApplicationCore.dll!UnknownFunction []
[2019.05.11-13.07.31:774][186]LogWindows: Error: [Callstack] 0x00007ffa1b680270 UE4Editor-ApplicationCore.dll!UnknownFunction []
[2019.05.11-13.07.31:774][186]LogWindows: Error: [Callstack] 0x00007ffa1b68f4c5 UE4Editor-ApplicationCore.dll!UnknownFunction []
[2019.05.11-13.07.31:774][186]LogWindows: Error: [Callstack] 0x00007ffa1b67c209 UE4Editor-ApplicationCore.dll!UnknownFunction []
[2019.05.11-13.07.31:774][186]LogWindows: Error: [Callstack] 0x00007ffa551a6d41 USER32.dll!UnknownFunction []
[2019.05.11-13.07.31:774][186]LogWindows: Error: [Callstack] 0x00007ffa551a6713 USER32.dll!UnknownFunction []
[2019.05.11-13.07.31:774][186]LogWindows: Error: [Callstack] 0x00007ffa1b690646 UE4Editor-ApplicationCore.dll!UnknownFunction []
[2019.05.11-13.07.31:774][186]LogWindows: Error: [Callstack] 0x00007ff7ebac54e5 UE4Editor.exe!UnknownFunction []
[2019.05.11-13.07.31:774][186]LogWindows: Error: [Callstack] 0x00007ff7ebad5b3c UE4Editor.exe!UnknownFunction []
[2019.05.11-13.07.31:774][186]LogWindows: Error: [Callstack] 0x00007ff7ebad5bba UE4Editor.exe!UnknownFunction []
[2019.05.11-13.07.31:775][186]LogWindows: Error: [Callstack] 0x00007ff7ebae3dac UE4Editor.exe!UnknownFunction []
[2019.05.11-13.07.31:775][186]LogWindows: Error: [Callstack] 0x00007ff7ebae5aaa UE4Editor.exe!UnknownFunction []
[2019.05.11-13.07.31:775][186]LogWindows: Error: [Callstack] 0x00007ffa55014034 KERNEL32.DLL!UnknownFunction []
[2019.05.11-13.07.31:775][186]LogWindows: Error: [Callstack] 0x00007ffa55a53691 ntdll.dll!UnknownFunction []
[2019.05.11-13.07.31:775][186]LogWindows: Error: 
[2019.05.11-13.07.31:797][186]LogExit: Executing StaticShutdownAfterError
[2019.05.11-13.07.31:803][186]LogWindows: FPlatformMisc::RequestExit(1)
[2019.05.11-13.07.31:815][186]Log file closed, 05/11/19 21:07:31
