Log file open, 05/12/19 21:40:24
LogWindows: Failed to load 'aqProf.dll' (GetLastError=126)
LogWindows: File 'aqProf.dll' does not exist
LogWindows: Failed to load 'VSPerf140.dll' (GetLastError=126)
LogWindows: File 'VSPerf140.dll' does not exist
LogWindows: Failed to load 'VtuneApi.dll' (GetLastError=126)
LogWindows: File 'VtuneApi.dll' does not exist
LogWindows: Failed to load 'VtuneApi32e.dll' (GetLastError=126)
LogWindows: File 'VtuneApi32e.dll' does not exist
LogInit: Display: Running engine for game: ClimbDemo
LogPlatformFile: Not using cached read wrapper
LogTaskGraph: Started task graph with 5 named threads and 23 total threads with 3 sets of task threads.
LogStats: Stats thread started at 8.485213
LogD3D11RHI: Loaded GFSDK_Aftermath_Lib.x64.dll
LogICUInternationalization: Display: ICU TimeZone Detection - Raw Offset: +8:00, Platform Override: ''
LogPluginManager: Mounting plugin Paper2D
LogPluginManager: Mounting plugin AISupport
LogPluginManager: Mounting plugin LightPropagationVolume
LogPluginManager: Mounting plugin CLionSourceCodeAccess
LogPluginManager: Mounting plugin CodeLiteSourceCodeAccess
LogPluginManager: Mounting plugin GitSourceControl
LogPluginManager: Mounting plugin KDevelopSourceCodeAccess
LogPluginManager: Mounting plugin NullSourceCodeAccess
LogPluginManager: Mounting plugin PerforceSourceControl
LogPluginManager: Mounting plugin SubversionSourceControl
LogPluginManager: Mounting plugin UObjectPlugin
LogPluginManager: Mounting plugin VisualStudioCodeSourceCodeAccess
LogPluginManager: Mounting plugin VisualStudioSourceCodeAccess
LogPluginManager: Mounting plugin XCodeSourceCodeAccess
LogPluginManager: Mounting plugin AssetManagerEditor
LogPluginManager: Mounting plugin CryptoKeys
LogPluginManager: Mounting plugin DataValidation
LogPluginManager: Mounting plugin FacialAnimation
LogPluginManager: Mounting plugin GameplayTagsEditor
LogPluginManager: Mounting plugin MacGraphicsSwitching
LogPluginManager: Mounting plugin MeshEditor
LogPluginManager: Mounting plugin MobileLauncherProfileWizard
LogPluginManager: Mounting plugin PluginBrowser
LogPluginManager: Mounting plugin SpeedTreeImporter
LogPluginManager: Mounting plugin DatasmithContent
LogPluginManager: Mounting plugin AlembicImporter
LogPluginManager: Mounting plugin AppleImageUtils
LogPluginManager: Mounting plugin AppleVision
LogPluginManager: Mounting plugin BackChannel
LogPluginManager: Mounting plugin CharacterAI
LogPluginManager: Mounting plugin GeometryCache
LogPluginManager: Mounting plugin HTML5Networking
LogPluginManager: Mounting plugin ProxyLODPlugin
LogPluginManager: Mounting plugin MagicLeap
LogPluginManager: Mounting plugin MagicLeapEmulator
LogPluginManager: Mounting plugin MagicLeapMedia
LogPluginManager: Mounting plugin AndroidMedia
LogPluginManager: Mounting plugin AvfMedia
LogPluginManager: Mounting plugin ImgMedia
LogPluginManager: Mounting plugin LinearTimecode
LogPluginManager: Mounting plugin MediaCompositing
LogPluginManager: Mounting plugin MediaPlayerEditor
LogPluginManager: Mounting plugin WmfMedia
LogPluginManager: Mounting plugin TcpMessaging
LogPluginManager: Mounting plugin UdpMessaging
LogPluginManager: Mounting plugin ActorSequence
LogPluginManager: Mounting plugin LevelSequenceEditor
LogPluginManager: Mounting plugin MatineeToLevelSequence
LogPluginManager: Mounting plugin NetcodeUnitTest
LogPluginManager: Mounting plugin NUTUnrealEngine4
LogPluginManager: Mounting plugin OnlineSubsystemGooglePlay
LogPluginManager: Mounting plugin OnlineSubsystemIOS
LogPluginManager: Mounting plugin OnlineSubsystem
LogPluginManager: Mounting plugin OnlineSubsystemNull
LogPluginManager: Mounting plugin OnlineSubsystemUtils
LogPluginManager: Mounting plugin LauncherChunkInstaller
LogPluginManager: Mounting plugin AndroidDeviceProfileSelector
LogPluginManager: Mounting plugin AndroidMoviePlayer
LogPluginManager: Mounting plugin AndroidPermission
LogPluginManager: Mounting plugin AppleMoviePlayer
LogPluginManager: Mounting plugin ArchVisCharacter
LogPluginManager: Mounting plugin AudioCapture
LogPluginManager: Mounting plugin CableComponent
LogPluginManager: Mounting plugin CustomMeshComponent
LogPluginManager: Mounting plugin EditableMesh
LogPluginManager: Mounting plugin ExampleDeviceProfileSelector
LogPluginManager: Mounting plugin GoogleCloudMessaging
LogPluginManager: Mounting plugin HoudiniEngine
LogPluginManager: Mounting plugin ImmediatePhysics
LogPluginManager: Mounting plugin IOSDeviceProfileSelector
LogPluginManager: Mounting plugin LinuxDeviceProfileSelector
LogPluginManager: Mounting plugin LocationServicesBPLibrary
LogPluginManager: Mounting plugin MobilePatchingUtils
LogPluginManager: Mounting plugin OculusVR
LogPluginManager: Plugin shader directory ../../../Engine/Plugins/Runtime/Oculus/OculusVR/Shaders found
LogPluginManager: Mapping shader source directory ../../../Engine/Plugins/Runtime/Oculus/OculusVR/Shaders to virtual directory /Plugin/OculusVR
LogPluginManager: Mounting plugin PhysXVehicles
LogPluginManager: Mounting plugin ProceduralMeshComponent
LogPluginManager: Mounting plugin RuntimePhysXCooking
LogPluginManager: Mounting plugin SteamVR
LogPluginManager: Mounting plugin WindowsMoviePlayer
LogStreaming: Display: Took  0.621s to configure plugins.
LogInit: Using libcurl 7.55.1-DEV
LogInit:  - built for x86_64-pc-win32
LogInit:  - supports SSL with OpenSSL/1.0.2h
LogInit:  - supports HTTP deflate (compression) using libz 1.2.8
LogInit:  - other features:
LogInit:      CURL_VERSION_SSL
LogInit:      CURL_VERSION_LIBZ
LogInit:      CURL_VERSION_IPV6
LogInit:      CURL_VERSION_ASYNCHDNS
LogInit:      CURL_VERSION_LARGEFILE
LogInit:      CURL_VERSION_IDN
LogInit:  CurlRequestOptions (configurable via config and command line):
LogInit:  - bVerifyPeer = false  - Libcurl will NOT verify peer certificate
LogInit:  - bUseHttpProxy = false  - Libcurl will NOT use HTTP proxy
LogInit:  - bDontReuseConnections = false  - Libcurl will reuse connections
LogInit:  - CertBundlePath = nullptr  - Libcurl will use whatever was configured at build time.
LogInit:  - MaxHostConnections = 16  - Libcurl will limit the number of connections to a host
LogInit:  - LocalHostAddr = Default
LogInit:  - BufferSize = 65536
LogInit: WinSock: version 1.1 (2.2), MaxSocks=32767, MaxUdp=65467
LogHMD: Failed initializing OVRPlugin 1.25.0
LogInit: Build: ++UE4+Release-4.20-CL-4369336
LogInit: Engine Version: 4.20.3-4369336+++UE4+Release-4.20
LogInit: Compatible Engine Version: 4.20.0-4212847+++UE4+Release-4.20
LogInit: Net CL: 4212847
LogInit: OS: Windows 10 (), CPU: Intel(R) Core(TM) i7-7700HQ CPU @ 2.80GHz, GPU: Intel(R) HD Graphics 630
LogInit: Compiled (64-bit): Sep 17 2018 12:26:19
LogInit: Compiled with Visual C++: 19.13.26129.00
LogInit: Build Configuration: Development
LogInit: Branch Name: ++UE4+Release-4.20
LogInit: Command Line:  
LogInit: Base Directory: D:/Program Files/Epic Games/UE_4.20/Engine/Binaries/Win64/
LogInit: Installed Engine Build: 1
LogDevObjectVersion: Number of dev versions registered: 20
LogDevObjectVersion:   Dev-Blueprints (B0D832E4-1F89-4F0D-ACCF-7EB736FD4AA2): 10
LogDevObjectVersion:   Dev-Build (E1C64328-A22C-4D53-A36C-8E866417BD8C): 0
LogDevObjectVersion:   Dev-Core (375EC13C-06E4-48FB-B500-84F0262A717E): 2
LogDevObjectVersion:   Dev-Editor (E4B068ED-F494-42E9-A231-DA0B2E46BB41): 24
LogDevObjectVersion:   Dev-Framework (CFFC743F-43B0-4480-9391-14DF171D2073): 34
LogDevObjectVersion:   Dev-Mobile (B02B49B5-BB20-44E9-A304-32B752E40360): 2
LogDevObjectVersion:   Dev-Networking (A4E4105C-59A1-49B5-A7C5-40C4547EDFEE): 0
LogDevObjectVersion:   Dev-Online (39C831C9-5AE6-47DC-9A44-9C173E1C8E7C): 0
LogDevObjectVersion:   Dev-Physics (78F01B33-EBEA-4F98-B9B4-84EACCB95AA2): 0
LogDevObjectVersion:   Dev-Platform (6631380F-2D4D-43E0-8009-CF276956A95A): 0
LogDevObjectVersion:   Dev-Rendering (12F88B9F-8875-4AFC-A67C-D90C383ABD29): 26
LogDevObjectVersion:   Dev-Sequencer (7B5AE74C-D270-4C10-A958-57980B212A5A): 9
LogDevObjectVersion:   Dev-VR (D7296918-1DD6-4BDD-9DE2-64A83CC13884): 2
LogDevObjectVersion:   Dev-LoadTimes (C2A15278-BFE7-4AFE-6C17-90FF531DF755): 1
LogDevObjectVersion:   Private-Geometry (6EACA3D4-40EC-4CC1-B786-8BED09428FC5): 3
LogDevObjectVersion:   Dev-AnimPhys (29E575DD-E0A3-4627-9D10-D276232CDCEA): 17
LogDevObjectVersion:   Dev-ReflectionCapture (6B266CEC-1EC7-4B8F-A30B-E4D90942FC07): 1
LogDevObjectVersion:   Dev-Automation (0DF73D61-A23F-47EA-B727-89E90C41499A): 1
LogDevObjectVersion:   FortniteMain (601D1886-AC64-4F84-AA16-D3DE0DEAC7D6): 12
LogDevObjectVersion:   Dev-Enterprise (9DFFBCD6-494F-0158-E221-12823C92A888): 1
LogStreaming: Display: Took  0.000s to delete old logs.
LogInit: Presizing for max 8388607 objects, including 0 objects not considered by GC, pre-allocating 0 bytes for permanent pool.
LogInit: Object subsystem initialized
[2019.05.12-13.40.28:283][  0]LogInit: Selected Device Profile: [Windows]
[2019.05.12-13.40.28:283][  0]LogInit: Applying CVar settings loaded from the selected device profile: [Windows]
[2019.05.12-13.40.28:322][  0]LogHAL: Display: Platform has ~ 16 GB [17046654976 / 17179869184 / 16], which maps to Larger [LargestMinGB=32, LargerMinGB=12, DefaultMinGB=8, SmallerMinGB=6, SmallestMinGB=0)
[2019.05.12-13.40.28:322][  0]LogInit: Setting Device Profile CVar: [[r.Vulkan.UseRealUBs:1]]
[2019.05.12-13.40.28:322][  0]LogInit: Going up to parent DeviceProfile []
[2019.05.12-13.40.28:352][  0]LogInit: Computer: DESKTOP-UHKKT41
[2019.05.12-13.40.28:352][  0]LogInit: User: Ivy
[2019.05.12-13.40.28:352][  0]LogInit: CPU Page size=4096, Cores=4
[2019.05.12-13.40.28:353][  0]LogInit: High frequency timer resolution =2.742192 MHz
[2019.05.12-13.40.28:353][  0]LogMemory: Memory total: Physical=15.9GB (16GB approx)
[2019.05.12-13.40.28:353][  0]LogMemory: Platform Memory Stats for Windows
[2019.05.12-13.40.28:353][  0]LogMemory: Process Physical Memory: 101.89 MB used, 101.89 MB peak
[2019.05.12-13.40.28:353][  0]LogMemory: Process Virtual Memory: 94.36 MB used, 94.36 MB peak
[2019.05.12-13.40.28:353][  0]LogMemory: Physical Memory: 5077.36 MB used,  11179.60 MB free, 16256.96 MB total
[2019.05.12-13.40.28:353][  0]LogMemory: Virtual Memory: 4655.39 MB used,  11179.60 MB free, 134217728.00 MB total
[2019.05.12-13.40.30:595][  0]LogInit: Overriding language with editor language configuration option (en).
[2019.05.12-13.40.30:595][  0]LogInit: Overriding locale with editor locale configuration option (en).
[2019.05.12-13.40.34:317][  0]LogStreaming: Display: Took  3.722s to InitEngineTextLocalization.
[2019.05.12-13.40.34:318][  0]LogInit: Setting process to per monitor DPI aware
[2019.05.12-13.40.34:612][  0]LogSlate: New Slate User Created.  User Index 0, Is Virtual User: 0
[2019.05.12-13.40.34:612][  0]LogSlate: Slate User Registered.  User Index 0, Is Virtual User: 0
[2019.05.12-13.40.37:938][  0]LogHMD: Failed to initialize OpenVR with code 110
[2019.05.12-13.40.37:950][  0]LogD3D11RHI: D3D11 adapters:
[2019.05.12-13.40.38:092][  0]LogD3D11RHI:    0. 'NVIDIA GeForce GTX 1070' (Feature Level 11_0)
[2019.05.12-13.40.38:092][  0]LogD3D11RHI:       8089/0/8128 MB DedicatedVideo/DedicatedSystem/SharedSystem, Outputs:1, VendorId:0x10de
[2019.05.12-13.40.38:151][  0]LogD3D11RHI:    1. 'Intel(R) HD Graphics 630' (Feature Level 11_0)
[2019.05.12-13.40.38:151][  0]LogD3D11RHI:       128/0/8128 MB DedicatedVideo/DedicatedSystem/SharedSystem, Outputs:0, VendorId:0x8086
[2019.05.12-13.40.38:159][  0]LogD3D11RHI:    2. 'Microsoft Basic Render Driver' (Feature Level 11_0)
[2019.05.12-13.40.38:159][  0]LogD3D11RHI:       0/0/8128 MB DedicatedVideo/DedicatedSystem/SharedSystem, Outputs:0, VendorId:0x1414
[2019.05.12-13.40.38:159][  0]LogD3D11RHI: Chosen D3D11 Adapter: 0
[2019.05.12-13.40.38:197][  0]LogD3D11RHI: Creating new Direct3DDevice
[2019.05.12-13.40.38:197][  0]LogD3D11RHI:     GPU DeviceId: 0x1ba1 (for the marketing name, search the web for "GPU Device Id")
[2019.05.12-13.40.38:197][  0]LogWindows: EnumDisplayDevices:
[2019.05.12-13.40.38:197][  0]LogWindows:    0. 'Intel(R) HD Graphics 630' (P:1 D:1)
[2019.05.12-13.40.38:198][  0]LogWindows:    1. 'Intel(R) HD Graphics 630' (P:0 D:0)
[2019.05.12-13.40.38:200][  0]LogWindows:    2. 'Intel(R) HD Graphics 630' (P:0 D:0)
[2019.05.12-13.40.38:201][  0]LogWindows:    3. 'NVIDIA GeForce GTX 1070' (P:0 D:0)
[2019.05.12-13.40.38:202][  0]LogWindows:    4. 'NVIDIA GeForce GTX 1070' (P:0 D:0)
[2019.05.12-13.40.38:203][  0]LogWindows:    5. 'NVIDIA GeForce GTX 1070' (P:0 D:0)
[2019.05.12-13.40.38:205][  0]LogWindows:    6. 'NVIDIA GeForce GTX 1070' (P:0 D:0)
[2019.05.12-13.40.38:206][  0]LogWindows: DebugString: PrimaryIsNotTheChoosenAdapter PrimaryIsNotTheChoosenAdapter PrimaryIsNotTheChoosenAdapter FoundDriverCount:4 
[2019.05.12-13.40.38:206][  0]LogD3D11RHI:     Adapter Name: NVIDIA GeForce GTX 1070
[2019.05.12-13.40.38:206][  0]LogD3D11RHI:   Driver Version: 389.12 (internal:23.21.13.8912, unified:389.12)
[2019.05.12-13.40.38:206][  0]LogD3D11RHI:      Driver Date: 3-7-2018
[2019.05.12-13.40.38:206][  0]LogRHI: Texture pool is 5662 MB (70% of 8089 MB)
[2019.05.12-13.40.38:252][  0]LogD3D11RHI: Async texture creation enabled
[2019.05.12-13.40.38:341][  0]LogD3D11RHI: GPU Timing Frequency: 1000.000000 (Debug: 2 1)
[2019.05.12-13.40.38:360][  0]LogShaderCompilers: Guid format shader working directory is -1 characters bigger than the processId version (C:/Users/Ivy/Documents/DiplomaGame/ClimbDemo/Intermediate/Shaders/WorkingDirectory/29992/).
[2019.05.12-13.40.38:360][  0]LogShaderCompilers: Cleaned the shader compiler working directory 'C:/Users/Ivy/AppData/Local/Temp/UnrealShaderWorkingDir/58C12C624CFED8450667BF8339775F21/'.
[2019.05.12-13.40.39:455][  0]LogTemp: Display: Loaded TP AllDesktopTargetPlatform
[2019.05.12-13.40.39:476][  0]LogTemp: Display: Loaded TP MacClientTargetPlatform
[2019.05.12-13.40.39:491][  0]LogTemp: Display: Loaded TP MacNoEditorTargetPlatform
[2019.05.12-13.40.39:512][  0]LogTemp: Display: Loaded TP MacServerTargetPlatform
[2019.05.12-13.40.39:588][  0]LogTemp: Display: Loaded TP MacTargetPlatform
[2019.05.12-13.40.39:625][  0]LogTemp: Display: Loaded TP WindowsClientTargetPlatform
[2019.05.12-13.40.39:661][  0]LogTemp: Display: Loaded TP WindowsNoEditorTargetPlatform
[2019.05.12-13.40.39:700][  0]LogTemp: Display: Loaded TP WindowsServerTargetPlatform
[2019.05.12-13.40.39:727][  0]LogTemp: Display: Loaded TP WindowsTargetPlatform
[2019.05.12-13.40.39:904][  0]LogTemp: Display: Loaded TP AndroidTargetPlatform
[2019.05.12-13.40.39:904][  0]LogTemp: Display: Loaded TP AndroidTargetPlatform
[2019.05.12-13.40.39:904][  0]LogTemp: Display: Loaded TP AndroidTargetPlatform
[2019.05.12-13.40.39:904][  0]LogTemp: Display: Loaded TP AndroidTargetPlatform
[2019.05.12-13.40.39:904][  0]LogTemp: Display: Loaded TP AndroidTargetPlatform
[2019.05.12-13.40.39:904][  0]LogTemp: Display: Loaded TP AndroidTargetPlatform
[2019.05.12-13.40.39:904][  0]LogTemp: Display: Loaded TP AndroidTargetPlatform
[2019.05.12-13.40.39:904][  0]LogTemp: Display: Loaded TP AndroidTargetPlatform
[2019.05.12-13.40.39:905][  0]LogTemp: Display: Loaded TP AndroidTargetPlatform
[2019.05.12-13.40.39:905][  0]LogTemp: Display: Loaded TP AndroidTargetPlatform
[2019.05.12-13.40.39:905][  0]LogTemp: Display: Loaded TP AndroidTargetPlatform
[2019.05.12-13.40.39:905][  0]LogTemp: Display: Loaded TP AndroidTargetPlatform
[2019.05.12-13.40.39:905][  0]LogTemp: Display: Loaded TP AndroidTargetPlatform
[2019.05.12-13.40.39:905][  0]LogTemp: Display: Loaded TP AndroidTargetPlatform
[2019.05.12-13.40.39:905][  0]LogTemp: Display: Loaded TP AndroidTargetPlatform
[2019.05.12-13.40.39:905][  0]LogTemp: Display: Loaded TP AndroidTargetPlatform
[2019.05.12-13.40.39:905][  0]LogTemp: Display: Loaded TP AndroidTargetPlatform
[2019.05.12-13.40.39:905][  0]LogTemp: Display: Loaded TP AndroidTargetPlatform
[2019.05.12-13.40.39:922][  0]LogTemp: Display: Loaded TP HTML5TargetPlatform
[2019.05.12-13.40.40:095][  0]LogTemp: Display: Loaded TP IOSTargetPlatform
[2019.05.12-13.40.40:095][  0]LogTemp: Display: Loaded TP IOSTargetPlatform
[2019.05.12-13.40.40:131][  0]LogTemp: Display: Loaded TP TVOSTargetPlatform
[2019.05.12-13.40.40:131][  0]LogTemp: Display: Loaded TP TVOSTargetPlatform
[2019.05.12-13.40.40:176][  0]LogTemp: Display: Loaded TP LinuxClientTargetPlatform
[2019.05.12-13.40.40:225][  0]LogTemp: Display: Loaded TP LinuxNoEditorTargetPlatform
[2019.05.12-13.40.40:242][  0]LogTemp: Display: Loaded TP LinuxServerTargetPlatform
[2019.05.12-13.40.40:263][  0]LogTemp: Display: Loaded TP LinuxTargetPlatform
[2019.05.12-13.40.40:275][  0]LogTemp: Display: Loaded TP LuminTargetPlatform
[2019.05.12-13.40.40:275][  0]LogTargetPlatformManager: Display: Building Assets For Windows
[2019.05.12-13.40.41:136][  0]LogXGEController: Cleaning working directory: C:/Users/Ivy/AppData/Local/Temp/UnrealXGEWorkingDir/
[2019.05.12-13.40.41:136][  0]LogXGEController: Cannot use XGE Controller as Incredibuild is not installed on this machine.
[2019.05.12-13.40.41:136][  0]LogShaderCompilers: Cannot use XGE Shader Compiler as Incredibuild is not installed on this machine.
[2019.05.12-13.40.41:136][  0]LogShaderCompilers: Display: Using Local Shader Compiler.
[2019.05.12-13.40.43:352][  0]LogDerivedDataCache: Display: Max Cache Size: 512 MB
[2019.05.12-13.40.43:801][  0]LogDerivedDataCache: Loaded boot cache 0.45s 71MB C:/Users/Ivy/AppData/Local/UnrealEngine/4.20/DerivedDataCache/Boot.ddc.
[2019.05.12-13.40.43:801][  0]LogDerivedDataCache: Display: Loaded Boot cache: C:/Users/Ivy/AppData/Local/UnrealEngine/4.20/DerivedDataCache/Boot.ddc
[2019.05.12-13.40.43:802][  0]LogDerivedDataCache: FDerivedDataBackendGraph:  Pak pak cache file C:/Users/Ivy/Documents/DiplomaGame/ClimbDemo/DerivedDataCache/DDC.ddp not found, will not use a pak cache.
[2019.05.12-13.40.43:802][  0]LogDerivedDataCache: Unable to find inner node Pak for hierarchical cache Hierarchy.
[2019.05.12-13.40.43:802][  0]LogDerivedDataCache: FDerivedDataBackendGraph:  CompressedPak pak cache file C:/Users/Ivy/Documents/DiplomaGame/ClimbDemo/DerivedDataCache/Compressed.ddp not found, will not use a pak cache.
[2019.05.12-13.40.43:802][  0]LogDerivedDataCache: Unable to find inner node CompressedPak for hierarchical cache Hierarchy.
[2019.05.12-13.40.43:998][  0]LogDerivedDataCache: Display: Pak cache opened for reading ../../../Engine/DerivedDataCache/Compressed.ddp.
[2019.05.12-13.40.44:016][  0]LogDerivedDataCache: Using Local data cache path C:/Users/Ivy/AppData/Local/UnrealEngine/Common/DerivedDataCache: Writable
[2019.05.12-13.40.44:016][  0]LogDerivedDataCache: Shared data cache path not found in *engine.ini, will not use an Shared cache.
[2019.05.12-13.40.44:016][  0]LogDerivedDataCache: Unable to find inner node Shared for hierarchical cache Hierarchy.
[2019.05.12-13.40.44:040][  0]LogMaterial: Verifying Global Shaders for PCD3D_SM5
[2019.05.12-13.40.44:042][  0]LogSlate: Using FreeType 2.6.0
[2019.05.12-13.40.44:043][  0]LogSlate: SlateFontServices - WITH_FREETYPE: 1, WITH_HARFBUZZ: 1
[2019.05.12-13.40.44:334][  0]LogAssetRegistry: FAssetRegistry took 0.0265 seconds to start up
[2019.05.12-13.40.45:513][  0]LogInit: Selected Device Profile: [Windows]
[2019.05.12-13.40.46:296][  0]LogSimplygon: Simplygon DLL not present - disabling.
[2019.05.12-13.40.46:499][  0]LogMeshReduction: Using SimplygonSwarm for distributed automatic mesh merging
[2019.05.12-13.40.46:499][  0]LogMeshReduction: Using ProxyLODMeshReduction for automatic mesh merging
[2019.05.12-13.40.46:499][  0]LogMeshReduction: Using QuadricMeshReduction for automatic static mesh reduction
[2019.05.12-13.40.46:499][  0]LogMeshReduction: No automatic skeletal mesh reduction module available
[2019.05.12-13.40.46:585][  0]LogNetVersion: ClimbDemo 1.0.0, NetCL: 4212847, EngineNetVer: 5, GameNetVer: 0 (Checksum: 2394580764)
[2019.05.12-13.40.48:713][  0]LogPackageLocalizationCache: Processed 12 localized package path(s) for 1 prioritized culture(s) in 0.206420 seconds
[2019.05.12-13.40.48:720][  0]LogUObjectArray: 38425 objects as part of root set at end of initial load.
[2019.05.12-13.40.48:720][  0]LogUObjectAllocator: 6690864 out of 0 bytes used by permanent object pool.
[2019.05.12-13.40.48:720][  0]LogUObjectArray: CloseDisregardForGC: 0/0 objects in disregard for GC pool
[2019.05.12-13.41.23:275][  0]LogTcpMessaging: Initializing TcpMessaging bridge
[2019.05.12-13.41.23:330][  0]LogUdpMessaging: Initializing bridge on interface 0.0.0.0:0 to multicast group 230.0.0.1:6666.
[2019.05.12-13.41.24:875][  0]SourceControl: Source control is disabled
[2019.05.12-13.41.24:875][  0]SourceControl: Source control is disabled
[2019.05.12-13.41.24:985][  0]SourceControl: Source control is disabled
[2019.05.12-13.41.25:017][  0]SourceControl: Source control is disabled
[2019.05.12-13.41.27:154][  0]LogAndroidPermission: UAndroidPermissionCallbackProxy::GetInstance
[2019.05.12-13.41.27:711][  0]LogHoudiniEngine: Starting the Houdini Engine module.
[2019.05.12-13.41.27:770][  0]LogHoudiniEngine: Loaded libHAPIL.dll from Registry path D:/Program Files/Side Effects Software/Houdini 17.0.416/bin
[2019.05.12-13.41.27:772][  0]LogLinker: Warning: Asset '../../Plugins/Runtime/HoudiniEngine/Content/houdini_logo.uasset' has been saved with empty engine version. The asset will be loaded but may be incompatible.
[2019.05.12-13.41.27:778][  0]LogLinker: Warning: Asset '../../Plugins/Runtime/HoudiniEngine/Content/houdini_default_material.uasset' has been saved with empty engine version. The asset will be loaded but may be incompatible.
[2019.05.12-13.41.27:784][  0]LogLinker: Warning: Asset '../../Plugins/Runtime/HoudiniEngine/Content/houdini_bgeo_import.uasset' has been saved with empty engine version. The asset will be loaded but may be incompatible.
[2019.05.12-13.41.31:908][  0]LogHoudiniEngine: Error: Failed to create a Houdini Engine session
[2019.05.12-13.41.31:908][  0]LogHoudiniEngine: Starting up the Houdini Engine API module failed: Generic Failure
[2019.05.12-13.41.32:083][  0]LogOcInput: OculusInput pre-init called
[2019.05.12-13.41.33:806][  0]LogEngine: Initializing Engine...
[2019.05.12-13.41.33:834][  0]LogHMD: Failed to initialize OpenVR with code 110
[2019.05.12-13.41.33:836][  0]LogStats: UGameplayTagsManager::ConstructGameplayTagTree: ImportINI prefixes -  0.000 s
[2019.05.12-13.41.33:836][  0]LogStats: UGameplayTagsManager::ConstructGameplayTagTree: Construct from data asset -  0.000 s
[2019.05.12-13.41.33:836][  0]LogStats: UGameplayTagsManager::ConstructGameplayTagTree: ImportINI -  0.000 s
[2019.05.12-13.41.33:836][  0]LogStats: UGameplayTagsManager::ConstructGameplayTagTree: GameplayTagTreeChangedEvent.Broadcast -  0.000 s
[2019.05.12-13.41.34:166][  0]LogInit: Initializing FReadOnlyCVARCache
[2019.05.12-13.41.34:315][  0]LogAIModule: Creating AISystem for world Untitled
[2019.05.12-13.41.34:429][  0]LogInit: XAudio2 using '扬声器/听筒 (Realtek Audio)' : 6 channels at 48 kHz using 32 bits per sample (channel mask 0x3f)
[2019.05.12-13.41.35:158][  0]LogInit: FAudioDevice initialized.
[2019.05.12-13.41.35:158][  0]LogNetVersion: Set ProjectVersion to 1.0.0.0. Version Checksum will be recalculated on next use.
[2019.05.12-13.41.35:316][  0]LogDerivedDataCache: Saved boot cache 0.16s 71MB C:/Users/Ivy/AppData/Local/UnrealEngine/4.20/DerivedDataCache/Boot.ddc.
[2019.05.12-13.41.35:323][  0]LogInit: Texture streaming: Enabled
[2019.05.12-13.41.35:436][  0]LogEngineSessionManager: EngineSessionManager initialized
[2019.05.12-13.41.35:576][  0]LogInit: Transaction tracking system initialized
[2019.05.12-13.41.35:862][  0]BlueprintLog: New page: Editor Load
[2019.05.12-13.41.37:507][  0]LocalizationService: Localization service is disabled
[2019.05.12-13.41.40:107][  0]LogCook: Display: Max memory allowance for cook 16384mb min free memory 0mb
[2019.05.12-13.41.40:107][  0]LogCook: Display: Mobile HDR setting 1
[2019.05.12-13.41.40:107][  0]LogGameplayTags: Display: UGameplayTagsManager::DoneAddingNativeTags. DelegateIsBound: 0
[2019.05.12-13.41.40:107][  0]LogStats: UGameplayTagsManager::ConstructGameplayTagTree: ImportINI prefixes -  0.000 s
[2019.05.12-13.41.40:107][  0]LogStats: UGameplayTagsManager::ConstructGameplayTagTree: Construct from data asset -  0.000 s
[2019.05.12-13.41.40:107][  0]LogStats: UGameplayTagsManager::ConstructGameplayTagTree: ImportINI -  0.000 s
[2019.05.12-13.41.40:107][  0]LogStats: UGameplayTagsManager::ConstructGameplayTagTree: GameplayTagTreeChangedEvent.Broadcast -  0.000 s
[2019.05.12-13.41.40:646][  0]LogFileCache: Scanning file cache for directory 'C:/Users/Ivy/Documents/DiplomaGame/ClimbDemo/Content/' took 0.04s
[2019.05.12-13.41.43:144][  0]LogHoudiniEngineEditor: Starting the Houdini Engine Editor module.
[2019.05.12-13.41.43:238][  0]LogHoudiniEngineEditor: Houdini Engine Editor module startup complete.
[2019.05.12-13.41.45:569][  0]SourceControl: Source control is disabled
[2019.05.12-13.41.45:570][  0]Cmd: MAP LOAD FILE="C:/Users/Ivy/Documents/DiplomaGame/ClimbDemo/Content/Terrain/4/LakeLevel.umap" TEMPLATE=0 SHOWPROGRESS=1 FEATURELEVEL=3
[2019.05.12-13.41.45:573][  0]LightingResults: New page: Lighting Build
[2019.05.12-13.41.45:671][  0]MapCheck: New page: Map Check
[2019.05.12-13.41.45:671][  0]LightingResults: New page: Lighting Build
[2019.05.12-13.41.48:270][  0]LogBlueprint: Warning: [Compiler ABP_Climber] Cling_BS to JumpEnd  will never be taken, please connect something to  Can Enter Transition
[2019.05.12-13.41.48:954][  0]LogBlueprint: Warning: [Compiler ABP_Climber] [0114.56] Compile of ABP_Climber successful, but with 1 Warning(s) [in 913 ms] (/Game/Clinging/Animations/Blueprints/ABP_Climber.ABP_Climber)
[2019.05.12-13.41.50:214][  0]LogLinker: Warning: Unable to load PhysicsSerializer with outer InstancedStaticMeshComponent /Game/Terrain/HoudiniBake/terrain_bishe_1_846516E4.terrain_bishe_1_846516E4_C:InstancedStaticMesh10_GEN_VARIABLE because its class does not exist
[2019.05.12-13.41.50:214][  0]LogLinker: Warning: Unable to load PhysicsSerializer with outer InstancedStaticMeshComponent /Game/Terrain/HoudiniBake/terrain_bishe_1_846516E4.terrain_bishe_1_846516E4_C:InstancedStaticMesh11_GEN_VARIABLE because its class does not exist
[2019.05.12-13.41.50:214][  0]LogLinker: Warning: Unable to load PhysicsSerializer with outer InstancedStaticMeshComponent /Game/Terrain/HoudiniBake/terrain_bishe_1_846516E4.terrain_bishe_1_846516E4_C:InstancedStaticMesh12_GEN_VARIABLE because its class does not exist
[2019.05.12-13.41.50:214][  0]LogLinker: Warning: Unable to load PhysicsSerializer with outer InstancedStaticMeshComponent /Game/Terrain/HoudiniBake/terrain_bishe_1_846516E4.terrain_bishe_1_846516E4_C:InstancedStaticMesh13_GEN_VARIABLE because its class does not exist
[2019.05.12-13.41.50:214][  0]LogLinker: Warning: Unable to load PhysicsSerializer with outer InstancedStaticMeshComponent /Game/Terrain/HoudiniBake/terrain_bishe_1_846516E4.terrain_bishe_1_846516E4_C:InstancedStaticMesh14_GEN_VARIABLE because its class does not exist
[2019.05.12-13.41.50:215][  0]LogLinker: Warning: Unable to load PhysicsSerializer with outer InstancedStaticMeshComponent /Game/Terrain/HoudiniBake/terrain_bishe_1_846516E4.terrain_bishe_1_846516E4_C:InstancedStaticMesh15_GEN_VARIABLE because its class does not exist
[2019.05.12-13.41.50:215][  0]LogLinker: Warning: Unable to load PhysicsSerializer with outer InstancedStaticMeshComponent /Game/Terrain/HoudiniBake/terrain_bishe_1_846516E4.terrain_bishe_1_846516E4_C:InstancedStaticMesh16_GEN_VARIABLE because its class does not exist
[2019.05.12-13.41.50:215][  0]LogLinker: Warning: Unable to load PhysicsSerializer with outer InstancedStaticMeshComponent /Game/Terrain/HoudiniBake/terrain_bishe_1_846516E4.terrain_bishe_1_846516E4_C:InstancedStaticMesh17_GEN_VARIABLE because its class does not exist
[2019.05.12-13.41.50:215][  0]LogLinker: Warning: Unable to load PhysicsSerializer with outer InstancedStaticMeshComponent /Game/Terrain/HoudiniBake/terrain_bishe_1_846516E4.terrain_bishe_1_846516E4_C:InstancedStaticMesh18_GEN_VARIABLE because its class does not exist
[2019.05.12-13.41.50:215][  0]LogLinker: Warning: Unable to load PhysicsSerializer with outer InstancedStaticMeshComponent /Game/Terrain/HoudiniBake/terrain_bishe_1_846516E4.terrain_bishe_1_846516E4_C:InstancedStaticMesh19_GEN_VARIABLE because its class does not exist
[2019.05.12-13.41.50:215][  0]LogLinker: Warning: Unable to load PhysicsSerializer with outer InstancedStaticMeshComponent /Game/Terrain/HoudiniBake/terrain_bishe_1_846516E4.terrain_bishe_1_846516E4_C:InstancedStaticMesh1_GEN_VARIABLE because its class does not exist
[2019.05.12-13.41.50:215][  0]LogLinker: Warning: Unable to load PhysicsSerializer with outer InstancedStaticMeshComponent /Game/Terrain/HoudiniBake/terrain_bishe_1_846516E4.terrain_bishe_1_846516E4_C:InstancedStaticMesh20_GEN_VARIABLE because its class does not exist
[2019.05.12-13.41.50:215][  0]LogLinker: Warning: Unable to load PhysicsSerializer with outer InstancedStaticMeshComponent /Game/Terrain/HoudiniBake/terrain_bishe_1_846516E4.terrain_bishe_1_846516E4_C:InstancedStaticMesh21_GEN_VARIABLE because its class does not exist
[2019.05.12-13.41.50:215][  0]LogLinker: Warning: Unable to load PhysicsSerializer with outer InstancedStaticMeshComponent /Game/Terrain/HoudiniBake/terrain_bishe_1_846516E4.terrain_bishe_1_846516E4_C:InstancedStaticMesh22_GEN_VARIABLE because its class does not exist
[2019.05.12-13.41.50:215][  0]LogLinker: Warning: Unable to load PhysicsSerializer with outer InstancedStaticMeshComponent /Game/Terrain/HoudiniBake/terrain_bishe_1_846516E4.terrain_bishe_1_846516E4_C:InstancedStaticMesh23_GEN_VARIABLE because its class does not exist
[2019.05.12-13.41.50:215][  0]LogLinker: Warning: Unable to load PhysicsSerializer with outer InstancedStaticMeshComponent /Game/Terrain/HoudiniBake/terrain_bishe_1_846516E4.terrain_bishe_1_846516E4_C:InstancedStaticMesh24_GEN_VARIABLE because its class does not exist
[2019.05.12-13.41.50:215][  0]LogLinker: Warning: Unable to load PhysicsSerializer with outer InstancedStaticMeshComponent /Game/Terrain/HoudiniBake/terrain_bishe_1_846516E4.terrain_bishe_1_846516E4_C:InstancedStaticMesh25_GEN_VARIABLE because its class does not exist
[2019.05.12-13.41.50:215][  0]LogLinker: Warning: Unable to load PhysicsSerializer with outer InstancedStaticMeshComponent /Game/Terrain/HoudiniBake/terrain_bishe_1_846516E4.terrain_bishe_1_846516E4_C:InstancedStaticMesh26_GEN_VARIABLE because its class does not exist
[2019.05.12-13.41.50:215][  0]LogLinker: Warning: Unable to load PhysicsSerializer with outer InstancedStaticMeshComponent /Game/Terrain/HoudiniBake/terrain_bishe_1_846516E4.terrain_bishe_1_846516E4_C:InstancedStaticMesh27_GEN_VARIABLE because its class does not exist
[2019.05.12-13.41.50:215][  0]LogLinker: Warning: Unable to load PhysicsSerializer with outer InstancedStaticMeshComponent /Game/Terrain/HoudiniBake/terrain_bishe_1_846516E4.terrain_bishe_1_846516E4_C:InstancedStaticMesh28_GEN_VARIABLE because its class does not exist
[2019.05.12-13.41.50:216][  0]LogLinker: Warning: Unable to load PhysicsSerializer with outer InstancedStaticMeshComponent /Game/Terrain/HoudiniBake/terrain_bishe_1_846516E4.terrain_bishe_1_846516E4_C:InstancedStaticMesh29_GEN_VARIABLE because its class does not exist
[2019.05.12-13.41.50:216][  0]LogLinker: Warning: Unable to load PhysicsSerializer with outer InstancedStaticMeshComponent /Game/Terrain/HoudiniBake/terrain_bishe_1_846516E4.terrain_bishe_1_846516E4_C:InstancedStaticMesh2_GEN_VARIABLE because its class does not exist
[2019.05.12-13.41.50:216][  0]LogLinker: Warning: Unable to load PhysicsSerializer with outer InstancedStaticMeshComponent /Game/Terrain/HoudiniBake/terrain_bishe_1_846516E4.terrain_bishe_1_846516E4_C:InstancedStaticMesh30_GEN_VARIABLE because its class does not exist
[2019.05.12-13.41.50:216][  0]LogLinker: Warning: Unable to load PhysicsSerializer with outer InstancedStaticMeshComponent /Game/Terrain/HoudiniBake/terrain_bishe_1_846516E4.terrain_bishe_1_846516E4_C:InstancedStaticMesh31_GEN_VARIABLE because its class does not exist
[2019.05.12-13.41.50:216][  0]LogLinker: Warning: Unable to load PhysicsSerializer with outer InstancedStaticMeshComponent /Game/Terrain/HoudiniBake/terrain_bishe_1_846516E4.terrain_bishe_1_846516E4_C:InstancedStaticMesh32_GEN_VARIABLE because its class does not exist
[2019.05.12-13.41.50:216][  0]LogLinker: Warning: Unable to load PhysicsSerializer with outer InstancedStaticMeshComponent /Game/Terrain/HoudiniBake/terrain_bishe_1_846516E4.terrain_bishe_1_846516E4_C:InstancedStaticMesh3_GEN_VARIABLE because its class does not exist
[2019.05.12-13.41.50:216][  0]LogLinker: Warning: Unable to load PhysicsSerializer with outer InstancedStaticMeshComponent /Game/Terrain/HoudiniBake/terrain_bishe_1_846516E4.terrain_bishe_1_846516E4_C:InstancedStaticMesh4_GEN_VARIABLE because its class does not exist
[2019.05.12-13.41.50:217][  0]LogLinker: Warning: Unable to load PhysicsSerializer with outer InstancedStaticMeshComponent /Game/Terrain/HoudiniBake/terrain_bishe_1_846516E4.terrain_bishe_1_846516E4_C:InstancedStaticMesh5_GEN_VARIABLE because its class does not exist
[2019.05.12-13.41.50:217][  0]LogLinker: Warning: Unable to load PhysicsSerializer with outer InstancedStaticMeshComponent /Game/Terrain/HoudiniBake/terrain_bishe_1_846516E4.terrain_bishe_1_846516E4_C:InstancedStaticMesh6_GEN_VARIABLE because its class does not exist
[2019.05.12-13.41.50:217][  0]LogLinker: Warning: Unable to load PhysicsSerializer with outer InstancedStaticMeshComponent /Game/Terrain/HoudiniBake/terrain_bishe_1_846516E4.terrain_bishe_1_846516E4_C:InstancedStaticMesh7_GEN_VARIABLE because its class does not exist
[2019.05.12-13.41.50:217][  0]LogLinker: Warning: Unable to load PhysicsSerializer with outer InstancedStaticMeshComponent /Game/Terrain/HoudiniBake/terrain_bishe_1_846516E4.terrain_bishe_1_846516E4_C:InstancedStaticMesh8_GEN_VARIABLE because its class does not exist
[2019.05.12-13.41.50:217][  0]LogLinker: Warning: Unable to load PhysicsSerializer with outer InstancedStaticMeshComponent /Game/Terrain/HoudiniBake/terrain_bishe_1_846516E4.terrain_bishe_1_846516E4_C:InstancedStaticMesh9_GEN_VARIABLE because its class does not exist
[2019.05.12-13.41.50:217][  0]LogLinker: Warning: Unable to load PhysicsSerializer with outer InstancedStaticMeshComponent /Game/Terrain/HoudiniBake/terrain_bishe_1_846516E4.terrain_bishe_1_846516E4_C:InstancedStaticMesh_GEN_VARIABLE because its class does not exist
[2019.05.12-13.41.53:845][  0]LogAIModule: Creating AISystem for world LakeLevel
[2019.05.12-13.41.55:053][  0]LogEditorServer: Finished looking for orphan Actors (0.000 secs)
[2019.05.12-13.41.55:202][  0]Cmd: MAP CHECKDEP NOCLEARLOG
[2019.05.12-13.41.55:407][  0]MapCheck: Map check complete: 0 Error(s), 0 Warning(s), took 205.408ms to complete.
[2019.05.12-13.41.55:407][  0]LogFileHelpers: Loading map 'LakeLevel' took 9.838
[2019.05.12-13.41.56:050][  0]LogSlate: Updating window title bar state: overlay mode, drag disabled, window buttons hidden, title bar hidden
[2019.05.12-13.41.56:060][  0]LogSlate: Updating window title bar state: overlay mode, drag disabled, window buttons hidden, title bar hidden
[2019.05.12-13.41.56:069][  0]LogSlate: Updating window title bar state: overlay mode, drag disabled, window buttons hidden, title bar hidden
[2019.05.12-13.41.56:078][  0]LogSlate: Updating window title bar state: overlay mode, drag disabled, window buttons hidden, title bar hidden
[2019.05.12-13.41.56:124][  0]LogCollectionManager: Loaded 0 collections in 0.001187 seconds
[2019.05.12-13.41.56:185][  0]LogFileCache: Scanning file cache for directory 'C:/Users/Ivy/Documents/DiplomaGame/ClimbDemo/Saved/Collections/' took 0.01s
[2019.05.12-13.41.56:185][  0]LogFileCache: Scanning file cache for directory 'C:/Users/Ivy/Documents/DiplomaGame/ClimbDemo/Content/Developers/Ivy/Collections/' took 0.01s
[2019.05.12-13.41.56:185][  0]LogFileCache: Scanning file cache for directory 'C:/Users/Ivy/Documents/DiplomaGame/ClimbDemo/Content/Collections/' took 0.01s
[2019.05.12-13.41.56:185][  0]LogCollectionManager: Rebuilt the GUID cache for 0 collections in 0.000000 seconds
[2019.05.12-13.41.56:199][  0]LogContentBrowser: Native class hierarchy populated in 0.0134 seconds. Added 2610 classes and 610 folders.
[2019.05.12-13.41.56:234][  0]LogContentBrowser: Native class hierarchy updated for 'WidgetCarousel' in 0.0003 seconds. Added 0 classes and 0 folders.
[2019.05.12-13.41.59:329][  0]LogContentBrowser: Native class hierarchy updated for 'AddContentDialog' in 0.0003 seconds. Added 0 classes and 0 folders.
[2019.05.12-13.41.59:600][  0]LogContentBrowser: Native class hierarchy updated for 'SceneOutliner' in 0.0004 seconds. Added 1 classes and 2 folders.
[2019.05.12-13.42.00:170][  0]LogSlate: Took 0.000394 seconds to synchronously load lazily loaded font '../../../Engine/Content/Slate/Fonts/Roboto-Regular.ttf' (155K)
[2019.05.12-13.42.00:178][  0]LogSlate: Took 0.000407 seconds to synchronously load lazily loaded font '../../../Engine/Content/Slate/Fonts/Roboto-Bold.ttf' (160K)
[2019.05.12-13.42.00:267][  0]LogSlate: Took 0.084376 seconds to synchronously load lazily loaded font '../../../Engine/Content/Editor/Slate/Fonts/FontAwesome.ttf' (139K)
[2019.05.12-13.42.00:665][  0]LogRenderer: Reallocating scene render targets to support 748x244 Format 10 NumSamples 1 (Frame:1).
[2019.05.12-13.42.00:780][  0]LogRenderer: Reallocating scene render targets to support 1496x484 Format 10 NumSamples 1 (Frame:1).
[2019.05.12-13.42.01:292][  0]LogContentBrowser: Native class hierarchy updated for 'HierarchicalLODOutliner' in 0.0004 seconds. Added 0 classes and 0 folders.
[2019.05.12-13.42.01:292][  0]LogLoad: (Engine Initialization) Total time: 126.89 seconds
[2019.05.12-13.42.01:293][  0]LogLoad: (Engine Initialization) Total Blueprint compile time: 0.00 seconds
[2019.05.12-13.42.01:424][  0]LogContentStreaming: Texture pool size now 1000 MB
[2019.05.12-13.42.01:495][  0]LogRenderer: Reallocating scene render targets to support 1496x492 Format 10 NumSamples 1 (Frame:2).
[2019.05.12-13.42.01:495][  0]LogSlate: Took 0.027999 seconds to synchronously load lazily loaded font '../../../Engine/Content/Slate/Fonts/Roboto-Light.ttf' (167K)
[2019.05.12-13.42.01:743][  4]LogAssetRegistry: Asset discovery search completed in 77.4318 seconds
[2019.05.12-13.42.01:748][  4]LogCollectionManager: Rebuilt the object cache for 0 collections in 0.000001 seconds (found 0 objects)
[2019.05.12-13.42.01:748][  4]LogCollectionManager: Fixed up redirectors for 0 collections in 0.000176 seconds (updated 0 objects)
[2019.05.12-13.42.03:630][ 10]LogSlate: FSceneViewport::OnFocusLost() reason 0
[2019.05.12-13.42.12:126][467]LogSlate: Took 0.000207 seconds to synchronously load lazily loaded font '../../../Engine/Content/Slate/Fonts/Roboto-Light.ttf' (167K)
[2019.05.12-13.42.14:070][467]LogSlate: Took 0.122741 seconds to synchronously load lazily loaded font '../../../Engine/Content/Slate/Fonts/DroidSansFallback.ttf' (3848K)
[2019.05.12-13.42.25:130][467]LogAIModule: Creating AISystem for world LakeLevelNew
[2019.05.12-13.42.25:316][467]LogAssetEditorManager: Opening Asset editor for World /Game/Terrain/4/LakeLevelNew.LakeLevelNew
[2019.05.12-13.42.25:357][467]Cmd: MAP LOAD FILE="C:/Users/Ivy/Documents/DiplomaGame/ClimbDemo/Content/Terrain/4/LakeLevelNew.umap" TEMPLATE=0 SHOWPROGRESS=1 FEATURELEVEL=3
[2019.05.12-13.42.25:357][467]LightingResults: New page: Lighting Build
[2019.05.12-13.42.25:358][467]LoadErrors: New page: Loading map: LakeLevelNew.umap
[2019.05.12-13.42.25:368][467]MapCheck: New page: Map Check
[2019.05.12-13.42.25:368][467]LightingResults: New page: Lighting Build
[2019.05.12-13.42.26:696][467]LogEditorServer: Finished looking for orphan Actors (0.000 secs)
[2019.05.12-13.42.26:806][467]Cmd: MAP CHECKDEP NOCLEARLOG
[2019.05.12-13.42.27:484][467]MapCheck: Map check complete: 0 Error(s), 0 Warning(s), took 676.786ms to complete.
[2019.05.12-13.42.27:488][467]LogFileHelpers: Loading map 'LakeLevelNew' took 2.132
[2019.05.12-13.42.29:039][546]LogTemp: Repeating last play command: Selected Viewport
[2019.05.12-13.42.29:052][546]LogBlueprintUserMessages: Early PlayInEditor Detection: Level '/Game/Terrain/4/LakeLevelNew.LakeLevelNew:PersistentLevel' has LevelScriptBlueprint '/Game/Terrain/4/LakeLevelNew.LakeLevelNew:PersistentLevel.LakeLevelNew' with GeneratedClass '/Game/Terrain/4/LakeLevelNew.LakeLevelNew_C' with ClassGeneratedBy '/Game/Terrain/4/LakeLevelNew.LakeLevelNew:PersistentLevel.LakeLevelNew'
[2019.05.12-13.42.29:052][546]LogPlayLevel: PlayLevel: No blueprints needed recompiling
[2019.05.12-13.42.29:067][546]PIE: New page: PIE session: LakeLevelNew (May 13, 2019, 5:42:29 AM)
[2019.05.12-13.42.29:068][546]LogPlayLevel: Creating play world package: /Game/Terrain/4/UEDPIE_0_LakeLevelNew
[2019.05.12-13.42.29:262][546]LogPlayLevel: PIE: StaticDuplicateObject took: (0.193965s)
[2019.05.12-13.42.29:263][546]LogAIModule: Creating AISystem for world LakeLevelNew
[2019.05.12-13.42.29:263][546]LogPlayLevel: PIE: World Init took: (0.001086s)
[2019.05.12-13.42.29:264][546]LogPlayLevel: PIE: Created PIE world by copying editor world from /Game/Terrain/4/LakeLevelNew.LakeLevelNew to /Game/Terrain/4/UEDPIE_0_LakeLevelNew.LakeLevelNew (0.195545s)
[2019.05.12-13.42.29:400][546]LogInit: XAudio2 using '扬声器/听筒 (Realtek Audio)' : 6 channels at 48 kHz using 32 bits per sample (channel mask 0x3f)
[2019.05.12-13.42.29:448][546]LogInit: FAudioDevice initialized.
[2019.05.12-13.42.29:493][546]LogLoad: Game class is 'NewGameMode_C'
[2019.05.12-13.42.29:608][546]LogWorld: Bringing World /Game/Terrain/4/UEDPIE_0_LakeLevelNew.LakeLevelNew up for play (max tick rate 60) at 2019.05.12-21.42.29
[2019.05.12-13.42.29:618][546]LogWorld: Bringing up level for play took: 0.123509
[2019.05.12-13.42.29:654][546]LogContentBrowser: Native class hierarchy updated for 'MovieSceneCapture' in 0.0003 seconds. Added 10 classes and 0 folders.
[2019.05.12-13.42.29:663][546]PIE: Play in editor start time for /Game/Terrain/4/UEDPIE_0_LakeLevelNew 1.167
[2019.05.12-13.42.29:664][546]LogBlueprintUserMessages: Late PlayInEditor Detection: Level '/Game/Terrain/4/LakeLevelNew.LakeLevelNew:PersistentLevel' has LevelScriptBlueprint '/Game/Terrain/4/LakeLevelNew.LakeLevelNew:PersistentLevel.LakeLevelNew' with GeneratedClass '/Game/Terrain/4/LakeLevelNew.LakeLevelNew_C' with ClassGeneratedBy '/Game/Terrain/4/LakeLevelNew.LakeLevelNew:PersistentLevel.LakeLevelNew'
[2019.05.12-13.42.36:975][910]LogCharacterMovement: Warning: GetSimulationTimeStep() - Max iterations 8 hit while remaining time 0.075353 > MaxSimulationTimeStep (0.050) for 'MyChar_2', movement 'Walking'
[2019.05.12-13.42.42:558][220]LogMaterial: Warning: Material /Game/WaterMaterials/Materials/M_Water_Clean.M_Water_Clean missing bUsedWithMorphTargets=True! Default Material will be used in game.
[2019.05.12-13.42.42:558][220]LogMaterial: Warning:      The material will recompile every editor launch until resaved.
[2019.05.12-13.42.54:072][842]LogBlueprintUserMessages: Early EndPlayMap Detection: Level '/Game/Terrain/4/LakeLevelNew.LakeLevelNew:PersistentLevel' has LevelScriptBlueprint '/Game/Terrain/4/LakeLevelNew.LakeLevelNew:PersistentLevel.LakeLevelNew' with GeneratedClass '/Game/Terrain/4/LakeLevelNew.LakeLevelNew_C' with ClassGeneratedBy '/Game/Terrain/4/LakeLevelNew.LakeLevelNew:PersistentLevel.LakeLevelNew'
[2019.05.12-13.42.54:072][842]LogSlate: Updating window title bar state: overlay mode, drag disabled, window buttons hidden, title bar hidden
[2019.05.12-13.42.54:129][842]LogPlayLevel: Display: Shutting down PIE online subsystems
[2019.05.12-13.42.54:130][842]LogBlueprintUserMessages: Late EndPlayMap Detection: Level '/Game/Terrain/4/LakeLevelNew.LakeLevelNew:PersistentLevel' has LevelScriptBlueprint '/Game/Terrain/4/LakeLevelNew.LakeLevelNew:PersistentLevel.LakeLevelNew' with GeneratedClass '/Game/Terrain/4/LakeLevelNew.LakeLevelNew_C' with ClassGeneratedBy '/Game/Terrain/4/LakeLevelNew.LakeLevelNew:PersistentLevel.LakeLevelNew'
[2019.05.12-13.42.54:166][842]LogSlate: Updating window title bar state: overlay mode, drag disabled, window buttons hidden, title bar hidden
[2019.05.12-13.42.54:369][843]LogPlayLevel: Display: Destroying online subsystem :Context_1
[2019.05.12-13.42.57:760][ 36]LogSlate: FSceneViewport::OnFocusLost() reason 0
[2019.05.12-13.43.02:032][279]LogAssetEditorManager: Opening Asset editor for Blueprint /Game/AI/AICharacter.AICharacter
[2019.05.12-13.43.03:317][279]LogContentBrowser: Native class hierarchy updated for 'BlueprintGraph' in 0.0007 seconds. Added 116 classes and 0 folders.
[2019.05.12-13.43.04:381][279]LogSlate: Took 0.010559 seconds to synchronously load lazily loaded font '../../../Engine/Content/Slate/Fonts/Roboto-BoldCondensed.ttf' (158K)
[2019.05.12-13.43.05:953][340]LogSlate: Took 0.020666 seconds to synchronously load lazily loaded font '../../../Engine/Content/Slate/Fonts/Roboto-Italic.ttf' (157K)
[2019.05.12-13.53.20:493][434]LogSlate: FSceneViewport::OnFocusLost() reason 0
[2019.05.12-13.53.39:508][753]LogFactory: FactoryCreateFile: HoudiniAsset with HoudiniAssetFactory (0 0 C:/Users/Ivy/Desktop/terrain_bishe_1.hda)
[2019.05.12-13.53.44:774][920]LogSlate: FSceneViewport::OnFocusLost() reason 0
[2019.05.12-13.53.45:157][931]LogHoudiniEngineEditor: PostSpawnActor HoudiniAssetActor_0, supplied Asset = 0x00000219AE386390
[2019.05.12-13.53.45:820][931]LogActorComponent: UnregisterComponent: (/Game/Terrain/4/LakeLevelNew.LakeLevelNew:PersistentLevel.terrain_bishe_1.StaticMeshComponent_1) Not registered. Aborting.
[2019.05.12-13.53.45:887][931]LogHoudiniEngineEditor: PostSpawnActor HoudiniAssetActor_1, supplied Asset = 0x00000219AE386390
[2019.05.12-13.53.45:926][931]LogSlate: FSceneViewport::OnFocusLost() reason 2
[2019.05.12-13.53.51:423][931]LogSlate: Window 'Houdini Engine Plugin Warning' being destroyed
[2019.05.12-13.53.52:220][935]LogSlate: FSceneViewport::OnFocusLost() reason 0
[2019.05.12-13.53.54:716][992]Cmd: OBJ SAVEPACKAGE PACKAGE="/Game/Terrain/4/LakeLevelNew" FILE="C:/Users/Ivy/Documents/DiplomaGame/ClimbDemo/Content/Terrain/4/LakeLevelNew.umap" SILENT=true AUTOSAVING=false KEEPDIRTY=false
[2019.05.12-13.53.59:368][992]LogSavePackage: Moving 'C:/Users/Ivy/Documents/DiplomaGame/ClimbDemo/Saved/LakeLevelNew01AB2A5742B8E1CA884F5894712DCB19.tmp' to 'C:/Users/Ivy/Documents/DiplomaGame/ClimbDemo/Content/Terrain/4/LakeLevelNew.umap'
[2019.05.12-13.54.03:460][114]LogSlate: FSceneViewport::OnFocusLost() reason 0
[2019.05.12-13.54.20:596][814]LogAssetEditorManager: Opening Asset editor for HoudiniAsset /Game/terrain_bishe_1.terrain_bishe_1
[2019.05.12-13.54.22:295][884]LogSlate: Window 'terrain_bishe_1* - Generic Asset Editor' being destroyed
[2019.05.12-13.54.22:306][884]LogSlate: Window 'terrain_bishe_1* - Generic Asset Editor' being destroyed
[2019.05.12-13.54.26:384][ 90]LogSlate: FSceneViewport::OnFocusLost() reason 0
[2019.05.12-13.54.33:927][477]LogHoudiniEngineEditor: Rebuilt 1 selected Houdini assets.
[2019.05.12-13.54.34:159][487]LogHoudiniEngine: Cancelling asset instantiation - unable to retrieve asset names.
[2019.05.12-13.55.20:023][828]LogSlate: FSceneViewport::OnFocusLost() reason 0
[2019.05.12-13.55.30:489][434]LogHoudiniEngineEditor: Rebuilt 1 selected Houdini assets.
[2019.05.12-13.55.30:644][443]LogHoudiniEngine: Cancelling asset instantiation - unable to retrieve asset names.
[2019.05.12-13.55.38:641][882]LogSlate: FSceneViewport::OnFocusLost() reason 0
[2019.05.12-13.55.41:365][ 39]LogSlate: FSceneViewport::OnFocusLost() reason 0
[2019.05.12-13.55.42:371][ 44]LogSlate: Window 'Save Content' being destroyed
[2019.05.12-13.55.43:116][ 44]Cmd: OBJ SAVEPACKAGE PACKAGE="/Game/Terrain/4/LakeLevelNew" FILE="C:/Users/Ivy/Documents/DiplomaGame/ClimbDemo/Content/Terrain/4/LakeLevelNew.umap" SILENT=true AUTOSAVING=false KEEPDIRTY=false
[2019.05.12-13.55.47:500][ 44]LogSavePackage: Moving 'C:/Users/Ivy/Documents/DiplomaGame/ClimbDemo/Saved/LakeLevelNew7883E08F4ABBB69430C2E48C9810C35F.tmp' to 'C:/Users/Ivy/Documents/DiplomaGame/ClimbDemo/Content/Terrain/4/LakeLevelNew.umap'
[2019.05.12-13.55.47:539][ 44]LogFileHelpers: Saving map 'LakeLevelNew' took 5.121
[2019.05.12-13.55.47:545][ 44]Cmd: OBJ SAVEPACKAGE PACKAGE="/Game/terrain_bishe_1" FILE="C:/Users/Ivy/Documents/DiplomaGame/ClimbDemo/Content/terrain_bishe_1.uasset" SILENT=true
[2019.05.12-13.55.47:905][ 44]LogSavePackage: Moving 'C:/Users/Ivy/Documents/DiplomaGame/ClimbDemo/Saved/terrain_bishe_14DACA22F4F953120F43339A252E6694D.tmp' to 'C:/Users/Ivy/Documents/DiplomaGame/ClimbDemo/Content/terrain_bishe_1.uasset'
[2019.05.12-13.55.56:187][485]LogAssetEditorManager: Opening Asset editor for LandscapeGrassType /Game/Terrain/Grass/Grass.grass
[2019.05.12-13.56.07:424][ 86]LogSlate: FSceneViewport::OnFocusLost() reason 0
[2019.05.12-13.56.22:932][992]LogHoudiniEngineEditor: Rebuilt 1 selected Houdini assets.
[2019.05.12-13.56.23:146][  4]LogHoudiniEngine: Cancelling asset instantiation - unable to retrieve asset names.
[2019.05.12-13.56.36:033][566]LogHoudiniEngine: Error: Failed to create a Houdini Engine session
[2019.05.12-13.56.36:158][567]LogHoudiniEngine: Cancelling asset instantiation - unable to retrieve asset names.
[2019.05.12-13.56.45:415][ 97]LogSlate: FSceneViewport::OnFocusLost() reason 0
[2019.05.12-13.56.45:705][104]LogSlate: Window 'grass - Generic Asset Editor' being destroyed
[2019.05.12-13.56.45:713][104]LogSlate: Window 'ClimbDemo - Unreal Editor' being destroyed
[2019.05.12-13.56.45:719][104]LogWindowsTextInputMethodSystem: Display: IME system now activated using TSF (搜狗拼音输入法).
[2019.05.12-13.56.46:115][105]Cmd: QUIT_EDITOR
[2019.05.12-13.56.46:909][105]LogExit: Preparing to exit.
[2019.05.12-13.56.48:417][105]LogActorComponent: UnregisterComponent: (None.None:None.None.StaticMeshComponent_1) Not registered. Aborting.
[2019.05.12-13.56.48:637][105]LogExit: Editor shut down
[2019.05.12-13.56.48:637][105]LogExit: Transaction tracking system shut down
[2019.05.12-13.56.50:921][105]LogExit: Object subsystem successfully closed.
[2019.05.12-13.56.51:084][105]LogShaderCompilers: Display: Shaders left to compile 0
[2019.05.12-13.56.51:132][105]LogD3D11RHI: Shutdown
[2019.05.12-13.56.51:132][105]LogD3D11RHI: CleanupD3DDevice
[2019.05.12-13.56.51:184][105]LogD3D11RHI: ~FD3D11DynamicRHI
[2019.05.12-13.56.53:666][105]LogModuleManager: Shutting down and abandoning module BlueprintGraph (620)
[2019.05.12-13.56.53:666][105]LogModuleManager: Shutting down and abandoning module MovieSceneCapture (618)
[2019.05.12-13.56.53:666][105]LogModuleManager: Shutting down and abandoning module Voice (616)
[2019.05.12-13.56.53:707][105]LogModuleManager: Shutting down and abandoning module HierarchicalLODOutliner (614)
[2019.05.12-13.56.53:707][105]LogModuleManager: Shutting down and abandoning module SceneOutliner (612)
[2019.05.12-13.56.53:707][105]LogModuleManager: Shutting down and abandoning module AddContentDialog (610)
[2019.05.12-13.56.53:728][105]LogModuleManager: Shutting down and abandoning module WidgetCarousel (609)
[2019.05.12-13.56.53:728][105]LogModuleManager: Shutting down and abandoning module EditorWidgets (606)
[2019.05.12-13.56.53:728][105]LogModuleManager: Shutting down and abandoning module CollectionManager (604)
[2019.05.12-13.56.53:794][105]LogModuleManager: Shutting down and abandoning module StatsViewer (602)
[2019.05.12-13.56.53:818][105]LogModuleManager: Shutting down and abandoning module FoliageEdit (600)
[2019.05.12-13.56.53:826][105]LogModuleManager: Shutting down and abandoning module LandscapeEditor (598)
[2019.05.12-13.56.53:888][105]LogModuleManager: Shutting down and abandoning module MeshPaintMode (596)
[2019.05.12-13.56.53:912][105]LogModuleManager: Shutting down and abandoning module SceneDepthPickerMode (594)
[2019.05.12-13.56.53:912][105]LogModuleManager: Shutting down and abandoning module ActorPickerMode (592)
[2019.05.12-13.56.53:912][105]LogModuleManager: Shutting down and abandoning module GeometryMode (590)
[2019.05.12-13.56.53:912][105]LogModuleManager: Shutting down and abandoning module TextureAlignMode (588)
[2019.05.12-13.56.53:912][105]LogModuleManager: Shutting down and abandoning module BspMode (586)
[2019.05.12-13.56.53:912][105]LogModuleManager: Shutting down and abandoning module PIEPreviewDeviceProfileSelector (584)
[2019.05.12-13.56.53:938][105]LogModuleManager: Shutting down and abandoning module SequenceRecorderSections (582)
[2019.05.12-13.56.53:974][105]LogModuleManager: Shutting down and abandoning module AutomationWorker (580)
[2019.05.12-13.56.53:974][105]LogModuleManager: Shutting down and abandoning module HoudiniEngineEditor (578)
[2019.05.12-13.56.53:974][105]LogHoudiniEngineEditor: Shutting down the Houdini Engine Editor module.
[2019.05.12-13.56.53:974][105]LogHoudiniEngineEditor: Houdini Engine Editor module shutdown complete.
[2019.05.12-13.56.53:974][105]LogModuleManager: Shutting down and abandoning module AudioCaptureEditor (576)
[2019.05.12-13.56.53:974][105]LogModuleManager: Shutting down and abandoning module SequenceRecorder (575)
[2019.05.12-13.56.54:009][105]LogModuleManager: Shutting down and abandoning module MatineeToLevelSequence (572)
[2019.05.12-13.56.54:009][105]LogModuleManager: Shutting down and abandoning module LevelSequenceEditor (570)
[2019.05.12-13.56.54:155][105]LogModuleManager: Shutting down and abandoning module PlacementMode (569)
[2019.05.12-13.56.54:155][105]LogModuleManager: Shutting down and abandoning module MaterialEditor (568)
[2019.05.12-13.56.54:214][105]LogModuleManager: Shutting down and abandoning module WmfMediaFactory (564)
[2019.05.12-13.56.54:214][105]LogModuleManager: Shutting down and abandoning module WmfMediaEditor (562)
[2019.05.12-13.56.54:214][105]LogModuleManager: Shutting down and abandoning module MediaPlayerEditor (560)
[2019.05.12-13.56.54:277][105]LogModuleManager: Shutting down and abandoning module OpenExrWrapper (558)
[2019.05.12-13.56.54:277][105]LogModuleManager: Shutting down and abandoning module ImgMediaFactory (556)
[2019.05.12-13.56.54:277][105]LogModuleManager: Shutting down and abandoning module ImgMediaEditor (554)
[2019.05.12-13.56.54:277][105]LogModuleManager: Shutting down and abandoning module AvfMediaFactory (552)
[2019.05.12-13.56.54:277][105]LogModuleManager: Shutting down and abandoning module AvfMediaEditor (550)
[2019.05.12-13.56.54:277][105]LogModuleManager: Shutting down and abandoning module AndroidMediaFactory (548)
[2019.05.12-13.56.54:277][105]LogModuleManager: Shutting down and abandoning module AndroidMediaEditor (546)
[2019.05.12-13.56.54:277][105]LogModuleManager: Shutting down and abandoning module MagicLeapCameraPreviewFactory (544)
[2019.05.12-13.56.54:277][105]LogModuleManager: Shutting down and abandoning module MagicLeapMediaFactory (542)
[2019.05.12-13.56.54:277][105]LogModuleManager: Shutting down and abandoning module MagicLeapMediaEditor (540)
[2019.05.12-13.56.54:277][105]LogModuleManager: Shutting down and abandoning module CharacterAI (538)
[2019.05.12-13.56.54:277][105]LogModuleManager: Shutting down and abandoning module SmartSnapping (536)
[2019.05.12-13.56.54:277][105]LogModuleManager: Shutting down and abandoning module SessionServices (534)
[2019.05.12-13.56.54:277][105]LogModuleManager: Shutting down and abandoning module ViewportSnapping (532)
[2019.05.12-13.56.54:277][105]LogModuleManager: Shutting down and abandoning module ViewportInteraction (530)
[2019.05.12-13.56.54:277][105]LogModuleManager: Shutting down and abandoning module ClothPainter (528)
[2019.05.12-13.56.54:317][105]LogModuleManager: Shutting down and abandoning module SkeletalMeshEditor (527)
[2019.05.12-13.56.54:381][105]LogModuleManager: Shutting down and abandoning module LogVisualizer (524)
[2019.05.12-13.56.54:423][105]LogModuleManager: Shutting down and abandoning module IntroTutorials (522)
[2019.05.12-13.56.54:489][105]LogModuleManager: Shutting down and abandoning module GameProjectGeneration (521)
[2019.05.12-13.56.54:501][105]LogModuleManager: Shutting down and abandoning module LuminPlatformEditor (518)
[2019.05.12-13.56.54:501][105]LogModuleManager: Shutting down and abandoning module IOSPlatformEditor (516)
[2019.05.12-13.56.54:531][105]LogModuleManager: Shutting down and abandoning module HTML5PlatformEditor (514)
[2019.05.12-13.56.54:531][105]LogModuleManager: Shutting down and abandoning module AndroidPlatformEditor (512)
[2019.05.12-13.56.54:531][105]LogModuleManager: Shutting down and abandoning module AndroidDeviceDetection (511)
[2019.05.12-13.56.55:459][105]LogModuleManager: Shutting down and abandoning module WindowsPlatformEditor (508)
[2019.05.12-13.56.55:459][105]LogModuleManager: Shutting down and abandoning module LuminRuntimeSettings (506)
[2019.05.12-13.56.55:459][105]LogModuleManager: Shutting down and abandoning module IOSRuntimeSettings (504)
[2019.05.12-13.56.55:459][105]LogModuleManager: Shutting down and abandoning module AndroidRuntimeSettings (502)
[2019.05.12-13.56.55:459][105]LogModuleManager: Shutting down and abandoning module InputBindingEditor (500)
[2019.05.12-13.56.55:486][105]LogModuleManager: Shutting down and abandoning module MergeActors (498)
[2019.05.12-13.56.55:510][105]LogModuleManager: Shutting down and abandoning module LocalizationDashboard (496)
[2019.05.12-13.56.55:557][105]LogModuleManager: Shutting down and abandoning module LocalizationService (495)
[2019.05.12-13.56.55:566][105]LogModuleManager: Shutting down and abandoning module HardwareTargeting (492)
[2019.05.12-13.56.55:566][105]LogModuleManager: Shutting down and abandoning module DeviceProfileEditor (490)
[2019.05.12-13.56.55:566][105]LogModuleManager: Shutting down and abandoning module UndoHistory (488)
[2019.05.12-13.56.55:593][105]LogModuleManager: Shutting down and abandoning module XmlParser (486)
[2019.05.12-13.56.55:593][105]LogModuleManager: Shutting down and abandoning module Blutility (484)
[2019.05.12-13.56.55:629][105]LogModuleManager: Shutting down and abandoning module ProjectSettingsViewer (482)
[2019.05.12-13.56.55:629][105]LogModuleManager: Shutting down and abandoning module ProjectTargetPlatformEditor (481)
[2019.05.12-13.56.55:629][105]LogModuleManager: Shutting down and abandoning module EditorSettingsViewer (478)
[2019.05.12-13.56.55:675][105]LogModuleManager: Shutting down and abandoning module SettingsEditor (476)
[2019.05.12-13.56.55:708][105]LogModuleManager: Shutting down and abandoning module ProjectLauncher (474)
[2019.05.12-13.56.55:723][105]LogModuleManager: Shutting down and abandoning module SessionFrontend (472)
[2019.05.12-13.56.55:763][105]LogModuleManager: Shutting down and abandoning module ProfilerClient (470)
[2019.05.12-13.56.55:798][105]LogModuleManager: Shutting down and abandoning module DeviceManager (468)
[2019.05.12-13.56.55:811][105]LogModuleManager: Shutting down and abandoning module TargetDeviceServices (467)
[2019.05.12-13.56.55:866][105]LogModuleManager: Shutting down and abandoning module AutomationController (464)
[2019.05.12-13.56.55:890][105]LogModuleManager: Shutting down and abandoning module AutomationWindow (462)
[2019.05.12-13.56.55:900][105]LogModuleManager: Shutting down and abandoning module Layers (460)
[2019.05.12-13.56.55:915][105]LogModuleManager: Shutting down and abandoning module ComponentVisualizers (458)
[2019.05.12-13.56.55:915][105]LogModuleManager: Shutting down and abandoning module DetailCustomizations (456)
[2019.05.12-13.56.55:922][105]LogModuleManager: Shutting down and abandoning module PackagesDialog (454)
[2019.05.12-13.56.55:922][105]LogModuleManager: Shutting down and abandoning module Persona (452)
[2019.05.12-13.56.55:952][105]LogModuleManager: Shutting down and abandoning module AdvancedPreviewScene (451)
[2019.05.12-13.56.55:952][105]LogModuleManager: Shutting down and abandoning module AnimGraph (449)
[2019.05.12-13.56.55:964][105]LogModuleManager: Shutting down and abandoning module Kismet (446)
[2019.05.12-13.56.55:971][105]LogModuleManager: Shutting down and abandoning module GraphEditor (444)
[2019.05.12-13.56.55:971][105]LogModuleManager: Shutting down and abandoning module ClassViewer (442)
[2019.05.12-13.56.55:976][105]LogModuleManager: Shutting down and abandoning module Toolbox (440)
[2019.05.12-13.56.55:976][105]LogModuleManager: Shutting down and abandoning module ModuleUI (438)
[2019.05.12-13.56.55:981][105]LogModuleManager: Shutting down and abandoning module MovieSceneTools (436)
[2019.05.12-13.56.56:006][105]LogModuleManager: Shutting down and abandoning module OutputLog (434)
[2019.05.12-13.56.56:006][105]LogModuleManager: Shutting down and abandoning module GammaUI (432)
[2019.05.12-13.56.56:017][105]LogModuleManager: Shutting down and abandoning module Documentation (430)
[2019.05.12-13.56.56:017][105]LogModuleManager: Shutting down and abandoning module MovieSceneTracks (428)
[2019.05.12-13.56.56:017][105]LogModuleManager: Shutting down and abandoning module MovieScene (426)
[2019.05.12-13.56.56:029][105]LogModuleManager: Shutting down and abandoning module StreamingPauseRendering (424)
[2019.05.12-13.56.56:044][105]LogModuleManager: Shutting down and abandoning module LauncherPlatform (422)
[2019.05.12-13.56.56:044][105]LogModuleManager: Shutting down and abandoning module AnalyticsET (420)
[2019.05.12-13.56.56:044][105]LogModuleManager: Shutting down and abandoning module PortalServices (418)
[2019.05.12-13.56.56:044][105]LogModuleManager: Shutting down and abandoning module PortalRpc (416)
[2019.05.12-13.56.56:044][105]LogModuleManager: Shutting down and abandoning module MessagingRpc (414)
[2019.05.12-13.56.56:044][105]LogModuleManager: Shutting down and abandoning module AIModule (412)
[2019.05.12-13.56.56:044][105]LogModuleManager: Shutting down and abandoning module GameplayDebugger (411)
[2019.05.12-13.56.56:058][105]LogModuleManager: Shutting down and abandoning module AITestSuite (409)
[2019.05.12-13.56.56:064][105]LogModuleManager: Shutting down and abandoning module NavigationSystem (407)
[2019.05.12-13.56.56:064][105]LogModuleManager: Shutting down and abandoning module DesktopPlatform (404)
[2019.05.12-13.56.56:064][105]LogModuleManager: Shutting down and abandoning module ProfilerService (402)
[2019.05.12-13.56.56:314][105]LogModuleManager: Shutting down and abandoning module TaskGraph (400)
[2019.05.12-13.56.56:314][105]LogModuleManager: Shutting down and abandoning module SteamVRController (398)
[2019.05.12-13.56.56:314][105]LogModuleManager: Shutting down and abandoning module ProceduralMeshComponentEditor (396)
[2019.05.12-13.56.56:314][105]LogModuleManager: Shutting down and abandoning module ProceduralMeshComponent (394)
[2019.05.12-13.56.56:332][105]LogModuleManager: Shutting down and abandoning module OculusInput (392)
[2019.05.12-13.56.56:332][105]LogModuleManager: Shutting down and abandoning module MobilePatchingUtils (390)
[2019.05.12-13.56.56:332][105]LogModuleManager: Shutting down and abandoning module HoudiniEngineRuntime (388)
[2019.05.12-13.56.56:332][105]LogHoudiniEngine: Shutting down the Houdini Engine module.
[2019.05.12-13.56.56:333][105]LogModuleManager: Shutting down and abandoning module EditableMesh (386)
[2019.05.12-13.56.56:344][105]LogModuleManager: Shutting down and abandoning module CustomMeshComponent (384)
[2019.05.12-13.56.56:344][105]LogModuleManager: Shutting down and abandoning module CableComponent (382)
[2019.05.12-13.56.56:344][105]LogModuleManager: Shutting down and abandoning module AudioCapture (380)
[2019.05.12-13.56.56:344][105]LogModuleManager: Shutting down and abandoning module ArchVisCharacter (378)
[2019.05.12-13.56.56:344][105]LogModuleManager: Shutting down and abandoning module AndroidPermission (376)
[2019.05.12-13.56.56:344][105]LogModuleManager: Shutting down and abandoning module NUTUnrealEngine4 (374)
[2019.05.12-13.56.56:344][105]LogModuleManager: Shutting down and abandoning module NetcodeUnitTest (372)
[2019.05.12-13.56.56:366][105]LogModuleManager: Shutting down and abandoning module MediaCompositingEditor (370)
[2019.05.12-13.56.56:366][105]LogModuleManager: Shutting down and abandoning module MediaCompositing (368)
[2019.05.12-13.56.56:366][105]LogModuleManager: Shutting down and abandoning module LinearTimecode (366)
[2019.05.12-13.56.56:366][105]LogModuleManager: Shutting down and abandoning module ImgMedia (364)
[2019.05.12-13.56.56:380][105]LogModuleManager: Shutting down and abandoning module HTML5Networking (362)
[2019.05.12-13.56.56:380][105]LogModuleManager: Shutting down and abandoning module GeometryCacheTracks (360)
[2019.05.12-13.56.56:380][105]LogModuleManager: Shutting down and abandoning module GeometryCacheSequencer (358)
[2019.05.12-13.56.56:380][105]LogModuleManager: Shutting down and abandoning module BackChannel (356)
[2019.05.12-13.56.56:405][105]LogModuleManager: Shutting down and abandoning module AppleVision (354)
[2019.05.12-13.56.56:405][105]LogModuleManager: Shutting down and abandoning module AppleImageUtils (352)
[2019.05.12-13.56.56:405][105]LogModuleManager: Shutting down and abandoning module AlembicImporter (350)
[2019.05.12-13.56.56:405][105]LogModuleManager: Shutting down and abandoning module AlembicLibrary (349)
[2019.05.12-13.56.56:406][105]LogModuleManager: Shutting down and abandoning module GeometryCache (348)
[2019.05.12-13.56.56:406][105]LogModuleManager: Shutting down and abandoning module GeometryCacheEd (347)
[2019.05.12-13.56.56:406][105]LogModuleManager: Shutting down and abandoning module DatasmithContentEditor (342)
[2019.05.12-13.56.56:414][105]LogModuleManager: Shutting down and abandoning module DatasmithContent (340)
[2019.05.12-13.56.56:416][105]LogModuleManager: Shutting down and abandoning module SpeedTreeImporter (338)
[2019.05.12-13.56.56:416][105]LogModuleManager: Shutting down and abandoning module PluginBrowser (336)
[2019.05.12-13.56.56:446][105]LogModuleManager: Shutting down and abandoning module MobileLauncherProfileWizard (334)
[2019.05.12-13.56.56:453][105]LogModuleManager: Shutting down and abandoning module PolygonModeling (332)
[2019.05.12-13.56.56:453][105]LogModuleManager: Shutting down and abandoning module MeshEditor (330)
[2019.05.12-13.56.56:464][105]LogModuleManager: Shutting down and abandoning module CryptoKeysOpenSSL (328)
[2019.05.12-13.56.56:469][105]LogModuleManager: Shutting down and abandoning module CryptoKeys (326)
[2019.05.12-13.56.56:469][105]LogModuleManager: Shutting down and abandoning module VisualStudioSourceCodeAccess (324)
[2019.05.12-13.56.56:469][105]LogModuleManager: Shutting down and abandoning module VisualStudioCodeSourceCodeAccess (322)
[2019.05.12-13.56.56:469][105]LogModuleManager: Shutting down and abandoning module UObjectPlugin (320)
[2019.05.12-13.56.56:469][105]LogModuleManager: Shutting down and abandoning module SubversionSourceControl (318)
[2019.05.12-13.56.56:473][105]LogModuleManager: Shutting down and abandoning module PerforceSourceControl (316)
[2019.05.12-13.56.56:489][105]LogModuleManager: Shutting down and abandoning module GitSourceControl (314)
[2019.05.12-13.56.56:507][105]LogModuleManager: Shutting down and abandoning module SourceControl (313)
[2019.05.12-13.56.56:523][105]LogModuleManager: Shutting down and abandoning module CLionSourceCodeAccess (310)
[2019.05.12-13.56.56:523][105]LogModuleManager: Shutting down and abandoning module LightPropagationVolumeEditor (308)
[2019.05.12-13.56.56:523][105]LogModuleManager: Shutting down and abandoning module PaperTiledImporter (306)
[2019.05.12-13.56.56:523][105]LogModuleManager: Shutting down and abandoning module PaperSpriteSheetImporter (304)
[2019.05.12-13.56.56:523][105]LogModuleManager: Shutting down and abandoning module Paper2DEditor (302)
[2019.05.12-13.56.56:550][105]LogModuleManager: Shutting down and abandoning module MeshPaint (301)
[2019.05.12-13.56.56:560][105]LogModuleManager: Shutting down and abandoning module RuntimePhysXCooking (298)
[2019.05.12-13.56.56:560][105]LogModuleManager: Shutting down and abandoning module PhysXVehiclesEditor (296)
[2019.05.12-13.56.56:560][105]LogModuleManager: Shutting down and abandoning module PhysXVehicles (294)
[2019.05.12-13.56.56:560][105]LogModuleManager: Shutting down and abandoning module OculusEditor (292)
[2019.05.12-13.56.56:570][105]LogModuleManager: Shutting down and abandoning module LocationServicesBPLibrary (290)
[2019.05.12-13.56.56:570][105]LogModuleManager: Shutting down and abandoning module ImmediatePhysicsEditor (288)
[2019.05.12-13.56.56:570][105]LogModuleManager: Shutting down and abandoning module ImmediatePhysics (286)
[2019.05.12-13.56.56:599][105]LogModuleManager: Shutting down and abandoning module ActorSequence (284)
[2019.05.12-13.56.56:599][105]LogModuleManager: Shutting down and abandoning module UdpMessaging (282)
[2019.05.12-13.56.56:700][105]LogModuleManager: Shutting down and abandoning module TcpMessaging (280)
[2019.05.12-13.56.56:824][105]LogModuleManager: Shutting down and abandoning module MagicLeapAudio (278)
[2019.05.12-13.56.56:824][105]LogModuleManager: Shutting down and abandoning module GameplayTagsEditor (276)
[2019.05.12-13.56.56:839][105]LogModuleManager: Shutting down and abandoning module FacialAnimationEditor (274)
[2019.05.12-13.56.56:839][105]LogModuleManager: Shutting down and abandoning module FacialAnimation (272)
[2019.05.12-13.56.56:839][105]LogModuleManager: Shutting down and abandoning module DataValidation (270)
[2019.05.12-13.56.56:839][105]LogModuleManager: Shutting down and abandoning module AssetManagerEditor (268)
[2019.05.12-13.56.56:848][105]LogModuleManager: Shutting down and abandoning module LevelEditor (267)
[2019.05.12-13.56.56:871][105]LogModuleManager: Shutting down and abandoning module PixelInspectorModule (266)
[2019.05.12-13.56.56:878][105]LogModuleManager: Shutting down and abandoning module CommonMenuExtensions (264)
[2019.05.12-13.56.56:879][105]LogModuleManager: Shutting down and abandoning module MainFrame (262)
[2019.05.12-13.56.56:889][105]LogModuleManager: Shutting down and abandoning module HotReload (261)
[2019.05.12-13.56.56:898][105]LogModuleManager: Shutting down and abandoning module ContentBrowser (257)
[2019.05.12-13.56.56:899][105]LogModuleManager: Shutting down and abandoning module TreeMap (255)
[2019.05.12-13.56.56:915][105]LogModuleManager: Shutting down and abandoning module LightPropagationVolumeRuntime (252)
[2019.05.12-13.56.56:915][105]LogModuleManager: Shutting down and abandoning module AISupportModule (250)
[2019.05.12-13.56.56:915][105]LogModuleManager: Shutting down and abandoning module Paper2D (248)
[2019.05.12-13.56.56:925][105]LogModuleManager: Shutting down and abandoning module WindowsMoviePlayer (246)
[2019.05.12-13.56.56:934][105]LogModuleManager: Shutting down and abandoning module WmfMedia (244)
[2019.05.12-13.56.56:949][105]LogModuleManager: Shutting down and abandoning module Media (243)
[2019.05.12-13.56.56:957][105]LogModuleManager: Shutting down and abandoning module PacketHandler (240)
[2019.05.12-13.56.56:957][105]LogModuleManager: Shutting down and abandoning module ClothingSystemEditor (238)
[2019.05.12-13.56.56:957][105]LogModuleManager: Shutting down and abandoning module ClothingSystemRuntime (236)
[2019.05.12-13.56.56:957][105]LogModuleManager: Shutting down and abandoning module MediaAssets (234)
[2019.05.12-13.56.56:957][105]LogModuleManager: Shutting down and abandoning module Overlay (232)
[2019.05.12-13.56.56:957][105]LogModuleManager: Shutting down and abandoning module OverlayEditor (231)
[2019.05.12-13.56.56:957][105]LogModuleManager: Shutting down and abandoning module VREditor (228)
[2019.05.12-13.56.56:971][105]LogModuleManager: Shutting down and abandoning module StringTableEditor (226)
[2019.05.12-13.56.56:980][105]LogModuleManager: Shutting down and abandoning module GameplayTasksEditor (224)
[2019.05.12-13.56.56:980][105]LogModuleManager: Shutting down and abandoning module BehaviorTreeEditor (222)
[2019.05.12-13.56.57:006][105]LogModuleManager: Shutting down and abandoning module FunctionalTesting (220)
[2019.05.12-13.56.57:016][105]LogModuleManager: Shutting down and abandoning module CollisionAnalyzer (218)
[2019.05.12-13.56.57:022][105]LogModuleManager: Shutting down and abandoning module WorkspaceMenuStructure (217)
[2019.05.12-13.56.57:022][105]LogModuleManager: Shutting down and abandoning module UMG (214)
[2019.05.12-13.56.57:022][105]LogModuleManager: Shutting down and abandoning module UMGEditor (213)
[2019.05.12-13.56.57:058][105]LogModuleManager: Shutting down and abandoning module Sequencer (212)
[2019.05.12-13.56.57:081][105]LogModuleManager: Shutting down and abandoning module MessageLog (209)
[2019.05.12-13.56.57:081][105]LogModuleManager: Shutting down and abandoning module SlateReflector (204)
[2019.05.12-13.56.57:145][105]LogModuleManager: Shutting down and abandoning module Slate (202)
[2019.05.12-13.56.57:145][105]LogModuleManager: Shutting down and abandoning module EditorStyle (200)
[2019.05.12-13.56.57:185][105]LogModuleManager: Shutting down and abandoning module MRMesh (198)
[2019.05.12-13.56.57:222][105]LogModuleManager: Shutting down and abandoning module SourceCodeAccess (196)
[2019.05.12-13.56.57:222][105]LogModuleManager: Shutting down and abandoning module HeadMountedDisplay (194)
[2019.05.12-13.56.57:222][105]LogModuleManager: Shutting down and abandoning module XAudio2 (192)
[2019.05.12-13.56.57:222][105]LogModuleManager: Shutting down and abandoning module Networking (190)
[2019.05.12-13.56.57:222][105]LogModuleManager: Shutting down and abandoning module Core (188)
[2019.05.12-13.56.57:222][105]LogModuleManager: Shutting down and abandoning module LevelSequence (186)
[2019.05.12-13.56.57:222][105]LogModuleManager: Shutting down and abandoning module KismetCompiler (184)
[2019.05.12-13.56.57:222][105]LogModuleManager: Shutting down and abandoning module MeshUtilities (182)
[2019.05.12-13.56.57:274][105]LogModuleManager: Shutting down and abandoning module MeshMergeUtilities (181)
[2019.05.12-13.56.57:321][105]LogModuleManager: Shutting down and abandoning module MeshReductionInterface (180)
[2019.05.12-13.56.57:321][105]LogModuleManager: Shutting down and abandoning module SimplygonSwarm (179)
[2019.05.12-13.56.57:360][105]LogModuleManager: Shutting down and abandoning module ProxyLODMeshReduction (177)
[2019.05.12-13.56.57:378][105]LogModuleManager: Shutting down and abandoning module SimplygonMeshReduction (175)
[2019.05.12-13.56.57:378][105]LogModuleManager: Shutting down and abandoning module QuadricMeshReduction (173)
[2019.05.12-13.56.57:458][105]LogModuleManager: Shutting down and abandoning module MaterialBaking (169)
[2019.05.12-13.56.57:470][105]LogModuleManager: Shutting down and abandoning module DirectoryWatcher (165)
[2019.05.12-13.56.57:470][105]LogModuleManager: Shutting down and abandoning module DerivedDataCache (162)
[2019.05.12-13.56.57:561][105]LogDerivedDataCache: Shutdown
[2019.05.12-13.56.57:562][105]LogModuleManager: Shutting down and abandoning module XGEController (160)
[2019.05.12-13.56.57:562][105]LogXGEController: Cleaning working directory: C:/Users/Ivy/AppData/Local/Temp/UnrealXGEWorkingDir/
[2019.05.12-13.56.57:596][105]LogModuleManager: Shutting down and abandoning module TargetPlatform (158)
[2019.05.12-13.56.57:596][105]LogModuleManager: Shutting down and abandoning module VulkanShaderFormat (157)
[2019.05.12-13.56.57:600][105]LogModuleManager: Shutting down and abandoning module ShaderFormatVectorVM (155)
[2019.05.12-13.56.57:606][105]LogModuleManager: Shutting down and abandoning module ShaderFormatOpenGL (153)
[2019.05.12-13.56.57:617][105]LogModuleManager: Shutting down and abandoning module ShaderFormatD3D (151)
[2019.05.12-13.56.57:617][105]LogModuleManager: Shutting down and abandoning module MetalShaderFormat (149)
[2019.05.12-13.56.57:639][105]LogModuleManager: Shutting down and abandoning module TextureFormatUncompressed (147)
[2019.05.12-13.56.57:639][105]LogModuleManager: Shutting down and abandoning module TextureFormatPVR (145)
[2019.05.12-13.56.57:639][105]LogModuleManager: Shutting down and abandoning module TextureFormatDXT (143)
[2019.05.12-13.56.57:639][105]LogModuleManager: Shutting down and abandoning module TextureFormatIntelISPCTexComp (141)
[2019.05.12-13.56.57:642][105]LogModuleManager: Shutting down and abandoning module TextureFormatASTC (139)
[2019.05.12-13.56.57:642][105]LogModuleManager: Shutting down and abandoning module ImageWrapper (138)
[2019.05.12-13.56.57:642][105]LogModuleManager: Shutting down and abandoning module TextureFormatAndroid (135)
[2019.05.12-13.56.57:642][105]LogModuleManager: Shutting down and abandoning module AudioFormatOpus (133)
[2019.05.12-13.56.57:642][105]LogModuleManager: Shutting down and abandoning module AudioFormatOgg (131)
[2019.05.12-13.56.57:642][105]LogModuleManager: Shutting down and abandoning module AudioFormatADPCM (129)
[2019.05.12-13.56.57:642][105]LogModuleManager: Shutting down and abandoning module LuminTargetPlatform (127)
[2019.05.12-13.56.57:642][105]LogModuleManager: Shutting down and abandoning module LinuxTargetPlatform (125)
[2019.05.12-13.56.57:643][105]LogModuleManager: Shutting down and abandoning module LinuxServerTargetPlatform (123)
[2019.05.12-13.56.57:643][105]LogModuleManager: Shutting down and abandoning module LinuxNoEditorTargetPlatform (121)
[2019.05.12-13.56.57:651][105]LogModuleManager: Shutting down and abandoning module LinuxClientTargetPlatform (119)
[2019.05.12-13.56.57:651][105]LogModuleManager: Shutting down and abandoning module TVOSTargetPlatform (117)
[2019.05.12-13.56.57:652][105]LogModuleManager: Shutting down and abandoning module Messaging (115)
[2019.05.12-13.56.57:652][105]LogModuleManager: Shutting down and abandoning module IOSTargetPlatform (113)
[2019.05.12-13.56.57:653][105]LogModuleManager: Shutting down and abandoning module HTML5TargetPlatform (111)
[2019.05.12-13.56.57:653][105]LogModuleManager: Shutting down and abandoning module AndroidTargetPlatform (109)
[2019.05.12-13.56.57:685][105]LogModuleManager: Shutting down and abandoning module WindowsTargetPlatform (107)
[2019.05.12-13.56.57:685][105]LogModuleManager: Shutting down and abandoning module WindowsServerTargetPlatform (105)
[2019.05.12-13.56.57:685][105]LogModuleManager: Shutting down and abandoning module WindowsNoEditorTargetPlatform (103)
[2019.05.12-13.56.57:685][105]LogModuleManager: Shutting down and abandoning module WindowsClientTargetPlatform (101)
[2019.05.12-13.56.57:685][105]LogModuleManager: Shutting down and abandoning module MacTargetPlatform (99)
[2019.05.12-13.56.57:685][105]LogModuleManager: Shutting down and abandoning module MacServerTargetPlatform (97)
[2019.05.12-13.56.57:685][105]LogModuleManager: Shutting down and abandoning module MacNoEditorTargetPlatform (95)
[2019.05.12-13.56.57:685][105]LogModuleManager: Shutting down and abandoning module MacClientTargetPlatform (93)
[2019.05.12-13.56.57:685][105]LogModuleManager: Shutting down and abandoning module AllDesktopTargetPlatform (91)
[2019.05.12-13.56.57:685][105]LogModuleManager: Shutting down and abandoning module InputCore (88)
[2019.05.12-13.56.57:685][105]LogModuleManager: Shutting down and abandoning module Settings (86)
[2019.05.12-13.56.57:685][105]LogModuleManager: Shutting down and abandoning module PhysXCooking (84)
[2019.05.12-13.56.57:685][105]LogModuleManager: Shutting down and abandoning module SteamVR (82)
[2019.05.12-13.56.57:685][105]LogModuleManager: Shutting down and abandoning module OculusHMD (80)
[2019.05.12-13.56.57:695][105]LogModuleManager: Shutting down and abandoning module ExampleDeviceProfileSelector (78)
[2019.05.12-13.56.57:695][105]LogModuleManager: Shutting down and abandoning module LauncherChunkInstaller (76)
[2019.05.12-13.56.57:695][105]LogModuleManager: Shutting down and abandoning module OnlineBlueprintSupport (74)
[2019.05.12-13.56.57:695][105]LogModuleManager: Shutting down and abandoning module OnlineSubsystem (70)
[2019.05.12-13.56.57:703][105]LogModuleManager: Shutting down and abandoning module XMPP (65)
[2019.05.12-13.56.57:725][105]LogModuleManager: Shutting down and abandoning module WebSockets (64)
[2019.05.12-13.56.57:756][105]LogModuleManager: Shutting down and abandoning module HTTP (61)
[2019.05.12-13.56.57:767][105]LogHttp: Display: Http module shutting down, but needs to wait on 1 outstanding Http requests:
[2019.05.12-13.56.57:767][105]LogHttp: Display: 	verb=[POST] url=[https://datarouter.ol.epicgames.com/datarouter/api/v1/public/data?SessionID=%7B1E93E6DD-48B7-78CE-741A-6E93AFD88819%7D&AppID=UEEditor.Rocket.Release&AppVersion=4.20.3-4369336%2B%2B%2BUE4%2BRelease-4.20&UserID=2a032a53428410f50062e6b5760ca375%7Ca35fb2764eea4101b35ba65f18c87623%7Ced5698cd-8358-4ba6-98cd-94077bf59d32&AppEnvironment=datacollector-binary&UploadType=eteventstream] status=Processing
[2019.05.12-13.56.57:785][105]LogModuleManager: Shutting down and abandoning module SSL (60)
[2019.05.12-13.56.57:801][105]LogModuleManager: Shutting down and abandoning module MagicLeapEmulator (56)
[2019.05.12-13.56.57:801][105]LogModuleManager: Shutting down and abandoning module MagicLeapPrivileges (54)
[2019.05.12-13.56.57:801][105]LogModuleManager: Shutting down and abandoning module MagicLeapIdentity (52)
[2019.05.12-13.56.57:801][105]LogModuleManager: Shutting down and abandoning module MagicLeapHelperVulkan (50)
[2019.05.12-13.56.57:801][105]LogModuleManager: Shutting down and abandoning module MagicLeapHelperOpenGL (48)
[2019.05.12-13.56.57:801][105]LogModuleManager: Shutting down and abandoning module MagicLeapSecureStorage (46)
[2019.05.12-13.56.57:801][105]LogModuleManager: Shutting down and abandoning module MagicLeapGestures (44)
[2019.05.12-13.56.57:801][105]LogModuleManager: Shutting down and abandoning module MagicLeapEyeTracker (42)
[2019.05.12-13.56.57:801][105]LogModuleManager: Shutting down and abandoning module MagicLeapController (40)
[2019.05.12-13.56.57:801][105]LogSlate: Slate User Destroyed.  User Index 0, Is Virtual User: 0
[2019.05.12-13.56.57:801][105]LogModuleManager: Shutting down and abandoning module MagicLeap (38)
[2019.05.12-13.56.57:802][105]LogModuleManager: Shutting down and abandoning module AnimationModifiers (36)
[2019.05.12-13.56.57:823][105]LogModuleManager: Shutting down and abandoning module PropertyEditor (35)
[2019.05.12-13.56.57:823][105]LogModuleManager: Shutting down and abandoning module AudioEditor (32)
[2019.05.12-13.56.57:836][105]LogModuleManager: Shutting down and abandoning module TextureCompressor (30)
[2019.05.12-13.56.57:847][105]LogModuleManager: Shutting down and abandoning module ShaderCore (28)
[2019.05.12-13.56.57:847][105]LogModuleManager: Shutting down and abandoning module Landscape (26)
[2019.05.12-13.56.57:847][105]LogModuleManager: Shutting down and abandoning module SlateRHIRenderer (24)
[2019.05.12-13.56.57:860][105]LogModuleManager: Shutting down and abandoning module OpenGLDrv (22)
[2019.05.12-13.56.57:870][105]LogModuleManager: Shutting down and abandoning module D3D11RHI (20)
[2019.05.12-13.56.57:870][105]LogModuleManager: Shutting down and abandoning module AnimGraphRuntime (18)
[2019.05.12-13.56.57:881][105]LogModuleManager: Shutting down and abandoning module Renderer (16)
[2019.05.12-13.56.57:881][105]LogModuleManager: Shutting down and abandoning module Engine (14)
[2019.05.12-13.56.57:881][105]LogModuleManager: Shutting down and abandoning module CoreUObject (12)
[2019.05.12-13.56.57:881][105]LogModuleManager: Shutting down and abandoning module NetworkFile (10)
[2019.05.12-13.56.57:887][105]LogModuleManager: Shutting down and abandoning module CookedIterativeFile (8)
[2019.05.12-13.56.57:887][105]LogModuleManager: Shutting down and abandoning module StreamingFile (6)
[2019.05.12-13.56.57:900][105]LogModuleManager: Shutting down and abandoning module SandboxFile (4)
[2019.05.12-13.56.57:900][105]LogModuleManager: Shutting down and abandoning module PakFile (2)
[2019.05.12-13.56.57:923][105]LogExit: Exiting.
[2019.05.12-13.56.57:954][105]Log file closed, 05/12/19 21:56:57
