Log file open, 05/29/19 19:21:18
LogWindows: Failed to load 'aqProf.dll' (GetLastError=126)
LogWindows: File 'aqProf.dll' does not exist
LogWindows: Failed to load 'VtuneApi.dll' (GetLastError=126)
LogWindows: File 'VtuneApi.dll' does not exist
LogWindows: Failed to load 'VtuneApi32e.dll' (GetLastError=126)
LogWindows: File 'VtuneApi32e.dll' does not exist
LogInit: Display: Running engine for game: ClimbDemo
LogPlatformFile: Not using cached read wrapper
LogTaskGraph: Started task graph with 5 named threads and 14 total threads with 3 sets of task threads.
LogStats: Stats thread started at 0.241300
LogD3D11RHI: Loaded GFSDK_Aftermath_Lib.x64.dll
LogICUInternationalization: Display: ICU TimeZone Detection - Raw Offset: +8:00, Platform Override: ''
LogPluginManager: Mounting plugin Paper2D
LogPluginManager: Mounting plugin AISupport
LogPluginManager: Mounting plugin LightPropagationVolume
LogPluginManager: Mounting plugin CLionSourceCodeAccess
LogPluginManager: Mounting plugin CodeLiteSourceCodeAccess
LogPluginManager: Mounting plugin GitSourceControl
LogPluginManager: Mounting plugin KDevelopSourceCodeAccess
LogPluginManager: Mounting plugin NullSourceCodeAccess
LogPluginManager: Mounting plugin PerforceSourceControl
LogPluginManager: Mounting plugin SubversionSourceControl
LogPluginManager: Mounting plugin UObjectPlugin
LogPluginManager: Mounting plugin VisualStudioCodeSourceCodeAccess
LogPluginManager: Mounting plugin VisualStudioSourceCodeAccess
LogPluginManager: Mounting plugin XCodeSourceCodeAccess
LogPluginManager: Mounting plugin AssetManagerEditor
LogPluginManager: Mounting plugin CryptoKeys
LogPluginManager: Mounting plugin DataValidation
LogPluginManager: Mounting plugin FacialAnimation
LogPluginManager: Mounting plugin GameplayTagsEditor
LogPluginManager: Mounting plugin MacGraphicsSwitching
LogPluginManager: Mounting plugin MeshEditor
LogPluginManager: Mounting plugin MobileLauncherProfileWizard
LogPluginManager: Mounting plugin PluginBrowser
LogPluginManager: Mounting plugin SpeedTreeImporter
LogPluginManager: Mounting plugin DatasmithContent
LogPluginManager: Mounting plugin AlembicImporter
LogPluginManager: Mounting plugin AppleImageUtils
LogPluginManager: Mounting plugin AppleVision
LogPluginManager: Mounting plugin BackChannel
LogPluginManager: Mounting plugin CharacterAI
LogPluginManager: Mounting plugin GeometryCache
LogPluginManager: Mounting plugin HTML5Networking
LogPluginManager: Mounting plugin ProxyLODPlugin
LogPluginManager: Mounting plugin MagicLeap
LogPluginManager: Mounting plugin MagicLeapEmulator
LogPluginManager: Mounting plugin MagicLeapMedia
LogPluginManager: Mounting plugin AndroidMedia
LogPluginManager: Mounting plugin AvfMedia
LogPluginManager: Mounting plugin ImgMedia
LogPluginManager: Mounting plugin LinearTimecode
LogPluginManager: Mounting plugin MediaCompositing
LogPluginManager: Mounting plugin MediaPlayerEditor
LogPluginManager: Mounting plugin WmfMedia
LogPluginManager: Mounting plugin TcpMessaging
LogPluginManager: Mounting plugin UdpMessaging
LogPluginManager: Mounting plugin ActorSequence
LogPluginManager: Mounting plugin LevelSequenceEditor
LogPluginManager: Mounting plugin MatineeToLevelSequence
LogPluginManager: Mounting plugin NetcodeUnitTest
LogPluginManager: Mounting plugin NUTUnrealEngine4
LogPluginManager: Mounting plugin OnlineSubsystemGooglePlay
LogPluginManager: Mounting plugin OnlineSubsystemIOS
LogPluginManager: Mounting plugin OnlineSubsystem
LogPluginManager: Mounting plugin OnlineSubsystemNull
LogPluginManager: Mounting plugin OnlineSubsystemUtils
LogPluginManager: Mounting plugin LauncherChunkInstaller
LogPluginManager: Mounting plugin AndroidDeviceProfileSelector
LogPluginManager: Mounting plugin AndroidMoviePlayer
LogPluginManager: Mounting plugin AndroidPermission
LogPluginManager: Mounting plugin AppleMoviePlayer
LogPluginManager: Mounting plugin ArchVisCharacter
LogPluginManager: Mounting plugin AudioCapture
LogPluginManager: Mounting plugin CableComponent
LogPluginManager: Mounting plugin CustomMeshComponent
LogPluginManager: Mounting plugin EditableMesh
LogPluginManager: Mounting plugin ExampleDeviceProfileSelector
LogPluginManager: Mounting plugin GoogleCloudMessaging
LogPluginManager: Mounting plugin HoudiniEngine
LogPluginManager: Mounting plugin ImmediatePhysics
LogPluginManager: Mounting plugin IOSDeviceProfileSelector
LogPluginManager: Mounting plugin LinuxDeviceProfileSelector
LogPluginManager: Mounting plugin LocationServicesBPLibrary
LogPluginManager: Mounting plugin MobilePatchingUtils
LogPluginManager: Mounting plugin OculusVR
LogPluginManager: Plugin shader directory ../../../Engine/Plugins/Runtime/Oculus/OculusVR/Shaders found
LogPluginManager: Mapping shader source directory ../../../Engine/Plugins/Runtime/Oculus/OculusVR/Shaders to virtual directory /Plugin/OculusVR
LogPluginManager: Mounting plugin PhysXVehicles
LogPluginManager: Mounting plugin ProceduralMeshComponent
LogPluginManager: Mounting plugin RuntimePhysXCooking
LogPluginManager: Mounting plugin SteamVR
LogPluginManager: Mounting plugin WindowsMoviePlayer
LogStreaming: Display: Took  0.175s to configure plugins.
LogInit: Using libcurl 7.55.1-DEV
LogInit:  - built for x86_64-pc-win32
LogInit:  - supports SSL with OpenSSL/1.0.2h
LogInit:  - supports HTTP deflate (compression) using libz 1.2.8
LogInit:  - other features:
LogInit:      CURL_VERSION_SSL
LogInit:      CURL_VERSION_LIBZ
LogInit:      CURL_VERSION_IPV6
LogInit:      CURL_VERSION_ASYNCHDNS
LogInit:      CURL_VERSION_LARGEFILE
LogInit:      CURL_VERSION_IDN
LogInit:  CurlRequestOptions (configurable via config and command line):
LogInit:  - bVerifyPeer = false  - Libcurl will NOT verify peer certificate
LogInit:  - bUseHttpProxy = false  - Libcurl will NOT use HTTP proxy
LogInit:  - bDontReuseConnections = false  - Libcurl will reuse connections
LogInit:  - CertBundlePath = nullptr  - Libcurl will use whatever was configured at build time.
LogInit:  - MaxHostConnections = 16  - Libcurl will limit the number of connections to a host
LogInit:  - LocalHostAddr = Default
LogInit:  - BufferSize = 65536
LogInit: WinSock: version 1.1 (2.2), MaxSocks=32767, MaxUdp=65467
LogInit: Build: ++UE4+Release-4.20-CL-4369336
LogInit: Engine Version: 4.20.3-4369336+++UE4+Release-4.20
LogInit: Compatible Engine Version: 4.20.0-4212847+++UE4+Release-4.20
LogInit: Net CL: 4212847
LogInit: OS: Windows 10 (), CPU: Intel(R) Core(TM) i5-4590 CPU @ 3.30GHz, GPU: NVIDIA GeForce GTX 960
LogInit: Compiled (64-bit): Sep 17 2018 12:26:19
LogInit: Compiled with Visual C++: 19.13.26129.00
LogInit: Build Configuration: Development
LogInit: Branch Name: ++UE4+Release-4.20
LogInit: Command Line:  
LogInit: Base Directory: E:/UE4/UE_4.20/Engine/Binaries/Win64/
LogInit: Installed Engine Build: 1
LogDevObjectVersion: Number of dev versions registered: 20
LogDevObjectVersion:   Dev-Blueprints (B0D832E4-1F89-4F0D-ACCF-7EB736FD4AA2): 10
LogDevObjectVersion:   Dev-Build (E1C64328-A22C-4D53-A36C-8E866417BD8C): 0
LogDevObjectVersion:   Dev-Core (375EC13C-06E4-48FB-B500-84F0262A717E): 2
LogDevObjectVersion:   Dev-Editor (E4B068ED-F494-42E9-A231-DA0B2E46BB41): 24
LogDevObjectVersion:   Dev-Framework (CFFC743F-43B0-4480-9391-14DF171D2073): 34
LogDevObjectVersion:   Dev-Mobile (B02B49B5-BB20-44E9-A304-32B752E40360): 2
LogDevObjectVersion:   Dev-Networking (A4E4105C-59A1-49B5-A7C5-40C4547EDFEE): 0
LogDevObjectVersion:   Dev-Online (39C831C9-5AE6-47DC-9A44-9C173E1C8E7C): 0
LogDevObjectVersion:   Dev-Physics (78F01B33-EBEA-4F98-B9B4-84EACCB95AA2): 0
LogDevObjectVersion:   Dev-Platform (6631380F-2D4D-43E0-8009-CF276956A95A): 0
LogDevObjectVersion:   Dev-Rendering (12F88B9F-8875-4AFC-A67C-D90C383ABD29): 26
LogDevObjectVersion:   Dev-Sequencer (7B5AE74C-D270-4C10-A958-57980B212A5A): 9
LogDevObjectVersion:   Dev-VR (D7296918-1DD6-4BDD-9DE2-64A83CC13884): 2
LogDevObjectVersion:   Dev-LoadTimes (C2A15278-BFE7-4AFE-6C17-90FF531DF755): 1
LogDevObjectVersion:   Private-Geometry (6EACA3D4-40EC-4CC1-B786-8BED09428FC5): 3
LogDevObjectVersion:   Dev-AnimPhys (29E575DD-E0A3-4627-9D10-D276232CDCEA): 17
LogDevObjectVersion:   Dev-ReflectionCapture (6B266CEC-1EC7-4B8F-A30B-E4D90942FC07): 1
LogDevObjectVersion:   Dev-Automation (0DF73D61-A23F-47EA-B727-89E90C41499A): 1
LogDevObjectVersion:   FortniteMain (601D1886-AC64-4F84-AA16-D3DE0DEAC7D6): 12
LogDevObjectVersion:   Dev-Enterprise (9DFFBCD6-494F-0158-E221-12823C92A888): 1
LogStreaming: Display: Took  0.002s to delete old logs.
LogInit: Presizing for max 8388607 objects, including 0 objects not considered by GC, pre-allocating 0 bytes for permanent pool.
LogInit: Object subsystem initialized
[2019.05.29-11.21.19:135][  0]LogInit: Selected Device Profile: [Windows]
[2019.05.29-11.21.19:135][  0]LogInit: Applying CVar settings loaded from the selected device profile: [Windows]
[2019.05.29-11.21.19:150][  0]LogHAL: Display: Platform has ~ 16 GB [17069932544 / 17179869184 / 16], which maps to Larger [LargestMinGB=32, LargerMinGB=12, DefaultMinGB=8, SmallerMinGB=6, SmallestMinGB=0)
[2019.05.29-11.21.19:150][  0]LogInit: Setting Device Profile CVar: [[r.Vulkan.UseRealUBs:1]]
[2019.05.29-11.21.19:150][  0]LogInit: Going up to parent DeviceProfile []
[2019.05.29-11.21.19:151][  0]LogInit: Computer: DESKTOP-LAG4IKO
[2019.05.29-11.21.19:151][  0]LogInit: User: 14367
[2019.05.29-11.21.19:151][  0]LogInit: CPU Page size=4096, Cores=4
[2019.05.29-11.21.19:151][  0]LogInit: High frequency timer resolution =10.000000 MHz
[2019.05.29-11.21.19:151][  0]LogMemory: Memory total: Physical=15.9GB (16GB approx)
[2019.05.29-11.21.19:151][  0]LogMemory: Platform Memory Stats for Windows
[2019.05.29-11.21.19:151][  0]LogMemory: Process Physical Memory: 102.34 MB used, 102.34 MB peak
[2019.05.29-11.21.19:151][  0]LogMemory: Process Virtual Memory: 98.92 MB used, 98.92 MB peak
[2019.05.29-11.21.19:151][  0]LogMemory: Physical Memory: 7190.64 MB used,  9088.52 MB free, 16279.16 MB total
[2019.05.29-11.21.19:151][  0]LogMemory: Virtual Memory: 4640.59 MB used,  9088.52 MB free, 134217728.00 MB total
[2019.05.29-11.21.19:202][  0]LogInit: Using OS detected language (zh-CN).
[2019.05.29-11.21.19:202][  0]LogInit: Using OS detected locale (zh-CN).
[2019.05.29-11.21.19:611][  0]LogStreaming: Display: Took  0.409s to InitEngineTextLocalization.
[2019.05.29-11.21.19:611][  0]LogInit: Setting process to per monitor DPI aware
[2019.05.29-11.21.19:678][  0]LogSlate: New Slate User Created.  User Index 0, Is Virtual User: 0
[2019.05.29-11.21.19:678][  0]LogSlate: Slate User Registered.  User Index 0, Is Virtual User: 0
[2019.05.29-11.21.20:063][  0]LogHMD: Failed to initialize OpenVR with code 110
[2019.05.29-11.21.20:063][  0]LogD3D11RHI: D3D11 adapters:
[2019.05.29-11.21.20:151][  0]LogD3D11RHI:    0. 'NVIDIA GeForce GTX 960' (Feature Level 11_0)
[2019.05.29-11.21.20:151][  0]LogD3D11RHI:       4062/0/8139 MB DedicatedVideo/DedicatedSystem/SharedSystem, Outputs:1, VendorId:0x10de
[2019.05.29-11.21.20:161][  0]LogD3D11RHI:    1. 'Intel(R) HD Graphics 4600' (Feature Level 11_0)
[2019.05.29-11.21.20:161][  0]LogD3D11RHI:       112/0/2048 MB DedicatedVideo/DedicatedSystem/SharedSystem, Outputs:0, VendorId:0x8086
[2019.05.29-11.21.20:165][  0]LogD3D11RHI:    2. 'Microsoft Basic Render Driver' (Feature Level 11_0)
[2019.05.29-11.21.20:165][  0]LogD3D11RHI:       0/0/8139 MB DedicatedVideo/DedicatedSystem/SharedSystem, Outputs:0, VendorId:0x1414
[2019.05.29-11.21.20:165][  0]LogD3D11RHI: Chosen D3D11 Adapter: 0
[2019.05.29-11.21.20:177][  0]LogD3D11RHI: Creating new Direct3DDevice
[2019.05.29-11.21.20:177][  0]LogD3D11RHI:     GPU DeviceId: 0x1401 (for the marketing name, search the web for "GPU Device Id")
[2019.05.29-11.21.20:177][  0]LogWindows: EnumDisplayDevices:
[2019.05.29-11.21.20:178][  0]LogWindows:    0. 'NVIDIA GeForce GTX 960' (P:1 D:1)
[2019.05.29-11.21.20:180][  0]LogWindows:    1. 'NVIDIA GeForce GTX 960' (P:0 D:0)
[2019.05.29-11.21.20:182][  0]LogWindows:    2. 'NVIDIA GeForce GTX 960' (P:0 D:0)
[2019.05.29-11.21.20:185][  0]LogWindows:    3. 'NVIDIA GeForce GTX 960' (P:0 D:0)
[2019.05.29-11.21.20:187][  0]LogWindows:    4. 'Intel(R) HD Graphics 4600' (P:0 D:0)
[2019.05.29-11.21.20:189][  0]LogWindows:    5. 'Intel(R) HD Graphics 4600' (P:0 D:0)
[2019.05.29-11.21.20:191][  0]LogWindows:    6. 'Intel(R) HD Graphics 4600' (P:0 D:0)
[2019.05.29-11.21.20:193][  0]LogWindows: DebugString: PrimaryIsNotTheChoosenAdapter PrimaryIsNotTheChoosenAdapter PrimaryIsNotTheChoosenAdapter FoundDriverCount:4 
[2019.05.29-11.21.20:193][  0]LogD3D11RHI:     Adapter Name: NVIDIA GeForce GTX 960
[2019.05.29-11.21.20:193][  0]LogD3D11RHI:   Driver Version: 388.13 (internal:23.21.13.8813, unified:388.13)
[2019.05.29-11.21.20:193][  0]LogD3D11RHI:      Driver Date: 10-27-2017
[2019.05.29-11.21.20:193][  0]LogRHI: Texture pool is 2843 MB (70% of 4062 MB)
[2019.05.29-11.21.20:240][  0]LogD3D11RHI: Async texture creation enabled
[2019.05.29-11.21.20:252][  0]LogD3D11RHI: GPU Timing Frequency: 1000.000000 (Debug: 2 1)
[2019.05.29-11.21.20:261][  0]LogShaderCompilers: Guid format shader working directory is 12 characters bigger than the processId version (D:/Documents/DiplomaGame/ClimbDemo/Intermediate/Shaders/WorkingDirectory/4780/).
[2019.05.29-11.21.20:261][  0]LogShaderCompilers: Cleaned the shader compiler working directory 'C:/Users/14367/AppData/Local/Temp/UnrealShaderWorkingDir/CDB53C1C4E12E8713E989B9FB6061CA3/'.
[2019.05.29-11.21.20:870][  0]LogTemp: Display: Loaded TP AllDesktopTargetPlatform
[2019.05.29-11.21.20:886][  0]LogTemp: Display: Loaded TP MacClientTargetPlatform
[2019.05.29-11.21.20:901][  0]LogTemp: Display: Loaded TP MacNoEditorTargetPlatform
[2019.05.29-11.21.20:917][  0]LogTemp: Display: Loaded TP MacServerTargetPlatform
[2019.05.29-11.21.20:934][  0]LogTemp: Display: Loaded TP MacTargetPlatform
[2019.05.29-11.21.20:949][  0]LogTemp: Display: Loaded TP WindowsClientTargetPlatform
[2019.05.29-11.21.20:964][  0]LogTemp: Display: Loaded TP WindowsNoEditorTargetPlatform
[2019.05.29-11.21.20:980][  0]LogTemp: Display: Loaded TP WindowsServerTargetPlatform
[2019.05.29-11.21.20:988][  0]LogTemp: Display: Loaded TP WindowsTargetPlatform
[2019.05.29-11.21.21:069][  0]LogTemp: Display: Loaded TP AndroidTargetPlatform
[2019.05.29-11.21.21:069][  0]LogTemp: Display: Loaded TP AndroidTargetPlatform
[2019.05.29-11.21.21:069][  0]LogTemp: Display: Loaded TP AndroidTargetPlatform
[2019.05.29-11.21.21:069][  0]LogTemp: Display: Loaded TP AndroidTargetPlatform
[2019.05.29-11.21.21:069][  0]LogTemp: Display: Loaded TP AndroidTargetPlatform
[2019.05.29-11.21.21:069][  0]LogTemp: Display: Loaded TP AndroidTargetPlatform
[2019.05.29-11.21.21:069][  0]LogTemp: Display: Loaded TP AndroidTargetPlatform
[2019.05.29-11.21.21:069][  0]LogTemp: Display: Loaded TP AndroidTargetPlatform
[2019.05.29-11.21.21:069][  0]LogTemp: Display: Loaded TP AndroidTargetPlatform
[2019.05.29-11.21.21:069][  0]LogTemp: Display: Loaded TP AndroidTargetPlatform
[2019.05.29-11.21.21:069][  0]LogTemp: Display: Loaded TP AndroidTargetPlatform
[2019.05.29-11.21.21:069][  0]LogTemp: Display: Loaded TP AndroidTargetPlatform
[2019.05.29-11.21.21:069][  0]LogTemp: Display: Loaded TP AndroidTargetPlatform
[2019.05.29-11.21.21:069][  0]LogTemp: Display: Loaded TP AndroidTargetPlatform
[2019.05.29-11.21.21:069][  0]LogTemp: Display: Loaded TP AndroidTargetPlatform
[2019.05.29-11.21.21:069][  0]LogTemp: Display: Loaded TP AndroidTargetPlatform
[2019.05.29-11.21.21:069][  0]LogTemp: Display: Loaded TP AndroidTargetPlatform
[2019.05.29-11.21.21:069][  0]LogTemp: Display: Loaded TP AndroidTargetPlatform
[2019.05.29-11.21.21:072][  0]LogTemp: Display: Loaded TP HTML5TargetPlatform
[2019.05.29-11.21.21:137][  0]LogTemp: Display: Loaded TP IOSTargetPlatform
[2019.05.29-11.21.21:137][  0]LogTemp: Display: Loaded TP IOSTargetPlatform
[2019.05.29-11.21.21:163][  0]LogTemp: Display: Loaded TP TVOSTargetPlatform
[2019.05.29-11.21.21:163][  0]LogTemp: Display: Loaded TP TVOSTargetPlatform
[2019.05.29-11.21.21:177][  0]LogTemp: Display: Loaded TP LinuxClientTargetPlatform
[2019.05.29-11.21.21:191][  0]LogTemp: Display: Loaded TP LinuxNoEditorTargetPlatform
[2019.05.29-11.21.21:205][  0]LogTemp: Display: Loaded TP LinuxServerTargetPlatform
[2019.05.29-11.21.21:220][  0]LogTemp: Display: Loaded TP LinuxTargetPlatform
[2019.05.29-11.21.21:230][  0]LogTemp: Display: Loaded TP LuminTargetPlatform
[2019.05.29-11.21.21:231][  0]LogTargetPlatformManager: Display: Building Assets For Windows
[2019.05.29-11.21.21:321][  0]LogXGEController: Cannot use XGE Controller as Incredibuild is not installed on this machine.
[2019.05.29-11.21.21:321][  0]LogShaderCompilers: Cannot use XGE Shader Compiler as Incredibuild is not installed on this machine.
[2019.05.29-11.21.21:321][  0]LogShaderCompilers: Display: Using Local Shader Compiler.
[2019.05.29-11.21.22:140][  0]LogDerivedDataCache: Display: Max Cache Size: 512 MB
[2019.05.29-11.21.22:234][  0]LogDerivedDataCache: Loaded boot cache 0.09s 71MB C:/Users/14367/AppData/Local/UnrealEngine/4.20/DerivedDataCache/Boot.ddc.
[2019.05.29-11.21.22:234][  0]LogDerivedDataCache: Display: Loaded Boot cache: C:/Users/14367/AppData/Local/UnrealEngine/4.20/DerivedDataCache/Boot.ddc
[2019.05.29-11.21.22:234][  0]LogDerivedDataCache: FDerivedDataBackendGraph:  Pak pak cache file D:/Documents/DiplomaGame/ClimbDemo/DerivedDataCache/DDC.ddp not found, will not use a pak cache.
[2019.05.29-11.21.22:234][  0]LogDerivedDataCache: Unable to find inner node Pak for hierarchical cache Hierarchy.
[2019.05.29-11.21.22:234][  0]LogDerivedDataCache: FDerivedDataBackendGraph:  CompressedPak pak cache file D:/Documents/DiplomaGame/ClimbDemo/DerivedDataCache/Compressed.ddp not found, will not use a pak cache.
[2019.05.29-11.21.22:234][  0]LogDerivedDataCache: Unable to find inner node CompressedPak for hierarchical cache Hierarchy.
[2019.05.29-11.21.22:251][  0]LogDerivedDataCache: Display: Pak cache opened for reading ../../../Engine/DerivedDataCache/Compressed.ddp.
[2019.05.29-11.21.22:264][  0]LogDerivedDataCache: Using Local data cache path C:/Users/14367/AppData/Local/UnrealEngine/Common/DerivedDataCache: Writable
[2019.05.29-11.21.22:264][  0]LogDerivedDataCache: Shared data cache path not found in *engine.ini, will not use an Shared cache.
[2019.05.29-11.21.22:264][  0]LogDerivedDataCache: Unable to find inner node Shared for hierarchical cache Hierarchy.
[2019.05.29-11.21.22:287][  0]LogMaterial: Verifying Global Shaders for PCD3D_SM5
[2019.05.29-11.21.22:288][  0]LogSlate: Using FreeType 2.6.0
[2019.05.29-11.21.22:289][  0]LogSlate: SlateFontServices - WITH_FREETYPE: 1, WITH_HARFBUZZ: 1
[2019.05.29-11.21.22:379][  0]LogAssetRegistry: FAssetRegistry took 0.0263 seconds to start up
[2019.05.29-11.21.22:720][  0]LogInit: Selected Device Profile: [Windows]
[2019.05.29-11.21.22:871][  0]LogSimplygon: Simplygon DLL not present - disabling.
[2019.05.29-11.21.22:877][  0]LogMeshReduction: Using SimplygonSwarm for distributed automatic mesh merging
[2019.05.29-11.21.22:877][  0]LogMeshReduction: Using ProxyLODMeshReduction for automatic mesh merging
[2019.05.29-11.21.22:877][  0]LogMeshReduction: Using QuadricMeshReduction for automatic static mesh reduction
[2019.05.29-11.21.22:877][  0]LogMeshReduction: No automatic skeletal mesh reduction module available
[2019.05.29-11.21.22:900][  0]LogNetVersion: ClimbDemo 1.0.0, NetCL: 4212847, EngineNetVer: 5, GameNetVer: 0 (Checksum: 2394580764)
[2019.05.29-11.21.23:657][  0]LogPackageLocalizationCache: Processed 12 localized package path(s) for 4 prioritized culture(s) in 0.295456 seconds
[2019.05.29-11.21.23:665][  0]LogUObjectArray: 38425 objects as part of root set at end of initial load.
[2019.05.29-11.21.23:665][  0]LogUObjectAllocator: 6690872 out of 0 bytes used by permanent object pool.
[2019.05.29-11.21.23:665][  0]LogUObjectArray: CloseDisregardForGC: 0/0 objects in disregard for GC pool
[2019.05.29-11.21.24:762][  0]LogTcpMessaging: Initializing TcpMessaging bridge
[2019.05.29-11.21.24:775][  0]LogUdpMessaging: Initializing bridge on interface 0.0.0.0:0 to multicast group 230.0.0.1:6666.
[2019.05.29-11.21.24:941][  0]SourceControl: 源码管理已禁用
[2019.05.29-11.21.24:941][  0]SourceControl: 源码管理已禁用
[2019.05.29-11.21.24:944][  0]SourceControl: 源码管理已禁用
[2019.05.29-11.21.24:945][  0]SourceControl: 源码管理已禁用
[2019.05.29-11.21.25:141][  0]LogAndroidPermission: UAndroidPermissionCallbackProxy::GetInstance
[2019.05.29-11.21.25:333][  0]LogHoudiniEngine: Starting the Houdini Engine module.
[2019.05.29-11.21.25:334][  0]LogHoudiniEngine: Loaded libHAPIL.dll from Registry path F:/AnZhuangChengXu/Houdini 17.0.416/bin
[2019.05.29-11.21.25:335][  0]LogLinker: Warning: Asset '../../Plugins/Runtime/HoudiniEngine/Content/houdini_logo.uasset' has been saved with empty engine version. The asset will be loaded but may be incompatible.
[2019.05.29-11.21.25:339][  0]LogLinker: Warning: Asset '../../Plugins/Runtime/HoudiniEngine/Content/houdini_default_material.uasset' has been saved with empty engine version. The asset will be loaded but may be incompatible.
[2019.05.29-11.21.25:345][  0]LogLinker: Warning: Asset '../../Plugins/Runtime/HoudiniEngine/Content/houdini_bgeo_import.uasset' has been saved with empty engine version. The asset will be loaded but may be incompatible.
[2019.05.29-11.21.27:401][  0]LogHoudiniEngine: Successfully intialized the Houdini Engine API module.
[2019.05.29-11.21.27:418][  0]LogOcInput: OculusInput pre-init called
[2019.05.29-11.21.27:489][  0]LogEngine: Initializing Engine...
[2019.05.29-11.21.27:490][  0]LogHMD: Failed to initialize OpenVR with code 110
[2019.05.29-11.21.27:492][  0]LogStats: UGameplayTagsManager::ConstructGameplayTagTree: ImportINI prefixes -  0.000 s
[2019.05.29-11.21.27:492][  0]LogStats: UGameplayTagsManager::ConstructGameplayTagTree: Construct from data asset -  0.000 s
[2019.05.29-11.21.27:492][  0]LogStats: UGameplayTagsManager::ConstructGameplayTagTree: ImportINI -  0.000 s
[2019.05.29-11.21.27:492][  0]LogStats: UGameplayTagsManager::ConstructGameplayTagTree: GameplayTagTreeChangedEvent.Broadcast -  0.000 s
[2019.05.29-11.21.27:714][  0]LogInit: Initializing FReadOnlyCVARCache
[2019.05.29-11.21.27:733][  0]LogAIModule: Creating AISystem for world Untitled
[2019.05.29-11.21.27:796][  0]LogInit: XAudio2 using '数字音频(S/PDIF) (High Definition Audio 设备)' : 2 channels at 44.1 kHz using 16 bits per sample (channel mask 0x3)
[2019.05.29-11.21.27:853][  0]LogInit: FAudioDevice initialized.
[2019.05.29-11.21.27:853][  0]LogNetVersion: Set ProjectVersion to 1.0.0.0. Version Checksum will be recalculated on next use.
[2019.05.29-11.21.28:035][  0]LogDerivedDataCache: Saved boot cache 0.18s 71MB C:/Users/14367/AppData/Local/UnrealEngine/4.20/DerivedDataCache/Boot.ddc.
[2019.05.29-11.21.28:059][  0]LogInit: Texture streaming: Enabled
[2019.05.29-11.21.28:101][  0]LogEngineSessionManager: EngineSessionManager initialized
[2019.05.29-11.21.28:101][  0]LogEngineSessionManager: EngineSessionManager sent abnormal shutdown report. Type=Crashed, SessionId={44D44671-4DB4-29A1-2501-77BE4905A81D}
[2019.05.29-11.21.28:124][  0]LogInit: Transaction tracking system initialized
[2019.05.29-11.21.28:159][  0]BlueprintLog: New page: 编辑器加载
[2019.05.29-11.21.28:271][  0]LocalizationService: 本地化服务已禁用
[2019.05.29-11.21.28:543][  0]LogCook: Display: Max memory allowance for cook 16384mb min free memory 0mb
[2019.05.29-11.21.28:543][  0]LogCook: Display: Mobile HDR setting 1
[2019.05.29-11.21.28:543][  0]LogGameplayTags: Display: UGameplayTagsManager::DoneAddingNativeTags. DelegateIsBound: 0
[2019.05.29-11.21.28:543][  0]LogStats: UGameplayTagsManager::ConstructGameplayTagTree: ImportINI prefixes -  0.000 s
[2019.05.29-11.21.28:543][  0]LogStats: UGameplayTagsManager::ConstructGameplayTagTree: Construct from data asset -  0.000 s
[2019.05.29-11.21.28:543][  0]LogStats: UGameplayTagsManager::ConstructGameplayTagTree: ImportINI -  0.000 s
[2019.05.29-11.21.28:543][  0]LogStats: UGameplayTagsManager::ConstructGameplayTagTree: GameplayTagTreeChangedEvent.Broadcast -  0.000 s
[2019.05.29-11.21.28:637][  0]LogFileCache: Scanning file cache for directory 'D:/Documents/DiplomaGame/ClimbDemo/Content/' took 0.05s
[2019.05.29-11.21.28:637][  0]LogHoudiniEngineEditor: Starting the Houdini Engine Editor module.
[2019.05.29-11.21.28:638][  0]LogHoudiniEngineEditor: Houdini Engine Editor module startup complete.
[2019.05.29-11.21.28:699][  0]SourceControl: 源码管理已禁用
[2019.05.29-11.21.28:699][  0]Cmd: MAP LOAD FILE="D:/Documents/DiplomaGame/ClimbDemo/Content/Terrain/4/LakeLevel.umap" TEMPLATE=0 SHOWPROGRESS=1 FEATURELEVEL=3
[2019.05.29-11.21.28:700][  0]LightingResults: New page: 光照构建
[2019.05.29-11.21.28:703][  0]MapCheck: New page: 地图检测
[2019.05.29-11.21.28:704][  0]LightingResults: New page: 光照构建
[2019.05.29-11.21.30:027][  0]LogBlueprint: Warning: [Compiler ABP_Climber] Cling_BS到JumpEnd  will never be taken, please connect something to  Can Enter Transition
[2019.05.29-11.21.30:548][  0]LogBlueprint: Warning: [Compiler ABP_Climber] [0014.16]ABP_Climber 编译成功，但出现了 1 个警告[670 毫秒内]（/Game/Clinging/Animations/Blueprints/ABP_Climber.ABP_Climber）
[2019.05.29-11.21.30:755][  0]LogLinker: Warning: Asset 'D:/Documents/DiplomaGame/ClimbDemo/Content/BaseMaterials/SeaShaders/Textures/T_SmallWaves_N.uasset' has been saved with empty engine version. The asset will be loaded but may be incompatible.
[2019.05.29-11.21.30:843][  0]LogLinker: Warning: Unable to load PhysicsSerializer with outer InstancedStaticMeshComponent /Game/Terrain/HoudiniBake/terrain_bishe_1_846516E4.terrain_bishe_1_846516E4_C:InstancedStaticMesh10_GEN_VARIABLE because its class does not exist
[2019.05.29-11.21.30:843][  0]LogLinker: Warning: Unable to load PhysicsSerializer with outer InstancedStaticMeshComponent /Game/Terrain/HoudiniBake/terrain_bishe_1_846516E4.terrain_bishe_1_846516E4_C:InstancedStaticMesh11_GEN_VARIABLE because its class does not exist
[2019.05.29-11.21.30:843][  0]LogLinker: Warning: Unable to load PhysicsSerializer with outer InstancedStaticMeshComponent /Game/Terrain/HoudiniBake/terrain_bishe_1_846516E4.terrain_bishe_1_846516E4_C:InstancedStaticMesh12_GEN_VARIABLE because its class does not exist
[2019.05.29-11.21.30:843][  0]LogLinker: Warning: Unable to load PhysicsSerializer with outer InstancedStaticMeshComponent /Game/Terrain/HoudiniBake/terrain_bishe_1_846516E4.terrain_bishe_1_846516E4_C:InstancedStaticMesh13_GEN_VARIABLE because its class does not exist
[2019.05.29-11.21.30:843][  0]LogLinker: Warning: Unable to load PhysicsSerializer with outer InstancedStaticMeshComponent /Game/Terrain/HoudiniBake/terrain_bishe_1_846516E4.terrain_bishe_1_846516E4_C:InstancedStaticMesh14_GEN_VARIABLE because its class does not exist
[2019.05.29-11.21.30:843][  0]LogLinker: Warning: Unable to load PhysicsSerializer with outer InstancedStaticMeshComponent /Game/Terrain/HoudiniBake/terrain_bishe_1_846516E4.terrain_bishe_1_846516E4_C:InstancedStaticMesh15_GEN_VARIABLE because its class does not exist
[2019.05.29-11.21.30:843][  0]LogLinker: Warning: Unable to load PhysicsSerializer with outer InstancedStaticMeshComponent /Game/Terrain/HoudiniBake/terrain_bishe_1_846516E4.terrain_bishe_1_846516E4_C:InstancedStaticMesh16_GEN_VARIABLE because its class does not exist
[2019.05.29-11.21.30:843][  0]LogLinker: Warning: Unable to load PhysicsSerializer with outer InstancedStaticMeshComponent /Game/Terrain/HoudiniBake/terrain_bishe_1_846516E4.terrain_bishe_1_846516E4_C:InstancedStaticMesh17_GEN_VARIABLE because its class does not exist
[2019.05.29-11.21.30:844][  0]LogLinker: Warning: Unable to load PhysicsSerializer with outer InstancedStaticMeshComponent /Game/Terrain/HoudiniBake/terrain_bishe_1_846516E4.terrain_bishe_1_846516E4_C:InstancedStaticMesh18_GEN_VARIABLE because its class does not exist
[2019.05.29-11.21.30:844][  0]LogLinker: Warning: Unable to load PhysicsSerializer with outer InstancedStaticMeshComponent /Game/Terrain/HoudiniBake/terrain_bishe_1_846516E4.terrain_bishe_1_846516E4_C:InstancedStaticMesh19_GEN_VARIABLE because its class does not exist
[2019.05.29-11.21.30:844][  0]LogLinker: Warning: Unable to load PhysicsSerializer with outer InstancedStaticMeshComponent /Game/Terrain/HoudiniBake/terrain_bishe_1_846516E4.terrain_bishe_1_846516E4_C:InstancedStaticMesh1_GEN_VARIABLE because its class does not exist
[2019.05.29-11.21.30:844][  0]LogLinker: Warning: Unable to load PhysicsSerializer with outer InstancedStaticMeshComponent /Game/Terrain/HoudiniBake/terrain_bishe_1_846516E4.terrain_bishe_1_846516E4_C:InstancedStaticMesh20_GEN_VARIABLE because its class does not exist
[2019.05.29-11.21.30:844][  0]LogLinker: Warning: Unable to load PhysicsSerializer with outer InstancedStaticMeshComponent /Game/Terrain/HoudiniBake/terrain_bishe_1_846516E4.terrain_bishe_1_846516E4_C:InstancedStaticMesh21_GEN_VARIABLE because its class does not exist
[2019.05.29-11.21.30:844][  0]LogLinker: Warning: Unable to load PhysicsSerializer with outer InstancedStaticMeshComponent /Game/Terrain/HoudiniBake/terrain_bishe_1_846516E4.terrain_bishe_1_846516E4_C:InstancedStaticMesh22_GEN_VARIABLE because its class does not exist
[2019.05.29-11.21.30:844][  0]LogLinker: Warning: Unable to load PhysicsSerializer with outer InstancedStaticMeshComponent /Game/Terrain/HoudiniBake/terrain_bishe_1_846516E4.terrain_bishe_1_846516E4_C:InstancedStaticMesh23_GEN_VARIABLE because its class does not exist
[2019.05.29-11.21.30:844][  0]LogLinker: Warning: Unable to load PhysicsSerializer with outer InstancedStaticMeshComponent /Game/Terrain/HoudiniBake/terrain_bishe_1_846516E4.terrain_bishe_1_846516E4_C:InstancedStaticMesh24_GEN_VARIABLE because its class does not exist
[2019.05.29-11.21.30:844][  0]LogLinker: Warning: Unable to load PhysicsSerializer with outer InstancedStaticMeshComponent /Game/Terrain/HoudiniBake/terrain_bishe_1_846516E4.terrain_bishe_1_846516E4_C:InstancedStaticMesh25_GEN_VARIABLE because its class does not exist
[2019.05.29-11.21.30:844][  0]LogLinker: Warning: Unable to load PhysicsSerializer with outer InstancedStaticMeshComponent /Game/Terrain/HoudiniBake/terrain_bishe_1_846516E4.terrain_bishe_1_846516E4_C:InstancedStaticMesh26_GEN_VARIABLE because its class does not exist
[2019.05.29-11.21.30:844][  0]LogLinker: Warning: Unable to load PhysicsSerializer with outer InstancedStaticMeshComponent /Game/Terrain/HoudiniBake/terrain_bishe_1_846516E4.terrain_bishe_1_846516E4_C:InstancedStaticMesh27_GEN_VARIABLE because its class does not exist
[2019.05.29-11.21.30:844][  0]LogLinker: Warning: Unable to load PhysicsSerializer with outer InstancedStaticMeshComponent /Game/Terrain/HoudiniBake/terrain_bishe_1_846516E4.terrain_bishe_1_846516E4_C:InstancedStaticMesh28_GEN_VARIABLE because its class does not exist
[2019.05.29-11.21.30:844][  0]LogLinker: Warning: Unable to load PhysicsSerializer with outer InstancedStaticMeshComponent /Game/Terrain/HoudiniBake/terrain_bishe_1_846516E4.terrain_bishe_1_846516E4_C:InstancedStaticMesh29_GEN_VARIABLE because its class does not exist
[2019.05.29-11.21.30:844][  0]LogLinker: Warning: Unable to load PhysicsSerializer with outer InstancedStaticMeshComponent /Game/Terrain/HoudiniBake/terrain_bishe_1_846516E4.terrain_bishe_1_846516E4_C:InstancedStaticMesh2_GEN_VARIABLE because its class does not exist
[2019.05.29-11.21.30:844][  0]LogLinker: Warning: Unable to load PhysicsSerializer with outer InstancedStaticMeshComponent /Game/Terrain/HoudiniBake/terrain_bishe_1_846516E4.terrain_bishe_1_846516E4_C:InstancedStaticMesh30_GEN_VARIABLE because its class does not exist
[2019.05.29-11.21.30:844][  0]LogLinker: Warning: Unable to load PhysicsSerializer with outer InstancedStaticMeshComponent /Game/Terrain/HoudiniBake/terrain_bishe_1_846516E4.terrain_bishe_1_846516E4_C:InstancedStaticMesh31_GEN_VARIABLE because its class does not exist
[2019.05.29-11.21.30:844][  0]LogLinker: Warning: Unable to load PhysicsSerializer with outer InstancedStaticMeshComponent /Game/Terrain/HoudiniBake/terrain_bishe_1_846516E4.terrain_bishe_1_846516E4_C:InstancedStaticMesh32_GEN_VARIABLE because its class does not exist
[2019.05.29-11.21.30:845][  0]LogLinker: Warning: Unable to load PhysicsSerializer with outer InstancedStaticMeshComponent /Game/Terrain/HoudiniBake/terrain_bishe_1_846516E4.terrain_bishe_1_846516E4_C:InstancedStaticMesh3_GEN_VARIABLE because its class does not exist
[2019.05.29-11.21.30:845][  0]LogLinker: Warning: Unable to load PhysicsSerializer with outer InstancedStaticMeshComponent /Game/Terrain/HoudiniBake/terrain_bishe_1_846516E4.terrain_bishe_1_846516E4_C:InstancedStaticMesh4_GEN_VARIABLE because its class does not exist
[2019.05.29-11.21.30:845][  0]LogLinker: Warning: Unable to load PhysicsSerializer with outer InstancedStaticMeshComponent /Game/Terrain/HoudiniBake/terrain_bishe_1_846516E4.terrain_bishe_1_846516E4_C:InstancedStaticMesh5_GEN_VARIABLE because its class does not exist
[2019.05.29-11.21.30:845][  0]LogLinker: Warning: Unable to load PhysicsSerializer with outer InstancedStaticMeshComponent /Game/Terrain/HoudiniBake/terrain_bishe_1_846516E4.terrain_bishe_1_846516E4_C:InstancedStaticMesh6_GEN_VARIABLE because its class does not exist
[2019.05.29-11.21.30:845][  0]LogLinker: Warning: Unable to load PhysicsSerializer with outer InstancedStaticMeshComponent /Game/Terrain/HoudiniBake/terrain_bishe_1_846516E4.terrain_bishe_1_846516E4_C:InstancedStaticMesh7_GEN_VARIABLE because its class does not exist
[2019.05.29-11.21.30:845][  0]LogLinker: Warning: Unable to load PhysicsSerializer with outer InstancedStaticMeshComponent /Game/Terrain/HoudiniBake/terrain_bishe_1_846516E4.terrain_bishe_1_846516E4_C:InstancedStaticMesh8_GEN_VARIABLE because its class does not exist
[2019.05.29-11.21.30:845][  0]LogLinker: Warning: Unable to load PhysicsSerializer with outer InstancedStaticMeshComponent /Game/Terrain/HoudiniBake/terrain_bishe_1_846516E4.terrain_bishe_1_846516E4_C:InstancedStaticMesh9_GEN_VARIABLE because its class does not exist
[2019.05.29-11.21.30:845][  0]LogLinker: Warning: Unable to load PhysicsSerializer with outer InstancedStaticMeshComponent /Game/Terrain/HoudiniBake/terrain_bishe_1_846516E4.terrain_bishe_1_846516E4_C:InstancedStaticMesh_GEN_VARIABLE because its class does not exist
[2019.05.29-11.21.33:020][  0]LogAIModule: Creating AISystem for world LakeLevel
[2019.05.29-11.21.33:386][  0]LogEditorServer: Finished looking for orphan Actors (0.000 secs)
[2019.05.29-11.21.33:486][  0]Cmd: MAP CHECKDEP NOCLEARLOG
[2019.05.29-11.21.33:710][  0]MapCheck: 地图检测完成：0个错误，0 个警告，用时224.471毫秒完成。
[2019.05.29-11.21.33:710][  0]LogFileHelpers: Loading map 'LakeLevel' took 5.012
[2019.05.29-11.21.33:882][  0]LogSlate: Updating window title bar state: overlay mode, drag disabled, window buttons hidden, title bar hidden
[2019.05.29-11.21.33:891][  0]LogSlate: Updating window title bar state: overlay mode, drag disabled, window buttons hidden, title bar hidden
[2019.05.29-11.21.33:902][  0]LogCollectionManager: Loaded 0 collections in 0.002776 seconds
[2019.05.29-11.21.33:949][  0]LogFileCache: Scanning file cache for directory 'D:/Documents/DiplomaGame/ClimbDemo/Saved/Collections/' took 0.01s
[2019.05.29-11.21.33:949][  0]LogFileCache: Scanning file cache for directory 'D:/Documents/DiplomaGame/ClimbDemo/Content/Developers/14367/Collections/' took 0.01s
[2019.05.29-11.21.33:949][  0]LogFileCache: Scanning file cache for directory 'D:/Documents/DiplomaGame/ClimbDemo/Content/Collections/' took 0.01s
[2019.05.29-11.21.33:949][  0]LogCollectionManager: Rebuilt the GUID cache for 0 collections in 0.000000 seconds
[2019.05.29-11.21.33:959][  0]LogContentBrowser: Native class hierarchy populated in 0.0098 seconds. Added 2610 classes and 610 folders.
[2019.05.29-11.21.33:970][  0]LogContentBrowser: Native class hierarchy updated for 'WidgetCarousel' in 0.0004 seconds. Added 0 classes and 0 folders.
[2019.05.29-11.21.34:056][  0]LogContentBrowser: Native class hierarchy updated for 'AddContentDialog' in 0.0003 seconds. Added 0 classes and 0 folders.
[2019.05.29-11.21.34:064][  0]LogContentBrowser: Native class hierarchy updated for 'SceneOutliner' in 0.0004 seconds. Added 1 classes and 2 folders.
[2019.05.29-11.21.34:186][  0]LogSlate: Took 0.000325 seconds to synchronously load lazily loaded font '../../../Engine/Content/Slate/Fonts/Roboto-Regular.ttf' (155K)
[2019.05.29-11.21.34:190][  0]LogSlate: Took 0.003098 seconds to synchronously load lazily loaded font '../../../Engine/Content/Slate/Fonts/DroidSansFallback.ttf' (3848K)
[2019.05.29-11.21.34:191][  0]LogSlate: Took 0.000344 seconds to synchronously load lazily loaded font '../../../Engine/Content/Slate/Fonts/Roboto-Bold.ttf' (160K)
[2019.05.29-11.21.34:195][  0]LogSlate: Took 0.000378 seconds to synchronously load lazily loaded font '../../../Engine/Content/Editor/Slate/Fonts/FontAwesome.ttf' (139K)
[2019.05.29-11.21.34:280][  0]LogRenderer: Reallocating scene render targets to support 492x212 Format 10 NumSamples 1 (Frame:1).
[2019.05.29-11.21.34:301][  0]LogRenderer: Reallocating scene render targets to support 984x420 Format 10 NumSamples 1 (Frame:1).
[2019.05.29-11.21.34:501][  0]LogContentBrowser: Native class hierarchy updated for 'HierarchicalLODOutliner' in 0.0003 seconds. Added 0 classes and 0 folders.
[2019.05.29-11.21.34:501][  0]LogLoad: (Engine Initialization) Total time: 18.11 seconds
[2019.05.29-11.21.34:501][  0]LogLoad: (Engine Initialization) Total Blueprint compile time: 0.00 seconds
[2019.05.29-11.21.34:531][  0]LogWindowsTextInputMethodSystem: Display: IME system now activated using TSF (中文(简体) - 2345王牌拼音输入法).
[2019.05.29-11.21.34:559][  0]LogContentStreaming: Texture pool size now 1000 MB
[2019.05.29-11.21.34:610][  0]LogSlate: Took 0.000281 seconds to synchronously load lazily loaded font '../../../Engine/Content/Slate/Fonts/Roboto-Light.ttf' (167K)
[2019.05.29-11.21.34:799][  3]LogAssetRegistry: Asset discovery search completed in 12.4425 seconds
[2019.05.29-11.21.34:801][  3]LogCollectionManager: Rebuilt the object cache for 0 collections in 0.000000 seconds (found 0 objects)
[2019.05.29-11.21.34:801][  3]LogCollectionManager: Fixed up redirectors for 0 collections in 0.000086 seconds (updated 0 objects)
[2019.05.29-11.21.36:472][117]LogSlate: FSceneViewport::OnFocusLost() reason 0
[2019.05.29-11.21.36:615][132]LogSlate: Took 0.000333 seconds to synchronously load lazily loaded font '../../../Engine/Content/Slate/Fonts/Roboto-Light.ttf' (167K)
[2019.05.29-11.21.38:837][132]LogMemory: Warning: Freeing 33554432 bytes from backup pool to handle out of memory.
[2019.05.29-11.21.38:837][132]LogMemory: Warning: MemoryStats:
	AvailablePhysical 6807740416
	 AvailableVirtual 140729216851968
	     UsedPhysical 2246742016
	 PeakUsedPhysical 2253185024
	      UsedVirtual 2906497024
	  PeakUsedVirtual 2910699520
[2019.05.29-11.21.38:837][132]Allocator Stats for TBB: (not implemented)
[2019.05.29-11.21.38:837][132]LogWindows: Windows GetLastError: 操作成功完成。 (0)
[2019.05.29-11.21.41:566][132]LogThreadingWindows: Error: Runnable thread PoolThread 5 crashed.
[2019.05.29-11.21.41:566][132]LogThreadingWindows: Error: Runnable thread PoolThread 6 crashed.
[2019.05.29-11.21.41:566][132]LogWindows: Error: HandleError re-entered.
[2019.05.29-11.21.41:566][132]LogWindows: Error: === Critical error: ===
[2019.05.29-11.21.41:567][132]LogWindows: Error: 
[2019.05.29-11.21.41:567][132]LogWindows: FPlatformMisc::RequestExit(1)
[2019.05.29-11.21.41:567][132]LogWindows: Error: Fatal error: [File:D:\Build\++UE4\Sync\Engine\Source\Runtime\Core\Private\GenericPlatform\GenericPlatformMemory.cpp] [Line: 193] 
[2019.05.29-11.21.41:567][132]LogWindows: Error: Ran out of memory allocating 2073668 bytes with alignment 0
[2019.05.29-11.21.41:567][132]LogWindows: Error: 
[2019.05.29-11.21.41:567][132]LogWindows: Error: 
[2019.05.29-11.21.41:567][132]LogWindows: Error: [Callstack] 0x00007ffbfb22a388 KERNELBASE.dll!UnknownFunction []
[2019.05.29-11.21.41:567][132]LogWindows: Error: [Callstack] 0x00007ffb8b176850 UE4Editor-ApplicationCore.dll!UnknownFunction []
[2019.05.29-11.21.41:567][132]LogWindows: Error: [Callstack] 0x00007ffb87b362fc UE4Editor-Core.dll!UnknownFunction []
[2019.05.29-11.21.41:567][132]LogWindows: Error: [Callstack] 0x00007ffb87ac51db UE4Editor-Core.dll!UnknownFunction []
[2019.05.29-11.21.41:567][132]LogWindows: Error: [Callstack] 0x00007ffb8799f564 UE4Editor-Core.dll!UnknownFunction []
[2019.05.29-11.21.41:567][132]LogWindows: Error: [Callstack] 0x00007ffb87a1810f UE4Editor-Core.dll!UnknownFunction []
[2019.05.29-11.21.41:567][132]LogWindows: Error: [Callstack] 0x00007ffb87a18343 UE4Editor-Core.dll!UnknownFunction []
[2019.05.29-11.21.41:567][132]LogWindows: Error: [Callstack] 0x00007ffb76ccc3cf UE4Editor-DerivedDataCache.dll!UnknownFunction []
[2019.05.29-11.21.41:567][132]LogWindows: Error: [Callstack] 0x00007ffb76ca9f2c UE4Editor-DerivedDataCache.dll!UnknownFunction []
[2019.05.29-11.21.41:567][132]LogWindows: Error: [Callstack] 0x00007ffb76cbe7b6 UE4Editor-DerivedDataCache.dll!UnknownFunction []
[2019.05.29-11.21.41:567][132]LogWindows: Error: [Callstack] 0x00007ffb89639b84 UE4Editor-Engine.dll!UnknownFunction []
[2019.05.29-11.21.41:567][132]LogWindows: Error: [Callstack] 0x00007ffb895c35c1 UE4Editor-Engine.dll!UnknownFunction []
[2019.05.29-11.21.41:567][132]LogWindows: Error: [Callstack] 0x00007ffb895c341e UE4Editor-Engine.dll!UnknownFunction []
[2019.05.29-11.21.41:567][132]LogWindows: Error: [Callstack] 0x00007ffb87a238b5 UE4Editor-Core.dll!UnknownFunction []
[2019.05.29-11.21.41:567][132]LogWindows: Error: [Callstack] 0x00007ffb87d96b7c UE4Editor-Core.dll!UnknownFunction []
[2019.05.29-11.21.41:567][132]LogWindows: Error: [Callstack] 0x00007ffb87d917c7 UE4Editor-Core.dll!UnknownFunction []
[2019.05.29-11.21.41:567][132]LogWindows: Error: [Callstack] 0x00007ffbfc994034 KERNEL32.DLL!UnknownFunction []
[2019.05.29-11.21.41:567][132]LogWindows: Error: [Callstack] 0x00007ffbfe233691 ntdll.dll!UnknownFunction []
[2019.05.29-11.21.41:567][132]LogWindows: Error: 
[2019.05.29-11.21.41:567][132]LogWindows: Error: Crash in runnable thread 
[2019.05.29-11.21.41:567][132]LogWindows: Error: Crash in runnable thread PoolThread 5PoolThread 6
[2019.05.29-11.21.41:576][132]LogWindows: Error: HandleError re-entered.
[2019.05.29-11.21.41:587][132]Log file closed, 05/29/19 19:21:41
