Log file open, 06/13/19 07:45:18
LogWindows: Failed to load 'aqProf.dll' (GetLastError=126)
LogWindows: File 'aqProf.dll' does not exist
LogWindows: Failed to load 'VSPerf140.dll' (GetLastError=126)
LogWindows: File 'VSPerf140.dll' does not exist
LogWindows: Failed to load 'VtuneApi.dll' (GetLastError=126)
LogWindows: File 'VtuneApi.dll' does not exist
LogWindows: Failed to load 'VtuneApi32e.dll' (GetLastError=126)
LogWindows: File 'VtuneApi32e.dll' does not exist
LogInit: Display: Running engine for game: ClimbDemo
LogPlatformFile: Not using cached read wrapper
LogTaskGraph: Started task graph with 5 named threads and 23 total threads with 3 sets of task threads.
LogStats: Stats thread started at 0.298083
LogD3D11RHI: Loaded GFSDK_Aftermath_Lib.x64.dll
LogICUInternationalization: Display: ICU TimeZone Detection - Raw Offset: +8:00, Platform Override: ''
LogPluginManager: Mounting plugin Paper2D
LogPluginManager: Mounting plugin AISupport
LogPluginManager: Mounting plugin LightPropagationVolume
LogPluginManager: Mounting plugin CLionSourceCodeAccess
LogPluginManager: Mounting plugin CodeLiteSourceCodeAccess
LogPluginManager: Mounting plugin GitSourceControl
LogPluginManager: Mounting plugin KDevelopSourceCodeAccess
LogPluginManager: Mounting plugin NullSourceCodeAccess
LogPluginManager: Mounting plugin PerforceSourceControl
LogPluginManager: Mounting plugin SubversionSourceControl
LogPluginManager: Mounting plugin UObjectPlugin
LogPluginManager: Mounting plugin VisualStudioCodeSourceCodeAccess
LogPluginManager: Mounting plugin VisualStudioSourceCodeAccess
LogPluginManager: Mounting plugin XCodeSourceCodeAccess
LogPluginManager: Mounting plugin AssetManagerEditor
LogPluginManager: Mounting plugin CryptoKeys
LogPluginManager: Mounting plugin DataValidation
LogPluginManager: Mounting plugin FacialAnimation
LogPluginManager: Mounting plugin GameplayTagsEditor
LogPluginManager: Mounting plugin MacGraphicsSwitching
LogPluginManager: Mounting plugin MeshEditor
LogPluginManager: Mounting plugin MobileLauncherProfileWizard
LogPluginManager: Mounting plugin PluginBrowser
LogPluginManager: Mounting plugin SpeedTreeImporter
LogPluginManager: Mounting plugin DatasmithContent
LogPluginManager: Mounting plugin AlembicImporter
LogPluginManager: Mounting plugin AppleImageUtils
LogPluginManager: Mounting plugin AppleVision
LogPluginManager: Mounting plugin BackChannel
LogPluginManager: Mounting plugin CharacterAI
LogPluginManager: Mounting plugin GeometryCache
LogPluginManager: Mounting plugin HTML5Networking
LogPluginManager: Mounting plugin ProxyLODPlugin
LogPluginManager: Mounting plugin MagicLeap
LogPluginManager: Mounting plugin MagicLeapEmulator
LogPluginManager: Mounting plugin MagicLeapMedia
LogPluginManager: Mounting plugin AndroidMedia
LogPluginManager: Mounting plugin AvfMedia
LogPluginManager: Mounting plugin ImgMedia
LogPluginManager: Mounting plugin LinearTimecode
LogPluginManager: Mounting plugin MediaCompositing
LogPluginManager: Mounting plugin MediaPlayerEditor
LogPluginManager: Mounting plugin WmfMedia
LogPluginManager: Mounting plugin TcpMessaging
LogPluginManager: Mounting plugin UdpMessaging
LogPluginManager: Mounting plugin ActorSequence
LogPluginManager: Mounting plugin LevelSequenceEditor
LogPluginManager: Mounting plugin MatineeToLevelSequence
LogPluginManager: Mounting plugin NetcodeUnitTest
LogPluginManager: Mounting plugin NUTUnrealEngine4
LogPluginManager: Mounting plugin OnlineSubsystemGooglePlay
LogPluginManager: Mounting plugin OnlineSubsystemIOS
LogPluginManager: Mounting plugin OnlineSubsystem
LogPluginManager: Mounting plugin OnlineSubsystemNull
LogPluginManager: Mounting plugin OnlineSubsystemUtils
LogPluginManager: Mounting plugin LauncherChunkInstaller
LogPluginManager: Mounting plugin AndroidDeviceProfileSelector
LogPluginManager: Mounting plugin AndroidMoviePlayer
LogPluginManager: Mounting plugin AndroidPermission
LogPluginManager: Mounting plugin AppleMoviePlayer
LogPluginManager: Mounting plugin ArchVisCharacter
LogPluginManager: Mounting plugin AudioCapture
LogPluginManager: Mounting plugin CableComponent
LogPluginManager: Mounting plugin CustomMeshComponent
LogPluginManager: Mounting plugin EditableMesh
LogPluginManager: Mounting plugin ExampleDeviceProfileSelector
LogPluginManager: Mounting plugin GoogleCloudMessaging
LogPluginManager: Mounting plugin HoudiniEngine
LogPluginManager: Mounting plugin ImmediatePhysics
LogPluginManager: Mounting plugin IOSDeviceProfileSelector
LogPluginManager: Mounting plugin LinuxDeviceProfileSelector
LogPluginManager: Mounting plugin LocationServicesBPLibrary
LogPluginManager: Mounting plugin MobilePatchingUtils
LogPluginManager: Mounting plugin OculusVR
LogPluginManager: Plugin shader directory ../../../Engine/Plugins/Runtime/Oculus/OculusVR/Shaders found
LogPluginManager: Mapping shader source directory ../../../Engine/Plugins/Runtime/Oculus/OculusVR/Shaders to virtual directory /Plugin/OculusVR
LogPluginManager: Mounting plugin PhysXVehicles
LogPluginManager: Mounting plugin ProceduralMeshComponent
LogPluginManager: Mounting plugin RuntimePhysXCooking
LogPluginManager: Mounting plugin SteamVR
LogPluginManager: Mounting plugin WindowsMoviePlayer
LogStreaming: Display: Took  0.381s to configure plugins.
LogInit: Using libcurl 7.55.1-DEV
LogInit:  - built for x86_64-pc-win32
LogInit:  - supports SSL with OpenSSL/1.0.2h
LogInit:  - supports HTTP deflate (compression) using libz 1.2.8
LogInit:  - other features:
LogInit:      CURL_VERSION_SSL
LogInit:      CURL_VERSION_LIBZ
LogInit:      CURL_VERSION_IPV6
LogInit:      CURL_VERSION_ASYNCHDNS
LogInit:      CURL_VERSION_LARGEFILE
LogInit:      CURL_VERSION_IDN
LogInit:  CurlRequestOptions (configurable via config and command line):
LogInit:  - bVerifyPeer = false  - Libcurl will NOT verify peer certificate
LogInit:  - bUseHttpProxy = false  - Libcurl will NOT use HTTP proxy
LogInit:  - bDontReuseConnections = false  - Libcurl will reuse connections
LogInit:  - CertBundlePath = nullptr  - Libcurl will use whatever was configured at build time.
LogInit:  - MaxHostConnections = 16  - Libcurl will limit the number of connections to a host
LogInit:  - LocalHostAddr = Default
LogInit:  - BufferSize = 65536
LogInit: WinSock: version 1.1 (2.2), MaxSocks=32767, MaxUdp=65467
LogHMD: Failed initializing OVRPlugin 1.25.0
LogInit: Build: ++UE4+Release-4.20-CL-4369336
LogInit: Engine Version: 4.20.3-4369336+++UE4+Release-4.20
LogInit: Compatible Engine Version: 4.20.0-4212847+++UE4+Release-4.20
LogInit: Net CL: 4212847
LogInit: OS: Windows 10 (), CPU: Intel(R) Core(TM) i7-7700HQ CPU @ 2.80GHz, GPU: Intel(R) HD Graphics 630
LogInit: Compiled (64-bit): Sep 17 2018 12:26:19
LogInit: Compiled with Visual C++: 19.13.26129.00
LogInit: Build Configuration: Development
LogInit: Branch Name: ++UE4+Release-4.20
LogInit: Command Line:  
LogInit: Base Directory: D:/Program Files/Epic Games/UE_4.20/Engine/Binaries/Win64/
LogInit: Installed Engine Build: 1
LogDevObjectVersion: Number of dev versions registered: 20
LogDevObjectVersion:   Dev-Blueprints (B0D832E4-1F89-4F0D-ACCF-7EB736FD4AA2): 10
LogDevObjectVersion:   Dev-Build (E1C64328-A22C-4D53-A36C-8E866417BD8C): 0
LogDevObjectVersion:   Dev-Core (375EC13C-06E4-48FB-B500-84F0262A717E): 2
LogDevObjectVersion:   Dev-Editor (E4B068ED-F494-42E9-A231-DA0B2E46BB41): 24
LogDevObjectVersion:   Dev-Framework (CFFC743F-43B0-4480-9391-14DF171D2073): 34
LogDevObjectVersion:   Dev-Mobile (B02B49B5-BB20-44E9-A304-32B752E40360): 2
LogDevObjectVersion:   Dev-Networking (A4E4105C-59A1-49B5-A7C5-40C4547EDFEE): 0
LogDevObjectVersion:   Dev-Online (39C831C9-5AE6-47DC-9A44-9C173E1C8E7C): 0
LogDevObjectVersion:   Dev-Physics (78F01B33-EBEA-4F98-B9B4-84EACCB95AA2): 0
LogDevObjectVersion:   Dev-Platform (6631380F-2D4D-43E0-8009-CF276956A95A): 0
LogDevObjectVersion:   Dev-Rendering (12F88B9F-8875-4AFC-A67C-D90C383ABD29): 26
LogDevObjectVersion:   Dev-Sequencer (7B5AE74C-D270-4C10-A958-57980B212A5A): 9
LogDevObjectVersion:   Dev-VR (D7296918-1DD6-4BDD-9DE2-64A83CC13884): 2
LogDevObjectVersion:   Dev-LoadTimes (C2A15278-BFE7-4AFE-6C17-90FF531DF755): 1
LogDevObjectVersion:   Private-Geometry (6EACA3D4-40EC-4CC1-B786-8BED09428FC5): 3
LogDevObjectVersion:   Dev-AnimPhys (29E575DD-E0A3-4627-9D10-D276232CDCEA): 17
LogDevObjectVersion:   Dev-ReflectionCapture (6B266CEC-1EC7-4B8F-A30B-E4D90942FC07): 1
LogDevObjectVersion:   Dev-Automation (0DF73D61-A23F-47EA-B727-89E90C41499A): 1
LogDevObjectVersion:   FortniteMain (601D1886-AC64-4F84-AA16-D3DE0DEAC7D6): 12
LogDevObjectVersion:   Dev-Enterprise (9DFFBCD6-494F-0158-E221-12823C92A888): 1
LogStreaming: Display: Took  0.011s to delete old logs.
LogInit: Presizing for max 8388607 objects, including 0 objects not considered by GC, pre-allocating 0 bytes for permanent pool.
LogInit: Object subsystem initialized
[2019.06.12-23.45.20:238][  0]LogInit: Selected Device Profile: [Windows]
[2019.06.12-23.45.20:238][  0]LogInit: Applying CVar settings loaded from the selected device profile: [Windows]
[2019.06.12-23.45.20:265][  0]LogHAL: Display: Platform has ~ 16 GB [17046654976 / 17179869184 / 16], which maps to Larger [LargestMinGB=32, LargerMinGB=12, DefaultMinGB=8, SmallerMinGB=6, SmallestMinGB=0)
[2019.06.12-23.45.20:265][  0]LogInit: Setting Device Profile CVar: [[r.Vulkan.UseRealUBs:1]]
[2019.06.12-23.45.20:265][  0]LogInit: Going up to parent DeviceProfile []
[2019.06.12-23.45.20:266][  0]LogInit: Computer: DESKTOP-UHKKT41
[2019.06.12-23.45.20:266][  0]LogInit: User: Ivy
[2019.06.12-23.45.20:266][  0]LogInit: CPU Page size=4096, Cores=4
[2019.06.12-23.45.20:266][  0]LogInit: High frequency timer resolution =2.742190 MHz
[2019.06.12-23.45.20:266][  0]LogMemory: Memory total: Physical=15.9GB (16GB approx)
[2019.06.12-23.45.20:266][  0]LogMemory: Platform Memory Stats for Windows
[2019.06.12-23.45.20:266][  0]LogMemory: Process Physical Memory: 107.81 MB used, 107.81 MB peak
[2019.06.12-23.45.20:266][  0]LogMemory: Process Virtual Memory: 101.10 MB used, 101.10 MB peak
[2019.06.12-23.45.20:266][  0]LogMemory: Physical Memory: 4492.14 MB used,  11764.82 MB free, 16256.96 MB total
[2019.06.12-23.45.20:266][  0]LogMemory: Virtual Memory: 4664.99 MB used,  11764.82 MB free, 134217728.00 MB total
[2019.06.12-23.45.21:466][  0]LogInit: Overriding language with editor language configuration option (en-001).
[2019.06.12-23.45.21:466][  0]LogInit: Overriding locale with editor locale configuration option (en-001).
[2019.06.12-23.45.21:467][  0]LogTextLocalizationManager: No specific localization for 'en-001' exists, so the 'en' localization will be used.
[2019.06.12-23.45.21:884][  0]LogStreaming: Display: Took  0.418s to InitEngineTextLocalization.
[2019.06.12-23.45.21:885][  0]LogInit: Setting process to per monitor DPI aware
[2019.06.12-23.45.22:064][  0]LogSlate: New Slate User Created.  User Index 0, Is Virtual User: 0
[2019.06.12-23.45.22:064][  0]LogSlate: Slate User Registered.  User Index 0, Is Virtual User: 0
[2019.06.12-23.45.22:332][  0]LogHMD: Failed to initialize OpenVR with code 110
[2019.06.12-23.45.22:332][  0]LogD3D11RHI: D3D11 adapters:
[2019.06.12-23.45.22:442][  0]LogD3D11RHI:    0. 'NVIDIA GeForce GTX 1070' (Feature Level 11_0)
[2019.06.12-23.45.22:442][  0]LogD3D11RHI:       8089/0/8128 MB DedicatedVideo/DedicatedSystem/SharedSystem, Outputs:1, VendorId:0x10de
[2019.06.12-23.45.22:458][  0]LogD3D11RHI:    1. 'Intel(R) HD Graphics 630' (Feature Level 11_0)
[2019.06.12-23.45.22:458][  0]LogD3D11RHI:       128/0/8128 MB DedicatedVideo/DedicatedSystem/SharedSystem, Outputs:0, VendorId:0x8086
[2019.06.12-23.45.22:461][  0]LogD3D11RHI:    2. 'Microsoft Basic Render Driver' (Feature Level 11_0)
[2019.06.12-23.45.22:461][  0]LogD3D11RHI:       0/0/8128 MB DedicatedVideo/DedicatedSystem/SharedSystem, Outputs:0, VendorId:0x1414
[2019.06.12-23.45.22:461][  0]LogD3D11RHI: Chosen D3D11 Adapter: 0
[2019.06.12-23.45.22:497][  0]LogD3D11RHI: Creating new Direct3DDevice
[2019.06.12-23.45.22:497][  0]LogD3D11RHI:     GPU DeviceId: 0x1ba1 (for the marketing name, search the web for "GPU Device Id")
[2019.06.12-23.45.22:497][  0]LogWindows: EnumDisplayDevices:
[2019.06.12-23.45.22:497][  0]LogWindows:    0. 'Intel(R) HD Graphics 630' (P:1 D:1)
[2019.06.12-23.45.22:498][  0]LogWindows:    1. 'Intel(R) HD Graphics 630' (P:0 D:0)
[2019.06.12-23.45.22:500][  0]LogWindows:    2. 'Intel(R) HD Graphics 630' (P:0 D:0)
[2019.06.12-23.45.22:501][  0]LogWindows:    3. 'NVIDIA GeForce GTX 1070' (P:0 D:0)
[2019.06.12-23.45.22:503][  0]LogWindows:    4. 'NVIDIA GeForce GTX 1070' (P:0 D:0)
[2019.06.12-23.45.22:504][  0]LogWindows:    5. 'NVIDIA GeForce GTX 1070' (P:0 D:0)
[2019.06.12-23.45.22:506][  0]LogWindows:    6. 'NVIDIA GeForce GTX 1070' (P:0 D:0)
[2019.06.12-23.45.22:507][  0]LogWindows: DebugString: PrimaryIsNotTheChoosenAdapter PrimaryIsNotTheChoosenAdapter PrimaryIsNotTheChoosenAdapter FoundDriverCount:4 
[2019.06.12-23.45.22:507][  0]LogD3D11RHI:     Adapter Name: NVIDIA GeForce GTX 1070
[2019.06.12-23.45.22:507][  0]LogD3D11RHI:   Driver Version: 389.12 (internal:23.21.13.8912, unified:389.12)
[2019.06.12-23.45.22:507][  0]LogD3D11RHI:      Driver Date: 3-7-2018
[2019.06.12-23.45.22:507][  0]LogRHI: Texture pool is 5662 MB (70% of 8089 MB)
[2019.06.12-23.45.22:553][  0]LogD3D11RHI: Async texture creation enabled
[2019.06.12-23.45.22:566][  0]LogD3D11RHI: GPU Timing Frequency: 1000.000000 (Debug: 2 1)
[2019.06.12-23.45.22:568][  0]LogShaderCompilers: Guid format shader working directory is 0 characters bigger than the processId version (C:/Users/Ivy/Documents/DiplomaGame/ClimbDemo/Intermediate/Shaders/WorkingDirectory/1936/).
[2019.06.12-23.45.22:568][  0]LogShaderCompilers: Cleaned the shader compiler working directory 'C:/Users/Ivy/AppData/Local/Temp/UnrealShaderWorkingDir/734B168D47F8C2BA5CC7AF8E2FA504A4/'.
[2019.06.12-23.45.23:608][  0]LogTemp: Display: Loaded TP AllDesktopTargetPlatform
[2019.06.12-23.45.23:629][  0]LogTemp: Display: Loaded TP MacClientTargetPlatform
[2019.06.12-23.45.23:655][  0]LogTemp: Display: Loaded TP MacNoEditorTargetPlatform
[2019.06.12-23.45.23:676][  0]LogTemp: Display: Loaded TP MacServerTargetPlatform
[2019.06.12-23.45.23:693][  0]LogTemp: Display: Loaded TP MacTargetPlatform
[2019.06.12-23.45.23:710][  0]LogTemp: Display: Loaded TP WindowsClientTargetPlatform
[2019.06.12-23.45.23:727][  0]LogTemp: Display: Loaded TP WindowsNoEditorTargetPlatform
[2019.06.12-23.45.23:750][  0]LogTemp: Display: Loaded TP WindowsServerTargetPlatform
[2019.06.12-23.45.23:762][  0]LogTemp: Display: Loaded TP WindowsTargetPlatform
[2019.06.12-23.45.23:879][  0]LogTemp: Display: Loaded TP AndroidTargetPlatform
[2019.06.12-23.45.23:879][  0]LogTemp: Display: Loaded TP AndroidTargetPlatform
[2019.06.12-23.45.23:879][  0]LogTemp: Display: Loaded TP AndroidTargetPlatform
[2019.06.12-23.45.23:879][  0]LogTemp: Display: Loaded TP AndroidTargetPlatform
[2019.06.12-23.45.23:879][  0]LogTemp: Display: Loaded TP AndroidTargetPlatform
[2019.06.12-23.45.23:879][  0]LogTemp: Display: Loaded TP AndroidTargetPlatform
[2019.06.12-23.45.23:879][  0]LogTemp: Display: Loaded TP AndroidTargetPlatform
[2019.06.12-23.45.23:879][  0]LogTemp: Display: Loaded TP AndroidTargetPlatform
[2019.06.12-23.45.23:879][  0]LogTemp: Display: Loaded TP AndroidTargetPlatform
[2019.06.12-23.45.23:879][  0]LogTemp: Display: Loaded TP AndroidTargetPlatform
[2019.06.12-23.45.23:879][  0]LogTemp: Display: Loaded TP AndroidTargetPlatform
[2019.06.12-23.45.23:879][  0]LogTemp: Display: Loaded TP AndroidTargetPlatform
[2019.06.12-23.45.23:879][  0]LogTemp: Display: Loaded TP AndroidTargetPlatform
[2019.06.12-23.45.23:879][  0]LogTemp: Display: Loaded TP AndroidTargetPlatform
[2019.06.12-23.45.23:879][  0]LogTemp: Display: Loaded TP AndroidTargetPlatform
[2019.06.12-23.45.23:879][  0]LogTemp: Display: Loaded TP AndroidTargetPlatform
[2019.06.12-23.45.23:879][  0]LogTemp: Display: Loaded TP AndroidTargetPlatform
[2019.06.12-23.45.23:879][  0]LogTemp: Display: Loaded TP AndroidTargetPlatform
[2019.06.12-23.45.23:883][  0]LogTemp: Display: Loaded TP HTML5TargetPlatform
[2019.06.12-23.45.23:950][  0]LogTemp: Display: Loaded TP IOSTargetPlatform
[2019.06.12-23.45.23:950][  0]LogTemp: Display: Loaded TP IOSTargetPlatform
[2019.06.12-23.45.23:983][  0]LogTemp: Display: Loaded TP TVOSTargetPlatform
[2019.06.12-23.45.23:983][  0]LogTemp: Display: Loaded TP TVOSTargetPlatform
[2019.06.12-23.45.24:003][  0]LogTemp: Display: Loaded TP LinuxClientTargetPlatform
[2019.06.12-23.45.24:022][  0]LogTemp: Display: Loaded TP LinuxNoEditorTargetPlatform
[2019.06.12-23.45.24:040][  0]LogTemp: Display: Loaded TP LinuxServerTargetPlatform
[2019.06.12-23.45.24:062][  0]LogTemp: Display: Loaded TP LinuxTargetPlatform
[2019.06.12-23.45.24:076][  0]LogTemp: Display: Loaded TP LuminTargetPlatform
[2019.06.12-23.45.24:076][  0]LogTargetPlatformManager: Display: Building Assets For Windows
[2019.06.12-23.45.24:192][  0]LogXGEController: Cleaning working directory: C:/Users/Ivy/AppData/Local/Temp/UnrealXGEWorkingDir/
[2019.06.12-23.45.24:192][  0]LogXGEController: Cannot use XGE Controller as Incredibuild is not installed on this machine.
[2019.06.12-23.45.24:192][  0]LogShaderCompilers: Cannot use XGE Shader Compiler as Incredibuild is not installed on this machine.
[2019.06.12-23.45.24:192][  0]LogShaderCompilers: Display: Using Local Shader Compiler.
[2019.06.12-23.45.25:014][  0]LogDerivedDataCache: Display: Max Cache Size: 512 MB
[2019.06.12-23.45.25:073][  0]LogDerivedDataCache: Loaded boot cache 0.06s 71MB C:/Users/Ivy/AppData/Local/UnrealEngine/4.20/DerivedDataCache/Boot.ddc.
[2019.06.12-23.45.25:073][  0]LogDerivedDataCache: Display: Loaded Boot cache: C:/Users/Ivy/AppData/Local/UnrealEngine/4.20/DerivedDataCache/Boot.ddc
[2019.06.12-23.45.25:073][  0]LogDerivedDataCache: FDerivedDataBackendGraph:  Pak pak cache file C:/Users/Ivy/Documents/DiplomaGame/ClimbDemo/DerivedDataCache/DDC.ddp not found, will not use a pak cache.
[2019.06.12-23.45.25:073][  0]LogDerivedDataCache: Unable to find inner node Pak for hierarchical cache Hierarchy.
[2019.06.12-23.45.25:074][  0]LogDerivedDataCache: FDerivedDataBackendGraph:  CompressedPak pak cache file C:/Users/Ivy/Documents/DiplomaGame/ClimbDemo/DerivedDataCache/Compressed.ddp not found, will not use a pak cache.
[2019.06.12-23.45.25:074][  0]LogDerivedDataCache: Unable to find inner node CompressedPak for hierarchical cache Hierarchy.
[2019.06.12-23.45.25:090][  0]LogDerivedDataCache: Display: Pak cache opened for reading ../../../Engine/DerivedDataCache/Compressed.ddp.
[2019.06.12-23.45.25:109][  0]LogDerivedDataCache: Using Local data cache path C:/Users/Ivy/AppData/Local/UnrealEngine/Common/DerivedDataCache: Writable
[2019.06.12-23.45.25:109][  0]LogDerivedDataCache: Shared data cache path not found in *engine.ini, will not use an Shared cache.
[2019.06.12-23.45.25:109][  0]LogDerivedDataCache: Unable to find inner node Shared for hierarchical cache Hierarchy.
[2019.06.12-23.45.25:128][  0]LogMaterial: Verifying Global Shaders for PCD3D_SM5
[2019.06.12-23.45.25:129][  0]LogSlate: Using FreeType 2.6.0
[2019.06.12-23.45.25:130][  0]LogSlate: SlateFontServices - WITH_FREETYPE: 1, WITH_HARFBUZZ: 1
[2019.06.12-23.45.25:215][  0]LogAssetRegistry: FAssetRegistry took 0.0292 seconds to start up
[2019.06.12-23.45.25:574][  0]LogInit: Selected Device Profile: [Windows]
[2019.06.12-23.45.25:746][  0]LogSimplygon: Simplygon DLL not present - disabling.
[2019.06.12-23.45.25:755][  0]LogMeshReduction: Using SimplygonSwarm for distributed automatic mesh merging
[2019.06.12-23.45.25:755][  0]LogMeshReduction: Using ProxyLODMeshReduction for automatic mesh merging
[2019.06.12-23.45.25:755][  0]LogMeshReduction: Using QuadricMeshReduction for automatic static mesh reduction
[2019.06.12-23.45.25:755][  0]LogMeshReduction: No automatic skeletal mesh reduction module available
[2019.06.12-23.45.25:772][  0]LogNetVersion: ClimbDemo 1.0.0, NetCL: 4212847, EngineNetVer: 5, GameNetVer: 0 (Checksum: 2394580764)
[2019.06.12-23.45.26:829][  0]LogPackageLocalizationCache: Processed 12 localized package path(s) for 2 prioritized culture(s) in 0.573271 seconds
[2019.06.12-23.45.26:840][  0]LogUObjectArray: 38425 objects as part of root set at end of initial load.
[2019.06.12-23.45.26:840][  0]LogUObjectAllocator: 6690864 out of 0 bytes used by permanent object pool.
[2019.06.12-23.45.26:840][  0]LogUObjectArray: CloseDisregardForGC: 0/0 objects in disregard for GC pool
[2019.06.12-23.45.28:194][  0]LogTcpMessaging: Initializing TcpMessaging bridge
[2019.06.12-23.45.28:210][  0]LogUdpMessaging: Initializing bridge on interface 0.0.0.0:0 to multicast group 230.0.0.1:6666.
[2019.06.12-23.45.28:430][  0]SourceControl: Source control is disabled
[2019.06.12-23.45.28:430][  0]SourceControl: Source control is disabled
[2019.06.12-23.45.28:436][  0]SourceControl: Source control is disabled
[2019.06.12-23.45.28:440][  0]SourceControl: Source control is disabled
[2019.06.12-23.45.28:775][  0]LogAndroidPermission: UAndroidPermissionCallbackProxy::GetInstance
[2019.06.12-23.45.29:205][  0]LogHoudiniEngine: Starting the Houdini Engine module.
[2019.06.12-23.45.29:211][  0]LogHoudiniEngine: Loaded libHAPIL.dll from Registry path D:/Program Files/Side Effects Software/Houdini 17.0.416/bin
[2019.06.12-23.45.29:212][  0]LogLinker: Warning: Asset '../../Plugins/Runtime/HoudiniEngine/Content/houdini_logo.uasset' has been saved with empty engine version. The asset will be loaded but may be incompatible.
[2019.06.12-23.45.29:217][  0]LogLinker: Warning: Asset '../../Plugins/Runtime/HoudiniEngine/Content/houdini_default_material.uasset' has been saved with empty engine version. The asset will be loaded but may be incompatible.
[2019.06.12-23.45.29:227][  0]LogLinker: Warning: Asset '../../Plugins/Runtime/HoudiniEngine/Content/houdini_bgeo_import.uasset' has been saved with empty engine version. The asset will be loaded but may be incompatible.
[2019.06.12-23.45.32:404][  0]LogHoudiniEngine: Error: Failed to create a Houdini Engine session
[2019.06.12-23.45.32:404][  0]LogHoudiniEngine: Starting up the Houdini Engine API module failed: Generic Failure
[2019.06.12-23.45.32:427][  0]LogOcInput: OculusInput pre-init called
[2019.06.12-23.45.32:523][  0]LogEngine: Initializing Engine...
[2019.06.12-23.45.32:525][  0]LogHMD: Failed to initialize OpenVR with code 110
[2019.06.12-23.45.32:528][  0]LogStats: UGameplayTagsManager::ConstructGameplayTagTree: ImportINI prefixes -  0.000 s
[2019.06.12-23.45.32:528][  0]LogStats: UGameplayTagsManager::ConstructGameplayTagTree: Construct from data asset -  0.000 s
[2019.06.12-23.45.32:528][  0]LogStats: UGameplayTagsManager::ConstructGameplayTagTree: ImportINI -  0.000 s
[2019.06.12-23.45.32:528][  0]LogStats: UGameplayTagsManager::ConstructGameplayTagTree: GameplayTagTreeChangedEvent.Broadcast -  0.000 s
[2019.06.12-23.45.32:739][  0]LogInit: Initializing FReadOnlyCVARCache
[2019.06.12-23.45.32:757][  0]LogAIModule: Creating AISystem for world Untitled
[2019.06.12-23.45.32:884][  0]LogInit: XAudio2 using '扬声器/听筒 (Realtek Audio)' : 6 channels at 48 kHz using 32 bits per sample (channel mask 0x3f)
[2019.06.12-23.45.33:620][  0]LogInit: FAudioDevice initialized.
[2019.06.12-23.45.33:620][  0]LogNetVersion: Set ProjectVersion to 1.0.0.0. Version Checksum will be recalculated on next use.
[2019.06.12-23.45.33:779][  0]LogDerivedDataCache: Saved boot cache 0.16s 71MB C:/Users/Ivy/AppData/Local/UnrealEngine/4.20/DerivedDataCache/Boot.ddc.
[2019.06.12-23.45.33:781][  0]LogInit: Texture streaming: Enabled
[2019.06.12-23.45.33:839][  0]LogEngineSessionManager: EngineSessionManager initialized
[2019.06.12-23.45.33:860][  0]LogInit: Transaction tracking system initialized
[2019.06.12-23.45.33:895][  0]BlueprintLog: New page: Editor Load
[2019.06.12-23.45.34:067][  0]LocalizationService: Localization service is disabled
[2019.06.12-23.45.34:532][  0]LogCook: Display: Max memory allowance for cook 16384mb min free memory 0mb
[2019.06.12-23.45.34:532][  0]LogCook: Display: Mobile HDR setting 1
[2019.06.12-23.45.34:532][  0]LogGameplayTags: Display: UGameplayTagsManager::DoneAddingNativeTags. DelegateIsBound: 0
[2019.06.12-23.45.34:532][  0]LogStats: UGameplayTagsManager::ConstructGameplayTagTree: ImportINI prefixes -  0.000 s
[2019.06.12-23.45.34:532][  0]LogStats: UGameplayTagsManager::ConstructGameplayTagTree: Construct from data asset -  0.000 s
[2019.06.12-23.45.34:532][  0]LogStats: UGameplayTagsManager::ConstructGameplayTagTree: ImportINI -  0.000 s
[2019.06.12-23.45.34:532][  0]LogStats: UGameplayTagsManager::ConstructGameplayTagTree: GameplayTagTreeChangedEvent.Broadcast -  0.000 s
[2019.06.12-23.45.34:710][  0]LogFileCache: Scanning file cache for directory 'C:/Users/Ivy/Documents/DiplomaGame/ClimbDemo/Content/' took 0.06s
[2019.06.12-23.45.34:710][  0]LogHoudiniEngineEditor: Starting the Houdini Engine Editor module.
[2019.06.12-23.45.34:712][  0]LogHoudiniEngineEditor: Houdini Engine Editor module startup complete.
[2019.06.12-23.45.34:798][  0]SourceControl: Source control is disabled
[2019.06.12-23.45.34:798][  0]Cmd: MAP LOAD FILE="C:/Users/Ivy/Documents/DiplomaGame/ClimbDemo/Content/Terrain/4/LakeLevelNew.umap" TEMPLATE=0 SHOWPROGRESS=1 FEATURELEVEL=3
[2019.06.12-23.45.34:798][  0]LightingResults: New page: Lighting Build
[2019.06.12-23.45.34:802][  0]MapCheck: New page: Map Check
[2019.06.12-23.45.34:802][  0]LightingResults: New page: Lighting Build
[2019.06.12-23.45.36:502][  0]LogBlueprint: Warning: [Compiler ABP_Climber] Cling_BS to JumpEnd  will never be taken, please connect something to  Can Enter Transition
[2019.06.12-23.45.37:139][  0]LogBlueprint: Warning: [Compiler ABP_Climber] [0019.89] Compile of ABP_Climber successful, but with 1 Warning(s) [in 815 ms] (/Game/Clinging/Animations/Blueprints/ABP_Climber.ABP_Climber)
[2019.06.12-23.45.38:057][  0]LogLinker: Warning: Asset 'C:/Users/Ivy/Documents/DiplomaGame/ClimbDemo/Content/BaseMaterials/SeaShaders/Textures/T_SmallWaves_N.uasset' has been saved with empty engine version. The asset will be loaded but may be incompatible.
[2019.06.12-23.45.43:693][  0]LogAIModule: Creating AISystem for world LakeLevelNew
[2019.06.12-23.45.43:977][  0]LogScript: Warning: Script Msg: Attempted to access index 15 from array 'BIrdSBP' of length 15 in '/Game/Blueprints/Bird/InsectsBirdsFish/Blueprints/NewFolder/BP_Bird_Spline1.BP_Bird_Spline1_C'!
[2019.06.12-23.45.43:977][  0]LogScript: Warning: Accessed None trying to read property CallFunc_Array_Get_Item
	BP_Bird_Spline1_C /Game/Terrain/4/LakeLevelNew.LakeLevelNew:PersistentLevel.BP_Bird_Spline1_34488
	Function /Game/Blueprints/Bird/InsectsBirdsFish/Blueprints/NewFolder/BP_Bird_Spline1.BP_Bird_Spline1_C:UpdateBird:027F
[2019.06.12-23.45.43:977][  0]LogScript: Warning: Script Msg: Attempted to access index 16 from array 'BIrdSBP' of length 15 in '/Game/Blueprints/Bird/InsectsBirdsFish/Blueprints/NewFolder/BP_Bird_Spline1.BP_Bird_Spline1_C'!
[2019.06.12-23.45.43:978][  0]LogScript: Warning: Accessed None trying to read property CallFunc_Array_Get_Item
	BP_Bird_Spline1_C /Game/Terrain/4/LakeLevelNew.LakeLevelNew:PersistentLevel.BP_Bird_Spline1_34488
	Function /Game/Blueprints/Bird/InsectsBirdsFish/Blueprints/NewFolder/BP_Bird_Spline1.BP_Bird_Spline1_C:UpdateBird:027F
[2019.06.12-23.45.43:978][  0]LogScript: Warning: Script Msg: Attempted to access index 17 from array 'BIrdSBP' of length 15 in '/Game/Blueprints/Bird/InsectsBirdsFish/Blueprints/NewFolder/BP_Bird_Spline1.BP_Bird_Spline1_C'!
[2019.06.12-23.45.43:978][  0]LogScript: Warning: Accessed None trying to read property CallFunc_Array_Get_Item
	BP_Bird_Spline1_C /Game/Terrain/4/LakeLevelNew.LakeLevelNew:PersistentLevel.BP_Bird_Spline1_34488
	Function /Game/Blueprints/Bird/InsectsBirdsFish/Blueprints/NewFolder/BP_Bird_Spline1.BP_Bird_Spline1_C:UpdateBird:027F
[2019.06.12-23.45.43:978][  0]LogScript: Warning: Script Msg: Attempted to access index 18 from array 'BIrdSBP' of length 15 in '/Game/Blueprints/Bird/InsectsBirdsFish/Blueprints/NewFolder/BP_Bird_Spline1.BP_Bird_Spline1_C'!
[2019.06.12-23.45.43:978][  0]LogScript: Warning: Accessed None trying to read property CallFunc_Array_Get_Item
	BP_Bird_Spline1_C /Game/Terrain/4/LakeLevelNew.LakeLevelNew:PersistentLevel.BP_Bird_Spline1_34488
	Function /Game/Blueprints/Bird/InsectsBirdsFish/Blueprints/NewFolder/BP_Bird_Spline1.BP_Bird_Spline1_C:UpdateBird:027F
[2019.06.12-23.45.43:978][  0]LogScript: Warning: Script Msg: Attempted to access index 19 from array 'BIrdSBP' of length 15 in '/Game/Blueprints/Bird/InsectsBirdsFish/Blueprints/NewFolder/BP_Bird_Spline1.BP_Bird_Spline1_C'!
[2019.06.12-23.45.43:978][  0]LogScript: Warning: Accessed None trying to read property CallFunc_Array_Get_Item
	BP_Bird_Spline1_C /Game/Terrain/4/LakeLevelNew.LakeLevelNew:PersistentLevel.BP_Bird_Spline1_34488
	Function /Game/Blueprints/Bird/InsectsBirdsFish/Blueprints/NewFolder/BP_Bird_Spline1.BP_Bird_Spline1_C:UpdateBird:027F
[2019.06.12-23.45.44:217][  0]LogEditorServer: Finished looking for orphan Actors (0.000 secs)
[2019.06.12-23.45.44:351][  0]Cmd: MAP CHECKDEP NOCLEARLOG
[2019.06.12-23.45.44:778][  0]MapCheck: Map check complete: 0 Error(s), 0 Warning(s), took 426.955ms to complete.
[2019.06.12-23.45.44:778][  0]LogFileHelpers: Loading map 'LakeLevelNew' took 9.980
[2019.06.12-23.45.44:893][  0]LogSlate: Updating window title bar state: overlay mode, drag disabled, window buttons hidden, title bar hidden
[2019.06.12-23.45.44:901][  0]LogSlate: Updating window title bar state: overlay mode, drag disabled, window buttons hidden, title bar hidden
[2019.06.12-23.45.44:912][  0]LogCollectionManager: Loaded 0 collections in 0.001800 seconds
[2019.06.12-23.45.44:959][  0]LogFileCache: Scanning file cache for directory 'C:/Users/Ivy/Documents/DiplomaGame/ClimbDemo/Saved/Collections/' took 0.01s
[2019.06.12-23.45.44:959][  0]LogFileCache: Scanning file cache for directory 'C:/Users/Ivy/Documents/DiplomaGame/ClimbDemo/Content/Developers/Ivy/Collections/' took 0.01s
[2019.06.12-23.45.44:959][  0]LogFileCache: Scanning file cache for directory 'C:/Users/Ivy/Documents/DiplomaGame/ClimbDemo/Content/Collections/' took 0.01s
[2019.06.12-23.45.44:959][  0]LogCollectionManager: Rebuilt the GUID cache for 0 collections in 0.000000 seconds
[2019.06.12-23.45.44:970][  0]LogContentBrowser: Native class hierarchy populated in 0.0115 seconds. Added 2610 classes and 610 folders.
[2019.06.12-23.45.44:986][  0]LogContentBrowser: Native class hierarchy updated for 'WidgetCarousel' in 0.0004 seconds. Added 0 classes and 0 folders.
[2019.06.12-23.45.45:047][  0]LogContentBrowser: Native class hierarchy updated for 'AddContentDialog' in 0.0002 seconds. Added 0 classes and 0 folders.
[2019.06.12-23.45.45:058][  0]LogContentBrowser: Native class hierarchy updated for 'SceneOutliner' in 0.0002 seconds. Added 1 classes and 2 folders.
[2019.06.12-23.45.45:617][  0]LogContentBrowser: Native class hierarchy updated for 'HierarchicalLODOutliner' in 0.0005 seconds. Added 0 classes and 0 folders.
[2019.06.12-23.45.45:617][  0]LogLoad: (Engine Initialization) Total time: 28.37 seconds
[2019.06.12-23.45.45:617][  0]LogLoad: (Engine Initialization) Total Blueprint compile time: 0.00 seconds
[2019.06.12-23.45.45:686][  0]LogContentStreaming: Texture pool size now 1000 MB
[2019.06.12-23.45.45:692][  0]LogSlate: Took 0.000459 seconds to synchronously load lazily loaded font '../../../Engine/Content/Slate/Fonts/Roboto-Regular.ttf' (155K)
[2019.06.12-23.45.45:697][  0]LogSlate: Took 0.000230 seconds to synchronously load lazily loaded font '../../../Engine/Content/Slate/Fonts/Roboto-Bold.ttf' (160K)
[2019.06.12-23.45.45:702][  0]LogSlate: Took 0.000240 seconds to synchronously load lazily loaded font '../../../Engine/Content/Editor/Slate/Fonts/FontAwesome.ttf' (139K)
[2019.06.12-23.45.45:833][  0]LogRenderer: Reallocating scene render targets to support 500x252 Format 10 NumSamples 1 (Frame:1).
[2019.06.12-23.45.45:833][  0]LogSlate: Took 0.000180 seconds to synchronously load lazily loaded font '../../../Engine/Content/Slate/Fonts/Roboto-Light.ttf' (167K)
[2019.06.12-23.45.45:922][  1]LogRenderer: Reallocating scene render targets to support 996x500 Format 10 NumSamples 1 (Frame:1).
[2019.06.12-23.45.46:117][  2]LogScript: Warning: Accessed None trying to read property CallFunc_TryGetPawnOwner_ReturnValue
	ABP_Little_C /Engine/Transient.World_1:PersistentLevel.SkeletalMeshActor_0.SkeletalMeshComponent0.ABP_Little_C_0
	Function /Game/AI/ABP_Little.ABP_Little_C:ExecuteUbergraph_ABP_Little:00A2
[2019.06.12-23.45.46:230][  4]LogAssetRegistry: Asset discovery search completed in 21.0382 seconds
[2019.06.12-23.45.46:234][  4]LogCollectionManager: Rebuilt the object cache for 0 collections in 0.000000 seconds (found 0 objects)
[2019.06.12-23.45.46:234][  4]LogCollectionManager: Fixed up redirectors for 0 collections in 0.000093 seconds (updated 0 objects)
[2019.06.12-23.45.47:224][  7]LogSlate: Took 0.000195 seconds to synchronously load lazily loaded font '../../../Engine/Content/Slate/Fonts/Roboto-Light.ttf' (167K)
[2019.06.12-23.45.47:880][  9]LogSlate: FSceneViewport::OnFocusLost() reason 0
[2019.06.12-23.45.48:034][ 14]LogRenderer: Reallocating scene render targets to support 1496x544 Format 10 NumSamples 1 (Frame:5).
[2019.06.12-23.45.56:643][302]LogEditorViewport: Clicking on Actor (LMB): SkeletalMeshActor (Flag694)
[2019.06.12-23.45.59:442][386]LogSlate: FSceneViewport::OnFocusLost() reason 0
[2019.06.12-23.46.01:162][441]LogSlate: FSceneViewport::OnFocusLost() reason 0
[2019.06.12-23.46.01:704][458]LogSlate: Took 0.002306 seconds to synchronously load lazily loaded font '../../../Engine/Content/Slate/Fonts/DroidSansFallback.ttf' (3848K)
[2019.06.12-23.46.08:576][675]LogEditorViewport: Clicking on Actor (LMB): SkeletalMeshActor (Flag693)
[2019.06.12-23.46.09:944][713]LogSlate: FSceneViewport::OnFocusLost() reason 0
[2019.06.12-23.46.13:764][832]LogEditorViewport: Clicking on Actor (LMB): SkeletalMeshActor (Flag690)
[2019.06.12-23.46.14:692][858]LogSlate: FSceneViewport::OnFocusLost() reason 0
[2019.06.12-23.46.17:687][953]LogEditorViewport: Clicking on Actor (LMB): SkeletalMeshActor (Flag686)
[2019.06.12-23.46.18:940][988]LogSlate: FSceneViewport::OnFocusLost() reason 0
[2019.06.12-23.46.21:710][ 74]LogEditorViewport: Clicking on Actor (LMB): SkeletalMeshActor (Flag689)
[2019.06.12-23.46.22:836][107]LogSlate: FSceneViewport::OnFocusLost() reason 0
[2019.06.12-23.46.26:998][239]LogEditorViewport: Clicking on Actor (LMB): SkeletalMeshActor (Flag688)
[2019.06.12-23.46.27:794][260]LogSlate: FSceneViewport::OnFocusLost() reason 0
[2019.06.12-23.46.32:536][413]LogEditorViewport: Clicking on Actor (LMB): SkeletalMeshActor (Flag687)
[2019.06.12-23.46.33:964][453]LogSlate: FSceneViewport::OnFocusLost() reason 0
[2019.06.12-23.46.37:390][561]LogEditorViewport: Clicking on Actor (LMB): SkeletalMeshActor (Flag692)
[2019.06.12-23.46.38:921][605]LogSlate: FSceneViewport::OnFocusLost() reason 0
[2019.06.12-23.46.42:630][723]LogEditorViewport: Clicking on Actor (LMB): SkeletalMeshActor (Flag695)
[2019.06.12-23.46.45:008][792]LogSlate: FSceneViewport::OnFocusLost() reason 0
[2019.06.12-23.46.50:989][954]LogEditorViewport: Clicking on Actor (LMB): SkeletalMeshActor (Flag698)
[2019.06.12-23.46.51:957][978]LogSlate: FSceneViewport::OnFocusLost() reason 0
[2019.06.12-23.46.55:578][ 80]LogEditorViewport: Clicking on Actor (LMB): SkeletalMeshActor (Flag697)
[2019.06.12-23.46.56:899][114]LogSlate: FSceneViewport::OnFocusLost() reason 0
[2019.06.12-23.47.00:295][209]LogEditorViewport: Clicking on Actor (LMB): SkeletalMeshActor (Flag696)
[2019.06.12-23.47.01:672][245]LogSlate: FSceneViewport::OnFocusLost() reason 0
[2019.06.12-23.47.04:954][338]LogEditorViewport: Clicking on Actor (LMB): SkeletalMeshActor (Flag702)
[2019.06.12-23.47.06:197][369]LogSlate: FSceneViewport::OnFocusLost() reason 0
[2019.06.12-23.47.09:435][461]LogEditorViewport: Clicking on Actor (LMB): SkeletalMeshActor (Flag699)
[2019.06.12-23.47.12:176][532]LogSlate: FSceneViewport::OnFocusLost() reason 0
[2019.06.12-23.47.17:669][688]LogEditorViewport: Clicking on Actor (LMB): SkeletalMeshActor (Flag701)
[2019.06.12-23.47.18:571][713]LogSlate: FSceneViewport::OnFocusLost() reason 0
[2019.06.12-23.47.21:984][819]LogEditorViewport: Clicking on Actor (LMB): SkeletalMeshActor (Flag700)
[2019.06.12-23.47.23:219][852]LogSlate: FSceneViewport::OnFocusLost() reason 0
[2019.06.12-23.47.26:859][968]LogEditorViewport: Clicking on Actor (LMB): SkeletalMeshActor (Flag685)
[2019.06.12-23.47.27:786][992]LogSlate: FSceneViewport::OnFocusLost() reason 0
[2019.06.12-23.47.35:028][203]LogEditorViewport: Clicking on Actor (LMB): SkeletalMeshActor (Flag711)
[2019.06.12-23.47.36:183][231]LogSlate: FSceneViewport::OnFocusLost() reason 0
[2019.06.12-23.47.47:996][556]LogEditorViewport: Clicking on Actor (LMB): SkeletalMeshActor (Flag706)
[2019.06.12-23.47.49:062][582]LogSlate: FSceneViewport::OnFocusLost() reason 0
[2019.06.12-23.47.52:949][690]LogEditorViewport: Clicking on Actor (LMB): SkeletalMeshActor (Flag703)
[2019.06.12-23.47.54:368][726]LogSlate: FSceneViewport::OnFocusLost() reason 0
[2019.06.12-23.47.57:226][806]LogEditorViewport: Clicking on Actor (LMB): SkeletalMeshActor (Flag707)
[2019.06.12-23.47.59:104][853]LogSlate: FSceneViewport::OnFocusLost() reason 0
[2019.06.12-23.48.14:344][368]LogSlate: FSceneViewport::OnFocusLost() reason 0
[2019.06.12-23.48.15:822][370]LogSlate: Window 'Save Content' being destroyed
[2019.06.12-23.48.16:282][370]Cmd: OBJ SAVEPACKAGE PACKAGE="/Game/Terrain/4/LakeLevelNew" FILE="C:/Users/Ivy/Documents/DiplomaGame/ClimbDemo/Content/Terrain/4/LakeLevelNew.umap" SILENT=true AUTOSAVING=false KEEPDIRTY=false
[2019.06.12-23.48.23:338][370]LogSavePackage: Moving 'C:/Users/Ivy/Documents/DiplomaGame/ClimbDemo/Saved/LakeLevelNew1258C4FE410DC6E48E2337AC53049A97.tmp' to 'C:/Users/Ivy/Documents/DiplomaGame/ClimbDemo/Content/Terrain/4/LakeLevelNew.umap'
[2019.06.12-23.48.23:455][370]LogFileHelpers: Saving map 'LakeLevelNew' took 7.591
[2019.06.12-23.48.33:100][667]LogEditorViewport: Clicking on Actor (LMB): SkeletalMeshActor (Flag342)
[2019.06.12-23.48.36:114][760]LogSlate: FSceneViewport::OnFocusLost() reason 0
[2019.06.12-23.48.38:357][834]LogEditorViewport: Clicking on Actor (LMB): SkeletalMeshActor (Flag344)
[2019.06.12-23.48.39:581][869]LogSlate: FSceneViewport::OnFocusLost() reason 0
[2019.06.12-23.48.42:830][974]LogEditorViewport: Clicking on Actor (LMB): SkeletalMeshActor (Flag341)
[2019.06.12-23.48.44:232][ 14]LogSlate: FSceneViewport::OnFocusLost() reason 0
[2019.06.12-23.48.49:146][174]LogEditorViewport: Clicking on Actor (LMB): Landscape (Landscape)
[2019.06.12-23.48.49:985][199]LogEditorViewport: Clicking on Actor (LMB): SkeletalMeshActor (Flag345)
[2019.06.12-23.48.51:438][242]LogSlate: FSceneViewport::OnFocusLost() reason 0
[2019.06.12-23.48.54:850][356]LogEditorViewport: Clicking on Actor (LMB): SkeletalMeshActor (Flag337)
[2019.06.12-23.48.55:625][377]LogSlate: FSceneViewport::OnFocusLost() reason 0
[2019.06.12-23.49.00:759][545]LogEditorViewport: Clicking on Actor (LMB): SkeletalMeshActor (Flag339)
[2019.06.12-23.49.01:827][576]LogSlate: FSceneViewport::OnFocusLost() reason 0
[2019.06.12-23.49.05:227][693]LogEditorViewport: Clicking on Actor (LMB): SkeletalMeshActor (Flag336)
[2019.06.12-23.49.06:046][717]LogSlate: FSceneViewport::OnFocusLost() reason 0
[2019.06.12-23.49.11:265][894]LogEditorViewport: Clicking on Actor (LMB): SkeletalMeshActor (Flag340)
[2019.06.12-23.49.12:246][923]LogSlate: FSceneViewport::OnFocusLost() reason 0
[2019.06.12-23.49.17:052][ 84]LogEditorViewport: Clicking on Actor (LMB): SkeletalMeshActor (Flag413)
[2019.06.12-23.49.18:661][132]LogSlate: FSceneViewport::OnFocusLost() reason 0
[2019.06.12-23.49.22:310][258]LogEditorViewport: Clicking on Actor (LMB): SkeletalMeshActor (Flag414)
[2019.06.12-23.49.23:663][298]LogSlate: FSceneViewport::OnFocusLost() reason 0
[2019.06.12-23.49.27:380][425]LogEditorViewport: Clicking on Actor (LMB): SkeletalMeshActor (Flag411)
[2019.06.12-23.49.28:399][454]LogSlate: FSceneViewport::OnFocusLost() reason 0
[2019.06.12-23.49.31:685][566]LogEditorViewport: Clicking on Actor (LMB): Landscape (Landscape)
[2019.06.12-23.49.32:433][588]LogEditorViewport: Clicking on Actor (LMB): SkeletalMeshActor (Flag415)
[2019.06.12-23.49.33:876][633]LogSlate: FSceneViewport::OnFocusLost() reason 0
[2019.06.12-23.49.38:506][792]LogEditorViewport: Clicking on Actor (LMB): SkeletalMeshActor (Flag407)
[2019.06.12-23.49.39:801][831]LogSlate: FSceneViewport::OnFocusLost() reason 0
[2019.06.12-23.49.43:537][960]LogEditorViewport: Clicking on Actor (LMB): SkeletalMeshActor (Flag408)
[2019.06.12-23.49.45:694][ 30]LogSlate: FSceneViewport::OnFocusLost() reason 0
[2019.06.12-23.49.49:217][156]LogEditorViewport: Clicking on Actor (LMB): SkeletalMeshActor (Flag409)
[2019.06.12-23.49.50:035][182]LogSlate: FSceneViewport::OnFocusLost() reason 0
[2019.06.12-23.49.53:874][317]LogEditorViewport: Clicking on Actor (LMB): SkeletalMeshActor (Flag406)
[2019.06.12-23.49.55:092][353]LogSlate: FSceneViewport::OnFocusLost() reason 0
[2019.06.12-23.49.58:085][460]LogEditorViewport: Clicking on Actor (LMB): SkeletalMeshActor (Flag410)
[2019.06.12-23.50.05:077][702]LogSlate: FSceneViewport::OnFocusLost() reason 0
[2019.06.12-23.50.08:196][812]LogEditorViewport: Clicking on Actor (LMB): SkeletalMeshActor (Flag422)
[2019.06.12-23.50.09:004][837]LogSlate: FSceneViewport::OnFocusLost() reason 0
[2019.06.12-23.50.14:133][ 15]LogEditorViewport: Clicking on Actor (LMB): SkeletalMeshActor (Flag412)
[2019.06.12-23.50.15:854][ 68]Cmd: DELETE
[2019.06.12-23.50.15:854][ 68]Cmd: ACTOR DELETE
[2019.06.12-23.50.15:892][ 68]LogSlate: FSceneViewport::OnFocusLost() reason 2
[2019.06.12-23.50.16:015][ 68]LogEditorActor: Deleted Actor: SkeletalMeshActor
[2019.06.12-23.50.16:044][ 68]LogEditorActor: Deleted 1 Actors (0.189 secs)
[2019.06.12-23.50.22:379][235]LogEditorViewport: Clicking on Actor (LMB): SkeletalMeshActor (Flag354)
[2019.06.12-23.50.23:903][273]LogSlate: FSceneViewport::OnFocusLost() reason 0
[2019.06.12-23.50.26:571][347]LogEditorViewport: Clicking on Actor (LMB): SkeletalMeshActor (Flag351)
[2019.06.12-23.50.27:607][373]LogEditorViewport: Clicking on Actor (LMB): SkeletalMeshActor (Flag354)
[2019.06.12-23.50.31:933][485]LogEditorViewport: Clicking on Actor (LMB): SkeletalMeshActor (Flag352)
[2019.06.12-23.50.33:392][521]Cmd: DELETE
[2019.06.12-23.50.33:392][521]Cmd: ACTOR DELETE
[2019.06.12-23.50.33:459][521]LogEditorActor: Deleted Actor: SkeletalMeshActor
[2019.06.12-23.50.33:489][521]LogEditorActor: Deleted 1 Actors (0.097 secs)
[2019.06.12-23.50.34:356][544]LogEditorViewport: Clicking on Actor (LMB): SkeletalMeshActor (Flag353)
[2019.06.12-23.50.39:029][661]LogSlate: FSceneViewport::OnFocusLost() reason 0
[2019.06.12-23.50.41:032][714]LogEditorViewport: Clicking on Actor (LMB): SkeletalMeshActor (Flag354)
[2019.06.12-23.50.42:029][737]LogSlate: FSceneViewport::OnFocusLost() reason 0
[2019.06.12-23.50.45:222][823]LogEditorViewport: Clicking on Actor (LMB): SkeletalMeshActor (Flag351)
[2019.06.12-23.50.46:009][840]LogSlate: FSceneViewport::OnFocusLost() reason 0
[2019.06.12-23.50.48:977][918]LogEditorViewport: Clicking on Actor (LMB): SkeletalMeshActor (Flag355)
[2019.06.12-23.50.49:955][940]LogSlate: FSceneViewport::OnFocusLost() reason 0
[2019.06.12-23.50.54:950][ 71]LogEditorViewport: Clicking on Actor (LMB): SkeletalMeshActor (Flag347)
[2019.06.12-23.50.56:121][ 97]LogSlate: FSceneViewport::OnFocusLost() reason 0
[2019.06.12-23.51.00:074][204]LogEditorViewport: Clicking on Actor (LMB): SkeletalMeshActor (Flag348)
[2019.06.12-23.51.01:764][246]LogSlate: FSceneViewport::OnFocusLost() reason 0
[2019.06.12-23.51.05:122][340]LogEditorViewport: Clicking on Actor (LMB): SkeletalMeshActor (Flag349)
[2019.06.12-23.51.05:854][357]LogSlate: FSceneViewport::OnFocusLost() reason 0
[2019.06.12-23.51.08:608][433]LogEditorViewport: Clicking on Actor (LMB): SkeletalMeshActor (Flag346)
[2019.06.12-23.51.10:312][476]LogSlate: FSceneViewport::OnFocusLost() reason 0
[2019.06.12-23.51.14:086][582]LogEditorViewport: Clicking on Actor (LMB): SkeletalMeshActor (Flag350)
[2019.06.12-23.51.16:510][643]LogSlate: FSceneViewport::OnFocusLost() reason 0
[2019.06.12-23.51.26:397][914]LogEditorViewport: Clicking on Actor (LMB): SkeletalMeshActor (Flag362)
[2019.06.12-23.51.27:317][936]LogSlate: FSceneViewport::OnFocusLost() reason 0
[2019.06.12-23.51.29:889][  8]LogEditorViewport: Clicking on Actor (LMB): SkeletalMeshActor (Flag363)
[2019.06.12-23.51.31:100][ 37]LogSlate: FSceneViewport::OnFocusLost() reason 0
[2019.06.12-23.51.34:340][126]LogEditorViewport: Clicking on Actor (LMB): SkeletalMeshActor (Flag364)
[2019.06.12-23.51.34:952][140]LogSlate: FSceneViewport::OnFocusLost() reason 0
[2019.06.12-23.51.39:862][278]LogEditorViewport: Clicking on Actor (LMB): SkeletalMeshActor (Flag361)
[2019.06.12-23.51.41:059][307]LogSlate: FSceneViewport::OnFocusLost() reason 0
[2019.06.12-23.51.56:393][752]LogEditorViewport: Clicking on Actor (LMB): SkeletalMeshActor (Flag402)
[2019.06.12-23.51.57:493][779]LogSlate: FSceneViewport::OnFocusLost() reason 0
[2019.06.12-23.52.02:470][916]LogEditorViewport: Clicking on Actor (LMB): SkeletalMeshActor (Flag401)
[2019.06.12-23.52.03:536][943]LogSlate: FSceneViewport::OnFocusLost() reason 0
[2019.06.12-23.52.06:216][ 17]LogEditorViewport: Clicking on Actor (LMB): SkeletalMeshActor (Flag405)
[2019.06.12-23.52.08:389][ 72]LogSlate: FSceneViewport::OnFocusLost() reason 0
[2019.06.12-23.52.12:126][194]LogEditorViewport: Clicking on Actor (LMB): SkeletalMeshActor (Flag397)
[2019.06.12-23.52.12:913][213]LogSlate: FSceneViewport::OnFocusLost() reason 0
[2019.06.12-23.52.15:637][290]LogEditorViewport: Clicking on Actor (LMB): SkeletalMeshActor (Flag398)
[2019.06.12-23.52.17:244][330]LogSlate: FSceneViewport::OnFocusLost() reason 0
[2019.06.12-23.52.28:605][796]LogEditorViewport: Clicking on Actor (LMB): SkeletalMeshActor (Flag372)
[2019.06.12-23.52.31:119][910]LogSlate: FSceneViewport::OnFocusLost() reason 0
[2019.06.12-23.52.33:174][ 16]LogEditorViewport: Clicking on Actor (LMB): Landscape (Landscape)
[2019.06.12-23.52.33:737][ 42]LogEditorViewport: Clicking on Actor (LMB): SkeletalMeshActor (Flag374)
[2019.06.12-23.52.35:277][124]LogEditorViewport: Clicking on Actor (LMB): SkeletalMeshActor (Flag373)
[2019.06.12-23.52.36:582][197]LogEditorViewport: Clicking on Actor (LMB): SkeletalMeshActor (Flag372)
[2019.06.12-23.52.38:103][283]LogEditorViewport: Clicking on Actor (LMB): SkeletalMeshActor (Flag373)
[2019.06.12-23.52.41:107][442]LogSlate: FSceneViewport::OnFocusLost() reason 0
[2019.06.12-23.52.44:842][644]LogEditorViewport: Clicking on Actor (LMB): SkeletalMeshActor (Flag374)
[2019.06.12-23.52.45:673][684]LogSlate: FSceneViewport::OnFocusLost() reason 0
[2019.06.12-23.52.51:941][ 24]LogEditorViewport: Clicking on Actor (LMB): SkeletalMeshActor (Flag371)
[2019.06.12-23.52.54:656][165]LogSlate: FSceneViewport::OnFocusLost() reason 0
[2019.06.12-23.52.57:482][316]LogEditorViewport: Clicking on Actor (LMB): SkeletalMeshActor (Flag375)
[2019.06.12-23.52.58:219][350]LogSlate: FSceneViewport::OnFocusLost() reason 0
[2019.06.12-23.53.01:280][513]LogEditorViewport: Clicking on Actor (LMB): SkeletalMeshActor (Flag367)
[2019.06.12-23.53.02:222][559]LogSlate: FSceneViewport::OnFocusLost() reason 0
[2019.06.12-23.53.26:299][505]LogSlate: FSceneViewport::OnFocusLost() reason 0
[2019.06.12-23.53.27:520][507]LogSlate: Window 'Save Content' being destroyed
[2019.06.12-23.53.28:003][507]Cmd: OBJ SAVEPACKAGE PACKAGE="/Game/Terrain/4/LakeLevelNew" FILE="C:/Users/Ivy/Documents/DiplomaGame/ClimbDemo/Content/Terrain/4/LakeLevelNew.umap" SILENT=true AUTOSAVING=false KEEPDIRTY=false
[2019.06.12-23.53.34:669][507]LogSavePackage: Moving 'C:/Users/Ivy/Documents/DiplomaGame/ClimbDemo/Saved/LakeLevelNew373D927A40D59505DE5AE8AA42D0CF46.tmp' to 'C:/Users/Ivy/Documents/DiplomaGame/ClimbDemo/Content/Terrain/4/LakeLevelNew.umap'
[2019.06.12-23.53.34:777][507]LogFileHelpers: Saving map 'LakeLevelNew' took 7.214
[2019.06.12-23.53.42:572][734]LogEditorViewport: Clicking on Actor (LMB): StaticMeshActor (tall_tree_6)
[2019.06.12-23.53.45:722][845]LogEditorViewport: Clicking on Actor (LMB): SkeletalMeshActor (Flag219)
[2019.06.12-23.53.47:221][896]LogSlate: FSceneViewport::OnFocusLost() reason 0
[2019.06.12-23.53.51:389][ 53]LogEditorViewport: Clicking on Actor (LMB): SkeletalMeshActor (Flag221)
[2019.06.12-23.53.52:604][ 94]LogSlate: FSceneViewport::OnFocusLost() reason 0
[2019.06.12-23.53.55:800][215]LogEditorViewport: Clicking on Actor (LMB): SkeletalMeshActor (Flag218)
[2019.06.12-23.53.57:986][288]LogSlate: FSceneViewport::OnFocusLost() reason 0
[2019.06.12-23.54.01:034][404]LogEditorViewport: Clicking on Actor (LMB): SkeletalMeshActor (Flag222)
[2019.06.12-23.54.01:693][426]LogSlate: FSceneViewport::OnFocusLost() reason 0
[2019.06.12-23.54.04:774][543]LogEditorViewport: Clicking on Actor (LMB): SkeletalMeshActor (Flag214)
[2019.06.12-23.54.05:800][575]LogSlate: FSceneViewport::OnFocusLost() reason 0
[2019.06.12-23.54.09:389][709]LogEditorViewport: Clicking on Actor (LMB): SkeletalMeshActor (Flag216)
[2019.06.12-23.54.10:462][744]LogSlate: FSceneViewport::OnFocusLost() reason 0
[2019.06.12-23.54.13:456][856]LogEditorViewport: Clicking on Actor (LMB): SkeletalMeshActor (Flag213)
[2019.06.12-23.54.15:605][929]LogSlate: FSceneViewport::OnFocusLost() reason 0
[2019.06.12-23.54.18:536][ 41]LogEditorViewport: Clicking on Actor (LMB): SkeletalMeshActor (Flag217)
[2019.06.12-23.54.19:331][ 67]LogSlate: FSceneViewport::OnFocusLost() reason 0
[2019.06.12-23.54.31:963][521]LogEditorViewport: Clicking on Actor (LMB): SkeletalMeshActor (Flag230)
[2019.06.12-23.54.33:496][567]LogSlate: FSceneViewport::OnFocusLost() reason 0
[2019.06.12-23.54.36:307][668]LogEditorViewport: Clicking on Actor (LMB): SkeletalMeshActor (Flag231)
[2019.06.12-23.54.37:366][702]LogSlate: FSceneViewport::OnFocusLost() reason 0
[2019.06.12-23.54.40:461][812]LogEditorViewport: Clicking on Actor (LMB): SkeletalMeshActor (Flag228)
[2019.06.12-23.54.41:624][845]LogSlate: FSceneViewport::OnFocusLost() reason 0
[2019.06.12-23.54.44:409][944]LogEditorViewport: Clicking on Actor (LMB): SkeletalMeshActor (Flag232)
[2019.06.12-23.54.46:943][ 28]LogSlate: FSceneViewport::OnFocusLost() reason 0
[2019.06.12-23.54.49:732][128]LogEditorViewport: Clicking on Actor (LMB): SkeletalMeshActor (Flag224)
[2019.06.12-23.54.50:908][167]LogSlate: FSceneViewport::OnFocusLost() reason 0
[2019.06.12-23.54.54:556][302]LogEditorViewport: Clicking on Actor (LMB): SkeletalMeshActor (Flag225)
[2019.06.12-23.54.57:231][391]LogSlate: FSceneViewport::OnFocusLost() reason 0
[2019.06.12-23.55.00:157][497]LogEditorViewport: Clicking on Actor (LMB): SkeletalMeshActor (Flag226)
[2019.06.12-23.55.01:099][528]LogSlate: FSceneViewport::OnFocusLost() reason 0
[2019.06.12-23.55.03:737][623]LogEditorViewport: Clicking on Actor (LMB): SkeletalMeshActor (Flag223)
[2019.06.12-23.55.04:723][656]LogSlate: FSceneViewport::OnFocusLost() reason 0
[2019.06.12-23.55.07:716][764]LogEditorViewport: Clicking on Actor (LMB): SkeletalMeshActor (Flag227)
[2019.06.12-23.55.10:012][841]LogSlate: FSceneViewport::OnFocusLost() reason 0
[2019.06.12-23.55.14:298][997]LogEditorViewport: Clicking on Actor (LMB): SkeletalMeshActor (Flag239)
[2019.06.12-23.55.15:394][ 32]LogSlate: FSceneViewport::OnFocusLost() reason 0
[2019.06.12-23.55.19:278][184]LogEditorViewport: Clicking on Actor (LMB): SkeletalMeshActor (Flag240)
[2019.06.12-23.55.20:564][233]LogSlate: FSceneViewport::OnFocusLost() reason 0
[2019.06.12-23.55.23:683][371]LogEditorViewport: Clicking on Actor (LMB): SkeletalMeshActor (Flag241)
[2019.06.12-23.55.24:694][411]LogSlate: FSceneViewport::OnFocusLost() reason 0
[2019.06.12-23.55.27:720][545]LogEditorViewport: Clicking on Actor (LMB): SkeletalMeshActor (Flag238)
[2019.06.12-23.55.28:820][589]LogSlate: FSceneViewport::OnFocusLost() reason 0
[2019.06.12-23.55.32:243][729]LogEditorViewport: Clicking on Actor (LMB): SkeletalMeshActor (Flag242)
[2019.06.12-23.55.33:935][800]LogSlate: FSceneViewport::OnFocusLost() reason 0
[2019.06.12-23.55.39:741][ 11]LogSlate: Window 'Save Content' being destroyed
[2019.06.12-23.55.40:197][ 11]Cmd: OBJ SAVEPACKAGE PACKAGE="/Game/Terrain/4/LakeLevelNew" FILE="C:/Users/Ivy/Documents/DiplomaGame/ClimbDemo/Content/Terrain/4/LakeLevelNew.umap" SILENT=true AUTOSAVING=false KEEPDIRTY=false
[2019.06.12-23.55.46:620][ 11]LogSavePackage: Moving 'C:/Users/Ivy/Documents/DiplomaGame/ClimbDemo/Saved/LakeLevelNew755DD631408BE47880126D979F3E3B11.tmp' to 'C:/Users/Ivy/Documents/DiplomaGame/ClimbDemo/Content/Terrain/4/LakeLevelNew.umap'
[2019.06.12-23.55.46:725][ 11]LogFileHelpers: Saving map 'LakeLevelNew' took 6.947
[2019.06.12-23.55.51:354][181]LogEditorViewport: Clicking on Actor (LMB): SkeletalMeshActor (Flag229)
[2019.06.12-23.55.53:487][242]Cmd: DELETE
[2019.06.12-23.55.53:487][242]Cmd: ACTOR DELETE
[2019.06.12-23.55.53:558][242]LogEditorActor: Deleted Actor: SkeletalMeshActor
[2019.06.12-23.55.53:589][242]LogEditorActor: Deleted 1 Actors (0.101 secs)
[2019.06.12-23.55.59:253][476]LogEditorViewport: Clicking on Actor (LMB): SkeletalMeshActor (Flag220)
[2019.06.12-23.56.02:220][610]LogEditorViewport: Clicking on Actor (LMB): SkeletalMeshActor (Flag290)
[2019.06.12-23.56.05:725][766]LogSlate: FSceneViewport::OnFocusLost() reason 0
[2019.06.12-23.56.08:848][901]LogEditorViewport: Clicking on Actor (LMB): SkeletalMeshActor (Flag291)
[2019.06.12-23.56.09:746][937]LogSlate: FSceneViewport::OnFocusLost() reason 0
[2019.06.12-23.56.12:835][ 73]LogEditorViewport: Clicking on Actor (LMB): SkeletalMeshActor (Flag288)
[2019.06.12-23.56.13:710][106]LogSlate: FSceneViewport::OnFocusLost() reason 0
[2019.06.12-23.56.16:536][228]LogEditorViewport: Clicking on Actor (LMB): SkeletalMeshActor (Flag292)
[2019.06.12-23.56.18:615][312]LogSlate: FSceneViewport::OnFocusLost() reason 0
[2019.06.12-23.56.21:400][436]LogEditorViewport: Clicking on Actor (LMB): SkeletalMeshActor (Flag284)
[2019.06.12-23.56.22:181][467]LogSlate: FSceneViewport::OnFocusLost() reason 0
[2019.06.12-23.56.25:111][595]LogEditorViewport: Clicking on Actor (LMB): SkeletalMeshActor (Flag285)
[2019.06.12-23.56.26:425][645]LogSlate: FSceneViewport::OnFocusLost() reason 0
[2019.06.12-23.56.28:930][754]LogEditorViewport: Clicking on Actor (LMB): SkeletalMeshActor (Flag286)
[2019.06.12-23.56.29:701][786]LogSlate: FSceneViewport::OnFocusLost() reason 0
[2019.06.12-23.56.32:643][914]LogEditorViewport: Clicking on Actor (LMB): SkeletalMeshActor (Flag283)
[2019.06.12-23.56.33:552][947]LogSlate: FSceneViewport::OnFocusLost() reason 0
[2019.06.12-23.56.36:582][ 81]LogEditorViewport: Clicking on Actor (LMB): SkeletalMeshActor (Flag287)
[2019.06.12-23.56.37:325][108]LogSlate: FSceneViewport::OnFocusLost() reason 0
[2019.06.12-23.56.41:308][282]LogEditorViewport: Clicking on Actor (LMB): SkeletalMeshActor (Flag299)
[2019.06.12-23.56.42:067][312]LogSlate: FSceneViewport::OnFocusLost() reason 0
[2019.06.12-23.56.49:623][614]LogEditorViewport: Clicking on Actor (LMB): SkeletalMeshActor (Flag289)
[2019.06.12-23.56.50:798][653]Cmd: DELETE
[2019.06.12-23.56.50:798][653]Cmd: ACTOR DELETE
[2019.06.12-23.56.50:860][653]LogEditorActor: Deleted Actor: SkeletalMeshActor
[2019.06.12-23.56.50:889][653]LogEditorActor: Deleted 1 Actors (0.091 secs)
[2019.06.12-23.56.51:619][680]LogEditorViewport: Clicking on Actor (LMB): SkeletalMeshActor (Flag279)
[2019.06.12-23.56.52:978][723]LogSlate: FSceneViewport::OnFocusLost() reason 0
[2019.06.12-23.56.57:972][900]LogEditorViewport: Clicking on Actor (LMB): SkeletalMeshActor (Flag280)
[2019.06.12-23.57.00:107][971]LogSlate: FSceneViewport::OnFocusLost() reason 0
[2019.06.12-23.57.03:579][101]LogEditorViewport: Clicking on Actor (LMB): SkeletalMeshActor (Flag281)
[2019.06.12-23.57.04:112][117]LogEditorViewport: Clicking on Actor (LMB): SkeletalMeshActor (Flag281)
[2019.06.12-23.57.04:911][145]LogSlate: FSceneViewport::OnFocusLost() reason 0
[2019.06.12-23.57.08:204][268]LogEditorViewport: Clicking on Actor (LMB): SkeletalMeshActor (Flag278)
[2019.06.12-23.57.10:175][335]LogSlate: FSceneViewport::OnFocusLost() reason 0
[2019.06.12-23.57.14:452][500]LogEditorViewport: Clicking on Actor (LMB): SkeletalMeshActor (Flag282)
[2019.06.12-23.57.15:448][536]LogSlate: FSceneViewport::OnFocusLost() reason 0
[2019.06.12-23.57.18:873][692]LogEditorViewport: Clicking on Actor (LMB): SkeletalMeshActor (Flag274)
[2019.06.12-23.57.21:481][817]LogSlate: FSceneViewport::OnFocusLost() reason 0
[2019.06.12-23.57.25:700][ 37]LogEditorViewport: Clicking on Actor (LMB): SkeletalMeshActor (Flag275)
[2019.06.12-23.57.28:788][178]LogSlate: FSceneViewport::OnFocusLost() reason 0
[2019.06.12-23.57.34:645][369]LogEditorViewport: Clicking on Actor (LMB): SkeletalMeshActor (Flag276)
[2019.06.12-23.57.36:295][418]LogSlate: FSceneViewport::OnFocusLost() reason 0
[2019.06.12-23.57.44:906][731]LogEditorViewport: Clicking on Actor (LMB): SkeletalMeshActor (Flag249)
[2019.06.12-23.57.46:318][786]LogSlate: FSceneViewport::OnFocusLost() reason 0
[2019.06.12-23.57.50:156][944]LogEditorViewport: Clicking on Actor (LMB): SkeletalMeshActor (Flag250)
[2019.06.12-23.57.51:225][982]LogSlate: FSceneViewport::OnFocusLost() reason 0
[2019.06.12-23.57.54:388][117]LogEditorViewport: Clicking on Actor (LMB): SkeletalMeshActor (Flag251)
[2019.06.12-23.57.55:068][141]LogSlate: FSceneViewport::OnFocusLost() reason 0
[2019.06.12-23.57.57:967][263]LogEditorViewport: Clicking on Actor (LMB): SkeletalMeshActor (Flag248)
[2019.06.12-23.57.58:642][287]LogSlate: FSceneViewport::OnFocusLost() reason 0
[2019.06.12-23.58.02:997][467]LogEditorViewport: Clicking on Actor (LMB): SkeletalMeshActor (Flag252)
[2019.06.12-23.58.03:834][499]LogSlate: FSceneViewport::OnFocusLost() reason 0
[2019.06.12-23.58.07:064][634]LogEditorViewport: Clicking on Actor (LMB): SkeletalMeshActor (Flag244)
[2019.06.12-23.58.08:158][677]LogSlate: FSceneViewport::OnFocusLost() reason 0
[2019.06.12-23.58.11:009][799]LogEditorViewport: Clicking on Actor (LMB): SkeletalMeshActor (Flag245)
[2019.06.12-23.58.12:194][844]LogSlate: FSceneViewport::OnFocusLost() reason 0
[2019.06.12-23.58.18:842][108]LogEditorViewport: Clicking on Actor (LMB): SkeletalMeshActor (Flag264)
[2019.06.12-23.58.20:626][174]Cmd: DELETE
[2019.06.12-23.58.20:626][174]Cmd: ACTOR DELETE
[2019.06.12-23.58.20:710][174]LogEditorActor: Deleted Actor: SkeletalMeshActor
[2019.06.12-23.58.20:735][174]LogEditorActor: Deleted 1 Actors (0.110 secs)
[2019.06.12-23.58.21:662][209]LogSlate: FSceneViewport::OnFocusLost() reason 0
[2019.06.12-23.58.22:723][213]LogSlate: Window 'Save Content' being destroyed
[2019.06.12-23.58.23:176][213]Cmd: OBJ SAVEPACKAGE PACKAGE="/Game/Terrain/4/LakeLevelNew" FILE="C:/Users/Ivy/Documents/DiplomaGame/ClimbDemo/Content/Terrain/4/LakeLevelNew.umap" SILENT=true AUTOSAVING=false KEEPDIRTY=false
[2019.06.12-23.58.29:769][213]LogSavePackage: Moving 'C:/Users/Ivy/Documents/DiplomaGame/ClimbDemo/Saved/LakeLevelNew4556A17D47F8943D07994DA288F1F242.tmp' to 'C:/Users/Ivy/Documents/DiplomaGame/ClimbDemo/Content/Terrain/4/LakeLevelNew.umap'
[2019.06.12-23.58.29:890][213]LogFileHelpers: Saving map 'LakeLevelNew' took 7.130
[2019.06.12-23.58.48:177][720]LogEditorViewport: Clicking on Actor (LMB): SkeletalMeshActor (Flag306)
[2019.06.12-23.58.49:539][753]LogSlate: FSceneViewport::OnFocusLost() reason 0
[2019.06.12-23.58.53:876][957]LogEditorViewport: Clicking on Actor (LMB): SkeletalMeshActor (Flag306)
[2019.06.12-23.58.54:944][982]LogEditorViewport: Clicking on Actor (LMB): SkeletalMeshActor (Flag306)
[2019.06.12-23.58.57:460][ 46]LogSlate: FSceneViewport::OnFocusLost() reason 0
[2019.06.12-23.59.00:192][119]LogEditorViewport: Clicking on Actor (LMB): SkeletalMeshActor (Flag303)
[2019.06.12-23.59.01:523][151]LogSlate: FSceneViewport::OnFocusLost() reason 0
[2019.06.12-23.59.05:779][264]LogEditorViewport: Clicking on Actor (LMB): PhysicsVolume (PhysicsVolume6)
[2019.06.12-23.59.06:473][279]LogEditorViewport: Clicking on Actor (LMB): SkeletalMeshActor (Flag312)
[2019.06.12-23.59.07:665][307]LogSlate: FSceneViewport::OnFocusLost() reason 0
[2019.06.12-23.59.11:166][402]LogEditorViewport: Clicking on Actor (LMB): SkeletalMeshActor (Flag313)
[2019.06.12-23.59.12:453][434]LogSlate: FSceneViewport::OnFocusLost() reason 0
[2019.06.12-23.59.20:221][640]LogEditorViewport: Clicking on Actor (LMB): SkeletalMeshActor (Flag309)
[2019.06.12-23.59.23:509][725]LogEditorViewport: Clicking on Actor (LMB): SkeletalMeshActor (Flag310)
[2019.06.12-23.59.28:665][858]LogSlate: FSceneViewport::OnFocusLost() reason 0
[2019.06.12-23.59.32:061][949]LogEditorViewport: Clicking on Actor (LMB): SkeletalMeshActor (Flag308)
[2019.06.12-23.59.33:839][991]LogSlate: FSceneViewport::OnFocusLost() reason 0
[2019.06.12-23.59.36:769][ 69]LogEditorViewport: Clicking on Actor (LMB): SkeletalMeshActor (Flag311)
[2019.06.12-23.59.37:954][ 97]LogSlate: FSceneViewport::OnFocusLost() reason 0
[2019.06.12-23.59.40:817][173]LogEditorViewport: Clicking on Actor (LMB): SkeletalMeshActor (Flag304)
[2019.06.12-23.59.42:093][202]LogSlate: FSceneViewport::OnFocusLost() reason 0
[2019.06.12-23.59.45:394][289]LogEditorViewport: Clicking on Actor (LMB): SkeletalMeshActor (Flag305)
[2019.06.12-23.59.46:926][325]LogSlate: FSceneViewport::OnFocusLost() reason 0
[2019.06.12-23.59.51:743][455]LogEditorViewport: Clicking on Actor (LMB): SkeletalMeshActor (Flag309)
[2019.06.12-23.59.54:738][530]LogEditorViewport: Clicking on Actor (LMB): Landscape (Landscape)
[2019.06.12-23.59.55:331][543]LogEditorViewport: Clicking on Actor (LMB): SkeletalMeshActor (Flag318)
[2019.06.13-00.00.02:572][760]LogSlate: FSceneViewport::OnFocusLost() reason 0
[2019.06.13-00.00.14:848][265]LogEditorViewport: Clicking on Actor (LMB): SkeletalMeshActor (Flag317)
[2019.06.13-00.00.15:648][289]LogEditorViewport: Clicking on Actor (LMB): SkeletalMeshActor (Flag317)
[2019.06.13-00.00.17:119][333]LogSlate: FSceneViewport::OnFocusLost() reason 0
[2019.06.13-00.00.20:776][458]LogEditorViewport: Clicking on Actor (LMB): SkeletalMeshActor (Flag314)
[2019.06.13-00.00.21:731][486]LogSlate: FSceneViewport::OnFocusLost() reason 0
[2019.06.13-00.00.25:432][611]LogEditorViewport: Clicking on Actor (LMB): SkeletalMeshActor (Flag323)
[2019.06.13-00.00.26:315][636]LogSlate: FSceneViewport::OnFocusLost() reason 0
[2019.06.13-00.00.30:583][783]LogEditorViewport: Clicking on Actor (LMB): SkeletalMeshActor (Flag324)
[2019.06.13-00.00.31:547][811]LogSlate: FSceneViewport::OnFocusLost() reason 0
[2019.06.13-00.00.39:802][ 89]LogEditorViewport: Clicking on Actor (LMB): SkeletalMeshActor (Flag316)
[2019.06.13-00.00.40:807][119]LogSlate: FSceneViewport::OnFocusLost() reason 0
[2019.06.13-00.00.43:440][210]LogEditorViewport: Clicking on Actor (LMB): SkeletalMeshActor (Flag315)
[2019.06.13-00.00.45:636][277]LogSlate: FSceneViewport::OnFocusLost() reason 0
[2019.06.13-00.00.50:965][457]LogEditorViewport: Clicking on Actor (LMB): SkeletalMeshActor (Flag322)
[2019.06.13-00.00.51:881][484]LogSlate: FSceneViewport::OnFocusLost() reason 0
[2019.06.13-00.00.55:407][602]LogEditorViewport: Clicking on Actor (LMB): SkeletalMeshActor (Flag319)
[2019.06.13-00.00.56:263][627]LogSlate: FSceneViewport::OnFocusLost() reason 0
[2019.06.13-00.00.59:667][740]LogEditorViewport: Clicking on Actor (LMB): SkeletalMeshActor (Flag321)
[2019.06.13-00.01.01:072][780]LogSlate: FSceneViewport::OnFocusLost() reason 0
[2019.06.13-00.01.04:089][882]LogEditorViewport: Clicking on Actor (LMB): SkeletalMeshActor (Flag320)
[2019.06.13-00.01.04:934][906]LogSlate: FSceneViewport::OnFocusLost() reason 0
[2019.06.13-00.01.21:514][531]LogEditorViewport: Clicking on Actor (LMB): SkeletalMeshActor (Flag259)
[2019.06.13-00.01.22:909][585]LogSlate: FSceneViewport::OnFocusLost() reason 0
[2019.06.13-00.01.25:570][723]LogEditorViewport: Clicking on Actor (LMB): SkeletalMeshActor (Flag259)
[2019.06.13-00.01.27:755][808]LogSlate: FSceneViewport::OnFocusLost() reason 0
[2019.06.13-00.01.31:099][947]LogEditorViewport: Clicking on Actor (LMB): SkeletalMeshActor (Flag261)
[2019.06.13-00.01.31:966][978]LogSlate: FSceneViewport::OnFocusLost() reason 0
[2019.06.13-00.01.38:387][242]LogEditorViewport: Clicking on Actor (LMB): SkeletalMeshActor (Flag255)
[2019.06.13-00.01.39:621][285]LogSlate: FSceneViewport::OnFocusLost() reason 0
[2019.06.13-00.01.44:803][503]LogEditorViewport: Clicking on Actor (LMB): SkeletalMeshActor (Flag253)
[2019.06.13-00.01.46:020][547]LogSlate: FSceneViewport::OnFocusLost() reason 0
[2019.06.13-00.01.49:516][696]LogEditorViewport: Clicking on Actor (LMB): SkeletalMeshActor (Flag257)
[2019.06.13-00.01.50:934][756]LogSlate: FSceneViewport::OnFocusLost() reason 0
[2019.06.13-00.01.57:149][ 36]LogEditorViewport: Clicking on Actor (LMB): SkeletalMeshActor (Flag263)
[2019.06.13-00.01.58:654][ 96]LogSlate: FSceneViewport::OnFocusLost() reason 0
[2019.06.13-00.02.02:625][217]LogSlate: Window 'Save Content' being destroyed
[2019.06.13-00.02.03:131][217]Cmd: OBJ SAVEPACKAGE PACKAGE="/Game/Terrain/4/LakeLevelNew" FILE="C:/Users/Ivy/Documents/DiplomaGame/ClimbDemo/Content/Terrain/4/LakeLevelNew.umap" SILENT=true AUTOSAVING=false KEEPDIRTY=false
[2019.06.13-00.02.09:520][217]LogSavePackage: Moving 'C:/Users/Ivy/Documents/DiplomaGame/ClimbDemo/Saved/LakeLevelNew58A5CEB54E0137E2334FCBA782B6536E.tmp' to 'C:/Users/Ivy/Documents/DiplomaGame/ClimbDemo/Content/Terrain/4/LakeLevelNew.umap'
[2019.06.13-00.02.09:644][217]LogFileHelpers: Saving map 'LakeLevelNew' took 6.978
[2019.06.13-00.02.44:814][709]LogEditorViewport: Clicking on Actor (LMB): SkeletalMeshActor (Flag444)
[2019.06.13-00.02.45:978][735]LogSlate: FSceneViewport::OnFocusLost() reason 0
[2019.06.13-00.02.56:655][118]LogEditorViewport: Clicking on Actor (LMB): SkeletalMeshActor (Flag443)
[2019.06.13-00.02.58:279][153]LogSlate: FSceneViewport::OnFocusLost() reason 0
[2019.06.13-00.03.01:625][237]LogEditorViewport: Clicking on Actor (LMB): SkeletalMeshActor (Flag445)
[2019.06.13-00.03.03:782][285]LogSlate: FSceneViewport::OnFocusLost() reason 0
[2019.06.13-00.03.07:291][373]LogEditorViewport: Clicking on Actor (LMB): SkeletalMeshActor (Flag439)
[2019.06.13-00.03.08:752][403]LogSlate: FSceneViewport::OnFocusLost() reason 0
[2019.06.13-00.03.13:229][513]LogEditorViewport: Clicking on Actor (LMB): SkeletalMeshActor (Flag437)
[2019.06.13-00.03.14:330][536]LogSlate: FSceneViewport::OnFocusLost() reason 0
[2019.06.13-00.03.18:186][630]LogEditorViewport: Clicking on Actor (LMB): SkeletalMeshActor (Flag441)
[2019.06.13-00.03.18:959][646]LogSlate: FSceneViewport::OnFocusLost() reason 0
[2019.06.13-00.03.25:617][810]LogEditorViewport: Clicking on Actor (LMB): SkeletalMeshActor (Flag447)
[2019.06.13-00.03.26:929][837]LogSlate: FSceneViewport::OnFocusLost() reason 0
[2019.06.13-00.03.38:416][150]LogEditorViewport: Clicking on Actor (LMB): SkeletalMeshActor (Flag432)
[2019.06.13-00.03.39:522][177]LogSlate: FSceneViewport::OnFocusLost() reason 0
[2019.06.13-00.03.42:482][304]LogEditorViewport: Clicking on Actor (LMB): SkeletalMeshActor (Flag432)
[2019.06.13-00.03.46:973][422]Cmd: DELETE
[2019.06.13-00.03.46:973][422]Cmd: ACTOR DELETE
[2019.06.13-00.03.47:044][422]LogEditorActor: Deleted Actor: SkeletalMeshActor
[2019.06.13-00.03.47:072][422]LogEditorActor: Deleted 1 Actors (0.099 secs)
[2019.06.13-00.03.54:769][627]LogEditorViewport: Clicking on Actor (LMB): SkeletalMeshActor (Flag430)
[2019.06.13-00.03.55:615][646]LogSlate: FSceneViewport::OnFocusLost() reason 0
[2019.06.13-00.04.00:235][783]LogEditorViewport: Clicking on Actor (LMB): SkeletalMeshActor (Flag426)
[2019.06.13-00.04.01:255][807]LogSlate: FSceneViewport::OnFocusLost() reason 0
[2019.06.13-00.04.04:016][881]LogEditorViewport: Clicking on Actor (LMB): SkeletalMeshActor (Flag429)
[2019.06.13-00.04.05:199][908]LogSlate: FSceneViewport::OnFocusLost() reason 0
[2019.06.13-00.04.07:930][981]LogEditorViewport: Clicking on Actor (LMB): SkeletalMeshActor (Flag428)
[2019.06.13-00.04.08:881][  4]LogEditorViewport: Clicking on Actor (LMB): SkeletalMeshActor (Flag434)
[2019.06.13-00.04.10:764][ 49]LogSlate: FSceneViewport::OnFocusLost() reason 0
[2019.06.13-00.04.13:820][131]LogEditorViewport: Clicking on Actor (LMB): SkeletalMeshActor (Flag431)
[2019.06.13-00.04.14:615][149]LogSlate: FSceneViewport::OnFocusLost() reason 0
[2019.06.13-00.04.17:570][227]LogEditorViewport: Clicking on Actor (LMB): SkeletalMeshActor (Flag433)
[2019.06.13-00.04.19:036][262]LogSlate: FSceneViewport::OnFocusLost() reason 0
[2019.06.13-00.04.25:536][406]LogSlate: Window 'Save Content' being destroyed
[2019.06.13-00.04.26:024][406]Cmd: OBJ SAVEPACKAGE PACKAGE="/Game/Terrain/4/LakeLevelNew" FILE="C:/Users/Ivy/Documents/DiplomaGame/ClimbDemo/Content/Terrain/4/LakeLevelNew.umap" SILENT=true AUTOSAVING=false KEEPDIRTY=false
[2019.06.13-00.04.32:436][406]LogSavePackage: Moving 'C:/Users/Ivy/Documents/DiplomaGame/ClimbDemo/Saved/LakeLevelNew66B0022A4C8D2B6918B9DDAB8F9A1CD7.tmp' to 'C:/Users/Ivy/Documents/DiplomaGame/ClimbDemo/Content/Terrain/4/LakeLevelNew.umap'
[2019.06.13-00.04.32:554][406]LogFileHelpers: Saving map 'LakeLevelNew' took 6.979
[2019.06.13-00.04.49:416][998]LogEditorViewport: Clicking on Actor (LMB): Landscape (Landscape)
[2019.06.13-00.04.49:896][ 15]LogEditorViewport: Clicking on Actor (LMB): SkeletalMeshActor (Flag382)
[2019.06.13-00.04.51:123][ 61]LogSlate: FSceneViewport::OnFocusLost() reason 0
[2019.06.13-00.04.53:971][206]LogEditorViewport: Clicking on Actor (LMB): SkeletalMeshActor (Flag382)
[2019.06.13-00.04.55:390][259]LogSlate: FSceneViewport::OnFocusLost() reason 0
[2019.06.13-00.04.59:082][406]LogEditorViewport: Clicking on Actor (LMB): SkeletalMeshActor (Flag381)
[2019.06.13-00.04.59:731][429]LogEditorViewport: Clicking on Actor (LMB): SkeletalMeshActor (Flag377)
[2019.06.13-00.05.00:371][452]LogEditorViewport: Clicking on Actor (LMB): SkeletalMeshActor (Flag384)
[2019.06.13-00.05.02:121][517]LogSlate: FSceneViewport::OnFocusLost() reason 0
[2019.06.13-00.05.05:648][657]LogEditorViewport: Clicking on Actor (LMB): SkeletalMeshActor (Flag378)
[2019.06.13-00.05.06:824][699]LogSlate: FSceneViewport::OnFocusLost() reason 0
[2019.06.13-00.05.09:863][820]LogEditorViewport: Clicking on Actor (LMB): SkeletalMeshActor (Flag376)
[2019.06.13-00.05.13:843][970]LogSlate: FSceneViewport::OnFocusLost() reason 0
[2019.06.13-00.05.16:943][ 94]LogEditorViewport: Clicking on Actor (LMB): SkeletalMeshActor (Flag380)
[2019.06.13-00.05.19:861][202]LogSlate: FSceneViewport::OnFocusLost() reason 0
[2019.06.13-00.05.24:266][374]LogEditorViewport: Clicking on Actor (LMB): SkeletalMeshActor (Flag386)
[2019.06.13-00.05.25:290][408]LogSlate: FSceneViewport::OnFocusLost() reason 0
[2019.06.13-00.05.31:924][663]LogSlate: FSceneViewport::OnFocusLost() reason 0
[2019.06.13-00.05.32:783][665]LogSlate: Window 'Save Content' being destroyed
[2019.06.13-00.05.33:225][665]Cmd: OBJ SAVEPACKAGE PACKAGE="/Game/Terrain/4/LakeLevelNew" FILE="C:/Users/Ivy/Documents/DiplomaGame/ClimbDemo/Content/Terrain/4/LakeLevelNew.umap" SILENT=true AUTOSAVING=false KEEPDIRTY=false
[2019.06.13-00.05.39:718][665]LogSavePackage: Moving 'C:/Users/Ivy/Documents/DiplomaGame/ClimbDemo/Saved/LakeLevelNew5526AC4946B632A40084CE873A60A99D.tmp' to 'C:/Users/Ivy/Documents/DiplomaGame/ClimbDemo/Content/Terrain/4/LakeLevelNew.umap'
[2019.06.13-00.05.39:825][665]LogFileHelpers: Saving map 'LakeLevelNew' took 7.002
[2019.06.13-00.05.52:700][ 47]LogEditorViewport: Clicking on Actor (LMB): StaticMeshActor (tall_tree_13)
[2019.06.13-00.05.55:351][115]LogSlate: FSceneViewport::OnFocusLost() reason 0
[2019.06.13-00.05.57:610][177]LogActorFactory: Actor Factory created tall_tree_2
[2019.06.13-00.06.02:007][295]LogActorFactory: Actor Factory created tall_tree_2
[2019.06.13-00.06.28:092][219]LogEditorViewport: Clicking on Actor (LMB): StaticMeshActor (Cube17)
[2019.06.13-00.06.30:982][316]LogSlate: FSceneViewport::OnFocusLost() reason 0
[2019.06.13-00.06.31:863][319]LogSlate: Window 'Save Content' being destroyed
[2019.06.13-00.06.32:345][319]Cmd: OBJ SAVEPACKAGE PACKAGE="/Game/Terrain/4/LakeLevelNew" FILE="C:/Users/Ivy/Documents/DiplomaGame/ClimbDemo/Content/Terrain/4/LakeLevelNew.umap" SILENT=true AUTOSAVING=false KEEPDIRTY=false
[2019.06.13-00.06.38:730][319]LogSavePackage: Moving 'C:/Users/Ivy/Documents/DiplomaGame/ClimbDemo/Saved/LakeLevelNewB238D43944794EF3F77BF8B17DBC57A6.tmp' to 'C:/Users/Ivy/Documents/DiplomaGame/ClimbDemo/Content/Terrain/4/LakeLevelNew.umap'
[2019.06.13-00.06.38:839][319]LogFileHelpers: Saving map 'LakeLevelNew' took 6.933
