Log file open, 05/12/19 21:57:14
LogWindows: Failed to load 'aqProf.dll' (GetLastError=126)
LogWindows: File 'aqProf.dll' does not exist
LogWindows: Failed to load 'VSPerf140.dll' (GetLastError=126)
LogWindows: File 'VSPerf140.dll' does not exist
LogWindows: Failed to load 'VtuneApi.dll' (GetLastError=126)
LogWindows: File 'VtuneApi.dll' does not exist
LogWindows: Failed to load 'VtuneApi32e.dll' (GetLastError=126)
LogWindows: File 'VtuneApi32e.dll' does not exist
LogInit: Display: Running engine for game: ClimbDemo
LogPlatformFile: Not using cached read wrapper
LogTaskGraph: Started task graph with 5 named threads and 23 total threads with 3 sets of task threads.
LogStats: Stats thread started at 0.398179
LogD3D11RHI: Loaded GFSDK_Aftermath_Lib.x64.dll
LogICUInternationalization: Display: ICU TimeZone Detection - Raw Offset: +8:00, Platform Override: ''
LogPluginManager: Mounting plugin Paper2D
LogPluginManager: Mounting plugin AISupport
LogPluginManager: Mounting plugin LightPropagationVolume
LogPluginManager: Mounting plugin CLionSourceCodeAccess
LogPluginManager: Mounting plugin CodeLiteSourceCodeAccess
LogPluginManager: Mounting plugin GitSourceControl
LogPluginManager: Mounting plugin KDevelopSourceCodeAccess
LogPluginManager: Mounting plugin NullSourceCodeAccess
LogPluginManager: Mounting plugin PerforceSourceControl
LogPluginManager: Mounting plugin SubversionSourceControl
LogPluginManager: Mounting plugin UObjectPlugin
LogPluginManager: Mounting plugin VisualStudioCodeSourceCodeAccess
LogPluginManager: Mounting plugin VisualStudioSourceCodeAccess
LogPluginManager: Mounting plugin XCodeSourceCodeAccess
LogPluginManager: Mounting plugin AssetManagerEditor
LogPluginManager: Mounting plugin CryptoKeys
LogPluginManager: Mounting plugin DataValidation
LogPluginManager: Mounting plugin FacialAnimation
LogPluginManager: Mounting plugin GameplayTagsEditor
LogPluginManager: Mounting plugin MacGraphicsSwitching
LogPluginManager: Mounting plugin MeshEditor
LogPluginManager: Mounting plugin MobileLauncherProfileWizard
LogPluginManager: Mounting plugin PluginBrowser
LogPluginManager: Mounting plugin SpeedTreeImporter
LogPluginManager: Mounting plugin DatasmithContent
LogPluginManager: Mounting plugin AlembicImporter
LogPluginManager: Mounting plugin AppleImageUtils
LogPluginManager: Mounting plugin AppleVision
LogPluginManager: Mounting plugin BackChannel
LogPluginManager: Mounting plugin CharacterAI
LogPluginManager: Mounting plugin GeometryCache
LogPluginManager: Mounting plugin HTML5Networking
LogPluginManager: Mounting plugin ProxyLODPlugin
LogPluginManager: Mounting plugin MagicLeap
LogPluginManager: Mounting plugin MagicLeapEmulator
LogPluginManager: Mounting plugin MagicLeapMedia
LogPluginManager: Mounting plugin AndroidMedia
LogPluginManager: Mounting plugin AvfMedia
LogPluginManager: Mounting plugin ImgMedia
LogPluginManager: Mounting plugin LinearTimecode
LogPluginManager: Mounting plugin MediaCompositing
LogPluginManager: Mounting plugin MediaPlayerEditor
LogPluginManager: Mounting plugin WmfMedia
LogPluginManager: Mounting plugin TcpMessaging
LogPluginManager: Mounting plugin UdpMessaging
LogPluginManager: Mounting plugin ActorSequence
LogPluginManager: Mounting plugin LevelSequenceEditor
LogPluginManager: Mounting plugin MatineeToLevelSequence
LogPluginManager: Mounting plugin NetcodeUnitTest
LogPluginManager: Mounting plugin NUTUnrealEngine4
LogPluginManager: Mounting plugin OnlineSubsystemGooglePlay
LogPluginManager: Mounting plugin OnlineSubsystemIOS
LogPluginManager: Mounting plugin OnlineSubsystem
LogPluginManager: Mounting plugin OnlineSubsystemNull
LogPluginManager: Mounting plugin OnlineSubsystemUtils
LogPluginManager: Mounting plugin LauncherChunkInstaller
LogPluginManager: Mounting plugin AndroidDeviceProfileSelector
LogPluginManager: Mounting plugin AndroidMoviePlayer
LogPluginManager: Mounting plugin AndroidPermission
LogPluginManager: Mounting plugin AppleMoviePlayer
LogPluginManager: Mounting plugin ArchVisCharacter
LogPluginManager: Mounting plugin AudioCapture
LogPluginManager: Mounting plugin CableComponent
LogPluginManager: Mounting plugin CustomMeshComponent
LogPluginManager: Mounting plugin EditableMesh
LogPluginManager: Mounting plugin ExampleDeviceProfileSelector
LogPluginManager: Mounting plugin GoogleCloudMessaging
LogPluginManager: Mounting plugin HoudiniEngine
LogPluginManager: Mounting plugin ImmediatePhysics
LogPluginManager: Mounting plugin IOSDeviceProfileSelector
LogPluginManager: Mounting plugin LinuxDeviceProfileSelector
LogPluginManager: Mounting plugin LocationServicesBPLibrary
LogPluginManager: Mounting plugin MobilePatchingUtils
LogPluginManager: Mounting plugin OculusVR
LogPluginManager: Plugin shader directory ../../../Engine/Plugins/Runtime/Oculus/OculusVR/Shaders found
LogPluginManager: Mapping shader source directory ../../../Engine/Plugins/Runtime/Oculus/OculusVR/Shaders to virtual directory /Plugin/OculusVR
LogPluginManager: Mounting plugin PhysXVehicles
LogPluginManager: Mounting plugin ProceduralMeshComponent
LogPluginManager: Mounting plugin RuntimePhysXCooking
LogPluginManager: Mounting plugin SteamVR
LogPluginManager: Mounting plugin WindowsMoviePlayer
LogStreaming: Display: Took  0.436s to configure plugins.
LogInit: Using libcurl 7.55.1-DEV
LogInit:  - built for x86_64-pc-win32
LogInit:  - supports SSL with OpenSSL/1.0.2h
LogInit:  - supports HTTP deflate (compression) using libz 1.2.8
LogInit:  - other features:
LogInit:      CURL_VERSION_SSL
LogInit:      CURL_VERSION_LIBZ
LogInit:      CURL_VERSION_IPV6
LogInit:      CURL_VERSION_ASYNCHDNS
LogInit:      CURL_VERSION_LARGEFILE
LogInit:      CURL_VERSION_IDN
LogInit:  CurlRequestOptions (configurable via config and command line):
LogInit:  - bVerifyPeer = false  - Libcurl will NOT verify peer certificate
LogInit:  - bUseHttpProxy = false  - Libcurl will NOT use HTTP proxy
LogInit:  - bDontReuseConnections = false  - Libcurl will reuse connections
LogInit:  - CertBundlePath = nullptr  - Libcurl will use whatever was configured at build time.
LogInit:  - MaxHostConnections = 16  - Libcurl will limit the number of connections to a host
LogInit:  - LocalHostAddr = Default
LogInit:  - BufferSize = 65536
LogInit: WinSock: version 1.1 (2.2), MaxSocks=32767, MaxUdp=65467
LogHMD: Failed initializing OVRPlugin 1.25.0
LogInit: Build: ++UE4+Release-4.20-CL-4369336
LogInit: Engine Version: 4.20.3-4369336+++UE4+Release-4.20
LogInit: Compatible Engine Version: 4.20.0-4212847+++UE4+Release-4.20
LogInit: Net CL: 4212847
LogInit: OS: Windows 10 (), CPU: Intel(R) Core(TM) i7-7700HQ CPU @ 2.80GHz, GPU: Intel(R) HD Graphics 630
LogInit: Compiled (64-bit): Sep 17 2018 12:26:19
LogInit: Compiled with Visual C++: 19.13.26129.00
LogInit: Build Configuration: Development
LogInit: Branch Name: ++UE4+Release-4.20
LogInit: Command Line:  
LogInit: Base Directory: D:/Program Files/Epic Games/UE_4.20/Engine/Binaries/Win64/
LogInit: Installed Engine Build: 1
LogDevObjectVersion: Number of dev versions registered: 20
LogDevObjectVersion:   Dev-Blueprints (B0D832E4-1F89-4F0D-ACCF-7EB736FD4AA2): 10
LogDevObjectVersion:   Dev-Build (E1C64328-A22C-4D53-A36C-8E866417BD8C): 0
LogDevObjectVersion:   Dev-Core (375EC13C-06E4-48FB-B500-84F0262A717E): 2
LogDevObjectVersion:   Dev-Editor (E4B068ED-F494-42E9-A231-DA0B2E46BB41): 24
LogDevObjectVersion:   Dev-Framework (CFFC743F-43B0-4480-9391-14DF171D2073): 34
LogDevObjectVersion:   Dev-Mobile (B02B49B5-BB20-44E9-A304-32B752E40360): 2
LogDevObjectVersion:   Dev-Networking (A4E4105C-59A1-49B5-A7C5-40C4547EDFEE): 0
LogDevObjectVersion:   Dev-Online (39C831C9-5AE6-47DC-9A44-9C173E1C8E7C): 0
LogDevObjectVersion:   Dev-Physics (78F01B33-EBEA-4F98-B9B4-84EACCB95AA2): 0
LogDevObjectVersion:   Dev-Platform (6631380F-2D4D-43E0-8009-CF276956A95A): 0
LogDevObjectVersion:   Dev-Rendering (12F88B9F-8875-4AFC-A67C-D90C383ABD29): 26
LogDevObjectVersion:   Dev-Sequencer (7B5AE74C-D270-4C10-A958-57980B212A5A): 9
LogDevObjectVersion:   Dev-VR (D7296918-1DD6-4BDD-9DE2-64A83CC13884): 2
LogDevObjectVersion:   Dev-LoadTimes (C2A15278-BFE7-4AFE-6C17-90FF531DF755): 1
LogDevObjectVersion:   Private-Geometry (6EACA3D4-40EC-4CC1-B786-8BED09428FC5): 3
LogDevObjectVersion:   Dev-AnimPhys (29E575DD-E0A3-4627-9D10-D276232CDCEA): 17
LogDevObjectVersion:   Dev-ReflectionCapture (6B266CEC-1EC7-4B8F-A30B-E4D90942FC07): 1
LogDevObjectVersion:   Dev-Automation (0DF73D61-A23F-47EA-B727-89E90C41499A): 1
LogDevObjectVersion:   FortniteMain (601D1886-AC64-4F84-AA16-D3DE0DEAC7D6): 12
LogDevObjectVersion:   Dev-Enterprise (9DFFBCD6-494F-0158-E221-12823C92A888): 1
LogStreaming: Display: Took  0.000s to delete old logs.
LogInit: Presizing for max 8388607 objects, including 0 objects not considered by GC, pre-allocating 0 bytes for permanent pool.
LogInit: Object subsystem initialized
[2019.05.12-13.57.15:871][  0]LogInit: Selected Device Profile: [Windows]
[2019.05.12-13.57.15:871][  0]LogInit: Applying CVar settings loaded from the selected device profile: [Windows]
[2019.05.12-13.57.15:913][  0]LogHAL: Display: Platform has ~ 16 GB [17046654976 / 17179869184 / 16], which maps to Larger [LargestMinGB=32, LargerMinGB=12, DefaultMinGB=8, SmallerMinGB=6, SmallestMinGB=0)
[2019.05.12-13.57.15:913][  0]LogInit: Setting Device Profile CVar: [[r.Vulkan.UseRealUBs:1]]
[2019.05.12-13.57.15:913][  0]LogInit: Going up to parent DeviceProfile []
[2019.05.12-13.57.15:924][  0]LogInit: Computer: DESKTOP-UHKKT41
[2019.05.12-13.57.15:925][  0]LogInit: User: Ivy
[2019.05.12-13.57.15:925][  0]LogInit: CPU Page size=4096, Cores=4
[2019.05.12-13.57.15:925][  0]LogInit: High frequency timer resolution =2.742192 MHz
[2019.05.12-13.57.15:925][  0]LogMemory: Memory total: Physical=15.9GB (16GB approx)
[2019.05.12-13.57.15:925][  0]LogMemory: Platform Memory Stats for Windows
[2019.05.12-13.57.15:925][  0]LogMemory: Process Physical Memory: 102.51 MB used, 102.51 MB peak
[2019.05.12-13.57.15:925][  0]LogMemory: Process Virtual Memory: 94.36 MB used, 94.36 MB peak
[2019.05.12-13.57.15:925][  0]LogMemory: Physical Memory: 6362.00 MB used,  9894.95 MB free, 16256.96 MB total
[2019.05.12-13.57.15:925][  0]LogMemory: Virtual Memory: 4655.39 MB used,  9894.95 MB free, 134217728.00 MB total
[2019.05.12-13.57.16:605][  0]LogInit: Overriding language with editor language configuration option (en).
[2019.05.12-13.57.16:605][  0]LogInit: Overriding locale with editor locale configuration option (en).
[2019.05.12-13.57.18:379][  0]LogStreaming: Display: Took  1.774s to InitEngineTextLocalization.
[2019.05.12-13.57.18:380][  0]LogInit: Setting process to per monitor DPI aware
[2019.05.12-13.57.19:352][  0]LogSlate: New Slate User Created.  User Index 0, Is Virtual User: 0
[2019.05.12-13.57.19:352][  0]LogSlate: Slate User Registered.  User Index 0, Is Virtual User: 0
[2019.05.12-13.57.20:048][  0]LogHMD: Failed to initialize OpenVR with code 110
[2019.05.12-13.57.20:048][  0]LogD3D11RHI: D3D11 adapters:
[2019.05.12-13.57.20:164][  0]LogD3D11RHI:    0. 'NVIDIA GeForce GTX 1070' (Feature Level 11_0)
[2019.05.12-13.57.20:164][  0]LogD3D11RHI:       8089/0/8128 MB DedicatedVideo/DedicatedSystem/SharedSystem, Outputs:1, VendorId:0x10de
[2019.05.12-13.57.20:180][  0]LogD3D11RHI:    1. 'Intel(R) HD Graphics 630' (Feature Level 11_0)
[2019.05.12-13.57.20:180][  0]LogD3D11RHI:       128/0/8128 MB DedicatedVideo/DedicatedSystem/SharedSystem, Outputs:0, VendorId:0x8086
[2019.05.12-13.57.20:183][  0]LogD3D11RHI:    2. 'Microsoft Basic Render Driver' (Feature Level 11_0)
[2019.05.12-13.57.20:183][  0]LogD3D11RHI:       0/0/8128 MB DedicatedVideo/DedicatedSystem/SharedSystem, Outputs:0, VendorId:0x1414
[2019.05.12-13.57.20:183][  0]LogD3D11RHI: Chosen D3D11 Adapter: 0
[2019.05.12-13.57.20:220][  0]LogD3D11RHI: Creating new Direct3DDevice
[2019.05.12-13.57.20:220][  0]LogD3D11RHI:     GPU DeviceId: 0x1ba1 (for the marketing name, search the web for "GPU Device Id")
[2019.05.12-13.57.20:220][  0]LogWindows: EnumDisplayDevices:
[2019.05.12-13.57.20:221][  0]LogWindows:    0. 'Intel(R) HD Graphics 630' (P:1 D:1)
[2019.05.12-13.57.20:222][  0]LogWindows:    1. 'Intel(R) HD Graphics 630' (P:0 D:0)
[2019.05.12-13.57.20:223][  0]LogWindows:    2. 'Intel(R) HD Graphics 630' (P:0 D:0)
[2019.05.12-13.57.20:225][  0]LogWindows:    3. 'NVIDIA GeForce GTX 1070' (P:0 D:0)
[2019.05.12-13.57.20:226][  0]LogWindows:    4. 'NVIDIA GeForce GTX 1070' (P:0 D:0)
[2019.05.12-13.57.20:227][  0]LogWindows:    5. 'NVIDIA GeForce GTX 1070' (P:0 D:0)
[2019.05.12-13.57.20:228][  0]LogWindows:    6. 'NVIDIA GeForce GTX 1070' (P:0 D:0)
[2019.05.12-13.57.20:230][  0]LogWindows: DebugString: PrimaryIsNotTheChoosenAdapter PrimaryIsNotTheChoosenAdapter PrimaryIsNotTheChoosenAdapter FoundDriverCount:4 
[2019.05.12-13.57.20:230][  0]LogD3D11RHI:     Adapter Name: NVIDIA GeForce GTX 1070
[2019.05.12-13.57.20:230][  0]LogD3D11RHI:   Driver Version: 389.12 (internal:23.21.13.8912, unified:389.12)
[2019.05.12-13.57.20:230][  0]LogD3D11RHI:      Driver Date: 3-7-2018
[2019.05.12-13.57.20:230][  0]LogRHI: Texture pool is 5662 MB (70% of 8089 MB)
[2019.05.12-13.57.20:279][  0]LogD3D11RHI: Async texture creation enabled
[2019.05.12-13.57.20:292][  0]LogD3D11RHI: GPU Timing Frequency: 1000.000000 (Debug: 2 1)
[2019.05.12-13.57.20:294][  0]LogShaderCompilers: Guid format shader working directory is -1 characters bigger than the processId version (C:/Users/Ivy/Documents/DiplomaGame/ClimbDemo/Intermediate/Shaders/WorkingDirectory/18876/).
[2019.05.12-13.57.20:295][  0]LogShaderCompilers: Cleaned the shader compiler working directory 'C:/Users/Ivy/AppData/Local/Temp/UnrealShaderWorkingDir/69AA01944E1115A5D197C7BA1641A32B/'.
[2019.05.12-13.57.21:168][  0]LogTemp: Display: Loaded TP AllDesktopTargetPlatform
[2019.05.12-13.57.21:193][  0]LogTemp: Display: Loaded TP MacClientTargetPlatform
[2019.05.12-13.57.21:219][  0]LogTemp: Display: Loaded TP MacNoEditorTargetPlatform
[2019.05.12-13.57.21:240][  0]LogTemp: Display: Loaded TP MacServerTargetPlatform
[2019.05.12-13.57.21:277][  0]LogTemp: Display: Loaded TP MacTargetPlatform
[2019.05.12-13.57.21:307][  0]LogTemp: Display: Loaded TP WindowsClientTargetPlatform
[2019.05.12-13.57.21:328][  0]LogTemp: Display: Loaded TP WindowsNoEditorTargetPlatform
[2019.05.12-13.57.21:393][  0]LogTemp: Display: Loaded TP WindowsServerTargetPlatform
[2019.05.12-13.57.21:403][  0]LogTemp: Display: Loaded TP WindowsTargetPlatform
[2019.05.12-13.57.21:545][  0]LogTemp: Display: Loaded TP AndroidTargetPlatform
[2019.05.12-13.57.21:545][  0]LogTemp: Display: Loaded TP AndroidTargetPlatform
[2019.05.12-13.57.21:545][  0]LogTemp: Display: Loaded TP AndroidTargetPlatform
[2019.05.12-13.57.21:545][  0]LogTemp: Display: Loaded TP AndroidTargetPlatform
[2019.05.12-13.57.21:545][  0]LogTemp: Display: Loaded TP AndroidTargetPlatform
[2019.05.12-13.57.21:545][  0]LogTemp: Display: Loaded TP AndroidTargetPlatform
[2019.05.12-13.57.21:545][  0]LogTemp: Display: Loaded TP AndroidTargetPlatform
[2019.05.12-13.57.21:545][  0]LogTemp: Display: Loaded TP AndroidTargetPlatform
[2019.05.12-13.57.21:545][  0]LogTemp: Display: Loaded TP AndroidTargetPlatform
[2019.05.12-13.57.21:545][  0]LogTemp: Display: Loaded TP AndroidTargetPlatform
[2019.05.12-13.57.21:545][  0]LogTemp: Display: Loaded TP AndroidTargetPlatform
[2019.05.12-13.57.21:545][  0]LogTemp: Display: Loaded TP AndroidTargetPlatform
[2019.05.12-13.57.21:545][  0]LogTemp: Display: Loaded TP AndroidTargetPlatform
[2019.05.12-13.57.21:545][  0]LogTemp: Display: Loaded TP AndroidTargetPlatform
[2019.05.12-13.57.21:545][  0]LogTemp: Display: Loaded TP AndroidTargetPlatform
[2019.05.12-13.57.21:545][  0]LogTemp: Display: Loaded TP AndroidTargetPlatform
[2019.05.12-13.57.21:545][  0]LogTemp: Display: Loaded TP AndroidTargetPlatform
[2019.05.12-13.57.21:545][  0]LogTemp: Display: Loaded TP AndroidTargetPlatform
[2019.05.12-13.57.21:572][  0]LogTemp: Display: Loaded TP HTML5TargetPlatform
[2019.05.12-13.57.21:684][  0]LogTemp: Display: Loaded TP IOSTargetPlatform
[2019.05.12-13.57.21:684][  0]LogTemp: Display: Loaded TP IOSTargetPlatform
[2019.05.12-13.57.21:713][  0]LogTemp: Display: Loaded TP TVOSTargetPlatform
[2019.05.12-13.57.21:713][  0]LogTemp: Display: Loaded TP TVOSTargetPlatform
[2019.05.12-13.57.21:746][  0]LogTemp: Display: Loaded TP LinuxClientTargetPlatform
[2019.05.12-13.57.21:762][  0]LogTemp: Display: Loaded TP LinuxNoEditorTargetPlatform
[2019.05.12-13.57.21:791][  0]LogTemp: Display: Loaded TP LinuxServerTargetPlatform
[2019.05.12-13.57.21:828][  0]LogTemp: Display: Loaded TP LinuxTargetPlatform
[2019.05.12-13.57.21:840][  0]LogTemp: Display: Loaded TP LuminTargetPlatform
[2019.05.12-13.57.21:840][  0]LogTargetPlatformManager: Display: Building Assets For Windows
[2019.05.12-13.57.22:221][  0]LogXGEController: Cannot use XGE Controller as Incredibuild is not installed on this machine.
[2019.05.12-13.57.22:221][  0]LogShaderCompilers: Cannot use XGE Shader Compiler as Incredibuild is not installed on this machine.
[2019.05.12-13.57.22:221][  0]LogShaderCompilers: Display: Using Local Shader Compiler.
[2019.05.12-13.57.23:641][  0]LogDerivedDataCache: Display: Max Cache Size: 512 MB
[2019.05.12-13.57.24:024][  0]LogDerivedDataCache: Loaded boot cache 0.38s 71MB C:/Users/Ivy/AppData/Local/UnrealEngine/4.20/DerivedDataCache/Boot.ddc.
[2019.05.12-13.57.24:025][  0]LogDerivedDataCache: Display: Loaded Boot cache: C:/Users/Ivy/AppData/Local/UnrealEngine/4.20/DerivedDataCache/Boot.ddc
[2019.05.12-13.57.24:025][  0]LogDerivedDataCache: FDerivedDataBackendGraph:  Pak pak cache file C:/Users/Ivy/Documents/DiplomaGame/ClimbDemo/DerivedDataCache/DDC.ddp not found, will not use a pak cache.
[2019.05.12-13.57.24:025][  0]LogDerivedDataCache: Unable to find inner node Pak for hierarchical cache Hierarchy.
[2019.05.12-13.57.24:025][  0]LogDerivedDataCache: FDerivedDataBackendGraph:  CompressedPak pak cache file C:/Users/Ivy/Documents/DiplomaGame/ClimbDemo/DerivedDataCache/Compressed.ddp not found, will not use a pak cache.
[2019.05.12-13.57.24:025][  0]LogDerivedDataCache: Unable to find inner node CompressedPak for hierarchical cache Hierarchy.
[2019.05.12-13.57.24:063][  0]LogDerivedDataCache: Display: Pak cache opened for reading ../../../Engine/DerivedDataCache/Compressed.ddp.
[2019.05.12-13.57.24:082][  0]LogDerivedDataCache: Using Local data cache path C:/Users/Ivy/AppData/Local/UnrealEngine/Common/DerivedDataCache: Writable
[2019.05.12-13.57.24:082][  0]LogDerivedDataCache: Shared data cache path not found in *engine.ini, will not use an Shared cache.
[2019.05.12-13.57.24:082][  0]LogDerivedDataCache: Unable to find inner node Shared for hierarchical cache Hierarchy.
[2019.05.12-13.57.24:103][  0]LogMaterial: Verifying Global Shaders for PCD3D_SM5
[2019.05.12-13.57.24:106][  0]LogSlate: Using FreeType 2.6.0
[2019.05.12-13.57.24:119][  0]LogSlate: SlateFontServices - WITH_FREETYPE: 1, WITH_HARFBUZZ: 1
[2019.05.12-13.57.24:365][  0]LogAssetRegistry: FAssetRegistry took 0.0271 seconds to start up
[2019.05.12-13.57.25:151][  0]LogInit: Selected Device Profile: [Windows]
[2019.05.12-13.57.25:924][  0]LogSimplygon: Simplygon DLL not present - disabling.
[2019.05.12-13.57.26:120][  0]LogMeshReduction: Using SimplygonSwarm for distributed automatic mesh merging
[2019.05.12-13.57.26:120][  0]LogMeshReduction: Using ProxyLODMeshReduction for automatic mesh merging
[2019.05.12-13.57.26:120][  0]LogMeshReduction: Using QuadricMeshReduction for automatic static mesh reduction
[2019.05.12-13.57.26:120][  0]LogMeshReduction: No automatic skeletal mesh reduction module available
[2019.05.12-13.57.26:141][  0]LogNetVersion: ClimbDemo 1.0.0, NetCL: 4212847, EngineNetVer: 5, GameNetVer: 0 (Checksum: 2394580764)
[2019.05.12-13.57.27:253][  0]LogPackageLocalizationCache: Processed 12 localized package path(s) for 1 prioritized culture(s) in 0.218604 seconds
[2019.05.12-13.57.27:262][  0]LogUObjectArray: 38425 objects as part of root set at end of initial load.
[2019.05.12-13.57.27:262][  0]LogUObjectAllocator: 6690872 out of 0 bytes used by permanent object pool.
[2019.05.12-13.57.27:262][  0]LogUObjectArray: CloseDisregardForGC: 0/0 objects in disregard for GC pool
[2019.05.12-13.57.35:274][  0]LogTcpMessaging: Initializing TcpMessaging bridge
[2019.05.12-13.57.35:306][  0]LogUdpMessaging: Initializing bridge on interface 0.0.0.0:0 to multicast group 230.0.0.1:6666.
[2019.05.12-13.57.35:899][  0]SourceControl: Source control is disabled
[2019.05.12-13.57.35:900][  0]SourceControl: Source control is disabled
[2019.05.12-13.57.35:937][  0]SourceControl: Source control is disabled
[2019.05.12-13.57.35:952][  0]SourceControl: Source control is disabled
[2019.05.12-13.57.36:919][  0]LogAndroidPermission: UAndroidPermissionCallbackProxy::GetInstance
[2019.05.12-13.57.37:306][  0]LogHoudiniEngine: Starting the Houdini Engine module.
[2019.05.12-13.57.37:324][  0]LogHoudiniEngine: Loaded libHAPIL.dll from Registry path D:/Program Files/Side Effects Software/Houdini 17.0.416/bin
[2019.05.12-13.57.37:325][  0]LogLinker: Warning: Asset '../../Plugins/Runtime/HoudiniEngine/Content/houdini_logo.uasset' has been saved with empty engine version. The asset will be loaded but may be incompatible.
[2019.05.12-13.57.37:338][  0]LogLinker: Warning: Asset '../../Plugins/Runtime/HoudiniEngine/Content/houdini_default_material.uasset' has been saved with empty engine version. The asset will be loaded but may be incompatible.
[2019.05.12-13.57.37:343][  0]LogLinker: Warning: Asset '../../Plugins/Runtime/HoudiniEngine/Content/houdini_bgeo_import.uasset' has been saved with empty engine version. The asset will be loaded but may be incompatible.
[2019.05.12-13.57.47:457][  0]LogHoudiniEngine: Successfully intialized the Houdini Engine API module.
[2019.05.12-13.57.47:683][  0]LogOcInput: OculusInput pre-init called
[2019.05.12-13.57.47:895][  0]LogEngine: Initializing Engine...
[2019.05.12-13.57.47:981][  0]LogHMD: Failed to initialize OpenVR with code 110
[2019.05.12-13.57.47:983][  0]LogStats: UGameplayTagsManager::ConstructGameplayTagTree: ImportINI prefixes -  0.000 s
[2019.05.12-13.57.47:983][  0]LogStats: UGameplayTagsManager::ConstructGameplayTagTree: Construct from data asset -  0.000 s
[2019.05.12-13.57.47:983][  0]LogStats: UGameplayTagsManager::ConstructGameplayTagTree: ImportINI -  0.000 s
[2019.05.12-13.57.47:983][  0]LogStats: UGameplayTagsManager::ConstructGameplayTagTree: GameplayTagTreeChangedEvent.Broadcast -  0.000 s
[2019.05.12-13.57.48:256][  0]LogInit: Initializing FReadOnlyCVARCache
[2019.05.12-13.57.48:342][  0]LogAIModule: Creating AISystem for world Untitled
[2019.05.12-13.57.48:444][  0]LogInit: XAudio2 using '扬声器/听筒 (Realtek Audio)' : 6 channels at 48 kHz using 32 bits per sample (channel mask 0x3f)
[2019.05.12-13.57.48:521][  0]LogInit: FAudioDevice initialized.
[2019.05.12-13.57.48:521][  0]LogNetVersion: Set ProjectVersion to 1.0.0.0. Version Checksum will be recalculated on next use.
[2019.05.12-13.57.48:679][  0]LogDerivedDataCache: Saved boot cache 0.16s 71MB C:/Users/Ivy/AppData/Local/UnrealEngine/4.20/DerivedDataCache/Boot.ddc.
[2019.05.12-13.57.48:680][  0]LogInit: Texture streaming: Enabled
[2019.05.12-13.57.48:775][  0]LogEngineSessionManager: EngineSessionManager initialized
[2019.05.12-13.57.48:842][  0]LogInit: Transaction tracking system initialized
[2019.05.12-13.57.49:017][  0]BlueprintLog: New page: Editor Load
[2019.05.12-13.57.49:744][  0]LocalizationService: Localization service is disabled
[2019.05.12-13.57.51:353][  0]LogCook: Display: Max memory allowance for cook 16384mb min free memory 0mb
[2019.05.12-13.57.51:353][  0]LogCook: Display: Mobile HDR setting 1
[2019.05.12-13.57.51:353][  0]LogGameplayTags: Display: UGameplayTagsManager::DoneAddingNativeTags. DelegateIsBound: 0
[2019.05.12-13.57.51:353][  0]LogStats: UGameplayTagsManager::ConstructGameplayTagTree: ImportINI prefixes -  0.000 s
[2019.05.12-13.57.51:353][  0]LogStats: UGameplayTagsManager::ConstructGameplayTagTree: Construct from data asset -  0.000 s
[2019.05.12-13.57.51:353][  0]LogStats: UGameplayTagsManager::ConstructGameplayTagTree: ImportINI -  0.000 s
[2019.05.12-13.57.51:353][  0]LogStats: UGameplayTagsManager::ConstructGameplayTagTree: GameplayTagTreeChangedEvent.Broadcast -  0.000 s
[2019.05.12-13.57.52:126][  0]LogFileCache: Scanning file cache for directory 'C:/Users/Ivy/Documents/DiplomaGame/ClimbDemo/Content/' took 0.05s
[2019.05.12-13.57.52:126][  0]LogHoudiniEngineEditor: Starting the Houdini Engine Editor module.
[2019.05.12-13.57.52:136][  0]LogHoudiniEngineEditor: Houdini Engine Editor module startup complete.
[2019.05.12-13.57.52:720][  0]SourceControl: Source control is disabled
[2019.05.12-13.57.52:721][  0]Cmd: MAP LOAD FILE="C:/Users/Ivy/Documents/DiplomaGame/ClimbDemo/Content/Terrain/4/LakeLevel.umap" TEMPLATE=0 SHOWPROGRESS=1 FEATURELEVEL=3
[2019.05.12-13.57.52:721][  0]LightingResults: New page: Lighting Build
[2019.05.12-13.57.52:738][  0]MapCheck: New page: Map Check
[2019.05.12-13.57.52:738][  0]LightingResults: New page: Lighting Build
[2019.05.12-13.57.54:115][  0]LogBlueprint: Warning: [Compiler ABP_Climber] Cling_BS to JumpEnd  will never be taken, please connect something to  Can Enter Transition
[2019.05.12-13.57.54:697][  0]LogBlueprint: Warning: [Compiler ABP_Climber] [0049.65] Compile of ABP_Climber successful, but with 1 Warning(s) [in 751 ms] (/Game/Clinging/Animations/Blueprints/ABP_Climber.ABP_Climber)
[2019.05.12-13.57.55:083][  0]LogLinker: Warning: Unable to load PhysicsSerializer with outer InstancedStaticMeshComponent /Game/Terrain/HoudiniBake/terrain_bishe_1_846516E4.terrain_bishe_1_846516E4_C:InstancedStaticMesh10_GEN_VARIABLE because its class does not exist
[2019.05.12-13.57.55:083][  0]LogLinker: Warning: Unable to load PhysicsSerializer with outer InstancedStaticMeshComponent /Game/Terrain/HoudiniBake/terrain_bishe_1_846516E4.terrain_bishe_1_846516E4_C:InstancedStaticMesh11_GEN_VARIABLE because its class does not exist
[2019.05.12-13.57.55:083][  0]LogLinker: Warning: Unable to load PhysicsSerializer with outer InstancedStaticMeshComponent /Game/Terrain/HoudiniBake/terrain_bishe_1_846516E4.terrain_bishe_1_846516E4_C:InstancedStaticMesh12_GEN_VARIABLE because its class does not exist
[2019.05.12-13.57.55:083][  0]LogLinker: Warning: Unable to load PhysicsSerializer with outer InstancedStaticMeshComponent /Game/Terrain/HoudiniBake/terrain_bishe_1_846516E4.terrain_bishe_1_846516E4_C:InstancedStaticMesh13_GEN_VARIABLE because its class does not exist
[2019.05.12-13.57.55:083][  0]LogLinker: Warning: Unable to load PhysicsSerializer with outer InstancedStaticMeshComponent /Game/Terrain/HoudiniBake/terrain_bishe_1_846516E4.terrain_bishe_1_846516E4_C:InstancedStaticMesh14_GEN_VARIABLE because its class does not exist
[2019.05.12-13.57.55:083][  0]LogLinker: Warning: Unable to load PhysicsSerializer with outer InstancedStaticMeshComponent /Game/Terrain/HoudiniBake/terrain_bishe_1_846516E4.terrain_bishe_1_846516E4_C:InstancedStaticMesh15_GEN_VARIABLE because its class does not exist
[2019.05.12-13.57.55:084][  0]LogLinker: Warning: Unable to load PhysicsSerializer with outer InstancedStaticMeshComponent /Game/Terrain/HoudiniBake/terrain_bishe_1_846516E4.terrain_bishe_1_846516E4_C:InstancedStaticMesh16_GEN_VARIABLE because its class does not exist
[2019.05.12-13.57.55:084][  0]LogLinker: Warning: Unable to load PhysicsSerializer with outer InstancedStaticMeshComponent /Game/Terrain/HoudiniBake/terrain_bishe_1_846516E4.terrain_bishe_1_846516E4_C:InstancedStaticMesh17_GEN_VARIABLE because its class does not exist
[2019.05.12-13.57.55:084][  0]LogLinker: Warning: Unable to load PhysicsSerializer with outer InstancedStaticMeshComponent /Game/Terrain/HoudiniBake/terrain_bishe_1_846516E4.terrain_bishe_1_846516E4_C:InstancedStaticMesh18_GEN_VARIABLE because its class does not exist
[2019.05.12-13.57.55:084][  0]LogLinker: Warning: Unable to load PhysicsSerializer with outer InstancedStaticMeshComponent /Game/Terrain/HoudiniBake/terrain_bishe_1_846516E4.terrain_bishe_1_846516E4_C:InstancedStaticMesh19_GEN_VARIABLE because its class does not exist
[2019.05.12-13.57.55:084][  0]LogLinker: Warning: Unable to load PhysicsSerializer with outer InstancedStaticMeshComponent /Game/Terrain/HoudiniBake/terrain_bishe_1_846516E4.terrain_bishe_1_846516E4_C:InstancedStaticMesh1_GEN_VARIABLE because its class does not exist
[2019.05.12-13.57.55:084][  0]LogLinker: Warning: Unable to load PhysicsSerializer with outer InstancedStaticMeshComponent /Game/Terrain/HoudiniBake/terrain_bishe_1_846516E4.terrain_bishe_1_846516E4_C:InstancedStaticMesh20_GEN_VARIABLE because its class does not exist
[2019.05.12-13.57.55:084][  0]LogLinker: Warning: Unable to load PhysicsSerializer with outer InstancedStaticMeshComponent /Game/Terrain/HoudiniBake/terrain_bishe_1_846516E4.terrain_bishe_1_846516E4_C:InstancedStaticMesh21_GEN_VARIABLE because its class does not exist
[2019.05.12-13.57.55:084][  0]LogLinker: Warning: Unable to load PhysicsSerializer with outer InstancedStaticMeshComponent /Game/Terrain/HoudiniBake/terrain_bishe_1_846516E4.terrain_bishe_1_846516E4_C:InstancedStaticMesh22_GEN_VARIABLE because its class does not exist
[2019.05.12-13.57.55:084][  0]LogLinker: Warning: Unable to load PhysicsSerializer with outer InstancedStaticMeshComponent /Game/Terrain/HoudiniBake/terrain_bishe_1_846516E4.terrain_bishe_1_846516E4_C:InstancedStaticMesh23_GEN_VARIABLE because its class does not exist
[2019.05.12-13.57.55:084][  0]LogLinker: Warning: Unable to load PhysicsSerializer with outer InstancedStaticMeshComponent /Game/Terrain/HoudiniBake/terrain_bishe_1_846516E4.terrain_bishe_1_846516E4_C:InstancedStaticMesh24_GEN_VARIABLE because its class does not exist
[2019.05.12-13.57.55:084][  0]LogLinker: Warning: Unable to load PhysicsSerializer with outer InstancedStaticMeshComponent /Game/Terrain/HoudiniBake/terrain_bishe_1_846516E4.terrain_bishe_1_846516E4_C:InstancedStaticMesh25_GEN_VARIABLE because its class does not exist
[2019.05.12-13.57.55:085][  0]LogLinker: Warning: Unable to load PhysicsSerializer with outer InstancedStaticMeshComponent /Game/Terrain/HoudiniBake/terrain_bishe_1_846516E4.terrain_bishe_1_846516E4_C:InstancedStaticMesh26_GEN_VARIABLE because its class does not exist
[2019.05.12-13.57.55:085][  0]LogLinker: Warning: Unable to load PhysicsSerializer with outer InstancedStaticMeshComponent /Game/Terrain/HoudiniBake/terrain_bishe_1_846516E4.terrain_bishe_1_846516E4_C:InstancedStaticMesh27_GEN_VARIABLE because its class does not exist
[2019.05.12-13.57.55:085][  0]LogLinker: Warning: Unable to load PhysicsSerializer with outer InstancedStaticMeshComponent /Game/Terrain/HoudiniBake/terrain_bishe_1_846516E4.terrain_bishe_1_846516E4_C:InstancedStaticMesh28_GEN_VARIABLE because its class does not exist
[2019.05.12-13.57.55:085][  0]LogLinker: Warning: Unable to load PhysicsSerializer with outer InstancedStaticMeshComponent /Game/Terrain/HoudiniBake/terrain_bishe_1_846516E4.terrain_bishe_1_846516E4_C:InstancedStaticMesh29_GEN_VARIABLE because its class does not exist
[2019.05.12-13.57.55:085][  0]LogLinker: Warning: Unable to load PhysicsSerializer with outer InstancedStaticMeshComponent /Game/Terrain/HoudiniBake/terrain_bishe_1_846516E4.terrain_bishe_1_846516E4_C:InstancedStaticMesh2_GEN_VARIABLE because its class does not exist
[2019.05.12-13.57.55:085][  0]LogLinker: Warning: Unable to load PhysicsSerializer with outer InstancedStaticMeshComponent /Game/Terrain/HoudiniBake/terrain_bishe_1_846516E4.terrain_bishe_1_846516E4_C:InstancedStaticMesh30_GEN_VARIABLE because its class does not exist
[2019.05.12-13.57.55:085][  0]LogLinker: Warning: Unable to load PhysicsSerializer with outer InstancedStaticMeshComponent /Game/Terrain/HoudiniBake/terrain_bishe_1_846516E4.terrain_bishe_1_846516E4_C:InstancedStaticMesh31_GEN_VARIABLE because its class does not exist
[2019.05.12-13.57.55:085][  0]LogLinker: Warning: Unable to load PhysicsSerializer with outer InstancedStaticMeshComponent /Game/Terrain/HoudiniBake/terrain_bishe_1_846516E4.terrain_bishe_1_846516E4_C:InstancedStaticMesh32_GEN_VARIABLE because its class does not exist
[2019.05.12-13.57.55:085][  0]LogLinker: Warning: Unable to load PhysicsSerializer with outer InstancedStaticMeshComponent /Game/Terrain/HoudiniBake/terrain_bishe_1_846516E4.terrain_bishe_1_846516E4_C:InstancedStaticMesh3_GEN_VARIABLE because its class does not exist
[2019.05.12-13.57.55:085][  0]LogLinker: Warning: Unable to load PhysicsSerializer with outer InstancedStaticMeshComponent /Game/Terrain/HoudiniBake/terrain_bishe_1_846516E4.terrain_bishe_1_846516E4_C:InstancedStaticMesh4_GEN_VARIABLE because its class does not exist
[2019.05.12-13.57.55:085][  0]LogLinker: Warning: Unable to load PhysicsSerializer with outer InstancedStaticMeshComponent /Game/Terrain/HoudiniBake/terrain_bishe_1_846516E4.terrain_bishe_1_846516E4_C:InstancedStaticMesh5_GEN_VARIABLE because its class does not exist
[2019.05.12-13.57.55:085][  0]LogLinker: Warning: Unable to load PhysicsSerializer with outer InstancedStaticMeshComponent /Game/Terrain/HoudiniBake/terrain_bishe_1_846516E4.terrain_bishe_1_846516E4_C:InstancedStaticMesh6_GEN_VARIABLE because its class does not exist
[2019.05.12-13.57.55:085][  0]LogLinker: Warning: Unable to load PhysicsSerializer with outer InstancedStaticMeshComponent /Game/Terrain/HoudiniBake/terrain_bishe_1_846516E4.terrain_bishe_1_846516E4_C:InstancedStaticMesh7_GEN_VARIABLE because its class does not exist
[2019.05.12-13.57.55:085][  0]LogLinker: Warning: Unable to load PhysicsSerializer with outer InstancedStaticMeshComponent /Game/Terrain/HoudiniBake/terrain_bishe_1_846516E4.terrain_bishe_1_846516E4_C:InstancedStaticMesh8_GEN_VARIABLE because its class does not exist
[2019.05.12-13.57.55:086][  0]LogLinker: Warning: Unable to load PhysicsSerializer with outer InstancedStaticMeshComponent /Game/Terrain/HoudiniBake/terrain_bishe_1_846516E4.terrain_bishe_1_846516E4_C:InstancedStaticMesh9_GEN_VARIABLE because its class does not exist
[2019.05.12-13.57.55:086][  0]LogLinker: Warning: Unable to load PhysicsSerializer with outer InstancedStaticMeshComponent /Game/Terrain/HoudiniBake/terrain_bishe_1_846516E4.terrain_bishe_1_846516E4_C:InstancedStaticMesh_GEN_VARIABLE because its class does not exist
[2019.05.12-13.57.57:659][  0]LogAIModule: Creating AISystem for world LakeLevel
[2019.05.12-13.57.57:930][  0]LogEditorServer: Finished looking for orphan Actors (0.000 secs)
[2019.05.12-13.57.58:036][  0]Cmd: MAP CHECKDEP NOCLEARLOG
[2019.05.12-13.57.58:247][  0]MapCheck: Map check complete: 0 Error(s), 0 Warning(s), took 210.836ms to complete.
[2019.05.12-13.57.58:247][  0]LogFileHelpers: Loading map 'LakeLevel' took 5.526
[2019.05.12-13.57.58:437][  0]LogSlate: Updating window title bar state: overlay mode, drag disabled, window buttons hidden, title bar hidden
[2019.05.12-13.57.58:446][  0]LogSlate: Updating window title bar state: overlay mode, drag disabled, window buttons hidden, title bar hidden
[2019.05.12-13.57.58:454][  0]LogSlate: Updating window title bar state: overlay mode, drag disabled, window buttons hidden, title bar hidden
[2019.05.12-13.57.58:464][  0]LogSlate: Updating window title bar state: overlay mode, drag disabled, window buttons hidden, title bar hidden
[2019.05.12-13.57.58:482][  0]LogCollectionManager: Loaded 0 collections in 0.001476 seconds
[2019.05.12-13.57.58:543][  0]LogFileCache: Scanning file cache for directory 'C:/Users/Ivy/Documents/DiplomaGame/ClimbDemo/Saved/Collections/' took 0.01s
[2019.05.12-13.57.58:543][  0]LogFileCache: Scanning file cache for directory 'C:/Users/Ivy/Documents/DiplomaGame/ClimbDemo/Content/Developers/Ivy/Collections/' took 0.01s
[2019.05.12-13.57.58:543][  0]LogFileCache: Scanning file cache for directory 'C:/Users/Ivy/Documents/DiplomaGame/ClimbDemo/Content/Collections/' took 0.01s
[2019.05.12-13.57.58:543][  0]LogCollectionManager: Rebuilt the GUID cache for 0 collections in 0.000000 seconds
[2019.05.12-13.57.58:552][  0]LogContentBrowser: Native class hierarchy populated in 0.0100 seconds. Added 2610 classes and 610 folders.
[2019.05.12-13.57.58:593][  0]LogContentBrowser: Native class hierarchy updated for 'WidgetCarousel' in 0.0002 seconds. Added 0 classes and 0 folders.
[2019.05.12-13.57.59:777][  0]LogContentBrowser: Native class hierarchy updated for 'AddContentDialog' in 0.0005 seconds. Added 0 classes and 0 folders.
[2019.05.12-13.57.59:814][  0]LogContentBrowser: Native class hierarchy updated for 'SceneOutliner' in 0.0004 seconds. Added 1 classes and 2 folders.
[2019.05.12-13.57.59:968][  0]LogSlate: Took 0.008584 seconds to synchronously load lazily loaded font '../../../Engine/Content/Slate/Fonts/Roboto-Regular.ttf' (155K)
[2019.05.12-13.57.59:984][  0]LogSlate: Took 0.012039 seconds to synchronously load lazily loaded font '../../../Engine/Content/Slate/Fonts/Roboto-Bold.ttf' (160K)
[2019.05.12-13.58.00:003][  0]LogSlate: Took 0.017498 seconds to synchronously load lazily loaded font '../../../Engine/Content/Editor/Slate/Fonts/FontAwesome.ttf' (139K)
[2019.05.12-13.58.00:148][  0]LogRenderer: Reallocating scene render targets to support 748x244 Format 10 NumSamples 1 (Frame:1).
[2019.05.12-13.58.00:174][  0]LogRenderer: Reallocating scene render targets to support 1496x484 Format 10 NumSamples 1 (Frame:1).
[2019.05.12-13.58.00:309][  0]LogSlate: Took 0.060254 seconds to synchronously load lazily loaded font '../../../Engine/Content/Slate/Fonts/DroidSansFallback.ttf' (3848K)
[2019.05.12-13.58.00:472][  0]LogContentBrowser: Native class hierarchy updated for 'HierarchicalLODOutliner' in 0.0004 seconds. Added 0 classes and 0 folders.
[2019.05.12-13.58.00:472][  0]LogLoad: (Engine Initialization) Total time: 55.42 seconds
[2019.05.12-13.58.00:472][  0]LogLoad: (Engine Initialization) Total Blueprint compile time: 0.00 seconds
[2019.05.12-13.58.00:645][  0]LogContentStreaming: Texture pool size now 1000 MB
[2019.05.12-13.58.01:058][  0]LogRenderer: Reallocating scene render targets to support 1496x492 Format 10 NumSamples 1 (Frame:2).
[2019.05.12-13.58.01:058][  0]LogSlate: Took 0.109586 seconds to synchronously load lazily loaded font '../../../Engine/Content/Slate/Fonts/Roboto-Light.ttf' (167K)
[2019.05.12-13.58.01:200][  3]LogAssetRegistry: Asset discovery search completed in 36.8575 seconds
[2019.05.12-13.58.01:202][  3]LogCollectionManager: Rebuilt the object cache for 0 collections in 0.000001 seconds (found 0 objects)
[2019.05.12-13.58.01:202][  3]LogCollectionManager: Fixed up redirectors for 0 collections in 0.000078 seconds (updated 0 objects)
[2019.05.12-13.58.01:860][  5]LogSlate: Took 0.000183 seconds to synchronously load lazily loaded font '../../../Engine/Content/Slate/Fonts/Roboto-Light.ttf' (167K)
[2019.05.12-13.58.04:691][ 57]LogSlate: FSceneViewport::OnFocusLost() reason 2
[2019.05.12-13.58.07:348][188]LogSlate: FSceneViewport::OnFocusLost() reason 0
[2019.05.12-13.58.26:970][690]LogAIModule: Creating AISystem for world LakeLevelNew
[2019.05.12-13.58.27:173][690]LogAssetEditorManager: Opening Asset editor for World /Game/Terrain/4/LakeLevelNew.LakeLevelNew
[2019.05.12-13.58.27:211][690]Cmd: MAP LOAD FILE="C:/Users/Ivy/Documents/DiplomaGame/ClimbDemo/Content/Terrain/4/LakeLevelNew.umap" TEMPLATE=0 SHOWPROGRESS=1 FEATURELEVEL=3
[2019.05.12-13.58.27:211][690]LightingResults: New page: Lighting Build
[2019.05.12-13.58.27:212][690]LoadErrors: New page: Loading map: LakeLevelNew.umap
[2019.05.12-13.58.27:220][690]MapCheck: New page: Map Check
[2019.05.12-13.58.27:220][690]LightingResults: New page: Lighting Build
[2019.05.12-13.58.28:447][690]LogEditorServer: Finished looking for orphan Actors (0.000 secs)
[2019.05.12-13.58.28:560][690]Cmd: MAP CHECKDEP NOCLEARLOG
[2019.05.12-13.58.29:245][690]MapCheck: Map check complete: 0 Error(s), 0 Warning(s), took 684.557ms to complete.
[2019.05.12-13.58.29:304][690]LogFileHelpers: Loading map 'LakeLevelNew' took 2.094
[2019.05.12-13.58.38:092][175]LogSlate: FSceneViewport::OnFocusLost() reason 0
[2019.05.12-13.58.45:152][559]LogHoudiniEngineEditor: Rebuilt 1 selected Houdini assets.
[2019.05.12-13.58.46:963][572]LogHoudiniEngine: HAPI Asynchronous Instantiation Started for terrain_bishe_2: Asset=Object/terrain_bishe_1, HoudiniAsset = 0x922d0c60
[2019.05.12-13.58.55:595][ 25]LogSlate: FSceneViewport::OnFocusLost() reason 0
[2019.05.12-13.59.05:381][282]LogHoudiniEngine:     terrain_bishe_2 FinishedInstantiation.
[2019.05.12-13.59.05:624][283]LogHoudiniEngine: HAPI Asynchronous Cooking Started for terrain_bishe_2., AssetId = 0
[2019.05.12-13.59.50:386][525]LogHoudiniEngine:    terrain_bishe_2 FinishedCooking.
[2019.05.12-13.59.50:980][525]LogStaticMesh: Building static mesh terrain_bishe_2_0_3_6_0_0_3_6_0_main_geo_A17E67B5...
[2019.05.12-13.59.51:212][525]LogStaticMesh: Built static mesh [0.24s] /Game/Terrain/4/LakeLevelNew.LakeLevelNew:PersistentLevel./Game/terrain_bishe_1_11A6BC414F8A/terrain_bishe_2_0_3_6_0_0_3_6_0_main_geo_A17E67B5.terrain_bishe_2_0_3_6_0_0_3_6_0_main_geo_A17E67B5
[2019.05.12-13.59.52:581][525]LogLinker: Can't find file '/Game/Terrain/4/terrain'
[2019.05.12-13.59.52:581][525]LogLinker: Can't find file '/Game/Terrain/4/terrain'
[2019.05.12-13.59.52:655][525]LogHoudiniEngine: Warning: Landscape was resized from ( 1000 x 1000 ) to ( 1009 x 1009 ).
[2019.05.12-13.59.53:235][525]LogSavePackage: Moving 'C:/Users/Ivy/Documents/DiplomaGame/ClimbDemo/Saved/terrain_bishe_111A6BC414F8A_Laye22AA7054497627916625B2B7A8704800.tmp' to 'C:/Users/Ivy/Documents/DiplomaGame/ClimbDemo/Content/HoudiniEngine/Temp/terrain_bishe_111A6BC414F8A_LayerInfoObject_mask_hunt5_outside.uasset'
[2019.05.12-13.59.53:307][525]LogSavePackage: Moving 'C:/Users/Ivy/Documents/DiplomaGame/ClimbDemo/Saved/terrain_bishe_111A6BC414F8A_LayeD7FCA6B14A43A26AA2204091EF799747.tmp' to 'C:/Users/Ivy/Documents/DiplomaGame/ClimbDemo/Content/HoudiniEngine/Temp/terrain_bishe_111A6BC414F8A_LayerInfoObject_mask_hunt5_inside.uasset'
[2019.05.12-13.59.53:345][525]LogSavePackage: Moving 'C:/Users/Ivy/Documents/DiplomaGame/ClimbDemo/Saved/terrain_bishe_111A6BC414F8A_LayeE52A46BF4D0B24F520257DBA1D44271F.tmp' to 'C:/Users/Ivy/Documents/DiplomaGame/ClimbDemo/Content/HoudiniEngine/Temp/terrain_bishe_111A6BC414F8A_LayerInfoObject_mask_grass.uasset'
[2019.05.12-13.59.53:379][525]LogSavePackage: Moving 'C:/Users/Ivy/Documents/DiplomaGame/ClimbDemo/Saved/terrain_bishe_111A6BC414F8A_LayeB2FBB0F64BE9924B757F2A94304455C2.tmp' to 'C:/Users/Ivy/Documents/DiplomaGame/ClimbDemo/Content/HoudiniEngine/Temp/terrain_bishe_111A6BC414F8A_LayerInfoObject_mask_blank.uasset'
[2019.05.12-13.59.53:559][525]LogTexture: Display: Building textures: Texture2D_4 (BGRA8, 64X64)
[2019.05.12-13.59.53:599][525]LogTexture: Display: Building textures: Texture2D_5 (BGRA8, 64X64)
[2019.05.12-13.59.53:638][525]LogTexture: Display: Building textures: Texture2D_6 (BGRA8, 64X64)
[2019.05.12-13.59.53:665][525]LogTexture: Display: Building textures: Texture2D_7 (BGRA8, 64X64)
[2019.05.12-13.59.53:692][525]LogTexture: Display: Building textures: Texture2D_8 (BGRA8, 64X64)
[2019.05.12-13.59.53:718][525]LogTexture: Display: Building textures: Texture2D_9 (BGRA8, 64X64)
[2019.05.12-13.59.53:748][525]LogTexture: Display: Building textures: Texture2D_10 (BGRA8, 64X64)
[2019.05.12-13.59.53:783][525]LogTexture: Display: Building textures: Texture2D_11 (BGRA8, 64X64)
[2019.05.12-13.59.53:815][525]LogTexture: Display: Building textures: Texture2D_12 (BGRA8, 64X64)
[2019.05.12-13.59.53:849][525]LogTexture: Display: Building textures: Texture2D_13 (BGRA8, 64X64)
[2019.05.12-13.59.53:876][525]LogTexture: Display: Building textures: Texture2D_14 (BGRA8, 64X64)
[2019.05.12-13.59.53:909][525]LogTexture: Display: Building textures: Texture2D_15 (BGRA8, 64X64)
[2019.05.12-13.59.53:938][525]LogTexture: Display: Building textures: Texture2D_16 (BGRA8, 64X64)
[2019.05.12-13.59.53:967][525]LogTexture: Display: Building textures: Texture2D_17 (BGRA8, 64X64)
[2019.05.12-13.59.53:997][525]LogTexture: Display: Building textures: Texture2D_18 (BGRA8, 64X64)
[2019.05.12-13.59.54:046][525]LogTexture: Display: Building textures: Texture2D_19 (BGRA8, 64X64)
[2019.05.12-13.59.54:076][525]LogTexture: Display: Building textures: Texture2D_20 (BGRA8, 64X64)
[2019.05.12-13.59.54:107][525]LogTexture: Display: Building textures: Texture2D_21 (BGRA8, 64X64)
[2019.05.12-13.59.54:136][525]LogTexture: Display: Building textures: Texture2D_22 (BGRA8, 64X64)
[2019.05.12-13.59.54:164][525]LogTexture: Display: Building textures: Texture2D_23 (BGRA8, 64X64)
[2019.05.12-13.59.54:189][525]LogTexture: Display: Building textures: Texture2D_24 (BGRA8, 64X64)
[2019.05.12-13.59.54:219][525]LogTexture: Display: Building textures: Texture2D_25 (BGRA8, 64X64)
[2019.05.12-13.59.54:243][525]LogTexture: Display: Building textures: Texture2D_26 (BGRA8, 64X64)
[2019.05.12-13.59.54:268][525]LogTexture: Display: Building textures: Texture2D_27 (BGRA8, 64X64)
[2019.05.12-13.59.54:296][525]LogTexture: Display: Building textures: Texture2D_28 (BGRA8, 64X64)
[2019.05.12-13.59.54:322][525]LogTexture: Display: Building textures: Texture2D_29 (BGRA8, 64X64)
[2019.05.12-13.59.54:353][525]LogTexture: Display: Building textures: Texture2D_30 (BGRA8, 64X64)
[2019.05.12-13.59.54:383][525]LogTexture: Display: Building textures: Texture2D_31 (BGRA8, 64X64)
[2019.05.12-13.59.54:408][525]LogTexture: Display: Building textures: Texture2D_32 (BGRA8, 64X64)
[2019.05.12-13.59.54:437][525]LogTexture: Display: Building textures: Texture2D_33 (BGRA8, 64X64)
[2019.05.12-13.59.54:460][525]LogTexture: Display: Building textures: Texture2D_34 (BGRA8, 64X64)
[2019.05.12-13.59.54:485][525]LogTexture: Display: Building textures: Texture2D_35 (BGRA8, 64X64)
[2019.05.12-13.59.54:511][525]LogTexture: Display: Building textures: Texture2D_36 (BGRA8, 64X64)
[2019.05.12-13.59.54:538][525]LogTexture: Display: Building textures: Texture2D_37 (BGRA8, 64X64)
[2019.05.12-13.59.54:569][525]LogTexture: Display: Building textures: Texture2D_38 (BGRA8, 64X64)
[2019.05.12-13.59.54:600][525]LogTexture: Display: Building textures: Texture2D_39 (BGRA8, 64X64)
[2019.05.12-13.59.54:624][525]LogTexture: Display: Building textures: Texture2D_40 (BGRA8, 64X64)
[2019.05.12-13.59.54:655][525]LogTexture: Display: Building textures: Texture2D_41 (BGRA8, 64X64)
[2019.05.12-13.59.54:681][525]LogTexture: Display: Building textures: Texture2D_42 (BGRA8, 64X64)
[2019.05.12-13.59.54:707][525]LogTexture: Display: Building textures: Texture2D_43 (BGRA8, 64X64)
[2019.05.12-13.59.54:737][525]LogTexture: Display: Building textures: Texture2D_44 (BGRA8, 64X64)
[2019.05.12-13.59.54:762][525]LogTexture: Display: Building textures: Texture2D_45 (BGRA8, 64X64)
[2019.05.12-13.59.54:787][525]LogTexture: Display: Building textures: Texture2D_46 (BGRA8, 64X64)
[2019.05.12-13.59.54:816][525]LogTexture: Display: Building textures: Texture2D_47 (BGRA8, 64X64)
[2019.05.12-13.59.54:843][525]LogTexture: Display: Building textures: Texture2D_48 (BGRA8, 64X64)
[2019.05.12-13.59.54:866][525]LogTexture: Display: Building textures: Texture2D_49 (BGRA8, 64X64)
[2019.05.12-13.59.54:899][525]LogTexture: Display: Building textures: Texture2D_50 (BGRA8, 64X64)
[2019.05.12-13.59.54:926][525]LogTexture: Display: Building textures: Texture2D_51 (BGRA8, 64X64)
[2019.05.12-13.59.54:951][525]LogTexture: Display: Building textures: Texture2D_52 (BGRA8, 64X64)
[2019.05.12-13.59.54:976][525]LogTexture: Display: Building textures: Texture2D_53 (BGRA8, 64X64)
[2019.05.12-13.59.55:001][525]LogTexture: Display: Building textures: Texture2D_54 (BGRA8, 64X64)
[2019.05.12-13.59.55:029][525]LogTexture: Display: Building textures: Texture2D_55 (BGRA8, 64X64)
[2019.05.12-13.59.55:061][525]LogTexture: Display: Building textures: Texture2D_56 (BGRA8, 64X64)
[2019.05.12-13.59.55:091][525]LogTexture: Display: Building textures: Texture2D_57 (BGRA8, 64X64)
[2019.05.12-13.59.55:127][525]LogTexture: Display: Building textures: Texture2D_58 (BGRA8, 64X64)
[2019.05.12-13.59.55:153][525]LogTexture: Display: Building textures: Texture2D_59 (BGRA8, 64X64)
[2019.05.12-13.59.55:177][525]LogTexture: Display: Building textures: Texture2D_60 (BGRA8, 64X64)
[2019.05.12-13.59.55:200][525]LogTexture: Display: Building textures: Texture2D_61 (BGRA8, 64X64)
[2019.05.12-13.59.55:226][525]LogTexture: Display: Building textures: Texture2D_62 (BGRA8, 64X64)
[2019.05.12-13.59.55:252][525]LogTexture: Display: Building textures: Texture2D_63 (BGRA8, 64X64)
[2019.05.12-13.59.55:281][525]LogTexture: Display: Building textures: Texture2D_64 (BGRA8, 64X64)
[2019.05.12-13.59.55:311][525]LogTexture: Display: Building textures: Texture2D_65 (BGRA8, 64X64)
[2019.05.12-13.59.55:337][525]LogTexture: Display: Building textures: Texture2D_66 (BGRA8, 64X64)
[2019.05.12-13.59.55:363][525]LogTexture: Display: Building textures: Texture2D_67 (BGRA8, 64X64)
[2019.05.12-13.59.55:391][525]LogTexture: Display: Building textures: Texture2D_68 (BGRA8, 64X64)
[2019.05.12-13.59.55:417][525]LogTexture: Display: Building textures: Texture2D_69 (BGRA8, 64X64)
[2019.05.12-13.59.55:448][525]LogTexture: Display: Building textures: Texture2D_70 (BGRA8, 64X64)
[2019.05.12-13.59.55:473][525]LogTexture: Display: Building textures: Texture2D_71 (BGRA8, 64X64)
[2019.05.12-13.59.55:496][525]LogTexture: Display: Building textures: Texture2D_72 (BGRA8, 64X64)
[2019.05.12-13.59.55:522][525]LogTexture: Display: Building textures: Texture2D_73 (BGRA8, 64X64)
[2019.05.12-13.59.55:550][525]LogTexture: Display: Building textures: Texture2D_74 (BGRA8, 64X64)
[2019.05.12-13.59.55:576][525]LogTexture: Display: Building textures: Texture2D_75 (BGRA8, 64X64)
[2019.05.12-13.59.55:601][525]LogTexture: Display: Building textures: Texture2D_76 (BGRA8, 64X64)
[2019.05.12-13.59.55:631][525]LogTexture: Display: Building textures: Texture2D_77 (BGRA8, 64X64)
[2019.05.12-13.59.55:663][525]LogTexture: Display: Building textures: Texture2D_78 (BGRA8, 64X64)
[2019.05.12-13.59.55:691][525]LogTexture: Display: Building textures: Texture2D_79 (BGRA8, 64X64)
[2019.05.12-13.59.55:717][525]LogTexture: Display: Building textures: Texture2D_80 (BGRA8, 64X64)
[2019.05.12-13.59.55:741][525]LogTexture: Display: Building textures: Texture2D_81 (BGRA8, 64X64)
[2019.05.12-13.59.55:768][525]LogTexture: Display: Building textures: Texture2D_82 (BGRA8, 64X64)
[2019.05.12-13.59.56:008][525]LogTexture: Display: Building textures: Texture2D_0 (BGRA8, 512X512)
[2019.05.12-13.59.56:043][525]LogTexture: Display: Building textures: Texture2D_1 (BGRA8, 512X512)
[2019.05.12-13.59.56:077][525]LogTexture: Display: Building textures: Texture2D_2 (BGRA8, 512X512)
[2019.05.12-13.59.56:112][525]LogTexture: Display: Building textures: Texture2D_3 (BGRA8, 512X512)
[2019.05.12-14.06.21:294][928]LogSlate: FSceneViewport::OnFocusLost() reason 2
[2019.05.12-14.06.23:810][ 49]LogSlate: FSceneViewport::OnFocusLost() reason 0
[2019.05.12-14.06.28:191][266]LogHoudiniEngine: HAPI Asynchronous Destruction Started for . AssetId = 0
[2019.05.12-14.06.28:193][266]LogHoudiniEngineEditor: Rebuilt 1 selected Houdini assets.
[2019.05.12-14.06.31:378][267]LogHoudiniEngine: HAPI Asynchronous Instantiation Started for terrain_bishe_2: Asset=Object/terrain_bishe_1, HoudiniAsset = 0x922d0c60
[2019.05.12-14.06.31:429][268]LogEditorViewport: Clicking on Actor (context menu): HoudiniAssetActor (terrain_bishe_1)
[2019.05.12-14.06.31:834][268]LogSlate: FSceneViewport::OnFocusLost() reason 2
[2019.05.12-14.06.31:869][268]LogEditorViewport: Clicking on Actor (context menu): HoudiniAssetActor (terrain_bishe_1)
[2019.05.12-14.06.31:933][268]LogSlate: FSceneViewport::OnFocusLost() reason 2
[2019.05.12-14.06.47:160][920]LogHoudiniEngine:     terrain_bishe_2 FinishedInstantiation.
[2019.05.12-14.06.47:246][921]LogHoudiniEngine: HAPI Asynchronous Cooking Started for terrain_bishe_2., AssetId = 0
[2019.05.12-14.06.56:335][259]LogSlate: FSceneViewport::OnFocusLost() reason 0
[2019.05.12-14.07.27:165][647]LogHoudiniEngine:    terrain_bishe_2 FinishedCooking.
[2019.05.12-14.07.27:360][647]LogStaticMesh: Building static mesh terrain_bishe_2_0_3_6_0_0_3_6_0_main_geo_BABC5C6A...
[2019.05.12-14.07.27:544][647]LogStaticMesh: Built static mesh [0.18s] /Game/Terrain/4/LakeLevelNew.LakeLevelNew:PersistentLevel./Game/terrain_bishe_1_11A6BC414F8A/terrain_bishe_2_0_3_6_0_0_3_6_0_main_geo_BABC5C6A.terrain_bishe_2_0_3_6_0_0_3_6_0_main_geo_BABC5C6A
[2019.05.12-14.07.28:062][647]LogHoudiniEngine: Warning: Landscape was resized from ( 1000 x 1000 ) to ( 1009 x 1009 ).
[2019.05.12-14.07.28:536][647]LogSlate: FSceneViewport::OnFocusLost() reason 2
[2019.05.12-14.07.28:734][647]LogSavePackage: Moving 'C:/Users/Ivy/Documents/DiplomaGame/ClimbDemo/Saved/terrain_bishe_111A6BC414F8A_Laye8992BDF2452ED90DCF2227992D2F6D27.tmp' to 'C:/Users/Ivy/Documents/DiplomaGame/ClimbDemo/Content/HoudiniEngine/Temp/terrain_bishe_111A6BC414F8A_LayerInfoObject_mask_hunt5_outside.uasset'
[2019.05.12-14.07.28:779][647]LogSavePackage: Moving 'C:/Users/Ivy/Documents/DiplomaGame/ClimbDemo/Saved/terrain_bishe_111A6BC414F8A_LayeBA8F39E9425C60A1C616C1BD413FD31A.tmp' to 'C:/Users/Ivy/Documents/DiplomaGame/ClimbDemo/Content/HoudiniEngine/Temp/terrain_bishe_111A6BC414F8A_LayerInfoObject_mask_hunt5_inside.uasset'
[2019.05.12-14.07.28:825][647]LogSavePackage: Moving 'C:/Users/Ivy/Documents/DiplomaGame/ClimbDemo/Saved/terrain_bishe_111A6BC414F8A_Laye1C2CF5E74A1F3DA01A37E5A51E9CAC44.tmp' to 'C:/Users/Ivy/Documents/DiplomaGame/ClimbDemo/Content/HoudiniEngine/Temp/terrain_bishe_111A6BC414F8A_LayerInfoObject_mask_grass.uasset'
[2019.05.12-14.07.28:870][647]LogSavePackage: Moving 'C:/Users/Ivy/Documents/DiplomaGame/ClimbDemo/Saved/terrain_bishe_111A6BC414F8A_Laye2D7D0E5B4F8F055744A8B5B3718F1DE1.tmp' to 'C:/Users/Ivy/Documents/DiplomaGame/ClimbDemo/Content/HoudiniEngine/Temp/terrain_bishe_111A6BC414F8A_LayerInfoObject_mask_blank.uasset'
[2019.05.12-14.07.28:910][647]LogSlate: FSceneViewport::OnFocusLost() reason 2
[2019.05.12-14.07.29:038][647]LogTexture: Display: Building textures: Texture2D_87 (BGRA8, 64X64)
[2019.05.12-14.07.29:079][647]LogTexture: Display: Building textures: Texture2D_88 (BGRA8, 64X64)
[2019.05.12-14.07.29:116][647]LogTexture: Display: Building textures: Texture2D_89 (BGRA8, 64X64)
[2019.05.12-14.07.29:148][647]LogTexture: Display: Building textures: Texture2D_90 (BGRA8, 64X64)
[2019.05.12-14.07.29:185][647]LogTexture: Display: Building textures: Texture2D_91 (BGRA8, 64X64)
[2019.05.12-14.07.29:223][647]LogTexture: Display: Building textures: Texture2D_92 (BGRA8, 64X64)
[2019.05.12-14.07.29:255][647]LogTexture: Display: Building textures: Texture2D_93 (BGRA8, 64X64)
[2019.05.12-14.07.29:288][647]LogTexture: Display: Building textures: Texture2D_94 (BGRA8, 64X64)
[2019.05.12-14.07.29:324][647]LogTexture: Display: Building textures: Texture2D_95 (BGRA8, 64X64)
[2019.05.12-14.07.29:361][647]LogTexture: Display: Building textures: Texture2D_96 (BGRA8, 64X64)
[2019.05.12-14.07.29:405][647]LogTexture: Display: Building textures: Texture2D_97 (BGRA8, 64X64)
[2019.05.12-14.07.29:447][647]LogTexture: Display: Building textures: Texture2D_98 (BGRA8, 64X64)
[2019.05.12-14.07.29:485][647]LogTexture: Display: Building textures: Texture2D_99 (BGRA8, 64X64)
[2019.05.12-14.07.29:521][647]LogTexture: Display: Building textures: Texture2D_100 (BGRA8, 64X64)
[2019.05.12-14.07.29:553][647]LogTexture: Display: Building textures: Texture2D_101 (BGRA8, 64X64)
[2019.05.12-14.07.29:590][647]LogTexture: Display: Building textures: Texture2D_102 (BGRA8, 64X64)
[2019.05.12-14.07.29:624][647]LogTexture: Display: Building textures: Texture2D_103 (BGRA8, 64X64)
[2019.05.12-14.07.29:656][647]LogTexture: Display: Building textures: Texture2D_104 (BGRA8, 64X64)
[2019.05.12-14.07.29:694][647]LogTexture: Display: Building textures: Texture2D_105 (BGRA8, 64X64)
[2019.05.12-14.07.29:728][647]LogTexture: Display: Building textures: Texture2D_106 (BGRA8, 64X64)
[2019.05.12-14.07.29:761][647]LogTexture: Display: Building textures: Texture2D_107 (BGRA8, 64X64)
[2019.05.12-14.07.29:794][647]LogTexture: Display: Building textures: Texture2D_108 (BGRA8, 64X64)
[2019.05.12-14.07.29:824][647]LogTexture: Display: Building textures: Texture2D_109 (BGRA8, 64X64)
[2019.05.12-14.07.29:858][647]LogTexture: Display: Building textures: Texture2D_110 (BGRA8, 64X64)
[2019.05.12-14.07.29:896][647]LogTexture: Display: Building textures: Texture2D_111 (BGRA8, 64X64)
[2019.05.12-14.07.29:929][647]LogTexture: Display: Building textures: Texture2D_112 (BGRA8, 64X64)
[2019.05.12-14.07.29:966][647]LogTexture: Display: Building textures: Texture2D_113 (BGRA8, 64X64)
[2019.05.12-14.07.30:007][647]LogTexture: Display: Building textures: Texture2D_114 (BGRA8, 64X64)
[2019.05.12-14.07.30:045][647]LogTexture: Display: Building textures: Texture2D_115 (BGRA8, 64X64)
[2019.05.12-14.07.30:086][647]LogTexture: Display: Building textures: Texture2D_116 (BGRA8, 64X64)
[2019.05.12-14.07.30:123][647]LogTexture: Display: Building textures: Texture2D_117 (BGRA8, 64X64)
[2019.05.12-14.07.30:162][647]LogTexture: Display: Building textures: Texture2D_118 (BGRA8, 64X64)
[2019.05.12-14.07.30:201][647]LogTexture: Display: Building textures: Texture2D_120 (BGRA8, 64X64)
[2019.05.12-14.07.30:241][647]LogTexture: Display: Building textures: Texture2D_121 (BGRA8, 64X64)
[2019.05.12-14.07.30:279][647]LogTexture: Display: Building textures: Texture2D_122 (BGRA8, 64X64)
[2019.05.12-14.07.30:316][647]LogTexture: Display: Building textures: Texture2D_123 (BGRA8, 64X64)
[2019.05.12-14.07.30:352][647]LogTexture: Display: Building textures: Texture2D_124 (BGRA8, 64X64)
[2019.05.12-14.07.30:392][647]LogTexture: Display: Building textures: Texture2D_125 (BGRA8, 64X64)
[2019.05.12-14.07.30:424][647]LogTexture: Display: Building textures: Texture2D_126 (BGRA8, 64X64)
[2019.05.12-14.07.30:463][647]LogTexture: Display: Building textures: Texture2D_128 (BGRA8, 64X64)
[2019.05.12-14.07.30:507][647]LogTexture: Display: Building textures: Texture2D_129 (BGRA8, 64X64)
[2019.05.12-14.07.30:539][647]LogTexture: Display: Building textures: Texture2D_130 (BGRA8, 64X64)
[2019.05.12-14.07.30:574][647]LogTexture: Display: Building textures: Texture2D_131 (BGRA8, 64X64)
[2019.05.12-14.07.30:609][647]LogTexture: Display: Building textures: Texture2D_132 (BGRA8, 64X64)
[2019.05.12-14.07.30:645][647]LogTexture: Display: Building textures: Texture2D_133 (BGRA8, 64X64)
[2019.05.12-14.07.30:678][647]LogTexture: Display: Building textures: Texture2D_134 (BGRA8, 64X64)
[2019.05.12-14.07.30:713][647]LogTexture: Display: Building textures: Texture2D_135 (BGRA8, 64X64)
[2019.05.12-14.07.30:747][647]LogTexture: Display: Building textures: Texture2D_136 (BGRA8, 64X64)
[2019.05.12-14.07.30:783][647]LogTexture: Display: Building textures: Texture2D_137 (BGRA8, 64X64)
[2019.05.12-14.07.30:818][647]LogTexture: Display: Building textures: Texture2D_138 (BGRA8, 64X64)
[2019.05.12-14.07.30:859][647]LogTexture: Display: Building textures: Texture2D_139 (BGRA8, 64X64)
[2019.05.12-14.07.30:895][647]LogTexture: Display: Building textures: Texture2D_140 (BGRA8, 64X64)
[2019.05.12-14.07.30:934][647]LogTexture: Display: Building textures: Texture2D_141 (BGRA8, 64X64)
[2019.05.12-14.07.30:970][647]LogTexture: Display: Building textures: Texture2D_142 (BGRA8, 64X64)
[2019.05.12-14.07.31:010][647]LogTexture: Display: Building textures: Texture2D_143 (BGRA8, 64X64)
[2019.05.12-14.07.31:045][647]LogTexture: Display: Building textures: Texture2D_144 (BGRA8, 64X64)
[2019.05.12-14.07.31:085][647]LogTexture: Display: Building textures: Texture2D_145 (BGRA8, 64X64)
[2019.05.12-14.07.31:119][647]LogTexture: Display: Building textures: Texture2D_146 (BGRA8, 64X64)
[2019.05.12-14.07.31:155][647]LogTexture: Display: Building textures: Texture2D_147 (BGRA8, 64X64)
[2019.05.12-14.07.31:190][647]LogTexture: Display: Building textures: Texture2D_148 (BGRA8, 64X64)
[2019.05.12-14.07.31:227][647]LogTexture: Display: Building textures: Texture2D_149 (BGRA8, 64X64)
[2019.05.12-14.07.31:263][647]LogTexture: Display: Building textures: Texture2D_150 (BGRA8, 64X64)
[2019.05.12-14.07.31:299][647]LogTexture: Display: Building textures: Texture2D_151 (BGRA8, 64X64)
[2019.05.12-14.07.31:335][647]LogTexture: Display: Building textures: Texture2D_152 (BGRA8, 64X64)
[2019.05.12-14.07.31:373][647]LogTexture: Display: Building textures: Texture2D_153 (BGRA8, 64X64)
[2019.05.12-14.07.31:414][647]LogTexture: Display: Building textures: Texture2D_154 (BGRA8, 64X64)
[2019.05.12-14.07.31:455][647]LogTexture: Display: Building textures: Texture2D_155 (BGRA8, 64X64)
[2019.05.12-14.07.31:498][647]LogTexture: Display: Building textures: Texture2D_156 (BGRA8, 64X64)
[2019.05.12-14.07.31:536][647]LogTexture: Display: Building textures: Texture2D_157 (BGRA8, 64X64)
[2019.05.12-14.07.31:571][647]LogTexture: Display: Building textures: Texture2D_158 (BGRA8, 64X64)
[2019.05.12-14.07.31:613][647]LogTexture: Display: Building textures: Texture2D_159 (BGRA8, 64X64)
[2019.05.12-14.07.31:651][647]LogTexture: Display: Building textures: Texture2D_160 (BGRA8, 64X64)
[2019.05.12-14.07.31:691][647]LogTexture: Display: Building textures: Texture2D_161 (BGRA8, 64X64)
[2019.05.12-14.07.31:727][647]LogTexture: Display: Building textures: Texture2D_162 (BGRA8, 64X64)
[2019.05.12-14.07.31:757][647]LogTexture: Display: Building textures: Texture2D_163 (BGRA8, 64X64)
[2019.05.12-14.07.31:799][647]LogTexture: Display: Building textures: Texture2D_164 (BGRA8, 64X64)
[2019.05.12-14.07.31:843][647]LogTexture: Display: Building textures: Texture2D_165 (BGRA8, 64X64)
[2019.05.12-14.07.31:884][647]LogTexture: Display: Building textures: Texture2D_166 (BGRA8, 64X64)
[2019.05.12-14.07.31:921][647]LogTexture: Display: Building textures: Texture2D_167 (BGRA8, 64X64)
[2019.05.12-14.07.32:095][647]LogTexture: Display: Building textures: Texture2D_83 (BGRA8, 512X512)
[2019.05.12-14.07.32:141][647]LogTexture: Display: Building textures: Texture2D_84 (BGRA8, 512X512)
[2019.05.12-14.07.32:180][647]LogTexture: Display: Building textures: Texture2D_85 (BGRA8, 512X512)
[2019.05.12-14.07.32:223][647]LogTexture: Display: Building textures: Texture2D_86 (BGRA8, 512X512)
[2019.05.12-14.07.39:706][911]LogSlate: FSceneViewport::OnFocusLost() reason 0
[2019.05.12-14.08.04:689][142]LogSlate: FSceneViewport::OnFocusLost() reason 0
[2019.05.12-14.08.17:079][818]LogEditorActor: Deleted Actor: terrain_bishe_1_846516E4_C
[2019.05.12-14.08.17:188][818]LogEditorActor: Deleted 1 Actors (0.315 secs)
[2019.05.12-14.08.18:413][876]LogEditorActor: Deleted Actor: Landscape
[2019.05.12-14.08.18:772][876]LogEditorActor: Deleted 1 Actors (0.423 secs)
[2019.05.12-14.08.47:170][198]LogAssetEditorManager: Opening Asset editor for LandscapeGrassType /Game/Terrain/Grass/Grass.grass
[2019.05.12-14.08.52:147][341]LogSlate: Window 'Save Content' being destroyed
[2019.05.12-14.08.52:956][341]Cmd: OBJ SAVEPACKAGE PACKAGE="/Game/Terrain/4/LakeLevelNew" FILE="C:/Users/Ivy/Documents/DiplomaGame/ClimbDemo/Content/Terrain/4/LakeLevelNew.umap" SILENT=true AUTOSAVING=false KEEPDIRTY=false
[2019.05.12-14.08.59:753][341]LogSavePackage: Moving 'C:/Users/Ivy/Documents/DiplomaGame/ClimbDemo/Saved/LakeLevelNewC6430E0249EDEEE0FB1A3D88F26EA76A.tmp' to 'C:/Users/Ivy/Documents/DiplomaGame/ClimbDemo/Content/Terrain/4/LakeLevelNew.umap'
[2019.05.12-14.08.59:857][341]LogFileHelpers: Saving map 'LakeLevelNew' took 7.622
[2019.05.12-14.09.19:416][650]LogWindows: Error: === Critical error: ===
[2019.05.12-14.09.19:416][650]LogWindows: Error: 
[2019.05.12-14.09.19:416][650]LogWindows: Error: Fatal error!
[2019.05.12-14.09.19:416][650]LogWindows: Error: 
[2019.05.12-14.09.19:416][650]LogWindows: Error: Unhandled Exception: EXCEPTION_ACCESS_VIOLATION reading address 0x00000128
[2019.05.12-14.09.19:416][650]LogWindows: Error: 
[2019.05.12-14.09.19:416][650]LogWindows: Error: [Callstack] 0x00007ffa254b8e3a UE4Editor-Landscape.dll!UnknownFunction []
[2019.05.12-14.09.19:416][650]LogWindows: Error: [Callstack] 0x00007ffa254fbd12 UE4Editor-Landscape.dll!UnknownFunction []
[2019.05.12-14.09.19:416][650]LogWindows: Error: [Callstack] 0x00007ffa2551d1ec UE4Editor-Landscape.dll!UnknownFunction []
[2019.05.12-14.09.19:416][650]LogWindows: Error: [Callstack] 0x00007ffa1723cf73 UE4Editor-CoreUObject.dll!UnknownFunction []
[2019.05.12-14.09.19:416][650]LogWindows: Error: [Callstack] 0x00007ffa09bc69a6 UE4Editor-PropertyEditor.dll!UnknownFunction []
[2019.05.12-14.09.19:416][650]LogWindows: Error: [Callstack] 0x00007ffa09bba699 UE4Editor-PropertyEditor.dll!UnknownFunction []
[2019.05.12-14.09.19:416][650]LogWindows: Error: [Callstack] 0x00007ffa09bbac2d UE4Editor-PropertyEditor.dll!UnknownFunction []
[2019.05.12-14.09.19:416][650]LogWindows: Error: [Callstack] 0x00007ffa09c06cfb UE4Editor-PropertyEditor.dll!UnknownFunction []
[2019.05.12-14.09.19:416][650]LogWindows: Error: [Callstack] 0x00007ffa09c074a8 UE4Editor-PropertyEditor.dll!UnknownFunction []
[2019.05.12-14.09.19:416][650]LogWindows: Error: [Callstack] 0x00007ffa09c059fa UE4Editor-PropertyEditor.dll!UnknownFunction []
[2019.05.12-14.09.19:416][650]LogWindows: Error: [Callstack] 0x00007ffa09cdfe9a UE4Editor-PropertyEditor.dll!UnknownFunction []
[2019.05.12-14.09.19:416][650]LogWindows: Error: [Callstack] 0x00007ffa09c9a1d9 UE4Editor-PropertyEditor.dll!UnknownFunction []
[2019.05.12-14.09.19:416][650]LogWindows: Error: [Callstack] 0x00007ffa09cb77d5 UE4Editor-PropertyEditor.dll!UnknownFunction []
[2019.05.12-14.09.19:416][650]LogWindows: Error: [Callstack] 0x00007ffa09c9b2b9 UE4Editor-PropertyEditor.dll!UnknownFunction []
[2019.05.12-14.09.19:416][650]LogWindows: Error: [Callstack] 0x00007ff9fbe2c379 UE4Editor-ContentBrowser.dll!UnknownFunction []
[2019.05.12-14.09.19:416][650]LogWindows: Error: [Callstack] 0x00007ff9fbddda5b UE4Editor-ContentBrowser.dll!UnknownFunction []
[2019.05.12-14.09.19:416][650]LogWindows: Error: [Callstack] 0x00007ff9fbe2e624 UE4Editor-ContentBrowser.dll!UnknownFunction []
[2019.05.12-14.09.19:416][650]LogWindows: Error: [Callstack] 0x00007ff9fbe8c9ba UE4Editor-ContentBrowser.dll!UnknownFunction []
[2019.05.12-14.09.19:416][650]LogWindows: Error: [Callstack] 0x00007ff9fbe81e99 UE4Editor-ContentBrowser.dll!UnknownFunction []
[2019.05.12-14.09.19:416][650]LogWindows: Error: [Callstack] 0x00007ffa152394c5 UE4Editor-Slate.dll!UnknownFunction []
[2019.05.12-14.09.19:416][650]LogWindows: Error: [Callstack] 0x00007ffa152d1db2 UE4Editor-Slate.dll!UnknownFunction []
[2019.05.12-14.09.19:416][650]LogWindows: Error: [Callstack] 0x00007ffa152b7c7a UE4Editor-Slate.dll!UnknownFunction []
[2019.05.12-14.09.19:416][650]LogWindows: Error: [Callstack] 0x00007ffa152ab25c UE4Editor-Slate.dll!UnknownFunction []
[2019.05.12-14.09.19:416][650]LogWindows: Error: [Callstack] 0x00007ffa32aed1c7 UE4Editor-ApplicationCore.dll!UnknownFunction []
[2019.05.12-14.09.19:416][650]LogWindows: Error: [Callstack] 0x00007ffa32ae0270 UE4Editor-ApplicationCore.dll!UnknownFunction []
[2019.05.12-14.09.19:416][650]LogWindows: Error: [Callstack] 0x00007ffa32aef4c5 UE4Editor-ApplicationCore.dll!UnknownFunction []
[2019.05.12-14.09.19:416][650]LogWindows: Error: [Callstack] 0x00007ffa32adc209 UE4Editor-ApplicationCore.dll!UnknownFunction []
[2019.05.12-14.09.19:416][650]LogWindows: Error: [Callstack] 0x00007ffa551a6d41 USER32.dll!UnknownFunction []
[2019.05.12-14.09.19:416][650]LogWindows: Error: [Callstack] 0x00007ffa551a6713 USER32.dll!UnknownFunction []
[2019.05.12-14.09.19:416][650]LogWindows: Error: [Callstack] 0x00007ffa32af0646 UE4Editor-ApplicationCore.dll!UnknownFunction []
[2019.05.12-14.09.19:416][650]LogWindows: Error: [Callstack] 0x00007ff742e654e5 UE4Editor.exe!UnknownFunction []
[2019.05.12-14.09.19:416][650]LogWindows: Error: [Callstack] 0x00007ff742e75b3c UE4Editor.exe!UnknownFunction []
[2019.05.12-14.09.19:416][650]LogWindows: Error: [Callstack] 0x00007ff742e75bba UE4Editor.exe!UnknownFunction []
[2019.05.12-14.09.19:416][650]LogWindows: Error: [Callstack] 0x00007ff742e83dac UE4Editor.exe!UnknownFunction []
[2019.05.12-14.09.19:416][650]LogWindows: Error: [Callstack] 0x00007ff742e85aaa UE4Editor.exe!UnknownFunction []
[2019.05.12-14.09.19:416][650]LogWindows: Error: [Callstack] 0x00007ffa55014034 KERNEL32.DLL!UnknownFunction []
[2019.05.12-14.09.19:416][650]LogWindows: Error: [Callstack] 0x00007ffa55a53691 ntdll.dll!UnknownFunction []
[2019.05.12-14.09.19:416][650]LogWindows: Error: 
[2019.05.12-14.09.19:454][650]LogExit: Executing StaticShutdownAfterError
[2019.05.12-14.09.19:837][650]LogWindows: FPlatformMisc::RequestExit(1)
[2019.05.12-14.09.19:875][650]Log file closed, 05/12/19 22:09:19
