Log file open, 05/29/19 18:29:09
LogWindows: Failed to load 'aqProf.dll' (GetLastError=126)
LogWindows: File 'aqProf.dll' does not exist
LogWindows: Failed to load 'VtuneApi.dll' (GetLastError=126)
LogWindows: File 'VtuneApi.dll' does not exist
LogWindows: Failed to load 'VtuneApi32e.dll' (GetLastError=126)
LogWindows: File 'VtuneApi32e.dll' does not exist
LogInit: Display: Running engine for game: ClimbDemo
LogPlatformFile: Not using cached read wrapper
LogTaskGraph: Started task graph with 5 named threads and 14 total threads with 3 sets of task threads.
LogStats: Stats thread started at 0.253893
LogD3D11RHI: Loaded GFSDK_Aftermath_Lib.x64.dll
LogICUInternationalization: Display: ICU TimeZone Detection - Raw Offset: +8:00, Platform Override: ''
LogPluginManager: Mounting plugin Paper2D
LogPluginManager: Mounting plugin AISupport
LogPluginManager: Mounting plugin LightPropagationVolume
LogPluginManager: Mounting plugin CLionSourceCodeAccess
LogPluginManager: Mounting plugin CodeLiteSourceCodeAccess
LogPluginManager: Mounting plugin GitSourceControl
LogPluginManager: Mounting plugin KDevelopSourceCodeAccess
LogPluginManager: Mounting plugin NullSourceCodeAccess
LogPluginManager: Mounting plugin PerforceSourceControl
LogPluginManager: Mounting plugin SubversionSourceControl
LogPluginManager: Mounting plugin UObjectPlugin
LogPluginManager: Mounting plugin VisualStudioCodeSourceCodeAccess
LogPluginManager: Mounting plugin VisualStudioSourceCodeAccess
LogPluginManager: Mounting plugin XCodeSourceCodeAccess
LogPluginManager: Mounting plugin AssetManagerEditor
LogPluginManager: Mounting plugin CryptoKeys
LogPluginManager: Mounting plugin DataValidation
LogPluginManager: Mounting plugin FacialAnimation
LogPluginManager: Mounting plugin GameplayTagsEditor
LogPluginManager: Mounting plugin MacGraphicsSwitching
LogPluginManager: Mounting plugin MeshEditor
LogPluginManager: Mounting plugin MobileLauncherProfileWizard
LogPluginManager: Mounting plugin PluginBrowser
LogPluginManager: Mounting plugin SpeedTreeImporter
LogPluginManager: Mounting plugin DatasmithContent
LogPluginManager: Mounting plugin AlembicImporter
LogPluginManager: Mounting plugin AppleImageUtils
LogPluginManager: Mounting plugin AppleVision
LogPluginManager: Mounting plugin BackChannel
LogPluginManager: Mounting plugin CharacterAI
LogPluginManager: Mounting plugin GeometryCache
LogPluginManager: Mounting plugin HTML5Networking
LogPluginManager: Mounting plugin ProxyLODPlugin
LogPluginManager: Mounting plugin MagicLeap
LogPluginManager: Mounting plugin MagicLeapEmulator
LogPluginManager: Mounting plugin MagicLeapMedia
LogPluginManager: Mounting plugin AndroidMedia
LogPluginManager: Mounting plugin AvfMedia
LogPluginManager: Mounting plugin ImgMedia
LogPluginManager: Mounting plugin LinearTimecode
LogPluginManager: Mounting plugin MediaCompositing
LogPluginManager: Mounting plugin MediaPlayerEditor
LogPluginManager: Mounting plugin WmfMedia
LogPluginManager: Mounting plugin TcpMessaging
LogPluginManager: Mounting plugin UdpMessaging
LogPluginManager: Mounting plugin ActorSequence
LogPluginManager: Mounting plugin LevelSequenceEditor
LogPluginManager: Mounting plugin MatineeToLevelSequence
LogPluginManager: Mounting plugin NetcodeUnitTest
LogPluginManager: Mounting plugin NUTUnrealEngine4
LogPluginManager: Mounting plugin OnlineSubsystemGooglePlay
LogPluginManager: Mounting plugin OnlineSubsystemIOS
LogPluginManager: Mounting plugin OnlineSubsystem
LogPluginManager: Mounting plugin OnlineSubsystemNull
LogPluginManager: Mounting plugin OnlineSubsystemUtils
LogPluginManager: Mounting plugin LauncherChunkInstaller
LogPluginManager: Mounting plugin AndroidDeviceProfileSelector
LogPluginManager: Mounting plugin AndroidMoviePlayer
LogPluginManager: Mounting plugin AndroidPermission
LogPluginManager: Mounting plugin AppleMoviePlayer
LogPluginManager: Mounting plugin ArchVisCharacter
LogPluginManager: Mounting plugin AudioCapture
LogPluginManager: Mounting plugin CableComponent
LogPluginManager: Mounting plugin CustomMeshComponent
LogPluginManager: Mounting plugin EditableMesh
LogPluginManager: Mounting plugin ExampleDeviceProfileSelector
LogPluginManager: Mounting plugin GoogleCloudMessaging
LogPluginManager: Mounting plugin HoudiniEngine
LogPluginManager: Mounting plugin ImmediatePhysics
LogPluginManager: Mounting plugin IOSDeviceProfileSelector
LogPluginManager: Mounting plugin LinuxDeviceProfileSelector
LogPluginManager: Mounting plugin LocationServicesBPLibrary
LogPluginManager: Mounting plugin MobilePatchingUtils
LogPluginManager: Mounting plugin OculusVR
LogPluginManager: Plugin shader directory ../../../Engine/Plugins/Runtime/Oculus/OculusVR/Shaders found
LogPluginManager: Mapping shader source directory ../../../Engine/Plugins/Runtime/Oculus/OculusVR/Shaders to virtual directory /Plugin/OculusVR
LogPluginManager: Mounting plugin PhysXVehicles
LogPluginManager: Mounting plugin ProceduralMeshComponent
LogPluginManager: Mounting plugin RuntimePhysXCooking
LogPluginManager: Mounting plugin SteamVR
LogPluginManager: Mounting plugin WindowsMoviePlayer
LogStreaming: Display: Took  0.360s to configure plugins.
LogInit: Using libcurl 7.55.1-DEV
LogInit:  - built for x86_64-pc-win32
LogInit:  - supports SSL with OpenSSL/1.0.2h
LogInit:  - supports HTTP deflate (compression) using libz 1.2.8
LogInit:  - other features:
LogInit:      CURL_VERSION_SSL
LogInit:      CURL_VERSION_LIBZ
LogInit:      CURL_VERSION_IPV6
LogInit:      CURL_VERSION_ASYNCHDNS
LogInit:      CURL_VERSION_LARGEFILE
LogInit:      CURL_VERSION_IDN
LogInit:  CurlRequestOptions (configurable via config and command line):
LogInit:  - bVerifyPeer = false  - Libcurl will NOT verify peer certificate
LogInit:  - bUseHttpProxy = false  - Libcurl will NOT use HTTP proxy
LogInit:  - bDontReuseConnections = false  - Libcurl will reuse connections
LogInit:  - CertBundlePath = nullptr  - Libcurl will use whatever was configured at build time.
LogInit:  - MaxHostConnections = 16  - Libcurl will limit the number of connections to a host
LogInit:  - LocalHostAddr = Default
LogInit:  - BufferSize = 65536
LogInit: WinSock: version 1.1 (2.2), MaxSocks=32767, MaxUdp=65467
LogInit: Build: ++UE4+Release-4.20-CL-4369336
LogInit: Engine Version: 4.20.3-4369336+++UE4+Release-4.20
LogInit: Compatible Engine Version: 4.20.0-4212847+++UE4+Release-4.20
LogInit: Net CL: 4212847
LogInit: OS: Windows 10 (), CPU: Intel(R) Core(TM) i5-4590 CPU @ 3.30GHz, GPU: NVIDIA GeForce GTX 960
LogInit: Compiled (64-bit): Sep 17 2018 12:26:19
LogInit: Compiled with Visual C++: 19.13.26129.00
LogInit: Build Configuration: Development
LogInit: Branch Name: ++UE4+Release-4.20
LogInit: Command Line:  
LogInit: Base Directory: E:/UE4/UE_4.20/Engine/Binaries/Win64/
LogInit: Installed Engine Build: 1
LogDevObjectVersion: Number of dev versions registered: 20
LogDevObjectVersion:   Dev-Blueprints (B0D832E4-1F89-4F0D-ACCF-7EB736FD4AA2): 10
LogDevObjectVersion:   Dev-Build (E1C64328-A22C-4D53-A36C-8E866417BD8C): 0
LogDevObjectVersion:   Dev-Core (375EC13C-06E4-48FB-B500-84F0262A717E): 2
LogDevObjectVersion:   Dev-Editor (E4B068ED-F494-42E9-A231-DA0B2E46BB41): 24
LogDevObjectVersion:   Dev-Framework (CFFC743F-43B0-4480-9391-14DF171D2073): 34
LogDevObjectVersion:   Dev-Mobile (B02B49B5-BB20-44E9-A304-32B752E40360): 2
LogDevObjectVersion:   Dev-Networking (A4E4105C-59A1-49B5-A7C5-40C4547EDFEE): 0
LogDevObjectVersion:   Dev-Online (39C831C9-5AE6-47DC-9A44-9C173E1C8E7C): 0
LogDevObjectVersion:   Dev-Physics (78F01B33-EBEA-4F98-B9B4-84EACCB95AA2): 0
LogDevObjectVersion:   Dev-Platform (6631380F-2D4D-43E0-8009-CF276956A95A): 0
LogDevObjectVersion:   Dev-Rendering (12F88B9F-8875-4AFC-A67C-D90C383ABD29): 26
LogDevObjectVersion:   Dev-Sequencer (7B5AE74C-D270-4C10-A958-57980B212A5A): 9
LogDevObjectVersion:   Dev-VR (D7296918-1DD6-4BDD-9DE2-64A83CC13884): 2
LogDevObjectVersion:   Dev-LoadTimes (C2A15278-BFE7-4AFE-6C17-90FF531DF755): 1
LogDevObjectVersion:   Private-Geometry (6EACA3D4-40EC-4CC1-B786-8BED09428FC5): 3
LogDevObjectVersion:   Dev-AnimPhys (29E575DD-E0A3-4627-9D10-D276232CDCEA): 17
LogDevObjectVersion:   Dev-ReflectionCapture (6B266CEC-1EC7-4B8F-A30B-E4D90942FC07): 1
LogDevObjectVersion:   Dev-Automation (0DF73D61-A23F-47EA-B727-89E90C41499A): 1
LogDevObjectVersion:   FortniteMain (601D1886-AC64-4F84-AA16-D3DE0DEAC7D6): 12
LogDevObjectVersion:   Dev-Enterprise (9DFFBCD6-494F-0158-E221-12823C92A888): 1
LogStreaming: Display: Took  0.003s to delete old logs.
LogInit: Presizing for max 8388607 objects, including 0 objects not considered by GC, pre-allocating 0 bytes for permanent pool.
LogInit: Object subsystem initialized
[2019.05.29-10.29.10:626][  0]LogInit: Selected Device Profile: [Windows]
[2019.05.29-10.29.10:626][  0]LogInit: Applying CVar settings loaded from the selected device profile: [Windows]
[2019.05.29-10.29.10:681][  0]LogHAL: Display: Platform has ~ 16 GB [17069932544 / 17179869184 / 16], which maps to Larger [LargestMinGB=32, LargerMinGB=12, DefaultMinGB=8, SmallerMinGB=6, SmallestMinGB=0)
[2019.05.29-10.29.10:681][  0]LogInit: Setting Device Profile CVar: [[r.Vulkan.UseRealUBs:1]]
[2019.05.29-10.29.10:681][  0]LogInit: Going up to parent DeviceProfile []
[2019.05.29-10.29.10:701][  0]LogInit: Computer: DESKTOP-LAG4IKO
[2019.05.29-10.29.10:701][  0]LogInit: User: 14367
[2019.05.29-10.29.10:701][  0]LogInit: CPU Page size=4096, Cores=4
[2019.05.29-10.29.10:702][  0]LogInit: High frequency timer resolution =10.000000 MHz
[2019.05.29-10.29.10:702][  0]LogMemory: Memory total: Physical=15.9GB (16GB approx)
[2019.05.29-10.29.10:702][  0]LogMemory: Platform Memory Stats for Windows
[2019.05.29-10.29.10:702][  0]LogMemory: Process Physical Memory: 102.25 MB used, 102.25 MB peak
[2019.05.29-10.29.10:702][  0]LogMemory: Process Virtual Memory: 98.61 MB used, 98.61 MB peak
[2019.05.29-10.29.10:702][  0]LogMemory: Physical Memory: 12113.00 MB used,  4166.15 MB free, 16279.16 MB total
[2019.05.29-10.29.10:702][  0]LogMemory: Virtual Memory: 4640.59 MB used,  4166.15 MB free, 134217728.00 MB total
[2019.05.29-10.29.10:855][  0]LogInit: Using OS detected language (zh-CN).
[2019.05.29-10.29.10:856][  0]LogInit: Using OS detected locale (zh-CN).
[2019.05.29-10.29.11:508][  0]LogStreaming: Display: Took  0.653s to InitEngineTextLocalization.
[2019.05.29-10.29.11:508][  0]LogInit: Setting process to per monitor DPI aware
[2019.05.29-10.29.11:645][  0]LogSlate: New Slate User Created.  User Index 0, Is Virtual User: 0
[2019.05.29-10.29.11:645][  0]LogSlate: Slate User Registered.  User Index 0, Is Virtual User: 0
[2019.05.29-10.29.14:050][  0]LogHMD: Failed to initialize OpenVR with code 110
[2019.05.29-10.29.14:050][  0]LogD3D11RHI: D3D11 adapters:
[2019.05.29-10.29.14:142][  0]LogD3D11RHI:    0. 'NVIDIA GeForce GTX 960' (Feature Level 11_0)
[2019.05.29-10.29.14:143][  0]LogD3D11RHI:       4062/0/8139 MB DedicatedVideo/DedicatedSystem/SharedSystem, Outputs:1, VendorId:0x10de
[2019.05.29-10.29.14:185][  0]LogD3D11RHI:    1. 'Intel(R) HD Graphics 4600' (Feature Level 11_0)
[2019.05.29-10.29.14:185][  0]LogD3D11RHI:       112/0/2048 MB DedicatedVideo/DedicatedSystem/SharedSystem, Outputs:0, VendorId:0x8086
[2019.05.29-10.29.14:189][  0]LogD3D11RHI:    2. 'Microsoft Basic Render Driver' (Feature Level 11_0)
[2019.05.29-10.29.14:190][  0]LogD3D11RHI:       0/0/8139 MB DedicatedVideo/DedicatedSystem/SharedSystem, Outputs:0, VendorId:0x1414
[2019.05.29-10.29.14:190][  0]LogD3D11RHI: Chosen D3D11 Adapter: 0
[2019.05.29-10.29.14:201][  0]LogD3D11RHI: Creating new Direct3DDevice
[2019.05.29-10.29.14:201][  0]LogD3D11RHI:     GPU DeviceId: 0x1401 (for the marketing name, search the web for "GPU Device Id")
[2019.05.29-10.29.14:201][  0]LogWindows: EnumDisplayDevices:
[2019.05.29-10.29.14:202][  0]LogWindows:    0. 'NVIDIA GeForce GTX 960' (P:1 D:1)
[2019.05.29-10.29.14:204][  0]LogWindows:    1. 'NVIDIA GeForce GTX 960' (P:0 D:0)
[2019.05.29-10.29.14:206][  0]LogWindows:    2. 'NVIDIA GeForce GTX 960' (P:0 D:0)
[2019.05.29-10.29.14:209][  0]LogWindows:    3. 'NVIDIA GeForce GTX 960' (P:0 D:0)
[2019.05.29-10.29.14:211][  0]LogWindows:    4. 'Intel(R) HD Graphics 4600' (P:0 D:0)
[2019.05.29-10.29.14:213][  0]LogWindows:    5. 'Intel(R) HD Graphics 4600' (P:0 D:0)
[2019.05.29-10.29.14:215][  0]LogWindows:    6. 'Intel(R) HD Graphics 4600' (P:0 D:0)
[2019.05.29-10.29.14:217][  0]LogWindows: DebugString: PrimaryIsNotTheChoosenAdapter PrimaryIsNotTheChoosenAdapter PrimaryIsNotTheChoosenAdapter FoundDriverCount:4 
[2019.05.29-10.29.14:217][  0]LogD3D11RHI:     Adapter Name: NVIDIA GeForce GTX 960
[2019.05.29-10.29.14:217][  0]LogD3D11RHI:   Driver Version: 388.13 (internal:23.21.13.8813, unified:388.13)
[2019.05.29-10.29.14:217][  0]LogD3D11RHI:      Driver Date: 10-27-2017
[2019.05.29-10.29.14:217][  0]LogRHI: Texture pool is 2843 MB (70% of 4062 MB)
[2019.05.29-10.29.14:265][  0]LogD3D11RHI: Async texture creation enabled
[2019.05.29-10.29.14:277][  0]LogD3D11RHI: GPU Timing Frequency: 1000.000000 (Debug: 2 1)
[2019.05.29-10.29.14:286][  0]LogShaderCompilers: Guid format shader working directory is 13 characters bigger than the processId version (D:/Documents/DiplomaGame/ClimbDemo/Intermediate/Shaders/WorkingDirectory/972/).
[2019.05.29-10.29.14:287][  0]LogShaderCompilers: Cleaned the shader compiler working directory 'C:/Users/14367/AppData/Local/Temp/UnrealShaderWorkingDir/4DE05A6E45E9CC0EFB5854ADC93F03A4/'.
[2019.05.29-10.29.15:255][  0]LogTemp: Display: Loaded TP AllDesktopTargetPlatform
[2019.05.29-10.29.15:276][  0]LogTemp: Display: Loaded TP MacClientTargetPlatform
[2019.05.29-10.29.15:292][  0]LogTemp: Display: Loaded TP MacNoEditorTargetPlatform
[2019.05.29-10.29.15:311][  0]LogTemp: Display: Loaded TP MacServerTargetPlatform
[2019.05.29-10.29.15:339][  0]LogTemp: Display: Loaded TP MacTargetPlatform
[2019.05.29-10.29.15:366][  0]LogTemp: Display: Loaded TP WindowsClientTargetPlatform
[2019.05.29-10.29.15:389][  0]LogTemp: Display: Loaded TP WindowsNoEditorTargetPlatform
[2019.05.29-10.29.15:409][  0]LogTemp: Display: Loaded TP WindowsServerTargetPlatform
[2019.05.29-10.29.15:427][  0]LogTemp: Display: Loaded TP WindowsTargetPlatform
[2019.05.29-10.29.15:524][  0]LogTemp: Display: Loaded TP AndroidTargetPlatform
[2019.05.29-10.29.15:524][  0]LogTemp: Display: Loaded TP AndroidTargetPlatform
[2019.05.29-10.29.15:524][  0]LogTemp: Display: Loaded TP AndroidTargetPlatform
[2019.05.29-10.29.15:524][  0]LogTemp: Display: Loaded TP AndroidTargetPlatform
[2019.05.29-10.29.15:524][  0]LogTemp: Display: Loaded TP AndroidTargetPlatform
[2019.05.29-10.29.15:524][  0]LogTemp: Display: Loaded TP AndroidTargetPlatform
[2019.05.29-10.29.15:524][  0]LogTemp: Display: Loaded TP AndroidTargetPlatform
[2019.05.29-10.29.15:524][  0]LogTemp: Display: Loaded TP AndroidTargetPlatform
[2019.05.29-10.29.15:524][  0]LogTemp: Display: Loaded TP AndroidTargetPlatform
[2019.05.29-10.29.15:524][  0]LogTemp: Display: Loaded TP AndroidTargetPlatform
[2019.05.29-10.29.15:524][  0]LogTemp: Display: Loaded TP AndroidTargetPlatform
[2019.05.29-10.29.15:524][  0]LogTemp: Display: Loaded TP AndroidTargetPlatform
[2019.05.29-10.29.15:524][  0]LogTemp: Display: Loaded TP AndroidTargetPlatform
[2019.05.29-10.29.15:524][  0]LogTemp: Display: Loaded TP AndroidTargetPlatform
[2019.05.29-10.29.15:524][  0]LogTemp: Display: Loaded TP AndroidTargetPlatform
[2019.05.29-10.29.15:524][  0]LogTemp: Display: Loaded TP AndroidTargetPlatform
[2019.05.29-10.29.15:524][  0]LogTemp: Display: Loaded TP AndroidTargetPlatform
[2019.05.29-10.29.15:524][  0]LogTemp: Display: Loaded TP AndroidTargetPlatform
[2019.05.29-10.29.15:552][  0]LogTemp: Display: Loaded TP HTML5TargetPlatform
[2019.05.29-10.29.15:656][  0]LogTemp: Display: Loaded TP IOSTargetPlatform
[2019.05.29-10.29.15:656][  0]LogTemp: Display: Loaded TP IOSTargetPlatform
[2019.05.29-10.29.15:702][  0]LogTemp: Display: Loaded TP TVOSTargetPlatform
[2019.05.29-10.29.15:703][  0]LogTemp: Display: Loaded TP TVOSTargetPlatform
[2019.05.29-10.29.15:718][  0]LogTemp: Display: Loaded TP LinuxClientTargetPlatform
[2019.05.29-10.29.15:740][  0]LogTemp: Display: Loaded TP LinuxNoEditorTargetPlatform
[2019.05.29-10.29.15:774][  0]LogTemp: Display: Loaded TP LinuxServerTargetPlatform
[2019.05.29-10.29.15:808][  0]LogTemp: Display: Loaded TP LinuxTargetPlatform
[2019.05.29-10.29.15:831][  0]LogTemp: Display: Loaded TP LuminTargetPlatform
[2019.05.29-10.29.15:831][  0]LogTargetPlatformManager: Display: Building Assets For Windows
[2019.05.29-10.29.16:184][  0]LogXGEController: Cannot use XGE Controller as Incredibuild is not installed on this machine.
[2019.05.29-10.29.16:185][  0]LogShaderCompilers: Cannot use XGE Shader Compiler as Incredibuild is not installed on this machine.
[2019.05.29-10.29.16:185][  0]LogShaderCompilers: Display: Using Local Shader Compiler.
[2019.05.29-10.29.18:232][  0]LogDerivedDataCache: Display: Max Cache Size: 512 MB
[2019.05.29-10.29.19:025][  0]LogDerivedDataCache: Loaded boot cache 0.79s 71MB C:/Users/14367/AppData/Local/UnrealEngine/4.20/DerivedDataCache/Boot.ddc.
[2019.05.29-10.29.19:026][  0]LogDerivedDataCache: Display: Loaded Boot cache: C:/Users/14367/AppData/Local/UnrealEngine/4.20/DerivedDataCache/Boot.ddc
[2019.05.29-10.29.19:026][  0]LogDerivedDataCache: FDerivedDataBackendGraph:  Pak pak cache file D:/Documents/DiplomaGame/ClimbDemo/DerivedDataCache/DDC.ddp not found, will not use a pak cache.
[2019.05.29-10.29.19:026][  0]LogDerivedDataCache: Unable to find inner node Pak for hierarchical cache Hierarchy.
[2019.05.29-10.29.19:026][  0]LogDerivedDataCache: FDerivedDataBackendGraph:  CompressedPak pak cache file D:/Documents/DiplomaGame/ClimbDemo/DerivedDataCache/Compressed.ddp not found, will not use a pak cache.
[2019.05.29-10.29.19:026][  0]LogDerivedDataCache: Unable to find inner node CompressedPak for hierarchical cache Hierarchy.
[2019.05.29-10.29.19:062][  0]LogDerivedDataCache: Display: Pak cache opened for reading ../../../Engine/DerivedDataCache/Compressed.ddp.
[2019.05.29-10.29.19:076][  0]LogDerivedDataCache: Using Local data cache path C:/Users/14367/AppData/Local/UnrealEngine/Common/DerivedDataCache: Writable
[2019.05.29-10.29.19:076][  0]LogDerivedDataCache: Shared data cache path not found in *engine.ini, will not use an Shared cache.
[2019.05.29-10.29.19:076][  0]LogDerivedDataCache: Unable to find inner node Shared for hierarchical cache Hierarchy.
[2019.05.29-10.29.19:097][  0]LogMaterial: Verifying Global Shaders for PCD3D_SM5
[2019.05.29-10.29.19:098][  0]LogSlate: Using FreeType 2.6.0
[2019.05.29-10.29.19:099][  0]LogSlate: SlateFontServices - WITH_FREETYPE: 1, WITH_HARFBUZZ: 1
[2019.05.29-10.29.19:215][  0]LogAssetRegistry: FAssetRegistry took 0.0262 seconds to start up
[2019.05.29-10.29.19:622][  0]LogInit: Selected Device Profile: [Windows]
[2019.05.29-10.29.20:215][  0]LogSimplygon: Simplygon DLL not present - disabling.
[2019.05.29-10.29.20:367][  0]LogMeshReduction: Using SimplygonSwarm for distributed automatic mesh merging
[2019.05.29-10.29.20:367][  0]LogMeshReduction: Using ProxyLODMeshReduction for automatic mesh merging
[2019.05.29-10.29.20:367][  0]LogMeshReduction: Using QuadricMeshReduction for automatic static mesh reduction
[2019.05.29-10.29.20:367][  0]LogMeshReduction: No automatic skeletal mesh reduction module available
[2019.05.29-10.29.20:389][  0]LogNetVersion: ClimbDemo 1.0.0, NetCL: 4212847, EngineNetVer: 5, GameNetVer: 0 (Checksum: 2394580764)
[2019.05.29-10.29.21:385][  0]LogPackageLocalizationCache: Processed 12 localized package path(s) for 4 prioritized culture(s) in 0.389954 seconds
[2019.05.29-10.29.21:392][  0]LogUObjectArray: 38425 objects as part of root set at end of initial load.
[2019.05.29-10.29.21:392][  0]LogUObjectAllocator: 6690872 out of 0 bytes used by permanent object pool.
[2019.05.29-10.29.21:392][  0]LogUObjectArray: CloseDisregardForGC: 0/0 objects in disregard for GC pool
[2019.05.29-10.29.31:772][  0]LogTcpMessaging: Initializing TcpMessaging bridge
[2019.05.29-10.29.31:795][  0]LogUdpMessaging: Initializing bridge on interface 0.0.0.0:0 to multicast group 230.0.0.1:6666.
[2019.05.29-10.29.32:126][  0]SourceControl: 源码管理已禁用
[2019.05.29-10.29.32:126][  0]SourceControl: 源码管理已禁用
[2019.05.29-10.29.32:154][  0]SourceControl: 源码管理已禁用
[2019.05.29-10.29.32:164][  0]SourceControl: 源码管理已禁用
[2019.05.29-10.29.32:652][  0]LogAndroidPermission: UAndroidPermissionCallbackProxy::GetInstance
[2019.05.29-10.29.32:910][  0]LogHoudiniEngine: Starting the Houdini Engine module.
[2019.05.29-10.29.32:911][  0]LogHoudiniEngine: Loaded libHAPIL.dll from Registry path F:/AnZhuangChengXu/Houdini 17.0.416/bin
[2019.05.29-10.29.32:912][  0]LogLinker: Warning: Asset '../../Plugins/Runtime/HoudiniEngine/Content/houdini_logo.uasset' has been saved with empty engine version. The asset will be loaded but may be incompatible.
[2019.05.29-10.29.32:916][  0]LogLinker: Warning: Asset '../../Plugins/Runtime/HoudiniEngine/Content/houdini_default_material.uasset' has been saved with empty engine version. The asset will be loaded but may be incompatible.
[2019.05.29-10.29.32:922][  0]LogLinker: Warning: Asset '../../Plugins/Runtime/HoudiniEngine/Content/houdini_bgeo_import.uasset' has been saved with empty engine version. The asset will be loaded but may be incompatible.
[2019.05.29-10.29.38:211][  0]LogHoudiniEngine: Successfully intialized the Houdini Engine API module.
[2019.05.29-10.29.38:260][  0]LogOcInput: OculusInput pre-init called
[2019.05.29-10.29.38:404][  0]LogEngine: Initializing Engine...
[2019.05.29-10.29.38:405][  0]LogHMD: Failed to initialize OpenVR with code 110
[2019.05.29-10.29.38:407][  0]LogStats: UGameplayTagsManager::ConstructGameplayTagTree: ImportINI prefixes -  0.000 s
[2019.05.29-10.29.38:407][  0]LogStats: UGameplayTagsManager::ConstructGameplayTagTree: Construct from data asset -  0.000 s
[2019.05.29-10.29.38:407][  0]LogStats: UGameplayTagsManager::ConstructGameplayTagTree: ImportINI -  0.000 s
[2019.05.29-10.29.38:407][  0]LogStats: UGameplayTagsManager::ConstructGameplayTagTree: GameplayTagTreeChangedEvent.Broadcast -  0.000 s
[2019.05.29-10.29.38:636][  0]LogInit: Initializing FReadOnlyCVARCache
[2019.05.29-10.29.38:706][  0]LogAIModule: Creating AISystem for world Untitled
[2019.05.29-10.29.38:761][  0]LogInit: XAudio2 using '数字音频(S/PDIF) (High Definition Audio 设备)' : 2 channels at 44.1 kHz using 16 bits per sample (channel mask 0x3)
[2019.05.29-10.29.38:819][  0]LogInit: FAudioDevice initialized.
[2019.05.29-10.29.38:819][  0]LogNetVersion: Set ProjectVersion to 1.0.0.0. Version Checksum will be recalculated on next use.
[2019.05.29-10.29.39:038][  0]LogDerivedDataCache: Saved boot cache 0.22s 71MB C:/Users/14367/AppData/Local/UnrealEngine/4.20/DerivedDataCache/Boot.ddc.
[2019.05.29-10.29.39:046][  0]LogInit: Texture streaming: Enabled
[2019.05.29-10.29.39:123][  0]LogEngineSessionManager: EngineSessionManager initialized
[2019.05.29-10.29.39:138][  0]LogEngineSessionManager: EngineSessionManager sent abnormal shutdown report. Type=Crashed, SessionId={1E94FD39-4C17-C019-7E71-7888FCD349CC}
[2019.05.29-10.29.39:200][  0]LogInit: Transaction tracking system initialized
[2019.05.29-10.29.39:337][  0]BlueprintLog: New page: 编辑器加载
[2019.05.29-10.29.40:264][  0]LocalizationService: 本地化服务已禁用
[2019.05.29-10.29.40:998][  0]LogCook: Display: Max memory allowance for cook 16384mb min free memory 0mb
[2019.05.29-10.29.40:998][  0]LogCook: Display: Mobile HDR setting 1
[2019.05.29-10.29.40:998][  0]LogGameplayTags: Display: UGameplayTagsManager::DoneAddingNativeTags. DelegateIsBound: 0
[2019.05.29-10.29.40:998][  0]LogStats: UGameplayTagsManager::ConstructGameplayTagTree: ImportINI prefixes -  0.000 s
[2019.05.29-10.29.40:998][  0]LogStats: UGameplayTagsManager::ConstructGameplayTagTree: Construct from data asset -  0.000 s
[2019.05.29-10.29.40:998][  0]LogStats: UGameplayTagsManager::ConstructGameplayTagTree: ImportINI -  0.000 s
[2019.05.29-10.29.40:998][  0]LogStats: UGameplayTagsManager::ConstructGameplayTagTree: GameplayTagTreeChangedEvent.Broadcast -  0.000 s
[2019.05.29-10.29.41:645][  0]LogFileCache: Scanning file cache for directory 'D:/Documents/DiplomaGame/ClimbDemo/Content/' took 0.05s
[2019.05.29-10.29.41:645][  0]LogHoudiniEngineEditor: Starting the Houdini Engine Editor module.
[2019.05.29-10.29.41:684][  0]LogHoudiniEngineEditor: Houdini Engine Editor module startup complete.
[2019.05.29-10.29.42:093][  0]SourceControl: 源码管理已禁用
[2019.05.29-10.29.42:093][  0]Cmd: MAP LOAD FILE="D:/Documents/DiplomaGame/ClimbDemo/Content/Terrain/4/LakeLevel.umap" TEMPLATE=0 SHOWPROGRESS=1 FEATURELEVEL=3
[2019.05.29-10.29.42:094][  0]LightingResults: New page: 光照构建
[2019.05.29-10.29.42:106][  0]MapCheck: New page: 地图检测
[2019.05.29-10.29.42:106][  0]LightingResults: New page: 光照构建
[2019.05.29-10.29.43:944][  0]LogBlueprint: Warning: [Compiler ABP_Climber] Cling_BS到JumpEnd  will never be taken, please connect something to  Can Enter Transition
[2019.05.29-10.29.44:458][  0]LogBlueprint: Warning: [Compiler ABP_Climber] [0045.69]ABP_Climber 编译成功，但出现了 1 个警告[658 毫秒内]（/Game/Clinging/Animations/Blueprints/ABP_Climber.ABP_Climber）
[2019.05.29-10.29.44:664][  0]LogLinker: Warning: Asset 'D:/Documents/DiplomaGame/ClimbDemo/Content/BaseMaterials/SeaShaders/Textures/T_SmallWaves_N.uasset' has been saved with empty engine version. The asset will be loaded but may be incompatible.
[2019.05.29-10.29.44:752][  0]LogLinker: Warning: Unable to load PhysicsSerializer with outer InstancedStaticMeshComponent /Game/Terrain/HoudiniBake/terrain_bishe_1_846516E4.terrain_bishe_1_846516E4_C:InstancedStaticMesh10_GEN_VARIABLE because its class does not exist
[2019.05.29-10.29.44:752][  0]LogLinker: Warning: Unable to load PhysicsSerializer with outer InstancedStaticMeshComponent /Game/Terrain/HoudiniBake/terrain_bishe_1_846516E4.terrain_bishe_1_846516E4_C:InstancedStaticMesh11_GEN_VARIABLE because its class does not exist
[2019.05.29-10.29.44:752][  0]LogLinker: Warning: Unable to load PhysicsSerializer with outer InstancedStaticMeshComponent /Game/Terrain/HoudiniBake/terrain_bishe_1_846516E4.terrain_bishe_1_846516E4_C:InstancedStaticMesh12_GEN_VARIABLE because its class does not exist
[2019.05.29-10.29.44:752][  0]LogLinker: Warning: Unable to load PhysicsSerializer with outer InstancedStaticMeshComponent /Game/Terrain/HoudiniBake/terrain_bishe_1_846516E4.terrain_bishe_1_846516E4_C:InstancedStaticMesh13_GEN_VARIABLE because its class does not exist
[2019.05.29-10.29.44:753][  0]LogLinker: Warning: Unable to load PhysicsSerializer with outer InstancedStaticMeshComponent /Game/Terrain/HoudiniBake/terrain_bishe_1_846516E4.terrain_bishe_1_846516E4_C:InstancedStaticMesh14_GEN_VARIABLE because its class does not exist
[2019.05.29-10.29.44:753][  0]LogLinker: Warning: Unable to load PhysicsSerializer with outer InstancedStaticMeshComponent /Game/Terrain/HoudiniBake/terrain_bishe_1_846516E4.terrain_bishe_1_846516E4_C:InstancedStaticMesh15_GEN_VARIABLE because its class does not exist
[2019.05.29-10.29.44:753][  0]LogLinker: Warning: Unable to load PhysicsSerializer with outer InstancedStaticMeshComponent /Game/Terrain/HoudiniBake/terrain_bishe_1_846516E4.terrain_bishe_1_846516E4_C:InstancedStaticMesh16_GEN_VARIABLE because its class does not exist
[2019.05.29-10.29.44:753][  0]LogLinker: Warning: Unable to load PhysicsSerializer with outer InstancedStaticMeshComponent /Game/Terrain/HoudiniBake/terrain_bishe_1_846516E4.terrain_bishe_1_846516E4_C:InstancedStaticMesh17_GEN_VARIABLE because its class does not exist
[2019.05.29-10.29.44:753][  0]LogLinker: Warning: Unable to load PhysicsSerializer with outer InstancedStaticMeshComponent /Game/Terrain/HoudiniBake/terrain_bishe_1_846516E4.terrain_bishe_1_846516E4_C:InstancedStaticMesh18_GEN_VARIABLE because its class does not exist
[2019.05.29-10.29.44:753][  0]LogLinker: Warning: Unable to load PhysicsSerializer with outer InstancedStaticMeshComponent /Game/Terrain/HoudiniBake/terrain_bishe_1_846516E4.terrain_bishe_1_846516E4_C:InstancedStaticMesh19_GEN_VARIABLE because its class does not exist
[2019.05.29-10.29.44:753][  0]LogLinker: Warning: Unable to load PhysicsSerializer with outer InstancedStaticMeshComponent /Game/Terrain/HoudiniBake/terrain_bishe_1_846516E4.terrain_bishe_1_846516E4_C:InstancedStaticMesh1_GEN_VARIABLE because its class does not exist
[2019.05.29-10.29.44:753][  0]LogLinker: Warning: Unable to load PhysicsSerializer with outer InstancedStaticMeshComponent /Game/Terrain/HoudiniBake/terrain_bishe_1_846516E4.terrain_bishe_1_846516E4_C:InstancedStaticMesh20_GEN_VARIABLE because its class does not exist
[2019.05.29-10.29.44:753][  0]LogLinker: Warning: Unable to load PhysicsSerializer with outer InstancedStaticMeshComponent /Game/Terrain/HoudiniBake/terrain_bishe_1_846516E4.terrain_bishe_1_846516E4_C:InstancedStaticMesh21_GEN_VARIABLE because its class does not exist
[2019.05.29-10.29.44:753][  0]LogLinker: Warning: Unable to load PhysicsSerializer with outer InstancedStaticMeshComponent /Game/Terrain/HoudiniBake/terrain_bishe_1_846516E4.terrain_bishe_1_846516E4_C:InstancedStaticMesh22_GEN_VARIABLE because its class does not exist
[2019.05.29-10.29.44:753][  0]LogLinker: Warning: Unable to load PhysicsSerializer with outer InstancedStaticMeshComponent /Game/Terrain/HoudiniBake/terrain_bishe_1_846516E4.terrain_bishe_1_846516E4_C:InstancedStaticMesh23_GEN_VARIABLE because its class does not exist
[2019.05.29-10.29.44:753][  0]LogLinker: Warning: Unable to load PhysicsSerializer with outer InstancedStaticMeshComponent /Game/Terrain/HoudiniBake/terrain_bishe_1_846516E4.terrain_bishe_1_846516E4_C:InstancedStaticMesh24_GEN_VARIABLE because its class does not exist
[2019.05.29-10.29.44:753][  0]LogLinker: Warning: Unable to load PhysicsSerializer with outer InstancedStaticMeshComponent /Game/Terrain/HoudiniBake/terrain_bishe_1_846516E4.terrain_bishe_1_846516E4_C:InstancedStaticMesh25_GEN_VARIABLE because its class does not exist
[2019.05.29-10.29.44:753][  0]LogLinker: Warning: Unable to load PhysicsSerializer with outer InstancedStaticMeshComponent /Game/Terrain/HoudiniBake/terrain_bishe_1_846516E4.terrain_bishe_1_846516E4_C:InstancedStaticMesh26_GEN_VARIABLE because its class does not exist
[2019.05.29-10.29.44:753][  0]LogLinker: Warning: Unable to load PhysicsSerializer with outer InstancedStaticMeshComponent /Game/Terrain/HoudiniBake/terrain_bishe_1_846516E4.terrain_bishe_1_846516E4_C:InstancedStaticMesh27_GEN_VARIABLE because its class does not exist
[2019.05.29-10.29.44:753][  0]LogLinker: Warning: Unable to load PhysicsSerializer with outer InstancedStaticMeshComponent /Game/Terrain/HoudiniBake/terrain_bishe_1_846516E4.terrain_bishe_1_846516E4_C:InstancedStaticMesh28_GEN_VARIABLE because its class does not exist
[2019.05.29-10.29.44:754][  0]LogLinker: Warning: Unable to load PhysicsSerializer with outer InstancedStaticMeshComponent /Game/Terrain/HoudiniBake/terrain_bishe_1_846516E4.terrain_bishe_1_846516E4_C:InstancedStaticMesh29_GEN_VARIABLE because its class does not exist
[2019.05.29-10.29.44:754][  0]LogLinker: Warning: Unable to load PhysicsSerializer with outer InstancedStaticMeshComponent /Game/Terrain/HoudiniBake/terrain_bishe_1_846516E4.terrain_bishe_1_846516E4_C:InstancedStaticMesh2_GEN_VARIABLE because its class does not exist
[2019.05.29-10.29.44:754][  0]LogLinker: Warning: Unable to load PhysicsSerializer with outer InstancedStaticMeshComponent /Game/Terrain/HoudiniBake/terrain_bishe_1_846516E4.terrain_bishe_1_846516E4_C:InstancedStaticMesh30_GEN_VARIABLE because its class does not exist
[2019.05.29-10.29.44:754][  0]LogLinker: Warning: Unable to load PhysicsSerializer with outer InstancedStaticMeshComponent /Game/Terrain/HoudiniBake/terrain_bishe_1_846516E4.terrain_bishe_1_846516E4_C:InstancedStaticMesh31_GEN_VARIABLE because its class does not exist
[2019.05.29-10.29.44:754][  0]LogLinker: Warning: Unable to load PhysicsSerializer with outer InstancedStaticMeshComponent /Game/Terrain/HoudiniBake/terrain_bishe_1_846516E4.terrain_bishe_1_846516E4_C:InstancedStaticMesh32_GEN_VARIABLE because its class does not exist
[2019.05.29-10.29.44:754][  0]LogLinker: Warning: Unable to load PhysicsSerializer with outer InstancedStaticMeshComponent /Game/Terrain/HoudiniBake/terrain_bishe_1_846516E4.terrain_bishe_1_846516E4_C:InstancedStaticMesh3_GEN_VARIABLE because its class does not exist
[2019.05.29-10.29.44:754][  0]LogLinker: Warning: Unable to load PhysicsSerializer with outer InstancedStaticMeshComponent /Game/Terrain/HoudiniBake/terrain_bishe_1_846516E4.terrain_bishe_1_846516E4_C:InstancedStaticMesh4_GEN_VARIABLE because its class does not exist
[2019.05.29-10.29.44:754][  0]LogLinker: Warning: Unable to load PhysicsSerializer with outer InstancedStaticMeshComponent /Game/Terrain/HoudiniBake/terrain_bishe_1_846516E4.terrain_bishe_1_846516E4_C:InstancedStaticMesh5_GEN_VARIABLE because its class does not exist
[2019.05.29-10.29.44:754][  0]LogLinker: Warning: Unable to load PhysicsSerializer with outer InstancedStaticMeshComponent /Game/Terrain/HoudiniBake/terrain_bishe_1_846516E4.terrain_bishe_1_846516E4_C:InstancedStaticMesh6_GEN_VARIABLE because its class does not exist
[2019.05.29-10.29.44:754][  0]LogLinker: Warning: Unable to load PhysicsSerializer with outer InstancedStaticMeshComponent /Game/Terrain/HoudiniBake/terrain_bishe_1_846516E4.terrain_bishe_1_846516E4_C:InstancedStaticMesh7_GEN_VARIABLE because its class does not exist
[2019.05.29-10.29.44:754][  0]LogLinker: Warning: Unable to load PhysicsSerializer with outer InstancedStaticMeshComponent /Game/Terrain/HoudiniBake/terrain_bishe_1_846516E4.terrain_bishe_1_846516E4_C:InstancedStaticMesh8_GEN_VARIABLE because its class does not exist
[2019.05.29-10.29.44:754][  0]LogLinker: Warning: Unable to load PhysicsSerializer with outer InstancedStaticMeshComponent /Game/Terrain/HoudiniBake/terrain_bishe_1_846516E4.terrain_bishe_1_846516E4_C:InstancedStaticMesh9_GEN_VARIABLE because its class does not exist
[2019.05.29-10.29.44:754][  0]LogLinker: Warning: Unable to load PhysicsSerializer with outer InstancedStaticMeshComponent /Game/Terrain/HoudiniBake/terrain_bishe_1_846516E4.terrain_bishe_1_846516E4_C:InstancedStaticMesh_GEN_VARIABLE because its class does not exist
[2019.05.29-10.29.51:435][  0]LogAIModule: Creating AISystem for world LakeLevel
[2019.05.29-10.29.58:611][  0]LogEditorServer: Finished looking for orphan Actors (0.000 secs)
[2019.05.29-10.29.58:715][  0]Cmd: MAP CHECKDEP NOCLEARLOG
[2019.05.29-10.29.58:943][  0]MapCheck: 地图检测完成：0个错误，0 个警告，用时227.693毫秒完成。
[2019.05.29-10.29.58:943][  0]LogFileHelpers: Loading map 'LakeLevel' took 16.849
[2019.05.29-10.29.59:079][  0]LogSlate: Updating window title bar state: overlay mode, drag disabled, window buttons hidden, title bar hidden
[2019.05.29-10.29.59:087][  0]LogSlate: Updating window title bar state: overlay mode, drag disabled, window buttons hidden, title bar hidden
[2019.05.29-10.29.59:120][  0]LogCollectionManager: Loaded 0 collections in 0.002739 seconds
[2019.05.29-10.29.59:174][  0]LogFileCache: Scanning file cache for directory 'D:/Documents/DiplomaGame/ClimbDemo/Saved/Collections/' took 0.01s
[2019.05.29-10.29.59:174][  0]LogFileCache: Scanning file cache for directory 'D:/Documents/DiplomaGame/ClimbDemo/Content/Developers/14367/Collections/' took 0.01s
[2019.05.29-10.29.59:174][  0]LogFileCache: Scanning file cache for directory 'D:/Documents/DiplomaGame/ClimbDemo/Content/Collections/' took 0.01s
[2019.05.29-10.29.59:174][  0]LogCollectionManager: Rebuilt the GUID cache for 0 collections in 0.000000 seconds
[2019.05.29-10.29.59:184][  0]LogContentBrowser: Native class hierarchy populated in 0.0095 seconds. Added 2610 classes and 610 folders.
[2019.05.29-10.29.59:194][  0]LogContentBrowser: Native class hierarchy updated for 'WidgetCarousel' in 0.0003 seconds. Added 0 classes and 0 folders.
[2019.05.29-10.29.59:275][  0]LogContentBrowser: Native class hierarchy updated for 'AddContentDialog' in 0.0003 seconds. Added 0 classes and 0 folders.
[2019.05.29-10.29.59:283][  0]LogContentBrowser: Native class hierarchy updated for 'SceneOutliner' in 0.0004 seconds. Added 1 classes and 2 folders.
[2019.05.29-10.29.59:404][  0]LogSlate: Took 0.000317 seconds to synchronously load lazily loaded font '../../../Engine/Content/Slate/Fonts/Roboto-Regular.ttf' (155K)
[2019.05.29-10.29.59:408][  0]LogSlate: Took 0.003114 seconds to synchronously load lazily loaded font '../../../Engine/Content/Slate/Fonts/DroidSansFallback.ttf' (3848K)
[2019.05.29-10.29.59:408][  0]LogSlate: Took 0.000263 seconds to synchronously load lazily loaded font '../../../Engine/Content/Slate/Fonts/Roboto-Bold.ttf' (160K)
[2019.05.29-10.29.59:412][  0]LogSlate: Took 0.000361 seconds to synchronously load lazily loaded font '../../../Engine/Content/Editor/Slate/Fonts/FontAwesome.ttf' (139K)
[2019.05.29-10.29.59:498][  0]LogRenderer: Reallocating scene render targets to support 492x212 Format 10 NumSamples 1 (Frame:1).
[2019.05.29-10.29.59:519][  0]LogRenderer: Reallocating scene render targets to support 984x420 Format 10 NumSamples 1 (Frame:1).
[2019.05.29-10.29.59:802][  0]LogContentBrowser: Native class hierarchy updated for 'HierarchicalLODOutliner' in 0.0004 seconds. Added 0 classes and 0 folders.
[2019.05.29-10.29.59:802][  0]LogLoad: (Engine Initialization) Total time: 61.03 seconds
[2019.05.29-10.29.59:802][  0]LogLoad: (Engine Initialization) Total Blueprint compile time: 0.00 seconds
[2019.05.29-10.29.59:833][  0]LogWindowsTextInputMethodSystem: Display: IME system now activated using TSF (中文(简体) - 2345王牌拼音输入法).
[2019.05.29-10.29.59:861][  0]LogContentStreaming: Texture pool size now 1000 MB
[2019.05.29-10.29.59:910][  0]LogSlate: Took 0.000288 seconds to synchronously load lazily loaded font '../../../Engine/Content/Slate/Fonts/Roboto-Light.ttf' (167K)
[2019.05.29-10.30.00:044][  3]LogAssetRegistry: Asset discovery search completed in 40.8508 seconds
[2019.05.29-10.30.00:046][  3]LogCollectionManager: Rebuilt the object cache for 0 collections in 0.000000 seconds (found 0 objects)
[2019.05.29-10.30.00:046][  3]LogCollectionManager: Fixed up redirectors for 0 collections in 0.000071 seconds (updated 0 objects)
[2019.05.29-11.21.00:987][500]LogSlate: FSceneViewport::OnFocusLost() reason 0
[2019.05.29-11.21.01:173][518]LogSlate: Took 0.000467 seconds to synchronously load lazily loaded font '../../../Engine/Content/Slate/Fonts/Roboto-Light.ttf' (167K)
[2019.05.29-11.21.05:286][518]LogMemory: Warning: Freeing 33554432 bytes from backup pool to handle out of memory.
[2019.05.29-11.21.05:287][518]LogMemory: Warning: MemoryStats:
	AvailablePhysical 6954790912
	 AvailableVirtual 140729327943680
	     UsedPhysical 1685069824
	 PeakUsedPhysical 1685069824
	      UsedVirtual 2844291072
	  PeakUsedVirtual 2847543296
[2019.05.29-11.21.05:287][518]Allocator Stats for TBB: (not implemented)
[2019.05.29-11.21.05:287][518]LogWindows: Windows GetLastError: 操作成功完成。 (0)
[2019.05.29-11.21.12:478][518]LogD3D11RHI: Error: Direct3DDevice->CreateTexture2D(TextureDesc,SubResourceData,OutTexture2D) failed 
 at D:\Build\++UE4\Sync\Engine\Source\Runtime\Windows\D3D11RHI\Private\D3D11Texture.cpp:471 
 with error E_OUTOFMEMORY, 
 Size=1920x1080x1 Format=(0x0000004C), NumMips=1, Flags=D3D11_BIND_SHADER_RESOURCE 
[2019.05.29-11.21.12:478][518]LogWindows: Warning: SymLoadModuleExW. Error: -529697949
[2019.05.29-11.21.12:478][518]LogWindows: Warning: SymLoadModuleExW. Error: -529697949
[2019.05.29-11.21.12:478][518]LogWindows: Warning: SymLoadModuleExW. Error: 8
[2019.05.29-11.21.12:478][518]LogWindows: Warning: SymLoadModuleExW. Error: 8
[2019.05.29-11.21.12:478][518]LogWindows: Warning: SymLoadModuleExW. Error: 8
[2019.05.29-11.21.12:478][518]LogWindows: Warning: SymLoadModuleExW. Error: 8
[2019.05.29-11.21.12:478][518]LogWindows: Warning: SymLoadModuleExW. Error: 8
[2019.05.29-11.21.12:478][518]LogWindows: Warning: SymLoadModuleExW. Error: 8
[2019.05.29-11.21.12:478][518]LogWindows: Warning: SymLoadModuleExW. Error: 8
[2019.05.29-11.21.12:478][518]LogWindows: Warning: SymLoadModuleExW. Error: 8
[2019.05.29-11.21.12:478][518]LogWindows: Warning: SymLoadModuleExW. Error: 8
[2019.05.29-11.21.12:478][518]LogWindows: Warning: SymLoadModuleExW. Error: 8
[2019.05.29-11.21.12:478][518]LogWindows: Warning: SymLoadModuleExW. Error: 8
[2019.05.29-11.21.12:478][518]LogWindows: Warning: SymLoadModuleExW. Error: 8
[2019.05.29-11.21.12:478][518]LogWindows: Warning: SymLoadModuleExW. Error: 8
[2019.05.29-11.21.12:478][518]LogWindows: Warning: SymLoadModuleExW. Error: 8
[2019.05.29-11.21.12:478][518]LogWindows: Warning: SymLoadModuleExW. Error: 8
[2019.05.29-11.21.12:478][518]LogWindows: Warning: SymLoadModuleExW. Error: 8
[2019.05.29-11.21.12:478][518]LogWindows: Warning: SymLoadModuleExW. Error: 8
[2019.05.29-11.21.12:478][518]LogWindows: Warning: SymLoadModuleExW. Error: 8
[2019.05.29-11.21.12:478][518]LogWindows: Warning: SymLoadModuleExW. Error: 8
[2019.05.29-11.21.12:478][518]LogWindows: Warning: SymLoadModuleExW. Error: 8
[2019.05.29-11.21.12:478][518]LogWindows: Warning: SymLoadModuleExW. Error: 8
[2019.05.29-11.21.12:478][518]LogWindows: Warning: SymLoadModuleExW. Error: 8
[2019.05.29-11.21.12:478][518]LogWindows: Warning: SymLoadModuleExW. Error: 8
[2019.05.29-11.21.12:478][518]LogWindows: Warning: SymLoadModuleExW. Error: 8
[2019.05.29-11.21.12:478][518]LogWindows: Warning: SymLoadModuleExW. Error: 8
[2019.05.29-11.21.12:478][518]LogWindows: Warning: SymLoadModuleExW. Error: 8
[2019.05.29-11.21.12:478][518]LogWindows: Warning: SymLoadModuleExW. Error: 8
[2019.05.29-11.21.12:478][518]LogWindows: Warning: SymLoadModuleExW. Error: 8
[2019.05.29-11.21.12:478][518]LogWindows: Warning: SymLoadModuleExW. Error: 8
[2019.05.29-11.21.12:478][518]LogWindows: Warning: SymLoadModuleExW. Error: 8
[2019.05.29-11.21.12:478][518]LogWindows: Warning: CreateProc failed: 页面文件太小，无法完成操作。 (0x000005af)
[2019.05.29-11.21.12:478][518]LogWindows: Warning: URL: ../../../Engine/Binaries/Win64/CrashReportClient.exe "D:/Documents/DiplomaGame/ClimbDemo/Saved/Crashes/UE4CC-Windows-6E40E0ED4E13212B73A671916D25A868_0000" -AppName=UE4-ClimbDemo -CrashGUID=UE4CC-Windows-6E40E0ED4E13212B73A671916D25A868_0000 -DebugSymbols=..\..\..\Engine\Intermediate\Symbols
[2019.05.29-11.21.12:479][518]LogWindows: Could not start CrashReportClient.exe
[2019.05.29-11.21.12:479][518]LogMemory: Platform Memory Stats for Windows
[2019.05.29-11.21.12:479][518]LogMemory: Process Physical Memory: 1647.89 MB used, 1648.44 MB peak
[2019.05.29-11.21.12:479][518]LogMemory: Process Virtual Memory: 2737.84 MB used, 2738.32 MB peak
[2019.05.29-11.21.12:479][518]LogMemory: Physical Memory: 9439.20 MB used,  6839.96 MB free, 16279.16 MB total
[2019.05.29-11.21.12:479][518]LogMemory: Virtual Memory: 7951.16 MB used,  6839.96 MB free, 134217728.00 MB total
[2019.05.29-11.21.12:479][518]LogWindows: Error: === Critical error: ===
[2019.05.29-11.21.12:479][518]LogWindows: Error: 
[2019.05.29-11.21.12:479][518]LogWindows: Error: Fatal error: [File:D:\Build\++UE4\Sync\Engine\Source\Runtime\Core\Private\GenericPlatform\GenericPlatformMemory.cpp] [Line: 193] 
[2019.05.29-11.21.12:479][518]LogWindows: Error: Ran out of memory allocating 2073668 bytes with alignment 0
[2019.05.29-11.21.12:479][518]LogWindows: Error: 
[2019.05.29-11.21.12:479][518]LogWindows: Error: 
[2019.05.29-11.21.12:479][518]LogWindows: Error: [Callstack] 0x00007ffbfb22a388 KERNELBASE.dll!UnknownFunction []
[2019.05.29-11.21.12:479][518]LogWindows: Error: [Callstack] 0x00007ffb86e26850 UE4Editor-ApplicationCore.dll!UnknownFunction []
[2019.05.29-11.21.12:479][518]LogWindows: Error: [Callstack] 0x00007ffb874562fc UE4Editor-Core.dll!UnknownFunction []
[2019.05.29-11.21.12:479][518]LogWindows: Error: [Callstack] 0x00007ffb873e51db UE4Editor-Core.dll!UnknownFunction []
[2019.05.29-11.21.12:479][518]LogWindows: Error: [Callstack] 0x00007ffb872bf564 UE4Editor-Core.dll!UnknownFunction []
[2019.05.29-11.21.12:479][518]LogWindows: Error: [Callstack] 0x00007ffb8733810f UE4Editor-Core.dll!UnknownFunction []
[2019.05.29-11.21.12:479][518]LogWindows: Error: [Callstack] 0x00007ffb87338343 UE4Editor-Core.dll!UnknownFunction []
[2019.05.29-11.21.12:479][518]LogWindows: Error: [Callstack] 0x00007ffb76c3c3cf UE4Editor-DerivedDataCache.dll!UnknownFunction []
[2019.05.29-11.21.12:479][518]LogWindows: Error: [Callstack] 0x00007ffb76c19f2c UE4Editor-DerivedDataCache.dll!UnknownFunction []
[2019.05.29-11.21.12:479][518]LogWindows: Error: [Callstack] 0x00007ffb76c2e7b6 UE4Editor-DerivedDataCache.dll!UnknownFunction []
[2019.05.29-11.21.12:479][518]LogWindows: Error: [Callstack] 0x00007ffb895e9b84 UE4Editor-Engine.dll!UnknownFunction []
[2019.05.29-11.21.12:479][518]LogWindows: Error: [Callstack] 0x00007ffb895735c1 UE4Editor-Engine.dll!UnknownFunction []
[2019.05.29-11.21.12:479][518]LogWindows: Error: [Callstack] 0x00007ffb8957341e UE4Editor-Engine.dll!UnknownFunction []
[2019.05.29-11.21.12:479][518]LogWindows: Error: [Callstack] 0x00007ffb873438b5 UE4Editor-Core.dll!UnknownFunction []
[2019.05.29-11.21.12:479][518]LogWindows: Error: [Callstack] 0x00007ffb876b6b7c UE4Editor-Core.dll!UnknownFunction []
[2019.05.29-11.21.12:479][518]LogWindows: Error: [Callstack] 0x00007ffb876b17c7 UE4Editor-Core.dll!UnknownFunction []
[2019.05.29-11.21.12:479][518]LogWindows: Error: [Callstack] 0x00007ffbfc994034 KERNEL32.DLL!UnknownFunction []
[2019.05.29-11.21.12:479][518]LogWindows: Error: [Callstack] 0x00007ffbfe233691 ntdll.dll!UnknownFunction []
[2019.05.29-11.21.12:479][518]LogWindows: Error: 
[2019.05.29-11.21.12:490][518]LogThreadingWindows: Error: Runnable thread PoolThread 5 crashed.
[2019.05.29-11.21.12:490][518]LogThreadingWindows: Error: Runnable thread PoolThread 6 crashed.
[2019.05.29-11.21.12:490][518]LogWindows: Error: HandleError re-entered.
[2019.05.29-11.21.12:490][518]LogWindows: Error: HandleError re-entered.
[2019.05.29-11.21.12:490][518]LogWindows: FPlatformMisc::RequestExit(1)
[2019.05.29-11.21.12:490][518]LogWindows: FPlatformMisc::RequestExit(1)
[2019.05.29-11.21.12:501][518]Log file closed, 05/29/19 19:21:12
