Log file open, 05/29/19 19:22:01
LogWindows: Failed to load 'aqProf.dll' (GetLastError=126)
LogWindows: File 'aqProf.dll' does not exist
LogWindows: Failed to load 'VtuneApi.dll' (GetLastError=126)
LogWindows: File 'VtuneApi.dll' does not exist
LogWindows: Failed to load 'VtuneApi32e.dll' (GetLastError=126)
LogWindows: File 'VtuneApi32e.dll' does not exist
LogInit: Display: Running engine for game: ClimbDemo
LogPlatformFile: Not using cached read wrapper
LogTaskGraph: Started task graph with 5 named threads and 14 total threads with 3 sets of task threads.
LogStats: Stats thread started at 0.234752
LogD3D11RHI: Loaded GFSDK_Aftermath_Lib.x64.dll
LogICUInternationalization: Display: ICU TimeZone Detection - Raw Offset: +8:00, Platform Override: ''
LogPluginManager: Mounting plugin Paper2D
LogPluginManager: Mounting plugin AISupport
LogPluginManager: Mounting plugin LightPropagationVolume
LogPluginManager: Mounting plugin CLionSourceCodeAccess
LogPluginManager: Mounting plugin CodeLiteSourceCodeAccess
LogPluginManager: Mounting plugin GitSourceControl
LogPluginManager: Mounting plugin KDevelopSourceCodeAccess
LogPluginManager: Mounting plugin NullSourceCodeAccess
LogPluginManager: Mounting plugin PerforceSourceControl
LogPluginManager: Mounting plugin SubversionSourceControl
LogPluginManager: Mounting plugin UObjectPlugin
LogPluginManager: Mounting plugin VisualStudioCodeSourceCodeAccess
LogPluginManager: Mounting plugin VisualStudioSourceCodeAccess
LogPluginManager: Mounting plugin XCodeSourceCodeAccess
LogPluginManager: Mounting plugin AssetManagerEditor
LogPluginManager: Mounting plugin CryptoKeys
LogPluginManager: Mounting plugin DataValidation
LogPluginManager: Mounting plugin FacialAnimation
LogPluginManager: Mounting plugin GameplayTagsEditor
LogPluginManager: Mounting plugin MacGraphicsSwitching
LogPluginManager: Mounting plugin MeshEditor
LogPluginManager: Mounting plugin MobileLauncherProfileWizard
LogPluginManager: Mounting plugin PluginBrowser
LogPluginManager: Mounting plugin SpeedTreeImporter
LogPluginManager: Mounting plugin DatasmithContent
LogPluginManager: Mounting plugin AlembicImporter
LogPluginManager: Mounting plugin AppleImageUtils
LogPluginManager: Mounting plugin AppleVision
LogPluginManager: Mounting plugin BackChannel
LogPluginManager: Mounting plugin CharacterAI
LogPluginManager: Mounting plugin GeometryCache
LogPluginManager: Mounting plugin HTML5Networking
LogPluginManager: Mounting plugin ProxyLODPlugin
LogPluginManager: Mounting plugin MagicLeap
LogPluginManager: Mounting plugin MagicLeapEmulator
LogPluginManager: Mounting plugin MagicLeapMedia
LogPluginManager: Mounting plugin AndroidMedia
LogPluginManager: Mounting plugin AvfMedia
LogPluginManager: Mounting plugin ImgMedia
LogPluginManager: Mounting plugin LinearTimecode
LogPluginManager: Mounting plugin MediaCompositing
LogPluginManager: Mounting plugin MediaPlayerEditor
LogPluginManager: Mounting plugin WmfMedia
LogPluginManager: Mounting plugin TcpMessaging
LogPluginManager: Mounting plugin UdpMessaging
LogPluginManager: Mounting plugin ActorSequence
LogPluginManager: Mounting plugin LevelSequenceEditor
LogPluginManager: Mounting plugin MatineeToLevelSequence
LogPluginManager: Mounting plugin NetcodeUnitTest
LogPluginManager: Mounting plugin NUTUnrealEngine4
LogPluginManager: Mounting plugin OnlineSubsystemGooglePlay
LogPluginManager: Mounting plugin OnlineSubsystemIOS
LogPluginManager: Mounting plugin OnlineSubsystem
LogPluginManager: Mounting plugin OnlineSubsystemNull
LogPluginManager: Mounting plugin OnlineSubsystemUtils
LogPluginManager: Mounting plugin LauncherChunkInstaller
LogPluginManager: Mounting plugin AndroidDeviceProfileSelector
LogPluginManager: Mounting plugin AndroidMoviePlayer
LogPluginManager: Mounting plugin AndroidPermission
LogPluginManager: Mounting plugin AppleMoviePlayer
LogPluginManager: Mounting plugin ArchVisCharacter
LogPluginManager: Mounting plugin AudioCapture
LogPluginManager: Mounting plugin CableComponent
LogPluginManager: Mounting plugin CustomMeshComponent
LogPluginManager: Mounting plugin EditableMesh
LogPluginManager: Mounting plugin ExampleDeviceProfileSelector
LogPluginManager: Mounting plugin GoogleCloudMessaging
LogPluginManager: Mounting plugin HoudiniEngine
LogPluginManager: Mounting plugin ImmediatePhysics
LogPluginManager: Mounting plugin IOSDeviceProfileSelector
LogPluginManager: Mounting plugin LinuxDeviceProfileSelector
LogPluginManager: Mounting plugin LocationServicesBPLibrary
LogPluginManager: Mounting plugin MobilePatchingUtils
LogPluginManager: Mounting plugin OculusVR
LogPluginManager: Plugin shader directory ../../../Engine/Plugins/Runtime/Oculus/OculusVR/Shaders found
LogPluginManager: Mapping shader source directory ../../../Engine/Plugins/Runtime/Oculus/OculusVR/Shaders to virtual directory /Plugin/OculusVR
LogPluginManager: Mounting plugin PhysXVehicles
LogPluginManager: Mounting plugin ProceduralMeshComponent
LogPluginManager: Mounting plugin RuntimePhysXCooking
LogPluginManager: Mounting plugin SteamVR
LogPluginManager: Mounting plugin WindowsMoviePlayer
LogStreaming: Display: Took  0.170s to configure plugins.
LogInit: Using libcurl 7.55.1-DEV
LogInit:  - built for x86_64-pc-win32
LogInit:  - supports SSL with OpenSSL/1.0.2h
LogInit:  - supports HTTP deflate (compression) using libz 1.2.8
LogInit:  - other features:
LogInit:      CURL_VERSION_SSL
LogInit:      CURL_VERSION_LIBZ
LogInit:      CURL_VERSION_IPV6
LogInit:      CURL_VERSION_ASYNCHDNS
LogInit:      CURL_VERSION_LARGEFILE
LogInit:      CURL_VERSION_IDN
LogInit:  CurlRequestOptions (configurable via config and command line):
LogInit:  - bVerifyPeer = false  - Libcurl will NOT verify peer certificate
LogInit:  - bUseHttpProxy = false  - Libcurl will NOT use HTTP proxy
LogInit:  - bDontReuseConnections = false  - Libcurl will reuse connections
LogInit:  - CertBundlePath = nullptr  - Libcurl will use whatever was configured at build time.
LogInit:  - MaxHostConnections = 16  - Libcurl will limit the number of connections to a host
LogInit:  - LocalHostAddr = Default
LogInit:  - BufferSize = 65536
LogInit: WinSock: version 1.1 (2.2), MaxSocks=32767, MaxUdp=65467
LogInit: Build: ++UE4+Release-4.20-CL-4369336
LogInit: Engine Version: 4.20.3-4369336+++UE4+Release-4.20
LogInit: Compatible Engine Version: 4.20.0-4212847+++UE4+Release-4.20
LogInit: Net CL: 4212847
LogInit: OS: Windows 10 (), CPU: Intel(R) Core(TM) i5-4590 CPU @ 3.30GHz, GPU: NVIDIA GeForce GTX 960
LogInit: Compiled (64-bit): Sep 17 2018 12:26:19
LogInit: Compiled with Visual C++: 19.13.26129.00
LogInit: Build Configuration: Development
LogInit: Branch Name: ++UE4+Release-4.20
LogInit: Command Line:  
LogInit: Base Directory: E:/UE4/UE_4.20/Engine/Binaries/Win64/
LogInit: Installed Engine Build: 1
LogDevObjectVersion: Number of dev versions registered: 20
LogDevObjectVersion:   Dev-Blueprints (B0D832E4-1F89-4F0D-ACCF-7EB736FD4AA2): 10
LogDevObjectVersion:   Dev-Build (E1C64328-A22C-4D53-A36C-8E866417BD8C): 0
LogDevObjectVersion:   Dev-Core (375EC13C-06E4-48FB-B500-84F0262A717E): 2
LogDevObjectVersion:   Dev-Editor (E4B068ED-F494-42E9-A231-DA0B2E46BB41): 24
LogDevObjectVersion:   Dev-Framework (CFFC743F-43B0-4480-9391-14DF171D2073): 34
LogDevObjectVersion:   Dev-Mobile (B02B49B5-BB20-44E9-A304-32B752E40360): 2
LogDevObjectVersion:   Dev-Networking (A4E4105C-59A1-49B5-A7C5-40C4547EDFEE): 0
LogDevObjectVersion:   Dev-Online (39C831C9-5AE6-47DC-9A44-9C173E1C8E7C): 0
LogDevObjectVersion:   Dev-Physics (78F01B33-EBEA-4F98-B9B4-84EACCB95AA2): 0
LogDevObjectVersion:   Dev-Platform (6631380F-2D4D-43E0-8009-CF276956A95A): 0
LogDevObjectVersion:   Dev-Rendering (12F88B9F-8875-4AFC-A67C-D90C383ABD29): 26
LogDevObjectVersion:   Dev-Sequencer (7B5AE74C-D270-4C10-A958-57980B212A5A): 9
LogDevObjectVersion:   Dev-VR (D7296918-1DD6-4BDD-9DE2-64A83CC13884): 2
LogDevObjectVersion:   Dev-LoadTimes (C2A15278-BFE7-4AFE-6C17-90FF531DF755): 1
LogDevObjectVersion:   Private-Geometry (6EACA3D4-40EC-4CC1-B786-8BED09428FC5): 3
LogDevObjectVersion:   Dev-AnimPhys (29E575DD-E0A3-4627-9D10-D276232CDCEA): 17
LogDevObjectVersion:   Dev-ReflectionCapture (6B266CEC-1EC7-4B8F-A30B-E4D90942FC07): 1
LogDevObjectVersion:   Dev-Automation (0DF73D61-A23F-47EA-B727-89E90C41499A): 1
LogDevObjectVersion:   FortniteMain (601D1886-AC64-4F84-AA16-D3DE0DEAC7D6): 12
LogDevObjectVersion:   Dev-Enterprise (9DFFBCD6-494F-0158-E221-12823C92A888): 1
LogStreaming: Display: Took  0.003s to delete old logs.
LogInit: Presizing for max 8388607 objects, including 0 objects not considered by GC, pre-allocating 0 bytes for permanent pool.
LogInit: Object subsystem initialized
[2019.05.29-11.22.01:750][  0]LogInit: Selected Device Profile: [Windows]
[2019.05.29-11.22.01:750][  0]LogInit: Applying CVar settings loaded from the selected device profile: [Windows]
[2019.05.29-11.22.01:764][  0]LogHAL: Display: Platform has ~ 16 GB [17069932544 / 17179869184 / 16], which maps to Larger [LargestMinGB=32, LargerMinGB=12, DefaultMinGB=8, SmallerMinGB=6, SmallestMinGB=0)
[2019.05.29-11.22.01:764][  0]LogInit: Setting Device Profile CVar: [[r.Vulkan.UseRealUBs:1]]
[2019.05.29-11.22.01:764][  0]LogInit: Going up to parent DeviceProfile []
[2019.05.29-11.22.01:765][  0]LogInit: Computer: DESKTOP-LAG4IKO
[2019.05.29-11.22.01:765][  0]LogInit: User: 14367
[2019.05.29-11.22.01:765][  0]LogInit: CPU Page size=4096, Cores=4
[2019.05.29-11.22.01:765][  0]LogInit: High frequency timer resolution =10.000000 MHz
[2019.05.29-11.22.01:765][  0]LogMemory: Memory total: Physical=15.9GB (16GB approx)
[2019.05.29-11.22.01:765][  0]LogMemory: Platform Memory Stats for Windows
[2019.05.29-11.22.01:765][  0]LogMemory: Process Physical Memory: 102.30 MB used, 102.30 MB peak
[2019.05.29-11.22.01:765][  0]LogMemory: Process Virtual Memory: 98.69 MB used, 98.69 MB peak
[2019.05.29-11.22.01:765][  0]LogMemory: Physical Memory: 7245.21 MB used,  9033.94 MB free, 16279.16 MB total
[2019.05.29-11.22.01:765][  0]LogMemory: Virtual Memory: 4640.59 MB used,  9033.94 MB free, 134217728.00 MB total
[2019.05.29-11.22.01:804][  0]LogInit: Using OS detected language (zh-CN).
[2019.05.29-11.22.01:804][  0]LogInit: Using OS detected locale (zh-CN).
[2019.05.29-11.22.02:211][  0]LogStreaming: Display: Took  0.407s to InitEngineTextLocalization.
[2019.05.29-11.22.02:211][  0]LogInit: Setting process to per monitor DPI aware
[2019.05.29-11.22.02:275][  0]LogSlate: New Slate User Created.  User Index 0, Is Virtual User: 0
[2019.05.29-11.22.02:275][  0]LogSlate: Slate User Registered.  User Index 0, Is Virtual User: 0
[2019.05.29-11.22.02:659][  0]LogHMD: Failed to initialize OpenVR with code 110
[2019.05.29-11.22.02:660][  0]LogD3D11RHI: D3D11 adapters:
[2019.05.29-11.22.02:747][  0]LogD3D11RHI:    0. 'NVIDIA GeForce GTX 960' (Feature Level 11_0)
[2019.05.29-11.22.02:747][  0]LogD3D11RHI:       4062/0/8139 MB DedicatedVideo/DedicatedSystem/SharedSystem, Outputs:1, VendorId:0x10de
[2019.05.29-11.22.02:757][  0]LogD3D11RHI:    1. 'Intel(R) HD Graphics 4600' (Feature Level 11_0)
[2019.05.29-11.22.02:757][  0]LogD3D11RHI:       112/0/2048 MB DedicatedVideo/DedicatedSystem/SharedSystem, Outputs:0, VendorId:0x8086
[2019.05.29-11.22.02:761][  0]LogD3D11RHI:    2. 'Microsoft Basic Render Driver' (Feature Level 11_0)
[2019.05.29-11.22.02:761][  0]LogD3D11RHI:       0/0/8139 MB DedicatedVideo/DedicatedSystem/SharedSystem, Outputs:0, VendorId:0x1414
[2019.05.29-11.22.02:761][  0]LogD3D11RHI: Chosen D3D11 Adapter: 0
[2019.05.29-11.22.02:773][  0]LogD3D11RHI: Creating new Direct3DDevice
[2019.05.29-11.22.02:773][  0]LogD3D11RHI:     GPU DeviceId: 0x1401 (for the marketing name, search the web for "GPU Device Id")
[2019.05.29-11.22.02:773][  0]LogWindows: EnumDisplayDevices:
[2019.05.29-11.22.02:774][  0]LogWindows:    0. 'NVIDIA GeForce GTX 960' (P:1 D:1)
[2019.05.29-11.22.02:776][  0]LogWindows:    1. 'NVIDIA GeForce GTX 960' (P:0 D:0)
[2019.05.29-11.22.02:778][  0]LogWindows:    2. 'NVIDIA GeForce GTX 960' (P:0 D:0)
[2019.05.29-11.22.02:780][  0]LogWindows:    3. 'NVIDIA GeForce GTX 960' (P:0 D:0)
[2019.05.29-11.22.02:783][  0]LogWindows:    4. 'Intel(R) HD Graphics 4600' (P:0 D:0)
[2019.05.29-11.22.02:785][  0]LogWindows:    5. 'Intel(R) HD Graphics 4600' (P:0 D:0)
[2019.05.29-11.22.02:787][  0]LogWindows:    6. 'Intel(R) HD Graphics 4600' (P:0 D:0)
[2019.05.29-11.22.02:789][  0]LogWindows: DebugString: PrimaryIsNotTheChoosenAdapter PrimaryIsNotTheChoosenAdapter PrimaryIsNotTheChoosenAdapter FoundDriverCount:4 
[2019.05.29-11.22.02:789][  0]LogD3D11RHI:     Adapter Name: NVIDIA GeForce GTX 960
[2019.05.29-11.22.02:789][  0]LogD3D11RHI:   Driver Version: 388.13 (internal:23.21.13.8813, unified:388.13)
[2019.05.29-11.22.02:789][  0]LogD3D11RHI:      Driver Date: 10-27-2017
[2019.05.29-11.22.02:789][  0]LogRHI: Texture pool is 2843 MB (70% of 4062 MB)
[2019.05.29-11.22.02:834][  0]LogD3D11RHI: Async texture creation enabled
[2019.05.29-11.22.02:846][  0]LogD3D11RHI: GPU Timing Frequency: 1000.000000 (Debug: 2 1)
[2019.05.29-11.22.02:861][  0]LogShaderCompilers: Guid format shader working directory is 12 characters bigger than the processId version (D:/Documents/DiplomaGame/ClimbDemo/Intermediate/Shaders/WorkingDirectory/2304/).
[2019.05.29-11.22.02:862][  0]LogShaderCompilers: Cleaned the shader compiler working directory 'C:/Users/14367/AppData/Local/Temp/UnrealShaderWorkingDir/616E08E24DB47967AAEEA6B7B0BC38D9/'.
[2019.05.29-11.22.03:425][  0]LogTemp: Display: Loaded TP AllDesktopTargetPlatform
[2019.05.29-11.22.03:441][  0]LogTemp: Display: Loaded TP MacClientTargetPlatform
[2019.05.29-11.22.03:456][  0]LogTemp: Display: Loaded TP MacNoEditorTargetPlatform
[2019.05.29-11.22.03:472][  0]LogTemp: Display: Loaded TP MacServerTargetPlatform
[2019.05.29-11.22.03:489][  0]LogTemp: Display: Loaded TP MacTargetPlatform
[2019.05.29-11.22.03:504][  0]LogTemp: Display: Loaded TP WindowsClientTargetPlatform
[2019.05.29-11.22.03:520][  0]LogTemp: Display: Loaded TP WindowsNoEditorTargetPlatform
[2019.05.29-11.22.03:535][  0]LogTemp: Display: Loaded TP WindowsServerTargetPlatform
[2019.05.29-11.22.03:543][  0]LogTemp: Display: Loaded TP WindowsTargetPlatform
[2019.05.29-11.22.03:624][  0]LogTemp: Display: Loaded TP AndroidTargetPlatform
[2019.05.29-11.22.03:624][  0]LogTemp: Display: Loaded TP AndroidTargetPlatform
[2019.05.29-11.22.03:624][  0]LogTemp: Display: Loaded TP AndroidTargetPlatform
[2019.05.29-11.22.03:624][  0]LogTemp: Display: Loaded TP AndroidTargetPlatform
[2019.05.29-11.22.03:624][  0]LogTemp: Display: Loaded TP AndroidTargetPlatform
[2019.05.29-11.22.03:624][  0]LogTemp: Display: Loaded TP AndroidTargetPlatform
[2019.05.29-11.22.03:624][  0]LogTemp: Display: Loaded TP AndroidTargetPlatform
[2019.05.29-11.22.03:624][  0]LogTemp: Display: Loaded TP AndroidTargetPlatform
[2019.05.29-11.22.03:624][  0]LogTemp: Display: Loaded TP AndroidTargetPlatform
[2019.05.29-11.22.03:624][  0]LogTemp: Display: Loaded TP AndroidTargetPlatform
[2019.05.29-11.22.03:624][  0]LogTemp: Display: Loaded TP AndroidTargetPlatform
[2019.05.29-11.22.03:624][  0]LogTemp: Display: Loaded TP AndroidTargetPlatform
[2019.05.29-11.22.03:624][  0]LogTemp: Display: Loaded TP AndroidTargetPlatform
[2019.05.29-11.22.03:624][  0]LogTemp: Display: Loaded TP AndroidTargetPlatform
[2019.05.29-11.22.03:624][  0]LogTemp: Display: Loaded TP AndroidTargetPlatform
[2019.05.29-11.22.03:624][  0]LogTemp: Display: Loaded TP AndroidTargetPlatform
[2019.05.29-11.22.03:624][  0]LogTemp: Display: Loaded TP AndroidTargetPlatform
[2019.05.29-11.22.03:624][  0]LogTemp: Display: Loaded TP AndroidTargetPlatform
[2019.05.29-11.22.03:627][  0]LogTemp: Display: Loaded TP HTML5TargetPlatform
[2019.05.29-11.22.03:691][  0]LogTemp: Display: Loaded TP IOSTargetPlatform
[2019.05.29-11.22.03:691][  0]LogTemp: Display: Loaded TP IOSTargetPlatform
[2019.05.29-11.22.03:717][  0]LogTemp: Display: Loaded TP TVOSTargetPlatform
[2019.05.29-11.22.03:717][  0]LogTemp: Display: Loaded TP TVOSTargetPlatform
[2019.05.29-11.22.03:731][  0]LogTemp: Display: Loaded TP LinuxClientTargetPlatform
[2019.05.29-11.22.03:745][  0]LogTemp: Display: Loaded TP LinuxNoEditorTargetPlatform
[2019.05.29-11.22.03:760][  0]LogTemp: Display: Loaded TP LinuxServerTargetPlatform
[2019.05.29-11.22.03:775][  0]LogTemp: Display: Loaded TP LinuxTargetPlatform
[2019.05.29-11.22.03:786][  0]LogTemp: Display: Loaded TP LuminTargetPlatform
[2019.05.29-11.22.03:786][  0]LogTargetPlatformManager: Display: Building Assets For Windows
[2019.05.29-11.22.03:873][  0]LogXGEController: Cannot use XGE Controller as Incredibuild is not installed on this machine.
[2019.05.29-11.22.03:874][  0]LogShaderCompilers: Cannot use XGE Shader Compiler as Incredibuild is not installed on this machine.
[2019.05.29-11.22.03:874][  0]LogShaderCompilers: Display: Using Local Shader Compiler.
[2019.05.29-11.22.04:687][  0]LogDerivedDataCache: Display: Max Cache Size: 512 MB
[2019.05.29-11.22.04:773][  0]LogDerivedDataCache: Loaded boot cache 0.09s 71MB C:/Users/14367/AppData/Local/UnrealEngine/4.20/DerivedDataCache/Boot.ddc.
[2019.05.29-11.22.04:773][  0]LogDerivedDataCache: Display: Loaded Boot cache: C:/Users/14367/AppData/Local/UnrealEngine/4.20/DerivedDataCache/Boot.ddc
[2019.05.29-11.22.04:774][  0]LogDerivedDataCache: FDerivedDataBackendGraph:  Pak pak cache file D:/Documents/DiplomaGame/ClimbDemo/DerivedDataCache/DDC.ddp not found, will not use a pak cache.
[2019.05.29-11.22.04:774][  0]LogDerivedDataCache: Unable to find inner node Pak for hierarchical cache Hierarchy.
[2019.05.29-11.22.04:774][  0]LogDerivedDataCache: FDerivedDataBackendGraph:  CompressedPak pak cache file D:/Documents/DiplomaGame/ClimbDemo/DerivedDataCache/Compressed.ddp not found, will not use a pak cache.
[2019.05.29-11.22.04:774][  0]LogDerivedDataCache: Unable to find inner node CompressedPak for hierarchical cache Hierarchy.
[2019.05.29-11.22.04:790][  0]LogDerivedDataCache: Display: Pak cache opened for reading ../../../Engine/DerivedDataCache/Compressed.ddp.
[2019.05.29-11.22.04:804][  0]LogDerivedDataCache: Using Local data cache path C:/Users/14367/AppData/Local/UnrealEngine/Common/DerivedDataCache: Writable
[2019.05.29-11.22.04:804][  0]LogDerivedDataCache: Shared data cache path not found in *engine.ini, will not use an Shared cache.
[2019.05.29-11.22.04:804][  0]LogDerivedDataCache: Unable to find inner node Shared for hierarchical cache Hierarchy.
[2019.05.29-11.22.04:825][  0]LogMaterial: Verifying Global Shaders for PCD3D_SM5
[2019.05.29-11.22.04:826][  0]LogSlate: Using FreeType 2.6.0
[2019.05.29-11.22.04:827][  0]LogSlate: SlateFontServices - WITH_FREETYPE: 1, WITH_HARFBUZZ: 1
[2019.05.29-11.22.04:917][  0]LogAssetRegistry: FAssetRegistry took 0.0261 seconds to start up
[2019.05.29-11.22.05:267][  0]LogInit: Selected Device Profile: [Windows]
[2019.05.29-11.22.05:419][  0]LogSimplygon: Simplygon DLL not present - disabling.
[2019.05.29-11.22.05:425][  0]LogMeshReduction: Using SimplygonSwarm for distributed automatic mesh merging
[2019.05.29-11.22.05:425][  0]LogMeshReduction: Using ProxyLODMeshReduction for automatic mesh merging
[2019.05.29-11.22.05:425][  0]LogMeshReduction: Using QuadricMeshReduction for automatic static mesh reduction
[2019.05.29-11.22.05:425][  0]LogMeshReduction: No automatic skeletal mesh reduction module available
[2019.05.29-11.22.05:446][  0]LogNetVersion: ClimbDemo 1.0.0, NetCL: 4212847, EngineNetVer: 5, GameNetVer: 0 (Checksum: 2394580764)
[2019.05.29-11.22.06:196][  0]LogPackageLocalizationCache: Processed 12 localized package path(s) for 4 prioritized culture(s) in 0.287129 seconds
[2019.05.29-11.22.06:203][  0]LogUObjectArray: 38425 objects as part of root set at end of initial load.
[2019.05.29-11.22.06:203][  0]LogUObjectAllocator: 6690872 out of 0 bytes used by permanent object pool.
[2019.05.29-11.22.06:203][  0]LogUObjectArray: CloseDisregardForGC: 0/0 objects in disregard for GC pool
[2019.05.29-11.22.07:290][  0]LogTcpMessaging: Initializing TcpMessaging bridge
[2019.05.29-11.22.07:303][  0]LogUdpMessaging: Initializing bridge on interface 0.0.0.0:0 to multicast group 230.0.0.1:6666.
[2019.05.29-11.22.07:466][  0]SourceControl: 源码管理已禁用
[2019.05.29-11.22.07:466][  0]SourceControl: 源码管理已禁用
[2019.05.29-11.22.07:469][  0]SourceControl: 源码管理已禁用
[2019.05.29-11.22.07:471][  0]SourceControl: 源码管理已禁用
[2019.05.29-11.22.07:668][  0]LogAndroidPermission: UAndroidPermissionCallbackProxy::GetInstance
[2019.05.29-11.22.07:854][  0]LogHoudiniEngine: Starting the Houdini Engine module.
[2019.05.29-11.22.07:856][  0]LogHoudiniEngine: Loaded libHAPIL.dll from Registry path F:/AnZhuangChengXu/Houdini 17.0.416/bin
[2019.05.29-11.22.07:857][  0]LogLinker: Warning: Asset '../../Plugins/Runtime/HoudiniEngine/Content/houdini_logo.uasset' has been saved with empty engine version. The asset will be loaded but may be incompatible.
[2019.05.29-11.22.07:860][  0]LogLinker: Warning: Asset '../../Plugins/Runtime/HoudiniEngine/Content/houdini_default_material.uasset' has been saved with empty engine version. The asset will be loaded but may be incompatible.
[2019.05.29-11.22.07:866][  0]LogLinker: Warning: Asset '../../Plugins/Runtime/HoudiniEngine/Content/houdini_bgeo_import.uasset' has been saved with empty engine version. The asset will be loaded but may be incompatible.
[2019.05.29-11.22.09:925][  0]LogHoudiniEngine: Successfully intialized the Houdini Engine API module.
[2019.05.29-11.22.09:943][  0]LogOcInput: OculusInput pre-init called
[2019.05.29-11.22.10:015][  0]LogEngine: Initializing Engine...
[2019.05.29-11.22.10:017][  0]LogHMD: Failed to initialize OpenVR with code 110
[2019.05.29-11.22.10:019][  0]LogStats: UGameplayTagsManager::ConstructGameplayTagTree: ImportINI prefixes -  0.000 s
[2019.05.29-11.22.10:019][  0]LogStats: UGameplayTagsManager::ConstructGameplayTagTree: Construct from data asset -  0.000 s
[2019.05.29-11.22.10:019][  0]LogStats: UGameplayTagsManager::ConstructGameplayTagTree: ImportINI -  0.000 s
[2019.05.29-11.22.10:019][  0]LogStats: UGameplayTagsManager::ConstructGameplayTagTree: GameplayTagTreeChangedEvent.Broadcast -  0.000 s
[2019.05.29-11.22.10:251][  0]LogInit: Initializing FReadOnlyCVARCache
[2019.05.29-11.22.10:269][  0]LogAIModule: Creating AISystem for world Untitled
[2019.05.29-11.22.10:333][  0]LogInit: XAudio2 using '数字音频(S/PDIF) (High Definition Audio 设备)' : 2 channels at 44.1 kHz using 16 bits per sample (channel mask 0x3)
[2019.05.29-11.22.10:391][  0]LogInit: FAudioDevice initialized.
[2019.05.29-11.22.10:391][  0]LogNetVersion: Set ProjectVersion to 1.0.0.0. Version Checksum will be recalculated on next use.
[2019.05.29-11.22.10:588][  0]LogDerivedDataCache: Saved boot cache 0.20s 71MB C:/Users/14367/AppData/Local/UnrealEngine/4.20/DerivedDataCache/Boot.ddc.
[2019.05.29-11.22.10:597][  0]LogInit: Texture streaming: Enabled
[2019.05.29-11.22.10:638][  0]LogEngineSessionManager: EngineSessionManager initialized
[2019.05.29-11.22.10:638][  0]LogEngineSessionManager: EngineSessionManager sent abnormal shutdown report. Type=Crashed, SessionId={376193E2-4538-83F2-EB7D-AFA259AAA3B7}
[2019.05.29-11.22.10:659][  0]LogInit: Transaction tracking system initialized
[2019.05.29-11.22.10:694][  0]BlueprintLog: New page: 编辑器加载
[2019.05.29-11.22.10:819][  0]LocalizationService: 本地化服务已禁用
[2019.05.29-11.22.11:109][  0]LogCook: Display: Max memory allowance for cook 16384mb min free memory 0mb
[2019.05.29-11.22.11:109][  0]LogCook: Display: Mobile HDR setting 1
[2019.05.29-11.22.11:109][  0]LogGameplayTags: Display: UGameplayTagsManager::DoneAddingNativeTags. DelegateIsBound: 0
[2019.05.29-11.22.11:109][  0]LogStats: UGameplayTagsManager::ConstructGameplayTagTree: ImportINI prefixes -  0.000 s
[2019.05.29-11.22.11:109][  0]LogStats: UGameplayTagsManager::ConstructGameplayTagTree: Construct from data asset -  0.000 s
[2019.05.29-11.22.11:109][  0]LogStats: UGameplayTagsManager::ConstructGameplayTagTree: ImportINI -  0.000 s
[2019.05.29-11.22.11:109][  0]LogStats: UGameplayTagsManager::ConstructGameplayTagTree: GameplayTagTreeChangedEvent.Broadcast -  0.000 s
[2019.05.29-11.22.11:201][  0]LogFileCache: Scanning file cache for directory 'D:/Documents/DiplomaGame/ClimbDemo/Content/' took 0.05s
[2019.05.29-11.22.11:201][  0]LogHoudiniEngineEditor: Starting the Houdini Engine Editor module.
[2019.05.29-11.22.11:203][  0]LogHoudiniEngineEditor: Houdini Engine Editor module startup complete.
[2019.05.29-11.22.11:264][  0]SourceControl: 源码管理已禁用
[2019.05.29-11.22.11:264][  0]Cmd: MAP LOAD FILE="D:/Documents/DiplomaGame/ClimbDemo/Content/Terrain/4/LakeLevel.umap" TEMPLATE=0 SHOWPROGRESS=1 FEATURELEVEL=3
[2019.05.29-11.22.11:264][  0]LightingResults: New page: 光照构建
[2019.05.29-11.22.11:268][  0]MapCheck: New page: 地图检测
[2019.05.29-11.22.11:268][  0]LightingResults: New page: 光照构建
[2019.05.29-11.22.12:585][  0]LogBlueprint: Warning: [Compiler ABP_Climber] Cling_BS到JumpEnd  will never be taken, please connect something to  Can Enter Transition
[2019.05.29-11.22.13:102][  0]LogBlueprint: Warning: [Compiler ABP_Climber] [0014.06]ABP_Climber 编译成功，但出现了 1 个警告[660 毫秒内]（/Game/Clinging/Animations/Blueprints/ABP_Climber.ABP_Climber）
[2019.05.29-11.22.13:307][  0]LogLinker: Warning: Asset 'D:/Documents/DiplomaGame/ClimbDemo/Content/BaseMaterials/SeaShaders/Textures/T_SmallWaves_N.uasset' has been saved with empty engine version. The asset will be loaded but may be incompatible.
[2019.05.29-11.22.13:394][  0]LogLinker: Warning: Unable to load PhysicsSerializer with outer InstancedStaticMeshComponent /Game/Terrain/HoudiniBake/terrain_bishe_1_846516E4.terrain_bishe_1_846516E4_C:InstancedStaticMesh10_GEN_VARIABLE because its class does not exist
[2019.05.29-11.22.13:394][  0]LogLinker: Warning: Unable to load PhysicsSerializer with outer InstancedStaticMeshComponent /Game/Terrain/HoudiniBake/terrain_bishe_1_846516E4.terrain_bishe_1_846516E4_C:InstancedStaticMesh11_GEN_VARIABLE because its class does not exist
[2019.05.29-11.22.13:394][  0]LogLinker: Warning: Unable to load PhysicsSerializer with outer InstancedStaticMeshComponent /Game/Terrain/HoudiniBake/terrain_bishe_1_846516E4.terrain_bishe_1_846516E4_C:InstancedStaticMesh12_GEN_VARIABLE because its class does not exist
[2019.05.29-11.22.13:394][  0]LogLinker: Warning: Unable to load PhysicsSerializer with outer InstancedStaticMeshComponent /Game/Terrain/HoudiniBake/terrain_bishe_1_846516E4.terrain_bishe_1_846516E4_C:InstancedStaticMesh13_GEN_VARIABLE because its class does not exist
[2019.05.29-11.22.13:394][  0]LogLinker: Warning: Unable to load PhysicsSerializer with outer InstancedStaticMeshComponent /Game/Terrain/HoudiniBake/terrain_bishe_1_846516E4.terrain_bishe_1_846516E4_C:InstancedStaticMesh14_GEN_VARIABLE because its class does not exist
[2019.05.29-11.22.13:394][  0]LogLinker: Warning: Unable to load PhysicsSerializer with outer InstancedStaticMeshComponent /Game/Terrain/HoudiniBake/terrain_bishe_1_846516E4.terrain_bishe_1_846516E4_C:InstancedStaticMesh15_GEN_VARIABLE because its class does not exist
[2019.05.29-11.22.13:395][  0]LogLinker: Warning: Unable to load PhysicsSerializer with outer InstancedStaticMeshComponent /Game/Terrain/HoudiniBake/terrain_bishe_1_846516E4.terrain_bishe_1_846516E4_C:InstancedStaticMesh16_GEN_VARIABLE because its class does not exist
[2019.05.29-11.22.13:395][  0]LogLinker: Warning: Unable to load PhysicsSerializer with outer InstancedStaticMeshComponent /Game/Terrain/HoudiniBake/terrain_bishe_1_846516E4.terrain_bishe_1_846516E4_C:InstancedStaticMesh17_GEN_VARIABLE because its class does not exist
[2019.05.29-11.22.13:395][  0]LogLinker: Warning: Unable to load PhysicsSerializer with outer InstancedStaticMeshComponent /Game/Terrain/HoudiniBake/terrain_bishe_1_846516E4.terrain_bishe_1_846516E4_C:InstancedStaticMesh18_GEN_VARIABLE because its class does not exist
[2019.05.29-11.22.13:395][  0]LogLinker: Warning: Unable to load PhysicsSerializer with outer InstancedStaticMeshComponent /Game/Terrain/HoudiniBake/terrain_bishe_1_846516E4.terrain_bishe_1_846516E4_C:InstancedStaticMesh19_GEN_VARIABLE because its class does not exist
[2019.05.29-11.22.13:395][  0]LogLinker: Warning: Unable to load PhysicsSerializer with outer InstancedStaticMeshComponent /Game/Terrain/HoudiniBake/terrain_bishe_1_846516E4.terrain_bishe_1_846516E4_C:InstancedStaticMesh1_GEN_VARIABLE because its class does not exist
[2019.05.29-11.22.13:395][  0]LogLinker: Warning: Unable to load PhysicsSerializer with outer InstancedStaticMeshComponent /Game/Terrain/HoudiniBake/terrain_bishe_1_846516E4.terrain_bishe_1_846516E4_C:InstancedStaticMesh20_GEN_VARIABLE because its class does not exist
[2019.05.29-11.22.13:395][  0]LogLinker: Warning: Unable to load PhysicsSerializer with outer InstancedStaticMeshComponent /Game/Terrain/HoudiniBake/terrain_bishe_1_846516E4.terrain_bishe_1_846516E4_C:InstancedStaticMesh21_GEN_VARIABLE because its class does not exist
[2019.05.29-11.22.13:395][  0]LogLinker: Warning: Unable to load PhysicsSerializer with outer InstancedStaticMeshComponent /Game/Terrain/HoudiniBake/terrain_bishe_1_846516E4.terrain_bishe_1_846516E4_C:InstancedStaticMesh22_GEN_VARIABLE because its class does not exist
[2019.05.29-11.22.13:395][  0]LogLinker: Warning: Unable to load PhysicsSerializer with outer InstancedStaticMeshComponent /Game/Terrain/HoudiniBake/terrain_bishe_1_846516E4.terrain_bishe_1_846516E4_C:InstancedStaticMesh23_GEN_VARIABLE because its class does not exist
[2019.05.29-11.22.13:395][  0]LogLinker: Warning: Unable to load PhysicsSerializer with outer InstancedStaticMeshComponent /Game/Terrain/HoudiniBake/terrain_bishe_1_846516E4.terrain_bishe_1_846516E4_C:InstancedStaticMesh24_GEN_VARIABLE because its class does not exist
[2019.05.29-11.22.13:395][  0]LogLinker: Warning: Unable to load PhysicsSerializer with outer InstancedStaticMeshComponent /Game/Terrain/HoudiniBake/terrain_bishe_1_846516E4.terrain_bishe_1_846516E4_C:InstancedStaticMesh25_GEN_VARIABLE because its class does not exist
[2019.05.29-11.22.13:395][  0]LogLinker: Warning: Unable to load PhysicsSerializer with outer InstancedStaticMeshComponent /Game/Terrain/HoudiniBake/terrain_bishe_1_846516E4.terrain_bishe_1_846516E4_C:InstancedStaticMesh26_GEN_VARIABLE because its class does not exist
[2019.05.29-11.22.13:395][  0]LogLinker: Warning: Unable to load PhysicsSerializer with outer InstancedStaticMeshComponent /Game/Terrain/HoudiniBake/terrain_bishe_1_846516E4.terrain_bishe_1_846516E4_C:InstancedStaticMesh27_GEN_VARIABLE because its class does not exist
[2019.05.29-11.22.13:395][  0]LogLinker: Warning: Unable to load PhysicsSerializer with outer InstancedStaticMeshComponent /Game/Terrain/HoudiniBake/terrain_bishe_1_846516E4.terrain_bishe_1_846516E4_C:InstancedStaticMesh28_GEN_VARIABLE because its class does not exist
[2019.05.29-11.22.13:395][  0]LogLinker: Warning: Unable to load PhysicsSerializer with outer InstancedStaticMeshComponent /Game/Terrain/HoudiniBake/terrain_bishe_1_846516E4.terrain_bishe_1_846516E4_C:InstancedStaticMesh29_GEN_VARIABLE because its class does not exist
[2019.05.29-11.22.13:395][  0]LogLinker: Warning: Unable to load PhysicsSerializer with outer InstancedStaticMeshComponent /Game/Terrain/HoudiniBake/terrain_bishe_1_846516E4.terrain_bishe_1_846516E4_C:InstancedStaticMesh2_GEN_VARIABLE because its class does not exist
[2019.05.29-11.22.13:396][  0]LogLinker: Warning: Unable to load PhysicsSerializer with outer InstancedStaticMeshComponent /Game/Terrain/HoudiniBake/terrain_bishe_1_846516E4.terrain_bishe_1_846516E4_C:InstancedStaticMesh30_GEN_VARIABLE because its class does not exist
[2019.05.29-11.22.13:396][  0]LogLinker: Warning: Unable to load PhysicsSerializer with outer InstancedStaticMeshComponent /Game/Terrain/HoudiniBake/terrain_bishe_1_846516E4.terrain_bishe_1_846516E4_C:InstancedStaticMesh31_GEN_VARIABLE because its class does not exist
[2019.05.29-11.22.13:396][  0]LogLinker: Warning: Unable to load PhysicsSerializer with outer InstancedStaticMeshComponent /Game/Terrain/HoudiniBake/terrain_bishe_1_846516E4.terrain_bishe_1_846516E4_C:InstancedStaticMesh32_GEN_VARIABLE because its class does not exist
[2019.05.29-11.22.13:396][  0]LogLinker: Warning: Unable to load PhysicsSerializer with outer InstancedStaticMeshComponent /Game/Terrain/HoudiniBake/terrain_bishe_1_846516E4.terrain_bishe_1_846516E4_C:InstancedStaticMesh3_GEN_VARIABLE because its class does not exist
[2019.05.29-11.22.13:396][  0]LogLinker: Warning: Unable to load PhysicsSerializer with outer InstancedStaticMeshComponent /Game/Terrain/HoudiniBake/terrain_bishe_1_846516E4.terrain_bishe_1_846516E4_C:InstancedStaticMesh4_GEN_VARIABLE because its class does not exist
[2019.05.29-11.22.13:396][  0]LogLinker: Warning: Unable to load PhysicsSerializer with outer InstancedStaticMeshComponent /Game/Terrain/HoudiniBake/terrain_bishe_1_846516E4.terrain_bishe_1_846516E4_C:InstancedStaticMesh5_GEN_VARIABLE because its class does not exist
[2019.05.29-11.22.13:396][  0]LogLinker: Warning: Unable to load PhysicsSerializer with outer InstancedStaticMeshComponent /Game/Terrain/HoudiniBake/terrain_bishe_1_846516E4.terrain_bishe_1_846516E4_C:InstancedStaticMesh6_GEN_VARIABLE because its class does not exist
[2019.05.29-11.22.13:396][  0]LogLinker: Warning: Unable to load PhysicsSerializer with outer InstancedStaticMeshComponent /Game/Terrain/HoudiniBake/terrain_bishe_1_846516E4.terrain_bishe_1_846516E4_C:InstancedStaticMesh7_GEN_VARIABLE because its class does not exist
[2019.05.29-11.22.13:396][  0]LogLinker: Warning: Unable to load PhysicsSerializer with outer InstancedStaticMeshComponent /Game/Terrain/HoudiniBake/terrain_bishe_1_846516E4.terrain_bishe_1_846516E4_C:InstancedStaticMesh8_GEN_VARIABLE because its class does not exist
[2019.05.29-11.22.13:396][  0]LogLinker: Warning: Unable to load PhysicsSerializer with outer InstancedStaticMeshComponent /Game/Terrain/HoudiniBake/terrain_bishe_1_846516E4.terrain_bishe_1_846516E4_C:InstancedStaticMesh9_GEN_VARIABLE because its class does not exist
[2019.05.29-11.22.13:396][  0]LogLinker: Warning: Unable to load PhysicsSerializer with outer InstancedStaticMeshComponent /Game/Terrain/HoudiniBake/terrain_bishe_1_846516E4.terrain_bishe_1_846516E4_C:InstancedStaticMesh_GEN_VARIABLE because its class does not exist
[2019.05.29-11.22.15:560][  0]LogAIModule: Creating AISystem for world LakeLevel
[2019.05.29-11.22.15:920][  0]LogEditorServer: Finished looking for orphan Actors (0.000 secs)
[2019.05.29-11.22.16:019][  0]Cmd: MAP CHECKDEP NOCLEARLOG
[2019.05.29-11.22.16:245][  0]MapCheck: 地图检测完成：0个错误，0 个警告，用时225.456毫秒完成。
[2019.05.29-11.22.16:245][  0]LogFileHelpers: Loading map 'LakeLevel' took 4.982
[2019.05.29-11.22.16:408][  0]LogSlate: Updating window title bar state: overlay mode, drag disabled, window buttons hidden, title bar hidden
[2019.05.29-11.22.16:417][  0]LogSlate: Updating window title bar state: overlay mode, drag disabled, window buttons hidden, title bar hidden
[2019.05.29-11.22.16:427][  0]LogCollectionManager: Loaded 0 collections in 0.002815 seconds
[2019.05.29-11.22.16:474][  0]LogFileCache: Scanning file cache for directory 'D:/Documents/DiplomaGame/ClimbDemo/Saved/Collections/' took 0.01s
[2019.05.29-11.22.16:474][  0]LogFileCache: Scanning file cache for directory 'D:/Documents/DiplomaGame/ClimbDemo/Content/Developers/14367/Collections/' took 0.01s
[2019.05.29-11.22.16:474][  0]LogFileCache: Scanning file cache for directory 'D:/Documents/DiplomaGame/ClimbDemo/Content/Collections/' took 0.01s
[2019.05.29-11.22.16:474][  0]LogCollectionManager: Rebuilt the GUID cache for 0 collections in 0.000000 seconds
[2019.05.29-11.22.16:484][  0]LogContentBrowser: Native class hierarchy populated in 0.0098 seconds. Added 2610 classes and 610 folders.
[2019.05.29-11.22.16:494][  0]LogContentBrowser: Native class hierarchy updated for 'WidgetCarousel' in 0.0003 seconds. Added 0 classes and 0 folders.
[2019.05.29-11.22.16:575][  0]LogContentBrowser: Native class hierarchy updated for 'AddContentDialog' in 0.0003 seconds. Added 0 classes and 0 folders.
[2019.05.29-11.22.16:583][  0]LogContentBrowser: Native class hierarchy updated for 'SceneOutliner' in 0.0003 seconds. Added 1 classes and 2 folders.
[2019.05.29-11.22.16:706][  0]LogSlate: Took 0.000323 seconds to synchronously load lazily loaded font '../../../Engine/Content/Slate/Fonts/Roboto-Regular.ttf' (155K)
[2019.05.29-11.22.16:710][  0]LogSlate: Took 0.003086 seconds to synchronously load lazily loaded font '../../../Engine/Content/Slate/Fonts/DroidSansFallback.ttf' (3848K)
[2019.05.29-11.22.16:711][  0]LogSlate: Took 0.000264 seconds to synchronously load lazily loaded font '../../../Engine/Content/Slate/Fonts/Roboto-Bold.ttf' (160K)
[2019.05.29-11.22.16:715][  0]LogSlate: Took 0.000374 seconds to synchronously load lazily loaded font '../../../Engine/Content/Editor/Slate/Fonts/FontAwesome.ttf' (139K)
[2019.05.29-11.22.16:801][  0]LogRenderer: Reallocating scene render targets to support 492x212 Format 10 NumSamples 1 (Frame:1).
[2019.05.29-11.22.16:820][  0]LogRenderer: Reallocating scene render targets to support 984x420 Format 10 NumSamples 1 (Frame:1).
[2019.05.29-11.22.17:022][  0]LogContentBrowser: Native class hierarchy updated for 'HierarchicalLODOutliner' in 0.0004 seconds. Added 0 classes and 0 folders.
[2019.05.29-11.22.17:022][  0]LogLoad: (Engine Initialization) Total time: 17.98 seconds
[2019.05.29-11.22.17:022][  0]LogLoad: (Engine Initialization) Total Blueprint compile time: 0.00 seconds
[2019.05.29-11.22.17:052][  0]LogWindowsTextInputMethodSystem: Display: IME system now activated using TSF (中文(简体) - 2345王牌拼音输入法).
[2019.05.29-11.22.17:080][  0]LogContentStreaming: Texture pool size now 1000 MB
[2019.05.29-11.22.17:130][  0]LogSlate: Took 0.000306 seconds to synchronously load lazily loaded font '../../../Engine/Content/Slate/Fonts/Roboto-Light.ttf' (167K)
[2019.05.29-11.22.17:280][  3]LogAssetRegistry: Asset discovery search completed in 12.3847 seconds
[2019.05.29-11.22.17:282][  3]LogCollectionManager: Rebuilt the object cache for 0 collections in 0.000001 seconds (found 0 objects)
[2019.05.29-11.22.17:282][  3]LogCollectionManager: Fixed up redirectors for 0 collections in 0.000092 seconds (updated 0 objects)
[2019.05.29-11.22.25:192][583]LogSlate: FSceneViewport::OnFocusLost() reason 0
[2019.05.29-11.22.25:372][601]LogSlate: Took 0.000347 seconds to synchronously load lazily loaded font '../../../Engine/Content/Slate/Fonts/Roboto-Light.ttf' (167K)
[2019.05.29-11.22.27:845][601]LogMemory: Warning: Freeing 33554432 bytes from backup pool to handle out of memory.
[2019.05.29-11.22.27:846][601]LogMemory: Warning: MemoryStats:
	AvailablePhysical 6571376640
	 AvailableVirtual 140729254404096
	     UsedPhysical 2340331520
	 PeakUsedPhysical 2370965504
	      UsedVirtual 2965426176
	  PeakUsedVirtual 3081719808
[2019.05.29-11.22.27:846][601]Allocator Stats for TBB: (not implemented)
[2019.05.29-11.22.27:846][601]LogWindows: Windows GetLastError: 操作成功完成。 (0)
[2019.05.29-11.22.30:674][601]LogD3D11RHI: Error: Direct3DDevice->CreateTexture2D(TextureDesc,SubResourceData,OutTexture2D) failed 
 at D:\Build\++UE4\Sync\Engine\Source\Runtime\Windows\D3D11RHI\Private\D3D11Texture.cpp:471 
 with error E_OUTOFMEMORY, 
 Size=1920x1080x1 Format=DXGI_FORMAT_B8G8R8A8_TYPELESS(0x0000005A), NumMips=1, Flags=D3D11_BIND_SHADER_RESOURCE 
[2019.05.29-11.22.30:674][601]LogWindows: Warning: SymLoadModuleExW. Error: -529697949
[2019.05.29-11.22.30:674][601]LogWindows: Warning: SymLoadModuleExW. Error: -529697949
[2019.05.29-11.22.30:674][601]LogWindows: Warning: SymLoadModuleExW. Error: -529697949
[2019.05.29-11.22.30:674][601]LogWindows: Warning: SymLoadModuleExW. Error: -529697949
[2019.05.29-11.22.30:674][601]LogWindows: Warning: SymLoadModuleExW. Error: -529697949
[2019.05.29-11.22.30:674][601]LogWindows: Warning: SymLoadModuleExW. Error: -529697949
[2019.05.29-11.22.30:674][601]LogWindows: Warning: CreateProc failed: 页面文件太小，无法完成操作。 (0x000005af)
[2019.05.29-11.22.30:674][601]LogWindows: Warning: URL: ../../../Engine/Binaries/Win64/CrashReportClient.exe "D:/Documents/DiplomaGame/ClimbDemo/Saved/Crashes/UE4CC-Windows-4564860942720A0709EEED8A41F0EEC4_0000" -AppName=UE4-ClimbDemo -CrashGUID=UE4CC-Windows-4564860942720A0709EEED8A41F0EEC4_0000 -DebugSymbols=..\..\..\Engine\Intermediate\Symbols
[2019.05.29-11.22.30:674][601]LogWindows: Could not start CrashReportClient.exe
[2019.05.29-11.22.30:674][601]LogMemory: Platform Memory Stats for Windows
[2019.05.29-11.22.30:674][601]LogMemory: Process Physical Memory: 2291.07 MB used, 2291.71 MB peak
[2019.05.29-11.22.30:674][601]LogMemory: Process Virtual Memory: 2846.04 MB used, 2938.96 MB peak
[2019.05.29-11.22.30:674][601]LogMemory: Physical Memory: 9824.90 MB used,  6454.25 MB free, 16279.16 MB total
[2019.05.29-11.22.30:674][601]LogMemory: Virtual Memory: 7874.83 MB used,  6454.25 MB free, 134217728.00 MB total
[2019.05.29-11.22.30:674][601]LogConsoleResponse:     55 = 24576 KB (2D 6144x2048 PF_ShadowDepth) WholeSceneShadowmap unused(1)
[2019.05.29-11.22.30:674][601]LogConsoleResponse:     62 = 6519 KB (3D 123x53x128 PF_FloatRGBA RT UAV VRam) IntegratedLightScattering unused(1) VRamInKB(Start/Size):<NONE>
[2019.05.29-11.22.30:674][601]LogConsoleResponse:     63 = 6519 KB (3D 123x53x128 PF_FloatRGBA RT UAV VRam) VBufferB unused(1) VRamInKB(Start/Size):<NONE>
[2019.05.29-11.22.30:674][601]LogConsoleResponse:     84 = 6519 KB (3D 123x53x128 PF_FloatRGBA RT UAV) LightScattering
[2019.05.29-11.22.30:674][601]LogConsoleResponse:     64 = 6519 KB (3D 123x53x128 PF_FloatRGBA RT UAV) LightScattering unused(1)
[2019.05.29-11.22.30:674][601]LogConsoleResponse:     18 = 3229 KB (2D 984x420 PF_B8G8R8A8 RT 4xMSAA) EditorPrimitivesColor unused(1)
[2019.05.29-11.22.30:674][601]LogConsoleResponse:     19 = 3229 KB (2D 984x420 PF_DepthStencil 4xMSAA) EditorPrimitivesDepth unused(1)
[2019.05.29-11.22.30:674][601]LogConsoleResponse:     65 = 3229 KB (2D 984x420 PF_FloatRGBA RT UAV VRam) SceneColor VRamInKB(Start/Size):<NONE>
[2019.05.29-11.22.30:674][601]LogConsoleResponse:     53 = 3229 KB (2D 984x420 PF_FloatRGBA RT UAV) LightAccumulation
[2019.05.29-11.22.30:674][601]LogConsoleResponse:     41 = 3229 KB (2D 984x420 PF_FloatRGBA RT VRam) BokehDOFRecombine unused(1) VRamInKB(Start/Size):<NONE>
[2019.05.29-11.22.30:674][601]LogConsoleResponse:     43 = 3229 KB (2D 984x420 PF_FloatRGBA RT) ScreenSpaceReflections unused(1)
[2019.05.29-11.22.30:674][601]LogConsoleResponse:     39 = 3229 KB (2D 984x420 PF_FloatRGBA RT) SeparateTranslucency unused(1)
[2019.05.29-11.22.30:674][601]LogConsoleResponse:     42 = 3229 KB (2D 984x420 PF_FloatRGBA RT) TemporalAA
[2019.05.29-11.22.30:674][601]LogConsoleResponse:     85 = 3229 KB (2D 984x420 PF_FloatRGBA RT) TemporalAA
[2019.05.29-11.22.30:674][601]LogConsoleResponse:     47 = 2048 KB (3D 64x64x64 PF_FloatRGBA RT UAV) TranslucentVolume0
[2019.05.29-11.22.30:674][601]LogConsoleResponse:     49 = 2048 KB (3D 64x64x64 PF_FloatRGBA RT UAV) TranslucentVolume1
[2019.05.29-11.22.30:674][601]LogConsoleResponse:     51 = 2048 KB (3D 64x64x64 PF_FloatRGBA RT UAV) TranslucentVolume2
[2019.05.29-11.22.30:674][601]LogConsoleResponse:     48 = 2048 KB (3D 64x64x64 PF_FloatRGBA RT UAV) TranslucentVolumeDir0
[2019.05.29-11.22.30:674][601]LogConsoleResponse:     50 = 2048 KB (3D 64x64x64 PF_FloatRGBA RT UAV) TranslucentVolumeDir1
[2019.05.29-11.22.30:674][601]LogConsoleResponse:     52 = 2048 KB (3D 64x64x64 PF_FloatRGBA RT UAV) TranslucentVolumeDir2
[2019.05.29-11.22.30:674][601]LogConsoleResponse:     82 = 1674 KB (3D 62x27x128 PF_FloatRGBA RT UAV VRam) LightScattering unused(1) VRamInKB(Start/Size):<NONE>
[2019.05.29-11.22.30:674][601]LogConsoleResponse:     81 = 1674 KB (3D 62x27x128 PF_FloatRGBA RT UAV VRam) VBufferB unused(1) VRamInKB(Start/Size):<NONE>
[2019.05.29-11.22.30:674][601]LogConsoleResponse:     38 = 1674 KB (3D 62x27x128 PF_FloatRGBA RT UAV) IntegratedLightScattering unused(1)
[2019.05.29-11.22.30:674][601]LogConsoleResponse:     83 = 1674 KB (3D 62x27x128 PF_FloatRGBA RT UAV) LightScattering
[2019.05.29-11.22.30:674][601]LogConsoleResponse:     56 = 1615 KB (2D 984x420 PF_A2B10G10R10 RT) GBufferA unused(1)
[2019.05.29-11.22.30:674][601]LogConsoleResponse:     58 = 1615 KB (2D 984x420 PF_B8G8R8A8 RT sRGB) GBufferC unused(1)
[2019.05.29-11.22.30:674][601]LogConsoleResponse:     69 = 1615 KB (2D 984x420 PF_B8G8R8A8 RT VRam) ScreenShadowMaskTexture unused(1) VRamInKB(Start/Size):<NONE>
[2019.05.29-11.22.30:674][601]LogConsoleResponse:     57 = 1615 KB (2D 984x420 PF_B8G8R8A8 RT VRam) Tonemap unused(1) VRamInKB(Start/Size):<NONE>
[2019.05.29-11.22.30:674][601]LogConsoleResponse:     60 = 1615 KB (2D 984x420 PF_B8G8R8A8 RT) GBufferE unused(1)
[2019.05.29-11.22.30:674][601]LogConsoleResponse:     59 = 1615 KB (2D 984x420 PF_B8G8R8A8 RT) SelectionComposited unused(1)
[2019.05.29-11.22.30:674][601]LogConsoleResponse:     44 = 1615 KB (2D 984x420 PF_DepthStencil VRam) SceneDepthZ VRamInKB(Start/Size):<NONE>
[2019.05.29-11.22.30:674][601]LogConsoleResponse:     66 = 1615 KB (2D 984x420 PF_G16R16 RT) Velocity unused(1)
[2019.05.29-11.22.30:674][601]LogConsoleResponse:     70 = 1024 KB (Cube 128 PF_FloatRGBA RT) ReflectionColorScratchCubemap0
[2019.05.29-11.22.30:674][601]LogConsoleResponse:     71 = 1024 KB (Cube 128 PF_FloatRGBA RT) ReflectionColorScratchCubemap1
[2019.05.29-11.22.30:674][601]LogConsoleResponse:     45 = 808 KB (2D 492x210 PF_DepthStencil) SmallDepthZ
[2019.05.29-11.22.30:674][601]LogConsoleResponse:     67 = 808 KB (2D 492x210 PF_FloatRGBA RT VRam) AmbientOcclusionSetup unused(1) VRamInKB(Start/Size):<NONE>
[2019.05.29-11.22.30:674][601]LogConsoleResponse:     54 = 808 KB (2D 984x210 PF_R32_UINT RT UAV) QuadOverdrawBuffer
[2019.05.29-11.22.30:674][601]LogConsoleResponse:     68 = 404 KB (2D 492x210 PF_B8G8R8A8 RT VRam) AmbientOcclusion unused(1) VRamInKB(Start/Size):<NONE>
[2019.05.29-11.22.30:674][601]LogConsoleResponse:     37 = 404 KB (2D 492x210 PF_FloatRGB RT VRam) BloomBlurX unused(1) VRamInKB(Start/Size):<NONE>
[2019.05.29-11.22.30:674][601]LogConsoleResponse:     23 = 404 KB (2D 492x210 PF_FloatRGB RT) BloomBlurY unused(1)
[2019.05.29-11.22.30:674][601]LogConsoleResponse:     21 = 404 KB (2D 492x210 PF_FloatRGB RT) LensFlares unused(1)
[2019.05.29-11.22.30:674][601]LogConsoleResponse:     46 = 404 KB (2D 984x420 PF_G8 RT UAV) ScreenSpaceAO
[2019.05.29-11.22.30:674][601]LogConsoleResponse:     61 = 342 KB (2D 512x256 PF_R16F RT VRam) HZB unused(1) VRamInKB(Start/Size):<NONE>
[2019.05.29-11.22.30:674][601]LogConsoleResponse:      3 = 256 KB (2D 256x256 PF_B8G8R8A8) HZBResultsCPU
[2019.05.29-11.22.30:674][601]LogConsoleResponse:      1 = 256 KB (2D 256x256 PF_B8G8R8A8) HZBResultsCPU
[2019.05.29-11.22.30:674][601]LogConsoleResponse:      2 = 256 KB (2D 256x256 PF_B8G8R8A8) HZBResultsCPU
[2019.05.29-11.22.30:674][601]LogConsoleResponse:     76 = 256 KB (3D 16x16x128 PF_FloatRGBA RT UAV VRam) IntegratedLightScattering unused(600) VRamInKB(Start/Size):<NONE>
[2019.05.29-11.22.30:674][601]LogConsoleResponse:     77 = 256 KB (3D 16x16x128 PF_FloatRGBA RT UAV VRam) VBufferB unused(600) VRamInKB(Start/Size):<NONE>
[2019.05.29-11.22.30:674][601]LogConsoleResponse:     78 = 256 KB (3D 16x16x128 PF_FloatRGBA RT UAV) LightScattering unused(600)
[2019.05.29-11.22.30:674][601]LogConsoleResponse:     22 = 202 KB (2D 246x105 PF_FloatRGBA RT VRam) LensBlur unused(1) VRamInKB(Start/Size):<NONE>
[2019.05.29-11.22.30:674][601]LogConsoleResponse:     20 = 128 KB (3D 32x32x32 PF_A2B10G10R10 RT) CombineLUTs
[2019.05.29-11.22.30:674][601]LogConsoleResponse:     34 = 101 KB (2D 246x105 PF_FloatRGB RT VRam) BloomBlurY unused(1) VRamInKB(Start/Size):<NONE>
[2019.05.29-11.22.30:674][601]LogConsoleResponse:     25 = 101 KB (2D 246x105 PF_FloatRGB RT) BloomBlurX unused(1)
[2019.05.29-11.22.30:674][601]LogConsoleResponse:     24 = 101 KB (2D 246x105 PF_FloatRGB RT) BloomDownsample1 unused(1)
[2019.05.29-11.22.30:674][601]LogConsoleResponse:     80 = 86 KB (2D 256x128 PF_R16F RT VRam) HZB unused(1) VRamInKB(Start/Size):<NONE>
[2019.05.29-11.22.30:674][601]LogConsoleResponse:      9 = 64 KB (2D 128x128 PF_B8G8R8A8) PerlinNoiseGradient
[2019.05.29-11.22.30:674][601]LogConsoleResponse:     72 = 64 KB (Cube 32 PF_FloatRGBA RT) DiffuseIrradianceScratchCubemap0
[2019.05.29-11.22.30:675][601]LogConsoleResponse:     73 = 64 KB (Cube 32 PF_FloatRGBA RT) DiffuseIrradianceScratchCubemap1
[2019.05.29-11.22.30:675][601]LogConsoleResponse:     40 = 32 KB (2D 64x64 PF_A16B16G16R16) SSProfiles
[2019.05.29-11.22.30:675][601]LogConsoleResponse:     16 = 32 KB (2D 64x64 PF_FloatRGBA VRam) LTCMat VRamInKB(Start/Size):<NONE>
[2019.05.29-11.22.30:675][601]LogConsoleResponse:     33 = 26 KB (2D 123x53 PF_FloatRGB RT VRam) BloomBlurX unused(1) VRamInKB(Start/Size):<NONE>
[2019.05.29-11.22.30:675][601]LogConsoleResponse:     26 = 26 KB (2D 123x53 PF_FloatRGB RT) BloomBlurY unused(1)
[2019.05.29-11.22.30:675][601]LogConsoleResponse:     15 = 16 KB (2D 128x32 PF_G16R16) PreintegratedGF
[2019.05.29-11.22.30:675][601]LogConsoleResponse:     17 = 16 KB (2D 64x64 PF_G16R16F VRam) LTCAmp VRamInKB(Start/Size):<NONE>
[2019.05.29-11.22.30:675][601]LogConsoleResponse:     13 = 16 KB (3D 16x16x16 PF_B8G8R8A8) PerlinNoise3D
[2019.05.29-11.22.30:675][601]LogConsoleResponse:     75 = 11 KB (2D 64x64 PF_R16F RT VRam) HZB unused(600) VRamInKB(Start/Size):<NONE>
[2019.05.29-11.22.30:675][601]LogConsoleResponse:     14 = 8 KB (2D 64x64 PF_R8G8) SSAORandomization
[2019.05.29-11.22.30:675][601]LogConsoleResponse:     32 = 7 KB (2D 62x27 PF_FloatRGB RT VRam) BloomBlurX unused(1) VRamInKB(Start/Size):<NONE>
[2019.05.29-11.22.30:675][601]LogConsoleResponse:     27 = 7 KB (2D 62x27 PF_FloatRGB RT) BloomBlurY unused(1)
[2019.05.29-11.22.30:675][601]LogConsoleResponse:     31 = 2 KB (2D 31x14 PF_FloatRGB RT VRam) BloomBlurX unused(1) VRamInKB(Start/Size):<NONE>
[2019.05.29-11.22.30:675][601]LogConsoleResponse:     28 = 2 KB (2D 31x14 PF_FloatRGB RT) BloomBlurY unused(1)
[2019.05.29-11.22.30:675][601]LogConsoleResponse:     30 = 1 KB (2D 16x7 PF_FloatRGB RT VRam) BloomBlurX unused(1) VRamInKB(Start/Size):<NONE>
[2019.05.29-11.22.30:675][601]LogConsoleResponse:     29 = 1 KB (2D 16x7 PF_FloatRGB RT) BloomBlurY unused(1)
[2019.05.29-11.22.30:675][601]LogConsoleResponse:      6 = 1 KB (2D 1x1 PF_B8G8R8A8 RT) BlackAlphaOneDummy
[2019.05.29-11.22.30:675][601]LogConsoleResponse:      5 = 1 KB (2D 1x1 PF_B8G8R8A8 RT) BlackDummy
[2019.05.29-11.22.30:675][601]LogConsoleResponse:      8 = 1 KB (2D 1x1 PF_B8G8R8A8 RT) DefaultNormal8Bit
[2019.05.29-11.22.30:675][601]LogConsoleResponse:      7 = 1 KB (2D 1x1 PF_B8G8R8A8 RT) GreenDummy
[2019.05.29-11.22.30:675][601]LogConsoleResponse:      4 = 1 KB (2D 1x1 PF_B8G8R8A8 RT) WhiteDummy
[2019.05.29-11.22.30:675][601]LogConsoleResponse:     12 = 1 KB (2D 1x1 PF_DepthStencil) DepthDummy
[2019.05.29-11.22.30:675][601]LogConsoleResponse:     11 = 1 KB (2D 1x1 PF_FloatRGBA RT) MaxFP16Depth
[2019.05.29-11.22.30:675][601]LogConsoleResponse:     79 = 1 KB (2D 1x1 PF_FloatRGBA RT) ReflectionBrightness unused(600)
[2019.05.29-11.22.30:675][601]LogConsoleResponse:     36 = 1 KB (2D 1x1 PF_G32R32F RT UAV) EyeAdaptation
[2019.05.29-11.22.30:675][601]LogConsoleResponse:     35 = 1 KB (2D 1x1 PF_G32R32F RT UAV) EyeAdaptation
[2019.05.29-11.22.30:675][601]LogConsoleResponse:     10 = 1 KB (2D 32x16 PF_R16_UINT) SobolSampling
[2019.05.29-11.22.30:675][601]LogConsoleResponse:     74 = 1 KB (2D 9x1 PF_FloatRGBA RT) SkySHIrradianceMap
[2019.05.29-11.22.30:675][601]LogConsoleResponse: 
[2019.05.29-11.22.30:675][601]LogConsoleResponse: Pool: 40/119 MB (referenced/allocated)
[2019.05.29-11.22.30:675][601]Cmd: rhi.DumpMemory
[2019.05.29-11.22.30:675][601]RHI resource memory (not tracked by our allocator)
[2019.05.29-11.22.30:675][601]         2228160  -  Render target memory Cube - STAT_RenderTargetMemoryCube - STATGROUP_RHI - STATCAT_Advanced
[2019.05.29-11.22.30:675][601]        47058944  -  Render target memory 3D - STAT_RenderTargetMemory3D - STATGROUP_RHI - STATCAT_Advanced
[2019.05.29-11.22.30:675][601]         1133008  -  Uniform buffer memory - STAT_UniformBufferMemory - STATGROUP_RHI - STATCAT_Advanced
[2019.05.29-11.22.30:675][601]           16648  -  Texture memory 3D - STAT_TextureMemory3D - STATGROUP_RHI - STATCAT_Advanced
[2019.05.29-11.22.30:675][601]       311383804  -  Texture memory 2D - STAT_TextureMemory2D - STATGROUP_RHI - STATCAT_Advanced
[2019.05.29-11.22.30:675][601]        17891460  -  Texture memory Cube - STAT_TextureMemoryCube - STATGROUP_RHI - STATCAT_Advanced
[2019.05.29-11.22.30:675][601]       147790352  -  Render target memory 2D - STAT_RenderTargetMemory2D - STATGROUP_RHI - STATCAT_Advanced
[2019.05.29-11.22.30:675][601]        34239608  -  Vertex buffer memory - STAT_VertexBufferMemory - STATGROUP_RHI - STATCAT_Advanced
[2019.05.29-11.22.30:675][601]        20569752  -  Index buffer memory - STAT_IndexBufferMemory - STATGROUP_RHI - STATCAT_Advanced
[2019.05.29-11.22.30:675][601]555.336MB total
[2019.05.29-11.22.30:675][601]LogWindows: FPlatformMisc::RequestExit(1)
[2019.05.29-11.22.30:681][601]Log file closed, 05/29/19 19:22:30
