Log file open, 06/14/19 01:20:24
LogWindows: Failed to load 'aqProf.dll' (GetLastError=126)
LogWindows: File 'aqProf.dll' does not exist
LogWindows: Failed to load 'VtuneApi.dll' (GetLastError=126)
LogWindows: File 'VtuneApi.dll' does not exist
LogWindows: Failed to load 'VtuneApi32e.dll' (GetLastError=126)
LogWindows: File 'VtuneApi32e.dll' does not exist
LogInit: Display: Running engine for game: ClimbDemo
LogPlatformFile: Not using cached read wrapper
LogTaskGraph: Started task graph with 5 named threads and 14 total threads with 3 sets of task threads.
LogStats: Stats thread started at 0.459192
LogD3D11RHI: Loaded GFSDK_Aftermath_Lib.x64.dll
LogICUInternationalization: Display: ICU TimeZone Detection - Raw Offset: +8:00, Platform Override: ''
LogConfig: Warning: Failed to saved backup for config[Input]
LogConfig: Warning: Failed to saved backup for config[EditorSettings]
LogConfig: Warning: Failed to saved backup for config[EditorKeyBindings]
LogConfig: Warning: Failed to saved backup for config[Lightmass]
LogConfig: Warning: Failed to saved backup for config[Scalability]
LogConfig: Warning: Failed to saved backup for config[Hardware]
LogPluginManager: Mounting plugin Paper2D
LogPluginManager: Mounting plugin AISupport
LogPluginManager: Mounting plugin LightPropagationVolume
LogConfig: Warning: Failed to saved backup for config[LightPropagationVolume]
LogPluginManager: Mounting plugin CLionSourceCodeAccess
LogConfig: Warning: Failed to saved backup for config[CLionSourceCodeAccess]
LogPluginManager: Mounting plugin CodeLiteSourceCodeAccess
LogPluginManager: Mounting plugin GitSourceControl
LogPluginManager: Mounting plugin KDevelopSourceCodeAccess
LogPluginManager: Mounting plugin NullSourceCodeAccess
LogPluginManager: Mounting plugin PerforceSourceControl
LogPluginManager: Mounting plugin SubversionSourceControl
LogPluginManager: Mounting plugin UObjectPlugin
LogPluginManager: Mounting plugin VisualStudioCodeSourceCodeAccess
LogPluginManager: Mounting plugin VisualStudioSourceCodeAccess
LogPluginManager: Mounting plugin XCodeSourceCodeAccess
LogPluginManager: Mounting plugin AssetManagerEditor
LogPluginManager: Mounting plugin CryptoKeys
LogPluginManager: Mounting plugin DataValidation
LogPluginManager: Mounting plugin FacialAnimation
LogPluginManager: Mounting plugin GameplayTagsEditor
LogPluginManager: Mounting plugin MacGraphicsSwitching
LogPluginManager: Mounting plugin MeshEditor
LogConfig: Warning: Failed to saved backup for config[MeshEditor]
LogPluginManager: Mounting plugin MobileLauncherProfileWizard
LogPluginManager: Mounting plugin PluginBrowser
LogPluginManager: Mounting plugin SpeedTreeImporter
LogPluginManager: Mounting plugin DatasmithContent
LogPluginManager: Mounting plugin AlembicImporter
LogPluginManager: Mounting plugin AppleImageUtils
LogPluginManager: Mounting plugin AppleVision
LogPluginManager: Mounting plugin BackChannel
LogPluginManager: Mounting plugin CharacterAI
LogPluginManager: Mounting plugin GeometryCache
LogPluginManager: Mounting plugin HTML5Networking
LogPluginManager: Mounting plugin ProxyLODPlugin
LogConfig: Warning: Failed to saved backup for config[ProxyLODPlugin]
LogPluginManager: Mounting plugin MagicLeap
LogPluginManager: Mounting plugin MagicLeapEmulator
LogConfig: Warning: Failed to saved backup for config[MagicLeapEmulator]
LogPluginManager: Mounting plugin MagicLeapMedia
LogConfig: Warning: Failed to saved backup for config[MagicLeapMedia]
LogPluginManager: Mounting plugin AndroidMedia
LogConfig: Warning: Failed to saved backup for config[AndroidMedia]
LogPluginManager: Mounting plugin AvfMedia
LogConfig: Warning: Failed to saved backup for config[AvfMedia]
LogPluginManager: Mounting plugin ImgMedia
LogPluginManager: Mounting plugin LinearTimecode
LogPluginManager: Mounting plugin MediaCompositing
LogPluginManager: Mounting plugin MediaPlayerEditor
LogPluginManager: Mounting plugin WmfMedia
LogConfig: Warning: Failed to saved backup for config[WmfMedia]
LogPluginManager: Mounting plugin TcpMessaging
LogConfig: Warning: Failed to saved backup for config[TcpMessaging]
LogPluginManager: Mounting plugin UdpMessaging
LogConfig: Warning: Failed to saved backup for config[UdpMessaging]
LogPluginManager: Mounting plugin ActorSequence
LogPluginManager: Mounting plugin LevelSequenceEditor
LogConfig: Warning: Failed to saved backup for config[LevelSequenceEditor]
LogPluginManager: Mounting plugin MatineeToLevelSequence
LogPluginManager: Mounting plugin NetcodeUnitTest
LogPluginManager: Mounting plugin NUTUnrealEngine4
LogPluginManager: Mounting plugin OnlineSubsystemGooglePlay
LogPluginManager: Mounting plugin OnlineSubsystemIOS
LogConfig: Warning: Failed to saved backup for config[OnlineSubsystemIOS]
LogPluginManager: Mounting plugin OnlineSubsystem
LogConfig: Warning: Failed to saved backup for config[OnlineSubsystem]
LogPluginManager: Mounting plugin OnlineSubsystemNull
LogPluginManager: Mounting plugin OnlineSubsystemUtils
LogConfig: Warning: Failed to saved backup for config[OnlineSubsystemUtils]
LogPluginManager: Mounting plugin LauncherChunkInstaller
LogConfig: Warning: Failed to saved backup for config[LauncherChunkInstaller]
LogPluginManager: Mounting plugin AndroidDeviceProfileSelector
LogConfig: Warning: Failed to saved backup for config[AndroidDeviceProfileSelector]
LogPluginManager: Mounting plugin AndroidMoviePlayer
LogConfig: Warning: Failed to saved backup for config[AndroidMoviePlayer]
LogPluginManager: Mounting plugin AndroidPermission
LogPluginManager: Mounting plugin AppleMoviePlayer
LogConfig: Warning: Failed to saved backup for config[AppleMoviePlayer]
LogPluginManager: Mounting plugin ArchVisCharacter
LogConfig: Warning: Failed to saved backup for config[ArchVisCharacter]
LogPluginManager: Mounting plugin AudioCapture
LogPluginManager: Mounting plugin CableComponent
LogConfig: Warning: Failed to saved backup for config[CableComponent]
LogPluginManager: Mounting plugin CustomMeshComponent
LogPluginManager: Mounting plugin EditableMesh
LogPluginManager: Mounting plugin ExampleDeviceProfileSelector
LogPluginManager: Mounting plugin GoogleCloudMessaging
LogPluginManager: Mounting plugin HoudiniEngine
LogPluginManager: Mounting plugin ImmediatePhysics
LogPluginManager: Mounting plugin IOSDeviceProfileSelector
LogPluginManager: Mounting plugin LinuxDeviceProfileSelector
LogPluginManager: Mounting plugin LocationServicesBPLibrary
LogPluginManager: Mounting plugin MobilePatchingUtils
LogConfig: Warning: Failed to saved backup for config[MobilePatchingUtils]
LogPluginManager: Mounting plugin OculusVR
LogPluginManager: Plugin shader directory ../../../Engine/Plugins/Runtime/Oculus/OculusVR/Shaders found
LogPluginManager: Mapping shader source directory ../../../Engine/Plugins/Runtime/Oculus/OculusVR/Shaders to virtual directory /Plugin/OculusVR
LogConfig: Warning: Failed to saved backup for config[OculusVR]
LogPluginManager: Mounting plugin PhysXVehicles
LogPluginManager: Mounting plugin ProceduralMeshComponent
LogPluginManager: Mounting plugin RuntimePhysXCooking
LogPluginManager: Mounting plugin SteamVR
LogPluginManager: Mounting plugin WindowsMoviePlayer
LogStreaming: Display: Took  0.335s to configure plugins.
LogInit: Using libcurl 7.55.1-DEV
LogInit:  - built for x86_64-pc-win32
LogInit:  - supports SSL with OpenSSL/1.0.2h
LogInit:  - supports HTTP deflate (compression) using libz 1.2.8
LogInit:  - other features:
LogInit:      CURL_VERSION_SSL
LogInit:      CURL_VERSION_LIBZ
LogInit:      CURL_VERSION_IPV6
LogInit:      CURL_VERSION_ASYNCHDNS
LogInit:      CURL_VERSION_LARGEFILE
LogInit:      CURL_VERSION_IDN
LogInit:  CurlRequestOptions (configurable via config and command line):
LogInit:  - bVerifyPeer = false  - Libcurl will NOT verify peer certificate
LogInit:  - bUseHttpProxy = true  - Libcurl will use HTTP proxy
LogInit:  - HttpProxyAddress = '127.0.0.1:1080'
LogInit:  - bDontReuseConnections = false  - Libcurl will reuse connections
LogInit:  - CertBundlePath = nullptr  - Libcurl will use whatever was configured at build time.
LogInit:  - MaxHostConnections = 16  - Libcurl will limit the number of connections to a host
LogInit:  - LocalHostAddr = Default
LogInit:  - BufferSize = 65536
LogInit: WinSock: version 1.1 (2.2), MaxSocks=32767, MaxUdp=65467
LogInit: Build: ++UE4+Release-4.20-CL-4369336
LogInit: Engine Version: 4.20.3-4369336+++UE4+Release-4.20
LogInit: Compatible Engine Version: 4.20.0-4212847+++UE4+Release-4.20
LogInit: Net CL: 4212847
LogInit: OS: Windows 10 (), CPU: Intel(R) Core(TM) i5-4590 CPU @ 3.30GHz, GPU: NVIDIA GeForce GTX 960
LogInit: Compiled (64-bit): Sep 17 2018 12:26:19
LogInit: Compiled with Visual C++: 19.13.26129.00
LogInit: Build Configuration: Development
LogInit: Branch Name: ++UE4+Release-4.20
LogInit: Command Line:  
LogInit: Base Directory: E:/UE4/UE_4.20/Engine/Binaries/Win64/
LogInit: Installed Engine Build: 1
LogDevObjectVersion: Number of dev versions registered: 20
LogDevObjectVersion:   Dev-Blueprints (B0D832E4-1F89-4F0D-ACCF-7EB736FD4AA2): 10
LogDevObjectVersion:   Dev-Build (E1C64328-A22C-4D53-A36C-8E866417BD8C): 0
LogDevObjectVersion:   Dev-Core (375EC13C-06E4-48FB-B500-84F0262A717E): 2
LogDevObjectVersion:   Dev-Editor (E4B068ED-F494-42E9-A231-DA0B2E46BB41): 24
LogDevObjectVersion:   Dev-Framework (CFFC743F-43B0-4480-9391-14DF171D2073): 34
LogDevObjectVersion:   Dev-Mobile (B02B49B5-BB20-44E9-A304-32B752E40360): 2
LogDevObjectVersion:   Dev-Networking (A4E4105C-59A1-49B5-A7C5-40C4547EDFEE): 0
LogDevObjectVersion:   Dev-Online (39C831C9-5AE6-47DC-9A44-9C173E1C8E7C): 0
LogDevObjectVersion:   Dev-Physics (78F01B33-EBEA-4F98-B9B4-84EACCB95AA2): 0
LogDevObjectVersion:   Dev-Platform (6631380F-2D4D-43E0-8009-CF276956A95A): 0
LogDevObjectVersion:   Dev-Rendering (12F88B9F-8875-4AFC-A67C-D90C383ABD29): 26
LogDevObjectVersion:   Dev-Sequencer (7B5AE74C-D270-4C10-A958-57980B212A5A): 9
LogDevObjectVersion:   Dev-VR (D7296918-1DD6-4BDD-9DE2-64A83CC13884): 2
LogDevObjectVersion:   Dev-LoadTimes (C2A15278-BFE7-4AFE-6C17-90FF531DF755): 1
LogDevObjectVersion:   Private-Geometry (6EACA3D4-40EC-4CC1-B786-8BED09428FC5): 3
LogDevObjectVersion:   Dev-AnimPhys (29E575DD-E0A3-4627-9D10-D276232CDCEA): 17
LogDevObjectVersion:   Dev-ReflectionCapture (6B266CEC-1EC7-4B8F-A30B-E4D90942FC07): 1
LogDevObjectVersion:   Dev-Automation (0DF73D61-A23F-47EA-B727-89E90C41499A): 1
LogDevObjectVersion:   FortniteMain (601D1886-AC64-4F84-AA16-D3DE0DEAC7D6): 12
LogDevObjectVersion:   Dev-Enterprise (9DFFBCD6-494F-0158-E221-12823C92A888): 1
LogFileManager: Warning: Error deleting file: D:/Documents/DiplomaGame/ClimbDemo/Saved/Logs/ClimbDemo-backup-2019.06.12-22.34.58.log (Error Code 5)
LogStreaming: Display: Took  0.029s to delete old logs.
LogInit: Presizing for max 8388607 objects, including 0 objects not considered by GC, pre-allocating 0 bytes for permanent pool.
LogInit: Object subsystem initialized
[2019.06.13-17.20.28:006][  0]LogInit: Selected Device Profile: [Windows]
[2019.06.13-17.20.28:007][  0]LogInit: Applying CVar settings loaded from the selected device profile: [Windows]
[2019.06.13-17.20.28:089][  0]LogHAL: Display: Platform has ~ 16 GB [17069932544 / 17179869184 / 16], which maps to Larger [LargestMinGB=32, LargerMinGB=12, DefaultMinGB=8, SmallerMinGB=6, SmallestMinGB=0)
[2019.06.13-17.20.28:102][  0]LogInit: Setting Device Profile CVar: [[r.Vulkan.UseRealUBs:1]]
[2019.06.13-17.20.28:106][  0]LogInit: Going up to parent DeviceProfile []
[2019.06.13-17.20.28:123][  0]LogInit: Computer: DESKTOP-LAG4IKO
[2019.06.13-17.20.28:123][  0]LogInit: User: 14367
[2019.06.13-17.20.28:123][  0]LogInit: CPU Page size=4096, Cores=4
[2019.06.13-17.20.28:123][  0]LogInit: High frequency timer resolution =10.000000 MHz
[2019.06.13-17.20.28:124][  0]LogMemory: Memory total: Physical=15.9GB (16GB approx)
[2019.06.13-17.20.28:124][  0]LogMemory: Platform Memory Stats for Windows
[2019.06.13-17.20.28:124][  0]LogMemory: Process Physical Memory: 103.45 MB used, 103.45 MB peak
[2019.06.13-17.20.28:124][  0]LogMemory: Process Virtual Memory: 101.69 MB used, 101.69 MB peak
[2019.06.13-17.20.28:124][  0]LogMemory: Physical Memory: 3171.92 MB used,  13107.23 MB free, 16279.16 MB total
[2019.06.13-17.20.28:124][  0]LogMemory: Virtual Memory: 4652.21 MB used,  13107.23 MB free, 134217728.00 MB total
[2019.06.13-17.20.29:296][  0]LogInit: Using OS detected language (zh-CN).
[2019.06.13-17.20.29:296][  0]LogInit: Using OS detected locale (zh-CN).
[2019.06.13-17.20.30:196][  0]LogStreaming: Display: Took  0.889s to InitEngineTextLocalization.
[2019.06.13-17.20.30:209][  0]LogInit: Setting process to per monitor DPI aware
[2019.06.13-17.20.31:009][  0]LogSlate: New Slate User Created.  User Index 0, Is Virtual User: 0
[2019.06.13-17.20.31:009][  0]LogSlate: Slate User Registered.  User Index 0, Is Virtual User: 0
[2019.06.13-17.20.33:766][  0]LogHMD: Failed to initialize OpenVR with code 110
[2019.06.13-17.20.33:766][  0]LogD3D11RHI: D3D11 adapters:
[2019.06.13-17.20.33:871][  0]LogD3D11RHI:    0. 'NVIDIA GeForce GTX 960' (Feature Level 11_0)
[2019.06.13-17.20.33:871][  0]LogD3D11RHI:       4062/0/8139 MB DedicatedVideo/DedicatedSystem/SharedSystem, Outputs:1, VendorId:0x10de
[2019.06.13-17.20.33:953][  0]LogD3D11RHI:    1. 'Intel(R) HD Graphics 4600' (Feature Level 11_0)
[2019.06.13-17.20.33:953][  0]LogD3D11RHI:       112/0/2048 MB DedicatedVideo/DedicatedSystem/SharedSystem, Outputs:0, VendorId:0x8086
[2019.06.13-17.20.33:956][  0]LogD3D11RHI:    2. 'Microsoft Basic Render Driver' (Feature Level 11_0)
[2019.06.13-17.20.33:956][  0]LogD3D11RHI:       0/0/8139 MB DedicatedVideo/DedicatedSystem/SharedSystem, Outputs:0, VendorId:0x1414
[2019.06.13-17.20.33:956][  0]LogD3D11RHI: Chosen D3D11 Adapter: 0
[2019.06.13-17.20.34:020][  0]LogD3D11RHI: Creating new Direct3DDevice
[2019.06.13-17.20.34:020][  0]LogD3D11RHI:     GPU DeviceId: 0x1401 (for the marketing name, search the web for "GPU Device Id")
[2019.06.13-17.20.34:039][  0]LogWindows: EnumDisplayDevices:
[2019.06.13-17.20.34:042][  0]LogWindows:    0. 'NVIDIA GeForce GTX 960' (P:1 D:1)
[2019.06.13-17.20.34:048][  0]LogWindows:    1. 'NVIDIA GeForce GTX 960' (P:0 D:0)
[2019.06.13-17.20.34:054][  0]LogWindows:    2. 'NVIDIA GeForce GTX 960' (P:0 D:0)
[2019.06.13-17.20.34:060][  0]LogWindows:    3. 'NVIDIA GeForce GTX 960' (P:0 D:0)
[2019.06.13-17.20.34:063][  0]LogWindows:    4. 'Intel(R) HD Graphics 4600' (P:0 D:0)
[2019.06.13-17.20.34:067][  0]LogWindows:    5. 'Intel(R) HD Graphics 4600' (P:0 D:0)
[2019.06.13-17.20.34:071][  0]LogWindows:    6. 'Intel(R) HD Graphics 4600' (P:0 D:0)
[2019.06.13-17.20.34:073][  0]LogWindows: DebugString: PrimaryIsNotTheChoosenAdapter PrimaryIsNotTheChoosenAdapter PrimaryIsNotTheChoosenAdapter FoundDriverCount:4 
[2019.06.13-17.20.34:073][  0]LogD3D11RHI:     Adapter Name: NVIDIA GeForce GTX 960
[2019.06.13-17.20.34:078][  0]LogD3D11RHI:   Driver Version: 388.13 (internal:23.21.13.8813, unified:388.13)
[2019.06.13-17.20.34:078][  0]LogD3D11RHI:      Driver Date: 10-27-2017
[2019.06.13-17.20.34:078][  0]LogRHI: Texture pool is 2843 MB (70% of 4062 MB)
[2019.06.13-17.20.34:139][  0]LogD3D11RHI: Async texture creation enabled
[2019.06.13-17.20.34:355][  0]LogD3D11RHI: GPU Timing Frequency: 1000.000000 (Debug: 2 1)
[2019.06.13-17.20.34:421][  0]LogShaderCompilers: Guid format shader working directory is 11 characters bigger than the processId version (D:/Documents/DiplomaGame/ClimbDemo/Intermediate/Shaders/WorkingDirectory/10304/).
[2019.06.13-17.20.34:423][  0]LogShaderCompilers: Cleaned the shader compiler working directory 'C:/Users/14367/AppData/Local/Temp/UnrealShaderWorkingDir/2919F376432E172990BBD3A881A3A995/'.
[2019.06.13-17.20.35:726][  0]LogTemp: Display: Loaded TP AllDesktopTargetPlatform
[2019.06.13-17.20.35:763][  0]LogTemp: Display: Loaded TP MacClientTargetPlatform
[2019.06.13-17.20.35:789][  0]LogTemp: Display: Loaded TP MacNoEditorTargetPlatform
[2019.06.13-17.20.35:814][  0]LogTemp: Display: Loaded TP MacServerTargetPlatform
[2019.06.13-17.20.35:865][  0]LogTemp: Display: Loaded TP MacTargetPlatform
[2019.06.13-17.20.35:911][  0]LogTemp: Display: Loaded TP WindowsClientTargetPlatform
[2019.06.13-17.20.35:942][  0]LogTemp: Display: Loaded TP WindowsNoEditorTargetPlatform
[2019.06.13-17.20.35:970][  0]LogTemp: Display: Loaded TP WindowsServerTargetPlatform
[2019.06.13-17.20.35:999][  0]LogTemp: Display: Loaded TP WindowsTargetPlatform
[2019.06.13-17.20.36:116][  0]LogTemp: Display: Loaded TP AndroidTargetPlatform
[2019.06.13-17.20.36:116][  0]LogTemp: Display: Loaded TP AndroidTargetPlatform
[2019.06.13-17.20.36:116][  0]LogTemp: Display: Loaded TP AndroidTargetPlatform
[2019.06.13-17.20.36:116][  0]LogTemp: Display: Loaded TP AndroidTargetPlatform
[2019.06.13-17.20.36:116][  0]LogTemp: Display: Loaded TP AndroidTargetPlatform
[2019.06.13-17.20.36:116][  0]LogTemp: Display: Loaded TP AndroidTargetPlatform
[2019.06.13-17.20.36:116][  0]LogTemp: Display: Loaded TP AndroidTargetPlatform
[2019.06.13-17.20.36:116][  0]LogTemp: Display: Loaded TP AndroidTargetPlatform
[2019.06.13-17.20.36:116][  0]LogTemp: Display: Loaded TP AndroidTargetPlatform
[2019.06.13-17.20.36:116][  0]LogTemp: Display: Loaded TP AndroidTargetPlatform
[2019.06.13-17.20.36:116][  0]LogTemp: Display: Loaded TP AndroidTargetPlatform
[2019.06.13-17.20.36:116][  0]LogTemp: Display: Loaded TP AndroidTargetPlatform
[2019.06.13-17.20.36:116][  0]LogTemp: Display: Loaded TP AndroidTargetPlatform
[2019.06.13-17.20.36:116][  0]LogTemp: Display: Loaded TP AndroidTargetPlatform
[2019.06.13-17.20.36:116][  0]LogTemp: Display: Loaded TP AndroidTargetPlatform
[2019.06.13-17.20.36:116][  0]LogTemp: Display: Loaded TP AndroidTargetPlatform
[2019.06.13-17.20.36:116][  0]LogTemp: Display: Loaded TP AndroidTargetPlatform
[2019.06.13-17.20.36:116][  0]LogTemp: Display: Loaded TP AndroidTargetPlatform
[2019.06.13-17.20.36:138][  0]LogTemp: Display: Loaded TP HTML5TargetPlatform
[2019.06.13-17.20.36:268][  0]LogTemp: Display: Loaded TP IOSTargetPlatform
[2019.06.13-17.20.36:268][  0]LogTemp: Display: Loaded TP IOSTargetPlatform
[2019.06.13-17.20.36:314][  0]LogTemp: Display: Loaded TP TVOSTargetPlatform
[2019.06.13-17.20.36:314][  0]LogTemp: Display: Loaded TP TVOSTargetPlatform
[2019.06.13-17.20.36:339][  0]LogTemp: Display: Loaded TP LinuxClientTargetPlatform
[2019.06.13-17.20.36:375][  0]LogTemp: Display: Loaded TP LinuxNoEditorTargetPlatform
[2019.06.13-17.20.36:412][  0]LogTemp: Display: Loaded TP LinuxServerTargetPlatform
[2019.06.13-17.20.36:446][  0]LogTemp: Display: Loaded TP LinuxTargetPlatform
[2019.06.13-17.20.36:494][  0]LogTemp: Display: Loaded TP LuminTargetPlatform
[2019.06.13-17.20.36:494][  0]LogTargetPlatformManager: Display: Building Assets For Windows
[2019.06.13-17.20.37:383][  0]LogXGEController: Cleaning working directory: C:/Users/14367/AppData/Local/Temp/UnrealXGEWorkingDir/
[2019.06.13-17.20.37:384][  0]LogXGEController: Cannot use XGE Controller as Incredibuild is not installed on this machine.
[2019.06.13-17.20.37:384][  0]LogShaderCompilers: Cannot use XGE Shader Compiler as Incredibuild is not installed on this machine.
[2019.06.13-17.20.37:384][  0]LogShaderCompilers: Display: Using Local Shader Compiler.
[2019.06.13-17.20.40:268][  0]LogDerivedDataCache: Display: Max Cache Size: 512 MB
[2019.06.13-17.20.41:292][  0]LogDerivedDataCache: Loaded boot cache 1.02s 71MB C:/Users/14367/AppData/Local/UnrealEngine/4.20/DerivedDataCache/Boot.ddc.
[2019.06.13-17.20.41:294][  0]LogDerivedDataCache: Display: Loaded Boot cache: C:/Users/14367/AppData/Local/UnrealEngine/4.20/DerivedDataCache/Boot.ddc
[2019.06.13-17.20.41:294][  0]LogDerivedDataCache: FDerivedDataBackendGraph:  Pak pak cache file D:/Documents/DiplomaGame/ClimbDemo/DerivedDataCache/DDC.ddp not found, will not use a pak cache.
[2019.06.13-17.20.41:294][  0]LogDerivedDataCache: Unable to find inner node Pak for hierarchical cache Hierarchy.
[2019.06.13-17.20.41:294][  0]LogDerivedDataCache: FDerivedDataBackendGraph:  CompressedPak pak cache file D:/Documents/DiplomaGame/ClimbDemo/DerivedDataCache/Compressed.ddp not found, will not use a pak cache.
[2019.06.13-17.20.41:294][  0]LogDerivedDataCache: Unable to find inner node CompressedPak for hierarchical cache Hierarchy.
[2019.06.13-17.20.41:359][  0]LogDerivedDataCache: Display: Pak cache opened for reading ../../../Engine/DerivedDataCache/Compressed.ddp.
[2019.06.13-17.20.41:373][  0]LogDerivedDataCache: Using Local data cache path C:/Users/14367/AppData/Local/UnrealEngine/Common/DerivedDataCache: Writable
[2019.06.13-17.20.41:373][  0]LogDerivedDataCache: Shared data cache path not found in *engine.ini, will not use an Shared cache.
[2019.06.13-17.20.41:373][  0]LogDerivedDataCache: Unable to find inner node Shared for hierarchical cache Hierarchy.
[2019.06.13-17.20.41:482][  0]LogMaterial: Verifying Global Shaders for PCD3D_SM5
[2019.06.13-17.20.41:537][  0]LogSlate: Using FreeType 2.6.0
[2019.06.13-17.20.41:611][  0]LogSlate: SlateFontServices - WITH_FREETYPE: 1, WITH_HARFBUZZ: 1
[2019.06.13-17.20.42:757][  0]LogAssetRegistry: FAssetRegistry took 0.0344 seconds to start up
[2019.06.13-17.20.50:871][  0]LogInit: Selected Device Profile: [Windows]
[2019.06.13-17.20.55:649][  0]LogSimplygon: Simplygon DLL not present - disabling.
[2019.06.13-17.20.56:676][  0]LogMeshReduction: Using SimplygonSwarm for distributed automatic mesh merging
[2019.06.13-17.20.56:677][  0]LogMeshReduction: Using ProxyLODMeshReduction for automatic mesh merging
[2019.06.13-17.20.56:734][  0]LogMeshReduction: Using QuadricMeshReduction for automatic static mesh reduction
[2019.06.13-17.20.56:734][  0]LogMeshReduction: No automatic skeletal mesh reduction module available
[2019.06.13-17.20.58:593][  0]LogNetVersion: ClimbDemo 1.0.0, NetCL: 4212847, EngineNetVer: 5, GameNetVer: 0 (Checksum: 2394580764)
[2019.06.13-17.21.02:006][  0]LogConfig: Warning: Failed to saved backup for config[GameplayTagsList]
[2019.06.13-17.21.04:408][  0]LogAssetRegistry: Error: Failed to open file for write D:/Documents/DiplomaGame/ClimbDemo/Intermediate/AssetRegistryCache/9d4ac999.bin
[2019.06.13-17.21.04:424][  0]LogAssetRegistry: Error: Failed to open file for write D:/Documents/DiplomaGame/ClimbDemo/Intermediate/AssetRegistryCache/3d23ad89.bin
[2019.06.13-17.21.04:429][  0]LogAssetRegistry: Error: Failed to open file for write D:/Documents/DiplomaGame/ClimbDemo/Intermediate/AssetRegistryCache/fadabcb7.bin
[2019.06.13-17.21.04:438][  0]LogAssetRegistry: Error: Failed to open file for write D:/Documents/DiplomaGame/ClimbDemo/Intermediate/AssetRegistryCache/da79db4a.bin
[2019.06.13-17.21.04:450][  0]LogAssetRegistry: Error: Failed to open file for write D:/Documents/DiplomaGame/ClimbDemo/Intermediate/AssetRegistryCache/5ae8f943.bin
[2019.06.13-17.21.04:459][  0]LogAssetRegistry: Error: Failed to open file for write D:/Documents/DiplomaGame/ClimbDemo/Intermediate/AssetRegistryCache/53ed6917.bin
[2019.06.13-17.21.04:469][  0]LogAssetRegistry: Error: Failed to open file for write D:/Documents/DiplomaGame/ClimbDemo/Intermediate/AssetRegistryCache/50836bfa.bin
[2019.06.13-17.21.04:477][  0]LogAssetRegistry: Error: Failed to open file for write D:/Documents/DiplomaGame/ClimbDemo/Intermediate/AssetRegistryCache/eeebdbee.bin
[2019.06.13-17.21.04:494][  0]LogAssetRegistry: Error: Failed to open file for write D:/Documents/DiplomaGame/ClimbDemo/Intermediate/AssetRegistryCache/15646281.bin
[2019.06.13-17.21.04:507][  0]LogAssetRegistry: Error: Failed to open file for write D:/Documents/DiplomaGame/ClimbDemo/Intermediate/AssetRegistryCache/e19f8e1b.bin
[2019.06.13-17.21.04:521][  0]LogAssetRegistry: Error: Failed to open file for write D:/Documents/DiplomaGame/ClimbDemo/Intermediate/AssetRegistryCache/545fc153.bin
[2019.06.13-17.21.04:529][  0]LogAssetRegistry: Error: Failed to open file for write D:/Documents/DiplomaGame/ClimbDemo/Intermediate/AssetRegistryCache/40a296e3.bin
[2019.06.13-17.21.04:538][  0]LogAssetRegistry: Error: Failed to open file for write D:/Documents/DiplomaGame/ClimbDemo/Intermediate/AssetRegistryCache/57690fda.bin
[2019.06.13-17.21.04:542][  0]LogAssetRegistry: Error: Failed to open file for write D:/Documents/DiplomaGame/ClimbDemo/Intermediate/AssetRegistryCache/08d04bc2.bin
[2019.06.13-17.21.04:548][  0]LogFileManager: Warning: MoveFile was unable to move 'D:/Documents/DiplomaGame/ClimbDemo/Intermediate/AssetRegistryCache/c10fd3b6.bin.tmp' to 'D:/Documents/DiplomaGame/ClimbDemo/Intermediate/AssetRegistryCache/c10fd3b6.bin', retrying in .5s...
[2019.06.13-17.21.05:049][  0]LogFileManager: Warning: MoveFile was unable to move 'D:/Documents/DiplomaGame/ClimbDemo/Intermediate/AssetRegistryCache/c10fd3b6.bin.tmp' to 'D:/Documents/DiplomaGame/ClimbDemo/Intermediate/AssetRegistryCache/c10fd3b6.bin', retrying in .5s...
[2019.06.13-17.21.05:550][  0]LogFileManager: Warning: MoveFile was unable to move 'D:/Documents/DiplomaGame/ClimbDemo/Intermediate/AssetRegistryCache/c10fd3b6.bin.tmp' to 'D:/Documents/DiplomaGame/ClimbDemo/Intermediate/AssetRegistryCache/c10fd3b6.bin', retrying in .5s...
[2019.06.13-17.21.06:051][  0]LogFileManager: Warning: MoveFile was unable to move 'D:/Documents/DiplomaGame/ClimbDemo/Intermediate/AssetRegistryCache/c10fd3b6.bin.tmp' to 'D:/Documents/DiplomaGame/ClimbDemo/Intermediate/AssetRegistryCache/c10fd3b6.bin', retrying in .5s...
[2019.06.13-17.21.06:552][  0]LogFileManager: Warning: MoveFile was unable to move 'D:/Documents/DiplomaGame/ClimbDemo/Intermediate/AssetRegistryCache/c10fd3b6.bin.tmp' to 'D:/Documents/DiplomaGame/ClimbDemo/Intermediate/AssetRegistryCache/c10fd3b6.bin', retrying in .5s...
[2019.06.13-17.21.07:053][  0]LogFileManager: Warning: MoveFile was unable to move 'D:/Documents/DiplomaGame/ClimbDemo/Intermediate/AssetRegistryCache/c10fd3b6.bin.tmp' to 'D:/Documents/DiplomaGame/ClimbDemo/Intermediate/AssetRegistryCache/c10fd3b6.bin', retrying in .5s...
[2019.06.13-17.21.07:554][  0]LogFileManager: Warning: MoveFile was unable to move 'D:/Documents/DiplomaGame/ClimbDemo/Intermediate/AssetRegistryCache/c10fd3b6.bin.tmp' to 'D:/Documents/DiplomaGame/ClimbDemo/Intermediate/AssetRegistryCache/c10fd3b6.bin', retrying in .5s...
[2019.06.13-17.21.08:055][  0]LogFileManager: Warning: MoveFile was unable to move 'D:/Documents/DiplomaGame/ClimbDemo/Intermediate/AssetRegistryCache/c10fd3b6.bin.tmp' to 'D:/Documents/DiplomaGame/ClimbDemo/Intermediate/AssetRegistryCache/c10fd3b6.bin', retrying in .5s...
[2019.06.13-17.21.08:556][  0]LogFileManager: Warning: MoveFile was unable to move 'D:/Documents/DiplomaGame/ClimbDemo/Intermediate/AssetRegistryCache/c10fd3b6.bin.tmp' to 'D:/Documents/DiplomaGame/ClimbDemo/Intermediate/AssetRegistryCache/c10fd3b6.bin', retrying in .5s...
[2019.06.13-17.21.09:057][  0]LogFileManager: Warning: MoveFile was unable to move 'D:/Documents/DiplomaGame/ClimbDemo/Intermediate/AssetRegistryCache/c10fd3b6.bin.tmp' to 'D:/Documents/DiplomaGame/ClimbDemo/Intermediate/AssetRegistryCache/c10fd3b6.bin', retrying in .5s...
[2019.06.13-17.21.09:558][  0]LogFileManager: Error: Error moving file 'D:/Documents/DiplomaGame/ClimbDemo/Intermediate/AssetRegistryCache/c10fd3b6.bin.tmp' to 'D:/Documents/DiplomaGame/ClimbDemo/Intermediate/AssetRegistryCache/c10fd3b6.bin'.
[2019.06.13-17.21.09:658][  0]LogPackageLocalizationCache: Processed 12 localized package path(s) for 4 prioritized culture(s) in 5.300637 seconds
[2019.06.13-17.21.09:664][  0]LogUObjectArray: 38426 objects as part of root set at end of initial load.
[2019.06.13-17.21.09:664][  0]LogUObjectAllocator: 6691096 out of 0 bytes used by permanent object pool.
[2019.06.13-17.21.09:665][  0]LogUObjectArray: CloseDisregardForGC: 0/0 objects in disregard for GC pool
[2019.06.13-17.21.19:395][  0]LogConfig: Warning: Failed to saved backup for config[InternationalizationExport]
[2019.06.13-17.21.20:551][  0]LogTcpMessaging: Initializing TcpMessaging bridge
[2019.06.13-17.21.20:588][  0]LogUdpMessaging: Initializing bridge on interface 0.0.0.0:0 to multicast group 230.0.0.1:6666.
[2019.06.13-17.21.21:685][  0]SourceControl: 源码管理已禁用
[2019.06.13-17.21.21:690][  0]SourceControl: 源码管理已禁用
[2019.06.13-17.21.21:778][  0]SourceControl: 源码管理已禁用
[2019.06.13-17.21.21:799][  0]SourceControl: 源码管理已禁用
[2019.06.13-17.21.23:595][  0]LogAndroidPermission: UAndroidPermissionCallbackProxy::GetInstance
[2019.06.13-17.21.24:058][  0]LogAssetRegistry: Error: Failed to open file for write D:/Documents/DiplomaGame/ClimbDemo/Intermediate/CachedAssetRegistry.bin
[2019.06.13-17.21.24:058][  0]LogHoudiniEngine: Starting the Houdini Engine module.
[2019.06.13-17.21.24:090][  0]LogHoudiniEngine: Loaded libHAPIL.dll from Registry path F:/AnZhuangChengXu/Houdini 17.0.416/bin
[2019.06.13-17.21.24:113][  0]LogLinker: Warning: Asset '../../Plugins/Runtime/HoudiniEngine/Content/houdini_logo.uasset' has been saved with empty engine version. The asset will be loaded but may be incompatible.
[2019.06.13-17.21.24:154][  0]LogLinker: Warning: Asset '../../Plugins/Runtime/HoudiniEngine/Content/houdini_default_material.uasset' has been saved with empty engine version. The asset will be loaded but may be incompatible.
[2019.06.13-17.21.24:173][  0]LogLinker: Warning: Asset '../../Plugins/Runtime/HoudiniEngine/Content/houdini_bgeo_import.uasset' has been saved with empty engine version. The asset will be loaded but may be incompatible.
[2019.06.13-17.21.27:523][  0]LogHoudiniEngine: Error: Failed to create a Houdini Engine session
[2019.06.13-17.21.27:545][  0]LogHoudiniEngine: Starting up the Houdini Engine API module failed: Generic Failure
[2019.06.13-17.21.27:635][  0]LogOcInput: OculusInput pre-init called
[2019.06.13-17.21.28:238][  0]LogEngine: Initializing Engine...
[2019.06.13-17.21.28:260][  0]LogHMD: Failed to initialize OpenVR with code 110
[2019.06.13-17.21.28:274][  0]LogStats: UGameplayTagsManager::ConstructGameplayTagTree: ImportINI prefixes -  0.000 s
[2019.06.13-17.21.28:274][  0]LogStats: UGameplayTagsManager::ConstructGameplayTagTree: Construct from data asset -  0.000 s
[2019.06.13-17.21.28:274][  0]LogStats: UGameplayTagsManager::ConstructGameplayTagTree: ImportINI -  0.000 s
[2019.06.13-17.21.28:274][  0]LogStats: UGameplayTagsManager::ConstructGameplayTagTree: GameplayTagTreeChangedEvent.Broadcast -  0.000 s
[2019.06.13-17.21.29:080][  0]LogInit: Initializing FReadOnlyCVARCache
[2019.06.13-17.21.29:356][  0]LogAIModule: Creating AISystem for world Untitled
[2019.06.13-17.21.29:559][  0]LogInit: XAudio2 using '数字音频(S/PDIF) (High Definition Audio 设备)' : 2 channels at 44.1 kHz using 16 bits per sample (channel mask 0x3)
[2019.06.13-17.21.29:633][  0]LogInit: FAudioDevice initialized.
[2019.06.13-17.21.29:633][  0]LogNetVersion: Set ProjectVersion to 1.0.0.0. Version Checksum will be recalculated on next use.
[2019.06.13-17.21.29:644][  0]LogDerivedDataCache: Error: Could not save memory cache C:/Users/14367/AppData/Local/UnrealEngine/4.20/DerivedDataCache/Boot.ddc.
[2019.06.13-17.21.29:644][  0]LogInit: Texture streaming: Enabled
[2019.06.13-17.21.29:816][  0]LogEngineSessionManager: EngineSessionManager initialized
[2019.06.13-17.21.29:816][  0]LogEngineSessionManager: EngineSessionManager sent abnormal shutdown report. Type=AbnormalShutdown, SessionId={02AC2292-409F-99CB-C64A-A3AAF78EE37F}
[2019.06.13-17.21.29:816][  0]LogEngineSessionManager: EngineSessionManager sent abnormal shutdown report. Type=AbnormalShutdown, SessionId={9D486BFD-4B67-4DA3-E277-488C38CC3B42}
[2019.06.13-17.21.30:102][  0]LogInit: Transaction tracking system initialized
[2019.06.13-17.21.30:502][  0]BlueprintLog: New page: 编辑器加载
[2019.06.13-17.21.31:664][  0]LocalizationService: 本地化服务已禁用
[2019.06.13-17.21.35:030][  0]LogFileCache: Scanning file cache for directory 'D:/Documents/DiplomaGame/ClimbDemo/Content/' took 0.09s
[2019.06.13-17.21.35:030][  0]LogCook: Display: Max memory allowance for cook 16384mb min free memory 0mb
[2019.06.13-17.21.35:042][  0]LogCook: Display: Mobile HDR setting 1
[2019.06.13-17.21.35:066][  0]LogGameplayTags: Display: UGameplayTagsManager::DoneAddingNativeTags. DelegateIsBound: 0
[2019.06.13-17.21.35:083][  0]LogStats: UGameplayTagsManager::ConstructGameplayTagTree: ImportINI prefixes -  0.000 s
[2019.06.13-17.21.35:083][  0]LogStats: UGameplayTagsManager::ConstructGameplayTagTree: Construct from data asset -  0.000 s
[2019.06.13-17.21.35:084][  0]LogStats: UGameplayTagsManager::ConstructGameplayTagTree: ImportINI -  0.000 s
[2019.06.13-17.21.35:084][  0]LogStats: UGameplayTagsManager::ConstructGameplayTagTree: GameplayTagTreeChangedEvent.Broadcast -  0.000 s
[2019.06.13-17.21.38:033][  0]LogHoudiniEngineEditor: Starting the Houdini Engine Editor module.
[2019.06.13-17.21.38:138][  0]LogHoudiniEngineEditor: Houdini Engine Editor module startup complete.
[2019.06.13-17.21.38:794][  0]SourceControl: 源码管理已禁用
[2019.06.13-17.21.38:812][  0]Cmd: MAP LOAD FILE="D:/Documents/DiplomaGame/ClimbDemo/Content/Terrain/4/LakeLevelNew.umap" TEMPLATE=0 SHOWPROGRESS=1 FEATURELEVEL=3
[2019.06.13-17.21.38:814][  0]LightingResults: New page: 光照构建
[2019.06.13-17.21.38:926][  0]MapCheck: New page: 地图检测
[2019.06.13-17.21.38:927][  0]LightingResults: New page: 光照构建
[2019.06.13-17.21.47:411][  0]LogBlueprint: Warning: [Compiler ABP_Climber] Cling_BS到JumpEnd  will never be taken, please connect something to  Can Enter Transition
[2019.06.13-17.21.48:073][  0]LogBlueprint: Warning: [Compiler ABP_Climber] [0140.65]ABP_Climber 编译成功，但出现了 1 个警告[1,226 毫秒内]（/Game/Clinging/Animations/Blueprints/ABP_Climber.ABP_Climber）
[2019.06.13-17.21.52:787][  0]LogLinker: Warning: Asset 'D:/Documents/DiplomaGame/ClimbDemo/Content/BaseMaterials/SeaShaders/Textures/T_SmallWaves_N.uasset' has been saved with empty engine version. The asset will be loaded but may be incompatible.
[2019.06.13-17.22.11:588][  0]LogAIModule: Creating AISystem for world LakeLevelNew
[2019.06.13-17.22.17:554][  0]LogScript: Warning: Script Msg: Attempted to access index 15 from array 'BIrdSBP' of length 15 in '/Game/Blueprints/Bird/InsectsBirdsFish/Blueprints/NewFolder/BP_Bird_Spline1.BP_Bird_Spline1_C'!
[2019.06.13-17.22.17:554][  0]LogScript: Warning: “无访问”正在尝试读取属性 CallFunc_Array_Get_Item
	BP_Bird_Spline1_C /Game/Terrain/4/LakeLevelNew.LakeLevelNew:PersistentLevel.BP_Bird_Spline1_34488
	Function /Game/Blueprints/Bird/InsectsBirdsFish/Blueprints/NewFolder/BP_Bird_Spline1.BP_Bird_Spline1_C:UpdateBird:027F
[2019.06.13-17.22.17:554][  0]LogScript: Warning: Script Msg: Attempted to access index 16 from array 'BIrdSBP' of length 15 in '/Game/Blueprints/Bird/InsectsBirdsFish/Blueprints/NewFolder/BP_Bird_Spline1.BP_Bird_Spline1_C'!
[2019.06.13-17.22.17:554][  0]LogScript: Warning: “无访问”正在尝试读取属性 CallFunc_Array_Get_Item
	BP_Bird_Spline1_C /Game/Terrain/4/LakeLevelNew.LakeLevelNew:PersistentLevel.BP_Bird_Spline1_34488
	Function /Game/Blueprints/Bird/InsectsBirdsFish/Blueprints/NewFolder/BP_Bird_Spline1.BP_Bird_Spline1_C:UpdateBird:027F
[2019.06.13-17.22.17:554][  0]LogScript: Warning: Script Msg: Attempted to access index 17 from array 'BIrdSBP' of length 15 in '/Game/Blueprints/Bird/InsectsBirdsFish/Blueprints/NewFolder/BP_Bird_Spline1.BP_Bird_Spline1_C'!
[2019.06.13-17.22.17:554][  0]LogScript: Warning: “无访问”正在尝试读取属性 CallFunc_Array_Get_Item
	BP_Bird_Spline1_C /Game/Terrain/4/LakeLevelNew.LakeLevelNew:PersistentLevel.BP_Bird_Spline1_34488
	Function /Game/Blueprints/Bird/InsectsBirdsFish/Blueprints/NewFolder/BP_Bird_Spline1.BP_Bird_Spline1_C:UpdateBird:027F
[2019.06.13-17.22.17:554][  0]LogScript: Warning: Script Msg: Attempted to access index 18 from array 'BIrdSBP' of length 15 in '/Game/Blueprints/Bird/InsectsBirdsFish/Blueprints/NewFolder/BP_Bird_Spline1.BP_Bird_Spline1_C'!
[2019.06.13-17.22.17:554][  0]LogScript: Warning: “无访问”正在尝试读取属性 CallFunc_Array_Get_Item
	BP_Bird_Spline1_C /Game/Terrain/4/LakeLevelNew.LakeLevelNew:PersistentLevel.BP_Bird_Spline1_34488
	Function /Game/Blueprints/Bird/InsectsBirdsFish/Blueprints/NewFolder/BP_Bird_Spline1.BP_Bird_Spline1_C:UpdateBird:027F
[2019.06.13-17.22.17:554][  0]LogScript: Warning: Script Msg: Attempted to access index 19 from array 'BIrdSBP' of length 15 in '/Game/Blueprints/Bird/InsectsBirdsFish/Blueprints/NewFolder/BP_Bird_Spline1.BP_Bird_Spline1_C'!
[2019.06.13-17.22.17:554][  0]LogScript: Warning: “无访问”正在尝试读取属性 CallFunc_Array_Get_Item
	BP_Bird_Spline1_C /Game/Terrain/4/LakeLevelNew.LakeLevelNew:PersistentLevel.BP_Bird_Spline1_34488
	Function /Game/Blueprints/Bird/InsectsBirdsFish/Blueprints/NewFolder/BP_Bird_Spline1.BP_Bird_Spline1_C:UpdateBird:027F
[2019.06.13-17.22.17:684][  0]LogEditorServer: Finished looking for orphan Actors (0.000 secs)
[2019.06.13-17.22.17:934][  0]Cmd: MAP CHECKDEP NOCLEARLOG
[2019.06.13-17.22.18:327][  0]MapCheck: 地图检测完成：0个错误，0 个警告，用时393.34毫秒完成。
[2019.06.13-17.22.18:327][  0]LogFileHelpers: Loading map 'LakeLevelNew' took 39.521
[2019.06.13-17.22.19:452][  0]LogSlate: Updating window title bar state: overlay mode, drag disabled, window buttons hidden, title bar hidden
[2019.06.13-17.22.19:461][  0]LogSlate: Updating window title bar state: overlay mode, drag disabled, window buttons hidden, title bar hidden
[2019.06.13-17.22.19:517][  0]LogCollectionManager: Loaded 0 collections in 0.002897 seconds
[2019.06.13-17.22.19:614][  0]LogFileCache: Scanning file cache for directory 'D:/Documents/DiplomaGame/ClimbDemo/Saved/Collections/' took 0.01s
[2019.06.13-17.22.19:614][  0]LogFileCache: Scanning file cache for directory 'D:/Documents/DiplomaGame/ClimbDemo/Content/Developers/14367/Collections/' took 0.01s
[2019.06.13-17.22.19:614][  0]LogFileCache: Scanning file cache for directory 'D:/Documents/DiplomaGame/ClimbDemo/Content/Collections/' took 0.01s
[2019.06.13-17.22.19:614][  0]LogCollectionManager: Rebuilt the GUID cache for 0 collections in 0.000000 seconds
[2019.06.13-17.22.19:625][  0]LogContentBrowser: Native class hierarchy populated in 0.0100 seconds. Added 2610 classes and 610 folders.
[2019.06.13-17.22.19:670][  0]LogContentBrowser: Native class hierarchy updated for 'WidgetCarousel' in 0.0003 seconds. Added 0 classes and 0 folders.
[2019.06.13-17.22.20:901][  0]LogContentBrowser: Native class hierarchy updated for 'AddContentDialog' in 0.0003 seconds. Added 0 classes and 0 folders.
[2019.06.13-17.22.20:938][  0]LogContentBrowser: Native class hierarchy updated for 'SceneOutliner' in 0.0003 seconds. Added 1 classes and 2 folders.
[2019.06.13-17.22.22:220][  0]LogContentBrowser: Native class hierarchy updated for 'HierarchicalLODOutliner' in 0.0003 seconds. Added 0 classes and 0 folders.
[2019.06.13-17.22.22:220][  0]LogLoad: (Engine Initialization) Total time: 174.79 seconds
[2019.06.13-17.22.22:220][  0]LogLoad: (Engine Initialization) Total Blueprint compile time: 0.00 seconds
[2019.06.13-17.22.22:398][  0]LogContentStreaming: Texture pool size now 1000 MB
[2019.06.13-17.22.22:440][  0]LogSlate: Took 0.014302 seconds to synchronously load lazily loaded font '../../../Engine/Content/Slate/Fonts/Roboto-Regular.ttf' (155K)
[2019.06.13-17.22.22:509][  0]LogSlate: Took 0.054954 seconds to synchronously load lazily loaded font '../../../Engine/Content/Slate/Fonts/DroidSansFallback.ttf' (3848K)
[2019.06.13-17.22.22:515][  0]LogSlate: Took 0.005676 seconds to synchronously load lazily loaded font '../../../Engine/Content/Slate/Fonts/Roboto-Bold.ttf' (160K)
[2019.06.13-17.22.22:530][  0]LogSlate: Took 0.012059 seconds to synchronously load lazily loaded font '../../../Engine/Content/Editor/Slate/Fonts/FontAwesome.ttf' (139K)
[2019.06.13-17.22.23:177][  0]LogRenderer: Reallocating scene render targets to support 328x240 Format 10 NumSamples 1 (Frame:1).
[2019.06.13-17.22.23:177][  0]LogSlate: Took 0.035643 seconds to synchronously load lazily loaded font '../../../Engine/Content/Slate/Fonts/Roboto-Light.ttf' (167K)
[2019.06.13-17.22.23:422][  1]LogRenderer: Reallocating scene render targets to support 652x476 Format 10 NumSamples 1 (Frame:1).
[2019.06.13-17.22.23:919][  2]LogScript: Warning: “无访问”正在尝试读取属性 CallFunc_TryGetPawnOwner_ReturnValue
	ABP_Little_C /Engine/Transient.World_1:PersistentLevel.SkeletalMeshActor_0.SkeletalMeshComponent0.ABP_Little_C_0
	Function /Game/AI/ABP_Little.ABP_Little_C:ExecuteUbergraph_ABP_Little:00A2
[2019.06.13-17.22.23:948][  2]LogSlate: Took 0.000381 seconds to synchronously load lazily loaded font '../../../Engine/Content/Slate/Fonts/Roboto-Light.ttf' (167K)
[2019.06.13-17.22.24:130][  4]LogAssetRegistry: Asset discovery search completed in 101.3973 seconds
[2019.06.13-17.22.24:133][  4]LogCollectionManager: Rebuilt the object cache for 0 collections in 0.000000 seconds (found 0 objects)
[2019.06.13-17.22.24:133][  4]LogCollectionManager: Fixed up redirectors for 0 collections in 0.000074 seconds (updated 0 objects)
[2019.06.13-17.22.30:987][ 35]LogSlate: FSceneViewport::OnFocusLost() reason 2
[2019.06.13-17.22.32:276][ 41]LogSlate: Window 'ClimbDemo - 虚幻编辑器' being destroyed
[2019.06.13-17.22.32:281][ 41]LogWindowsTextInputMethodSystem: Display: IME system now activated using TSF (中文(简体) - 2345王牌拼音输入法).
[2019.06.13-17.22.32:571][ 42]Cmd: QUIT_EDITOR
[2019.06.13-17.22.32:685][ 42]LogExit: Preparing to exit.
[2019.06.13-17.22.33:808][ 42]LogActorComponent: UnregisterComponent: (None.None:None.None.InstancedStaticMeshComponent_44) Not registered. Aborting.
[2019.06.13-17.22.33:808][ 42]LogActorComponent: UnregisterComponent: (None.None:None.None.InstancedStaticMeshComponent_57) Not registered. Aborting.
[2019.06.13-17.22.33:808][ 42]LogActorComponent: UnregisterComponent: (None.None:None.None.InstancedStaticMeshComponent_56) Not registered. Aborting.
[2019.06.13-17.22.33:808][ 42]LogActorComponent: UnregisterComponent: (None.None:None.None.InstancedStaticMeshComponent_55) Not registered. Aborting.
[2019.06.13-17.22.33:808][ 42]LogActorComponent: UnregisterComponent: (None.None:None.None.InstancedStaticMeshComponent_54) Not registered. Aborting.
[2019.06.13-17.22.33:808][ 42]LogActorComponent: UnregisterComponent: (None.None:None.None.InstancedStaticMeshComponent_53) Not registered. Aborting.
[2019.06.13-17.22.33:808][ 42]LogActorComponent: UnregisterComponent: (None.None:None.None.InstancedStaticMeshComponent_52) Not registered. Aborting.
[2019.06.13-17.22.33:809][ 42]LogActorComponent: UnregisterComponent: (None.None:None.None.InstancedStaticMeshComponent_51) Not registered. Aborting.
[2019.06.13-17.22.33:809][ 42]LogActorComponent: UnregisterComponent: (None.None:None.None.InstancedStaticMeshComponent_50) Not registered. Aborting.
[2019.06.13-17.22.33:809][ 42]LogActorComponent: UnregisterComponent: (None.None:None.None.InstancedStaticMeshComponent_49) Not registered. Aborting.
[2019.06.13-17.22.33:809][ 42]LogActorComponent: UnregisterComponent: (None.None:None.None.InstancedStaticMeshComponent_48) Not registered. Aborting.
[2019.06.13-17.22.33:809][ 42]LogActorComponent: UnregisterComponent: (None.None:None.None.InstancedStaticMeshComponent_47) Not registered. Aborting.
[2019.06.13-17.22.33:809][ 42]LogActorComponent: UnregisterComponent: (None.None:None.None.InstancedStaticMeshComponent_46) Not registered. Aborting.
[2019.06.13-17.22.33:809][ 42]LogActorComponent: UnregisterComponent: (None.None:None.None.InstancedStaticMeshComponent_45) Not registered. Aborting.
[2019.06.13-17.22.33:809][ 42]LogActorComponent: UnregisterComponent: (None.None:None.None.InstancedStaticMeshComponent_43) Not registered. Aborting.
[2019.06.13-17.22.33:809][ 42]LogActorComponent: UnregisterComponent: (None.None:None.None.InstancedStaticMeshComponent_29) Not registered. Aborting.
[2019.06.13-17.22.33:809][ 42]LogActorComponent: UnregisterComponent: (None.None:None.None.InstancedStaticMeshComponent_42) Not registered. Aborting.
[2019.06.13-17.22.33:809][ 42]LogActorComponent: UnregisterComponent: (None.None:None.None.InstancedStaticMeshComponent_41) Not registered. Aborting.
[2019.06.13-17.22.33:809][ 42]LogActorComponent: UnregisterComponent: (None.None:None.None.InstancedStaticMeshComponent_40) Not registered. Aborting.
[2019.06.13-17.22.33:809][ 42]LogActorComponent: UnregisterComponent: (None.None:None.None.InstancedStaticMeshComponent_39) Not registered. Aborting.
[2019.06.13-17.22.33:809][ 42]LogActorComponent: UnregisterComponent: (None.None:None.None.InstancedStaticMeshComponent_38) Not registered. Aborting.
[2019.06.13-17.22.33:809][ 42]LogActorComponent: UnregisterComponent: (None.None:None.None.InstancedStaticMeshComponent_37) Not registered. Aborting.
[2019.06.13-17.22.33:809][ 42]LogActorComponent: UnregisterComponent: (None.None:None.None.InstancedStaticMeshComponent_36) Not registered. Aborting.
[2019.06.13-17.22.33:809][ 42]LogActorComponent: UnregisterComponent: (None.None:None.None.InstancedStaticMeshComponent_35) Not registered. Aborting.
[2019.06.13-17.22.33:809][ 42]LogActorComponent: UnregisterComponent: (None.None:None.None.InstancedStaticMeshComponent_34) Not registered. Aborting.
[2019.06.13-17.22.33:809][ 42]LogActorComponent: UnregisterComponent: (None.None:None.None.InstancedStaticMeshComponent_33) Not registered. Aborting.
[2019.06.13-17.22.33:809][ 42]LogActorComponent: UnregisterComponent: (None.None:None.None.InstancedStaticMeshComponent_32) Not registered. Aborting.
[2019.06.13-17.22.33:809][ 42]LogActorComponent: UnregisterComponent: (None.None:None.None.InstancedStaticMeshComponent_31) Not registered. Aborting.
[2019.06.13-17.22.33:809][ 42]LogActorComponent: UnregisterComponent: (None.None:None.None.InstancedStaticMeshComponent_30) Not registered. Aborting.
[2019.06.13-17.22.33:879][ 42]LogExit: Editor shut down
[2019.06.13-17.22.33:880][ 42]LogExit: Transaction tracking system shut down
[2019.06.13-17.22.35:265][ 42]LogExit: Object subsystem successfully closed.
[2019.06.13-17.22.35:320][ 42]LogShaderCompilers: Display: Shaders left to compile 0
[2019.06.13-17.22.35:327][ 42]LogD3D11RHI: Shutdown
[2019.06.13-17.22.35:327][ 42]LogD3D11RHI: CleanupD3DDevice
[2019.06.13-17.22.35:333][ 42]LogD3D11RHI: ~FD3D11DynamicRHI
[2019.06.13-17.22.35:698][ 42]LogModuleManager: Shutting down and abandoning module HierarchicalLODOutliner (614)
[2019.06.13-17.22.35:698][ 42]LogModuleManager: Shutting down and abandoning module SceneOutliner (612)
[2019.06.13-17.22.35:698][ 42]LogModuleManager: Shutting down and abandoning module AddContentDialog (610)
[2019.06.13-17.22.35:699][ 42]LogModuleManager: Shutting down and abandoning module WidgetCarousel (609)
[2019.06.13-17.22.35:699][ 42]LogModuleManager: Shutting down and abandoning module EditorWidgets (606)
[2019.06.13-17.22.35:699][ 42]LogModuleManager: Shutting down and abandoning module CollectionManager (604)
[2019.06.13-17.22.35:699][ 42]LogModuleManager: Shutting down and abandoning module StatsViewer (602)
[2019.06.13-17.22.35:699][ 42]LogModuleManager: Shutting down and abandoning module FoliageEdit (600)
[2019.06.13-17.22.35:699][ 42]LogModuleManager: Shutting down and abandoning module LandscapeEditor (598)
[2019.06.13-17.22.35:713][ 42]LogModuleManager: Shutting down and abandoning module MeshPaintMode (596)
[2019.06.13-17.22.35:713][ 42]LogModuleManager: Shutting down and abandoning module SceneDepthPickerMode (594)
[2019.06.13-17.22.35:713][ 42]LogModuleManager: Shutting down and abandoning module ActorPickerMode (592)
[2019.06.13-17.22.35:713][ 42]LogModuleManager: Shutting down and abandoning module GeometryMode (590)
[2019.06.13-17.22.35:713][ 42]LogModuleManager: Shutting down and abandoning module TextureAlignMode (588)
[2019.06.13-17.22.35:713][ 42]LogModuleManager: Shutting down and abandoning module BspMode (586)
[2019.06.13-17.22.35:713][ 42]LogModuleManager: Shutting down and abandoning module PIEPreviewDeviceProfileSelector (584)
[2019.06.13-17.22.35:713][ 42]LogModuleManager: Shutting down and abandoning module SequenceRecorderSections (582)
[2019.06.13-17.22.35:713][ 42]LogModuleManager: Shutting down and abandoning module AutomationWorker (580)
[2019.06.13-17.22.35:713][ 42]LogModuleManager: Shutting down and abandoning module HoudiniEngineEditor (578)
[2019.06.13-17.22.35:714][ 42]LogHoudiniEngineEditor: Shutting down the Houdini Engine Editor module.
[2019.06.13-17.22.35:714][ 42]LogHoudiniEngineEditor: Houdini Engine Editor module shutdown complete.
[2019.06.13-17.22.35:714][ 42]LogModuleManager: Shutting down and abandoning module AudioCaptureEditor (576)
[2019.06.13-17.22.35:714][ 42]LogModuleManager: Shutting down and abandoning module SequenceRecorder (575)
[2019.06.13-17.22.35:714][ 42]LogModuleManager: Shutting down and abandoning module MatineeToLevelSequence (572)
[2019.06.13-17.22.35:714][ 42]LogModuleManager: Shutting down and abandoning module LevelSequenceEditor (570)
[2019.06.13-17.22.35:725][ 42]LogModuleManager: Shutting down and abandoning module PlacementMode (569)
[2019.06.13-17.22.35:725][ 42]LogModuleManager: Shutting down and abandoning module MaterialEditor (568)
[2019.06.13-17.22.35:743][ 42]LogModuleManager: Shutting down and abandoning module WmfMediaFactory (564)
[2019.06.13-17.22.35:743][ 42]LogModuleManager: Shutting down and abandoning module WmfMediaEditor (562)
[2019.06.13-17.22.35:743][ 42]LogModuleManager: Shutting down and abandoning module MediaPlayerEditor (560)
[2019.06.13-17.22.35:743][ 42]LogModuleManager: Shutting down and abandoning module OpenExrWrapper (558)
[2019.06.13-17.22.35:743][ 42]LogModuleManager: Shutting down and abandoning module ImgMediaFactory (556)
[2019.06.13-17.22.35:743][ 42]LogModuleManager: Shutting down and abandoning module ImgMediaEditor (554)
[2019.06.13-17.22.35:743][ 42]LogModuleManager: Shutting down and abandoning module AvfMediaFactory (552)
[2019.06.13-17.22.35:743][ 42]LogModuleManager: Shutting down and abandoning module AvfMediaEditor (550)
[2019.06.13-17.22.35:743][ 42]LogModuleManager: Shutting down and abandoning module AndroidMediaFactory (548)
[2019.06.13-17.22.35:743][ 42]LogModuleManager: Shutting down and abandoning module AndroidMediaEditor (546)
[2019.06.13-17.22.35:743][ 42]LogModuleManager: Shutting down and abandoning module MagicLeapCameraPreviewFactory (544)
[2019.06.13-17.22.35:743][ 42]LogModuleManager: Shutting down and abandoning module MagicLeapMediaFactory (542)
[2019.06.13-17.22.35:743][ 42]LogModuleManager: Shutting down and abandoning module MagicLeapMediaEditor (540)
[2019.06.13-17.22.35:743][ 42]LogModuleManager: Shutting down and abandoning module CharacterAI (538)
[2019.06.13-17.22.35:743][ 42]LogModuleManager: Shutting down and abandoning module SmartSnapping (536)
[2019.06.13-17.22.35:743][ 42]LogModuleManager: Shutting down and abandoning module SessionServices (534)
[2019.06.13-17.22.35:743][ 42]LogModuleManager: Shutting down and abandoning module ViewportSnapping (532)
[2019.06.13-17.22.35:743][ 42]LogModuleManager: Shutting down and abandoning module ViewportInteraction (530)
[2019.06.13-17.22.35:752][ 42]LogModuleManager: Shutting down and abandoning module ClothPainter (528)
[2019.06.13-17.22.35:752][ 42]LogModuleManager: Shutting down and abandoning module SkeletalMeshEditor (527)
[2019.06.13-17.22.35:769][ 42]LogModuleManager: Shutting down and abandoning module LogVisualizer (524)
[2019.06.13-17.22.35:778][ 42]LogModuleManager: Shutting down and abandoning module IntroTutorials (522)
[2019.06.13-17.22.35:779][ 42]LogModuleManager: Shutting down and abandoning module GameProjectGeneration (521)
[2019.06.13-17.22.35:786][ 42]LogModuleManager: Shutting down and abandoning module LuminPlatformEditor (518)
[2019.06.13-17.22.35:786][ 42]LogModuleManager: Shutting down and abandoning module IOSPlatformEditor (516)
[2019.06.13-17.22.35:786][ 42]LogModuleManager: Shutting down and abandoning module HTML5PlatformEditor (514)
[2019.06.13-17.22.35:786][ 42]LogModuleManager: Shutting down and abandoning module AndroidPlatformEditor (512)
[2019.06.13-17.22.35:786][ 42]LogModuleManager: Shutting down and abandoning module AndroidDeviceDetection (511)
[2019.06.13-17.22.36:246][ 42]LogModuleManager: Shutting down and abandoning module WindowsPlatformEditor (508)
[2019.06.13-17.22.36:246][ 42]LogModuleManager: Shutting down and abandoning module LuminRuntimeSettings (506)
[2019.06.13-17.22.36:246][ 42]LogModuleManager: Shutting down and abandoning module IOSRuntimeSettings (504)
[2019.06.13-17.22.36:246][ 42]LogModuleManager: Shutting down and abandoning module AndroidRuntimeSettings (502)
[2019.06.13-17.22.36:246][ 42]LogModuleManager: Shutting down and abandoning module InputBindingEditor (500)
[2019.06.13-17.22.36:261][ 42]LogModuleManager: Shutting down and abandoning module MergeActors (498)
[2019.06.13-17.22.36:261][ 42]LogModuleManager: Shutting down and abandoning module LocalizationDashboard (496)
[2019.06.13-17.22.36:270][ 42]LogModuleManager: Shutting down and abandoning module LocalizationService (495)
[2019.06.13-17.22.36:270][ 42]LogModuleManager: Shutting down and abandoning module HardwareTargeting (492)
[2019.06.13-17.22.36:270][ 42]LogModuleManager: Shutting down and abandoning module DeviceProfileEditor (490)
[2019.06.13-17.22.36:270][ 42]LogModuleManager: Shutting down and abandoning module UndoHistory (488)
[2019.06.13-17.22.36:270][ 42]LogModuleManager: Shutting down and abandoning module XmlParser (486)
[2019.06.13-17.22.36:270][ 42]LogModuleManager: Shutting down and abandoning module Blutility (484)
[2019.06.13-17.22.36:270][ 42]LogModuleManager: Shutting down and abandoning module ProjectSettingsViewer (482)
[2019.06.13-17.22.36:270][ 42]LogModuleManager: Shutting down and abandoning module ProjectTargetPlatformEditor (481)
[2019.06.13-17.22.36:271][ 42]LogModuleManager: Shutting down and abandoning module EditorSettingsViewer (478)
[2019.06.13-17.22.36:271][ 42]LogModuleManager: Shutting down and abandoning module SettingsEditor (476)
[2019.06.13-17.22.36:271][ 42]LogModuleManager: Shutting down and abandoning module ProjectLauncher (474)
[2019.06.13-17.22.36:285][ 42]LogModuleManager: Shutting down and abandoning module SessionFrontend (472)
[2019.06.13-17.22.36:285][ 42]LogModuleManager: Shutting down and abandoning module ProfilerClient (470)
[2019.06.13-17.22.36:293][ 42]LogModuleManager: Shutting down and abandoning module DeviceManager (468)
[2019.06.13-17.22.36:293][ 42]LogModuleManager: Shutting down and abandoning module TargetDeviceServices (467)
[2019.06.13-17.22.36:348][ 42]LogModuleManager: Shutting down and abandoning module AutomationController (464)
[2019.06.13-17.22.36:348][ 42]LogModuleManager: Shutting down and abandoning module AutomationWindow (462)
[2019.06.13-17.22.36:352][ 42]LogModuleManager: Shutting down and abandoning module Layers (460)
[2019.06.13-17.22.36:370][ 42]LogModuleManager: Shutting down and abandoning module ComponentVisualizers (458)
[2019.06.13-17.22.36:370][ 42]LogModuleManager: Shutting down and abandoning module DetailCustomizations (456)
[2019.06.13-17.22.36:370][ 42]LogModuleManager: Shutting down and abandoning module PackagesDialog (454)
[2019.06.13-17.22.36:373][ 42]LogModuleManager: Shutting down and abandoning module Persona (452)
[2019.06.13-17.22.36:390][ 42]LogModuleManager: Shutting down and abandoning module AdvancedPreviewScene (451)
[2019.06.13-17.22.36:390][ 42]LogModuleManager: Shutting down and abandoning module AnimGraph (449)
[2019.06.13-17.22.36:390][ 42]LogModuleManager: Shutting down and abandoning module Kismet (446)
[2019.06.13-17.22.36:393][ 42]LogModuleManager: Shutting down and abandoning module GraphEditor (444)
[2019.06.13-17.22.36:417][ 42]LogModuleManager: Shutting down and abandoning module ClassViewer (442)
[2019.06.13-17.22.36:417][ 42]LogModuleManager: Shutting down and abandoning module Toolbox (440)
[2019.06.13-17.22.36:417][ 42]LogModuleManager: Shutting down and abandoning module ModuleUI (438)
[2019.06.13-17.22.36:422][ 42]LogModuleManager: Shutting down and abandoning module MovieSceneTools (436)
[2019.06.13-17.22.36:423][ 42]LogModuleManager: Shutting down and abandoning module OutputLog (434)
[2019.06.13-17.22.36:423][ 42]LogModuleManager: Shutting down and abandoning module GammaUI (432)
[2019.06.13-17.22.36:431][ 42]LogModuleManager: Shutting down and abandoning module Documentation (430)
[2019.06.13-17.22.36:431][ 42]LogModuleManager: Shutting down and abandoning module MovieSceneTracks (428)
[2019.06.13-17.22.36:431][ 42]LogModuleManager: Shutting down and abandoning module MovieScene (426)
[2019.06.13-17.22.36:431][ 42]LogModuleManager: Shutting down and abandoning module StreamingPauseRendering (424)
[2019.06.13-17.22.36:431][ 42]LogModuleManager: Shutting down and abandoning module LauncherPlatform (422)
[2019.06.13-17.22.36:431][ 42]LogModuleManager: Shutting down and abandoning module AnalyticsET (420)
[2019.06.13-17.22.36:431][ 42]LogModuleManager: Shutting down and abandoning module PortalServices (418)
[2019.06.13-17.22.36:431][ 42]LogModuleManager: Shutting down and abandoning module PortalRpc (416)
[2019.06.13-17.22.36:431][ 42]LogModuleManager: Shutting down and abandoning module MessagingRpc (414)
[2019.06.13-17.22.36:431][ 42]LogModuleManager: Shutting down and abandoning module AIModule (412)
[2019.06.13-17.22.36:431][ 42]LogModuleManager: Shutting down and abandoning module GameplayDebugger (411)
[2019.06.13-17.22.36:431][ 42]LogModuleManager: Shutting down and abandoning module AITestSuite (409)
[2019.06.13-17.22.36:431][ 42]LogModuleManager: Shutting down and abandoning module NavigationSystem (407)
[2019.06.13-17.22.36:431][ 42]LogModuleManager: Shutting down and abandoning module DesktopPlatform (404)
[2019.06.13-17.22.36:431][ 42]LogModuleManager: Shutting down and abandoning module ProfilerService (402)
[2019.06.13-17.22.36:638][ 42]LogModuleManager: Shutting down and abandoning module TaskGraph (400)
[2019.06.13-17.22.36:638][ 42]LogModuleManager: Shutting down and abandoning module SteamVRController (398)
[2019.06.13-17.22.36:638][ 42]LogModuleManager: Shutting down and abandoning module ProceduralMeshComponentEditor (396)
[2019.06.13-17.22.36:638][ 42]LogModuleManager: Shutting down and abandoning module ProceduralMeshComponent (394)
[2019.06.13-17.22.36:638][ 42]LogModuleManager: Shutting down and abandoning module OculusInput (392)
[2019.06.13-17.22.36:638][ 42]LogModuleManager: Shutting down and abandoning module MobilePatchingUtils (390)
[2019.06.13-17.22.36:638][ 42]LogModuleManager: Shutting down and abandoning module HoudiniEngineRuntime (388)
[2019.06.13-17.22.36:638][ 42]LogHoudiniEngine: Shutting down the Houdini Engine module.
[2019.06.13-17.22.36:639][ 42]LogModuleManager: Shutting down and abandoning module EditableMesh (386)
[2019.06.13-17.22.36:639][ 42]LogModuleManager: Shutting down and abandoning module CustomMeshComponent (384)
[2019.06.13-17.22.36:639][ 42]LogModuleManager: Shutting down and abandoning module CableComponent (382)
[2019.06.13-17.22.36:639][ 42]LogModuleManager: Shutting down and abandoning module AudioCapture (380)
[2019.06.13-17.22.36:639][ 42]LogModuleManager: Shutting down and abandoning module ArchVisCharacter (378)
[2019.06.13-17.22.36:639][ 42]LogModuleManager: Shutting down and abandoning module AndroidPermission (376)
[2019.06.13-17.22.36:639][ 42]LogModuleManager: Shutting down and abandoning module NUTUnrealEngine4 (374)
[2019.06.13-17.22.36:639][ 42]LogModuleManager: Shutting down and abandoning module NetcodeUnitTest (372)
[2019.06.13-17.22.36:651][ 42]LogModuleManager: Shutting down and abandoning module MediaCompositingEditor (370)
[2019.06.13-17.22.36:652][ 42]LogModuleManager: Shutting down and abandoning module MediaCompositing (368)
[2019.06.13-17.22.36:652][ 42]LogModuleManager: Shutting down and abandoning module LinearTimecode (366)
[2019.06.13-17.22.36:652][ 42]LogModuleManager: Shutting down and abandoning module ImgMedia (364)
[2019.06.13-17.22.36:664][ 42]LogModuleManager: Shutting down and abandoning module HTML5Networking (362)
[2019.06.13-17.22.36:664][ 42]LogModuleManager: Shutting down and abandoning module GeometryCacheTracks (360)
[2019.06.13-17.22.36:664][ 42]LogModuleManager: Shutting down and abandoning module GeometryCacheSequencer (358)
[2019.06.13-17.22.36:664][ 42]LogModuleManager: Shutting down and abandoning module BackChannel (356)
[2019.06.13-17.22.36:676][ 42]LogModuleManager: Shutting down and abandoning module AppleVision (354)
[2019.06.13-17.22.36:676][ 42]LogModuleManager: Shutting down and abandoning module AppleImageUtils (352)
[2019.06.13-17.22.36:676][ 42]LogModuleManager: Shutting down and abandoning module AlembicImporter (350)
[2019.06.13-17.22.36:676][ 42]LogModuleManager: Shutting down and abandoning module AlembicLibrary (349)
[2019.06.13-17.22.36:676][ 42]LogModuleManager: Shutting down and abandoning module GeometryCache (348)
[2019.06.13-17.22.36:676][ 42]LogModuleManager: Shutting down and abandoning module GeometryCacheEd (347)
[2019.06.13-17.22.36:676][ 42]LogModuleManager: Shutting down and abandoning module DatasmithContentEditor (342)
[2019.06.13-17.22.36:676][ 42]LogModuleManager: Shutting down and abandoning module DatasmithContent (340)
[2019.06.13-17.22.36:677][ 42]LogModuleManager: Shutting down and abandoning module SpeedTreeImporter (338)
[2019.06.13-17.22.36:677][ 42]LogModuleManager: Shutting down and abandoning module PluginBrowser (336)
[2019.06.13-17.22.36:695][ 42]LogModuleManager: Shutting down and abandoning module MobileLauncherProfileWizard (334)
[2019.06.13-17.22.36:700][ 42]LogModuleManager: Shutting down and abandoning module PolygonModeling (332)
[2019.06.13-17.22.36:700][ 42]LogModuleManager: Shutting down and abandoning module MeshEditor (330)
[2019.06.13-17.22.36:700][ 42]LogModuleManager: Shutting down and abandoning module CryptoKeysOpenSSL (328)
[2019.06.13-17.22.36:700][ 42]LogModuleManager: Shutting down and abandoning module CryptoKeys (326)
[2019.06.13-17.22.36:700][ 42]LogModuleManager: Shutting down and abandoning module VisualStudioSourceCodeAccess (324)
[2019.06.13-17.22.36:700][ 42]LogModuleManager: Shutting down and abandoning module VisualStudioCodeSourceCodeAccess (322)
[2019.06.13-17.22.36:700][ 42]LogModuleManager: Shutting down and abandoning module UObjectPlugin (320)
[2019.06.13-17.22.36:700][ 42]LogModuleManager: Shutting down and abandoning module SubversionSourceControl (318)
[2019.06.13-17.22.36:700][ 42]LogModuleManager: Shutting down and abandoning module PerforceSourceControl (316)
[2019.06.13-17.22.36:723][ 42]LogModuleManager: Shutting down and abandoning module GitSourceControl (314)
[2019.06.13-17.22.36:723][ 42]LogModuleManager: Shutting down and abandoning module SourceControl (313)
[2019.06.13-17.22.36:723][ 42]LogModuleManager: Shutting down and abandoning module CLionSourceCodeAccess (310)
[2019.06.13-17.22.36:723][ 42]LogModuleManager: Shutting down and abandoning module LightPropagationVolumeEditor (308)
[2019.06.13-17.22.36:723][ 42]LogModuleManager: Shutting down and abandoning module PaperTiledImporter (306)
[2019.06.13-17.22.36:723][ 42]LogModuleManager: Shutting down and abandoning module PaperSpriteSheetImporter (304)
[2019.06.13-17.22.36:723][ 42]LogModuleManager: Shutting down and abandoning module Paper2DEditor (302)
[2019.06.13-17.22.36:733][ 42]LogModuleManager: Shutting down and abandoning module MeshPaint (301)
[2019.06.13-17.22.36:733][ 42]LogModuleManager: Shutting down and abandoning module RuntimePhysXCooking (298)
[2019.06.13-17.22.36:733][ 42]LogModuleManager: Shutting down and abandoning module PhysXVehiclesEditor (296)
[2019.06.13-17.22.36:733][ 42]LogModuleManager: Shutting down and abandoning module PhysXVehicles (294)
[2019.06.13-17.22.36:733][ 42]LogModuleManager: Shutting down and abandoning module OculusEditor (292)
[2019.06.13-17.22.36:733][ 42]LogModuleManager: Shutting down and abandoning module LocationServicesBPLibrary (290)
[2019.06.13-17.22.36:733][ 42]LogModuleManager: Shutting down and abandoning module ImmediatePhysicsEditor (288)
[2019.06.13-17.22.36:733][ 42]LogModuleManager: Shutting down and abandoning module ImmediatePhysics (286)
[2019.06.13-17.22.36:733][ 42]LogModuleManager: Shutting down and abandoning module ActorSequence (284)
[2019.06.13-17.22.36:733][ 42]LogModuleManager: Shutting down and abandoning module UdpMessaging (282)
[2019.06.13-17.22.36:834][ 42]LogModuleManager: Shutting down and abandoning module TcpMessaging (280)
[2019.06.13-17.22.36:935][ 42]LogModuleManager: Shutting down and abandoning module MagicLeapAudio (278)
[2019.06.13-17.22.36:935][ 42]LogModuleManager: Shutting down and abandoning module GameplayTagsEditor (276)
[2019.06.13-17.22.36:946][ 42]LogModuleManager: Shutting down and abandoning module FacialAnimationEditor (274)
[2019.06.13-17.22.36:946][ 42]LogModuleManager: Shutting down and abandoning module FacialAnimation (272)
[2019.06.13-17.22.36:946][ 42]LogModuleManager: Shutting down and abandoning module DataValidation (270)
[2019.06.13-17.22.36:946][ 42]LogModuleManager: Shutting down and abandoning module AssetManagerEditor (268)
[2019.06.13-17.22.36:969][ 42]LogModuleManager: Shutting down and abandoning module LevelEditor (267)
[2019.06.13-17.22.36:973][ 42]LogModuleManager: Shutting down and abandoning module PixelInspectorModule (266)
[2019.06.13-17.22.36:973][ 42]LogModuleManager: Shutting down and abandoning module CommonMenuExtensions (264)
[2019.06.13-17.22.36:973][ 42]LogModuleManager: Shutting down and abandoning module MainFrame (262)
[2019.06.13-17.22.36:973][ 42]LogModuleManager: Shutting down and abandoning module HotReload (261)
[2019.06.13-17.22.36:974][ 42]LogModuleManager: Shutting down and abandoning module ContentBrowser (257)
[2019.06.13-17.22.36:975][ 42]LogModuleManager: Shutting down and abandoning module TreeMap (255)
[2019.06.13-17.22.36:975][ 42]LogModuleManager: Shutting down and abandoning module LightPropagationVolumeRuntime (252)
[2019.06.13-17.22.36:975][ 42]LogModuleManager: Shutting down and abandoning module AISupportModule (250)
[2019.06.13-17.22.36:975][ 42]LogModuleManager: Shutting down and abandoning module Paper2D (248)
[2019.06.13-17.22.36:975][ 42]LogModuleManager: Shutting down and abandoning module WindowsMoviePlayer (246)
[2019.06.13-17.22.36:975][ 42]LogModuleManager: Shutting down and abandoning module WmfMedia (244)
[2019.06.13-17.22.36:984][ 42]LogModuleManager: Shutting down and abandoning module Media (243)
[2019.06.13-17.22.36:991][ 42]LogModuleManager: Shutting down and abandoning module PacketHandler (240)
[2019.06.13-17.22.36:991][ 42]LogModuleManager: Shutting down and abandoning module ClothingSystemEditor (238)
[2019.06.13-17.22.36:991][ 42]LogModuleManager: Shutting down and abandoning module ClothingSystemRuntime (236)
[2019.06.13-17.22.36:991][ 42]LogModuleManager: Shutting down and abandoning module MediaAssets (234)
[2019.06.13-17.22.36:991][ 42]LogModuleManager: Shutting down and abandoning module Overlay (232)
[2019.06.13-17.22.36:991][ 42]LogModuleManager: Shutting down and abandoning module OverlayEditor (231)
[2019.06.13-17.22.36:991][ 42]LogModuleManager: Shutting down and abandoning module VREditor (228)
[2019.06.13-17.22.36:998][ 42]LogModuleManager: Shutting down and abandoning module StringTableEditor (226)
[2019.06.13-17.22.37:010][ 42]LogModuleManager: Shutting down and abandoning module GameplayTasksEditor (224)
[2019.06.13-17.22.37:010][ 42]LogModuleManager: Shutting down and abandoning module BehaviorTreeEditor (222)
[2019.06.13-17.22.37:028][ 42]LogModuleManager: Shutting down and abandoning module FunctionalTesting (220)
[2019.06.13-17.22.37:028][ 42]LogModuleManager: Shutting down and abandoning module CollisionAnalyzer (218)
[2019.06.13-17.22.37:028][ 42]LogModuleManager: Shutting down and abandoning module WorkspaceMenuStructure (217)
[2019.06.13-17.22.37:028][ 42]LogModuleManager: Shutting down and abandoning module UMG (214)
[2019.06.13-17.22.37:028][ 42]LogModuleManager: Shutting down and abandoning module UMGEditor (213)
[2019.06.13-17.22.37:040][ 42]LogModuleManager: Shutting down and abandoning module Sequencer (212)
[2019.06.13-17.22.37:067][ 42]LogModuleManager: Shutting down and abandoning module MessageLog (209)
[2019.06.13-17.22.37:067][ 42]LogModuleManager: Shutting down and abandoning module SlateReflector (204)
[2019.06.13-17.22.37:083][ 42]LogModuleManager: Shutting down and abandoning module Slate (202)
[2019.06.13-17.22.37:083][ 42]LogModuleManager: Shutting down and abandoning module EditorStyle (200)
[2019.06.13-17.22.37:084][ 42]LogModuleManager: Shutting down and abandoning module MRMesh (198)
[2019.06.13-17.22.37:084][ 42]LogModuleManager: Shutting down and abandoning module SourceCodeAccess (196)
[2019.06.13-17.22.37:084][ 42]LogModuleManager: Shutting down and abandoning module HeadMountedDisplay (194)
[2019.06.13-17.22.37:085][ 42]LogModuleManager: Shutting down and abandoning module XAudio2 (192)
[2019.06.13-17.22.37:085][ 42]LogModuleManager: Shutting down and abandoning module Networking (190)
[2019.06.13-17.22.37:085][ 42]LogModuleManager: Shutting down and abandoning module Core (188)
[2019.06.13-17.22.37:085][ 42]LogModuleManager: Shutting down and abandoning module LevelSequence (186)
[2019.06.13-17.22.37:085][ 42]LogModuleManager: Shutting down and abandoning module KismetCompiler (184)
[2019.06.13-17.22.37:085][ 42]LogModuleManager: Shutting down and abandoning module MeshUtilities (182)
[2019.06.13-17.22.37:085][ 42]LogModuleManager: Shutting down and abandoning module MeshMergeUtilities (181)
[2019.06.13-17.22.37:085][ 42]LogModuleManager: Shutting down and abandoning module MeshReductionInterface (180)
[2019.06.13-17.22.37:085][ 42]LogModuleManager: Shutting down and abandoning module SimplygonSwarm (179)
[2019.06.13-17.22.37:106][ 42]LogModuleManager: Shutting down and abandoning module ProxyLODMeshReduction (177)
[2019.06.13-17.22.37:145][ 42]LogModuleManager: Shutting down and abandoning module SimplygonMeshReduction (175)
[2019.06.13-17.22.37:145][ 42]LogModuleManager: Shutting down and abandoning module QuadricMeshReduction (173)
[2019.06.13-17.22.37:158][ 42]LogModuleManager: Shutting down and abandoning module MaterialBaking (169)
[2019.06.13-17.22.37:163][ 42]LogModuleManager: Shutting down and abandoning module DirectoryWatcher (165)
[2019.06.13-17.22.37:163][ 42]LogModuleManager: Shutting down and abandoning module DerivedDataCache (162)
[2019.06.13-17.22.37:234][ 42]LogDerivedDataCache: Shutdown
[2019.06.13-17.22.37:234][ 42]LogModuleManager: Shutting down and abandoning module XGEController (160)
[2019.06.13-17.22.37:234][ 42]LogXGEController: Cleaning working directory: C:/Users/14367/AppData/Local/Temp/UnrealXGEWorkingDir/
[2019.06.13-17.22.37:235][ 42]LogModuleManager: Shutting down and abandoning module TargetPlatform (158)
[2019.06.13-17.22.37:235][ 42]LogModuleManager: Shutting down and abandoning module VulkanShaderFormat (157)
[2019.06.13-17.22.37:235][ 42]LogModuleManager: Shutting down and abandoning module ShaderFormatVectorVM (155)
[2019.06.13-17.22.37:235][ 42]LogModuleManager: Shutting down and abandoning module ShaderFormatOpenGL (153)
[2019.06.13-17.22.37:243][ 42]LogModuleManager: Shutting down and abandoning module ShaderFormatD3D (151)
[2019.06.13-17.22.37:243][ 42]LogModuleManager: Shutting down and abandoning module MetalShaderFormat (149)
[2019.06.13-17.22.37:256][ 42]LogModuleManager: Shutting down and abandoning module TextureFormatUncompressed (147)
[2019.06.13-17.22.37:256][ 42]LogModuleManager: Shutting down and abandoning module TextureFormatPVR (145)
[2019.06.13-17.22.37:256][ 42]LogModuleManager: Shutting down and abandoning module TextureFormatDXT (143)
[2019.06.13-17.22.37:256][ 42]LogModuleManager: Shutting down and abandoning module TextureFormatIntelISPCTexComp (141)
[2019.06.13-17.22.37:257][ 42]LogModuleManager: Shutting down and abandoning module TextureFormatASTC (139)
[2019.06.13-17.22.37:257][ 42]LogModuleManager: Shutting down and abandoning module ImageWrapper (138)
[2019.06.13-17.22.37:257][ 42]LogModuleManager: Shutting down and abandoning module TextureFormatAndroid (135)
[2019.06.13-17.22.37:257][ 42]LogModuleManager: Shutting down and abandoning module AudioFormatOpus (133)
[2019.06.13-17.22.37:257][ 42]LogModuleManager: Shutting down and abandoning module AudioFormatOgg (131)
[2019.06.13-17.22.37:257][ 42]LogModuleManager: Shutting down and abandoning module AudioFormatADPCM (129)
[2019.06.13-17.22.37:257][ 42]LogModuleManager: Shutting down and abandoning module LuminTargetPlatform (127)
[2019.06.13-17.22.37:257][ 42]LogModuleManager: Shutting down and abandoning module LinuxTargetPlatform (125)
[2019.06.13-17.22.37:257][ 42]LogModuleManager: Shutting down and abandoning module LinuxServerTargetPlatform (123)
[2019.06.13-17.22.37:257][ 42]LogModuleManager: Shutting down and abandoning module LinuxNoEditorTargetPlatform (121)
[2019.06.13-17.22.37:257][ 42]LogModuleManager: Shutting down and abandoning module LinuxClientTargetPlatform (119)
[2019.06.13-17.22.37:257][ 42]LogModuleManager: Shutting down and abandoning module TVOSTargetPlatform (117)
[2019.06.13-17.22.37:258][ 42]LogModuleManager: Shutting down and abandoning module Messaging (115)
[2019.06.13-17.22.37:258][ 42]LogModuleManager: Shutting down and abandoning module IOSTargetPlatform (113)
[2019.06.13-17.22.37:259][ 42]LogModuleManager: Shutting down and abandoning module HTML5TargetPlatform (111)
[2019.06.13-17.22.37:259][ 42]LogModuleManager: Shutting down and abandoning module AndroidTargetPlatform (109)
[2019.06.13-17.22.37:265][ 42]LogModuleManager: Shutting down and abandoning module WindowsTargetPlatform (107)
[2019.06.13-17.22.37:265][ 42]LogModuleManager: Shutting down and abandoning module WindowsServerTargetPlatform (105)
[2019.06.13-17.22.37:265][ 42]LogModuleManager: Shutting down and abandoning module WindowsNoEditorTargetPlatform (103)
[2019.06.13-17.22.37:265][ 42]LogModuleManager: Shutting down and abandoning module WindowsClientTargetPlatform (101)
[2019.06.13-17.22.37:265][ 42]LogModuleManager: Shutting down and abandoning module MacTargetPlatform (99)
[2019.06.13-17.22.37:265][ 42]LogModuleManager: Shutting down and abandoning module MacServerTargetPlatform (97)
[2019.06.13-17.22.37:265][ 42]LogModuleManager: Shutting down and abandoning module MacNoEditorTargetPlatform (95)
[2019.06.13-17.22.37:265][ 42]LogModuleManager: Shutting down and abandoning module MacClientTargetPlatform (93)
[2019.06.13-17.22.37:265][ 42]LogModuleManager: Shutting down and abandoning module AllDesktopTargetPlatform (91)
[2019.06.13-17.22.37:265][ 42]LogModuleManager: Shutting down and abandoning module InputCore (88)
[2019.06.13-17.22.37:265][ 42]LogModuleManager: Shutting down and abandoning module Settings (86)
[2019.06.13-17.22.37:265][ 42]LogModuleManager: Shutting down and abandoning module PhysXCooking (84)
[2019.06.13-17.22.37:265][ 42]LogModuleManager: Shutting down and abandoning module SteamVR (82)
[2019.06.13-17.22.37:265][ 42]LogModuleManager: Shutting down and abandoning module OculusHMD (80)
[2019.06.13-17.22.37:266][ 42]LogModuleManager: Shutting down and abandoning module ExampleDeviceProfileSelector (78)
[2019.06.13-17.22.37:266][ 42]LogModuleManager: Shutting down and abandoning module LauncherChunkInstaller (76)
[2019.06.13-17.22.37:266][ 42]LogModuleManager: Shutting down and abandoning module OnlineBlueprintSupport (74)
[2019.06.13-17.22.37:266][ 42]LogModuleManager: Shutting down and abandoning module OnlineSubsystem (70)
[2019.06.13-17.22.37:267][ 42]LogModuleManager: Shutting down and abandoning module XMPP (65)
[2019.06.13-17.22.37:280][ 42]LogModuleManager: Shutting down and abandoning module WebSockets (64)
[2019.06.13-17.22.37:329][ 42]LogModuleManager: Shutting down and abandoning module HTTP (61)
[2019.06.13-17.22.37:329][ 42]LogHttp: Display: Http module shutting down, but needs to wait on 1 outstanding Http requests:
[2019.06.13-17.22.37:329][ 42]LogHttp: Display: 	verb=[POST] url=[https://datarouter.ol.epicgames.com/datarouter/api/v1/public/data?SessionID=%7BFA437EE8-4097-CC57-A051-089AF16B58E9%7D&AppID=UEEditor.Rocket.Release&AppVersion=4.20.3-4369336%2B%2B%2BUE4%2BRelease-4.20&UserID=048341524ccaaba9a82c8388b1c57063%7C9bcfab0b556c4ec2b0930348797b0da9%7C8d16b85d-5a41-4d35-90bb-438802fefaa7&AppEnvironment=datacollector-binary&UploadType=eteventstream] status=Processing
[2019.06.13-17.22.37:329][ 42]LogHttp: Warning: 0000021991E09A80: request failed, libcurl error: 7 (Couldn't connect to server)
[2019.06.13-17.22.37:329][ 42]LogHttp: Warning: 0000021991E09A80: libcurl info message cache 0 (  Trying 127.0.0.1...)
[2019.06.13-17.22.37:329][ 42]LogHttp: Warning: 0000021991E09A80: libcurl info message cache 1 (TCP_NODELAY set)
[2019.06.13-17.22.37:329][ 42]LogHttp: Warning: 0000021991E09A80: libcurl info message cache 2 (connect to 127.0.0.1 port 1080 failed: Connection refused)
[2019.06.13-17.22.37:329][ 42]LogHttp: Warning: 0000021991E09A80: libcurl info message cache 3 (Failed to connect to 127.0.0.1 port 1080: Connection refused)
[2019.06.13-17.22.37:329][ 42]LogHttp: Warning: 0000021991E09A80: libcurl info message cache 4 (Closing connection 0)
[2019.06.13-17.22.37:340][ 42]LogModuleManager: Shutting down and abandoning module SSL (60)
[2019.06.13-17.22.37:341][ 42]LogModuleManager: Shutting down and abandoning module MagicLeapEmulator (56)
[2019.06.13-17.22.37:341][ 42]LogModuleManager: Shutting down and abandoning module MagicLeapPrivileges (54)
[2019.06.13-17.22.37:341][ 42]LogModuleManager: Shutting down and abandoning module MagicLeapIdentity (52)
[2019.06.13-17.22.37:341][ 42]LogModuleManager: Shutting down and abandoning module MagicLeapHelperVulkan (50)
[2019.06.13-17.22.37:341][ 42]LogModuleManager: Shutting down and abandoning module MagicLeapHelperOpenGL (48)
[2019.06.13-17.22.37:341][ 42]LogModuleManager: Shutting down and abandoning module MagicLeapSecureStorage (46)
[2019.06.13-17.22.37:341][ 42]LogModuleManager: Shutting down and abandoning module MagicLeapGestures (44)
[2019.06.13-17.22.37:341][ 42]LogModuleManager: Shutting down and abandoning module MagicLeapEyeTracker (42)
[2019.06.13-17.22.37:341][ 42]LogModuleManager: Shutting down and abandoning module MagicLeapController (40)
[2019.06.13-17.22.37:341][ 42]LogSlate: Slate User Destroyed.  User Index 0, Is Virtual User: 0
[2019.06.13-17.22.37:341][ 42]LogModuleManager: Shutting down and abandoning module MagicLeap (38)
[2019.06.13-17.22.37:341][ 42]LogModuleManager: Shutting down and abandoning module AnimationModifiers (36)
[2019.06.13-17.22.37:351][ 42]LogModuleManager: Shutting down and abandoning module PropertyEditor (35)
[2019.06.13-17.22.37:358][ 42]LogModuleManager: Shutting down and abandoning module AudioEditor (32)
[2019.06.13-17.22.37:364][ 42]LogModuleManager: Shutting down and abandoning module TextureCompressor (30)
[2019.06.13-17.22.37:365][ 42]LogModuleManager: Shutting down and abandoning module ShaderCore (28)
[2019.06.13-17.22.37:365][ 42]LogModuleManager: Shutting down and abandoning module Landscape (26)
[2019.06.13-17.22.37:365][ 42]LogModuleManager: Shutting down and abandoning module SlateRHIRenderer (24)
[2019.06.13-17.22.37:376][ 42]LogModuleManager: Shutting down and abandoning module OpenGLDrv (22)
[2019.06.13-17.22.37:380][ 42]LogModuleManager: Shutting down and abandoning module D3D11RHI (20)
[2019.06.13-17.22.37:380][ 42]LogModuleManager: Shutting down and abandoning module AnimGraphRuntime (18)
[2019.06.13-17.22.37:380][ 42]LogModuleManager: Shutting down and abandoning module Renderer (16)
[2019.06.13-17.22.37:380][ 42]LogModuleManager: Shutting down and abandoning module Engine (14)
[2019.06.13-17.22.37:380][ 42]LogModuleManager: Shutting down and abandoning module CoreUObject (12)
[2019.06.13-17.22.37:380][ 42]LogModuleManager: Shutting down and abandoning module NetworkFile (10)
[2019.06.13-17.22.37:380][ 42]LogModuleManager: Shutting down and abandoning module CookedIterativeFile (8)
[2019.06.13-17.22.37:380][ 42]LogModuleManager: Shutting down and abandoning module StreamingFile (6)
[2019.06.13-17.22.37:380][ 42]LogModuleManager: Shutting down and abandoning module SandboxFile (4)
[2019.06.13-17.22.37:380][ 42]LogModuleManager: Shutting down and abandoning module PakFile (2)
[2019.06.13-17.22.37:386][ 42]LogExit: Exiting.
[2019.06.13-17.22.37:398][ 42]Log file closed, 06/14/19 01:22:37
