Log file open, 05/11/19 21:24:05
LogWindows: Failed to load 'aqProf.dll' (GetLastError=126)
LogWindows: File 'aqProf.dll' does not exist
LogWindows: Failed to load 'VSPerf140.dll' (GetLastError=126)
LogWindows: File 'VSPerf140.dll' does not exist
LogWindows: Failed to load 'VtuneApi.dll' (GetLastError=126)
LogWindows: File 'VtuneApi.dll' does not exist
LogWindows: Failed to load 'VtuneApi32e.dll' (GetLastError=126)
LogWindows: File 'VtuneApi32e.dll' does not exist
LogInit: Display: Running engine for game: ClimbDemo
LogPlatformFile: Not using cached read wrapper
LogTaskGraph: Started task graph with 5 named threads and 23 total threads with 3 sets of task threads.
LogStats: Stats thread started at 0.299653
LogD3D11RHI: Loaded GFSDK_Aftermath_Lib.x64.dll
LogICUInternationalization: Display: ICU TimeZone Detection - Raw Offset: +8:00, Platform Override: ''
LogPluginManager: Mounting plugin Paper2D
LogPluginManager: Mounting plugin AISupport
LogPluginManager: Mounting plugin LightPropagationVolume
LogPluginManager: Mounting plugin CLionSourceCodeAccess
LogPluginManager: Mounting plugin CodeLiteSourceCodeAccess
LogPluginManager: Mounting plugin GitSourceControl
LogPluginManager: Mounting plugin KDevelopSourceCodeAccess
LogPluginManager: Mounting plugin NullSourceCodeAccess
LogPluginManager: Mounting plugin PerforceSourceControl
LogPluginManager: Mounting plugin SubversionSourceControl
LogPluginManager: Mounting plugin UObjectPlugin
LogPluginManager: Mounting plugin VisualStudioCodeSourceCodeAccess
LogPluginManager: Mounting plugin VisualStudioSourceCodeAccess
LogPluginManager: Mounting plugin XCodeSourceCodeAccess
LogPluginManager: Mounting plugin AssetManagerEditor
LogPluginManager: Mounting plugin CryptoKeys
LogPluginManager: Mounting plugin DataValidation
LogPluginManager: Mounting plugin FacialAnimation
LogPluginManager: Mounting plugin GameplayTagsEditor
LogPluginManager: Mounting plugin MacGraphicsSwitching
LogPluginManager: Mounting plugin MeshEditor
LogPluginManager: Mounting plugin MobileLauncherProfileWizard
LogPluginManager: Mounting plugin PluginBrowser
LogPluginManager: Mounting plugin SpeedTreeImporter
LogPluginManager: Mounting plugin DatasmithContent
LogPluginManager: Mounting plugin AlembicImporter
LogPluginManager: Mounting plugin AppleImageUtils
LogPluginManager: Mounting plugin AppleVision
LogPluginManager: Mounting plugin BackChannel
LogPluginManager: Mounting plugin CharacterAI
LogPluginManager: Mounting plugin GeometryCache
LogPluginManager: Mounting plugin HTML5Networking
LogPluginManager: Mounting plugin ProxyLODPlugin
LogPluginManager: Mounting plugin MagicLeap
LogPluginManager: Mounting plugin MagicLeapEmulator
LogPluginManager: Mounting plugin MagicLeapMedia
LogPluginManager: Mounting plugin AndroidMedia
LogPluginManager: Mounting plugin AvfMedia
LogPluginManager: Mounting plugin ImgMedia
LogPluginManager: Mounting plugin LinearTimecode
LogPluginManager: Mounting plugin MediaCompositing
LogPluginManager: Mounting plugin MediaPlayerEditor
LogPluginManager: Mounting plugin WmfMedia
LogPluginManager: Mounting plugin TcpMessaging
LogPluginManager: Mounting plugin UdpMessaging
LogPluginManager: Mounting plugin ActorSequence
LogPluginManager: Mounting plugin LevelSequenceEditor
LogPluginManager: Mounting plugin MatineeToLevelSequence
LogPluginManager: Mounting plugin NetcodeUnitTest
LogPluginManager: Mounting plugin NUTUnrealEngine4
LogPluginManager: Mounting plugin OnlineSubsystemGooglePlay
LogPluginManager: Mounting plugin OnlineSubsystemIOS
LogPluginManager: Mounting plugin OnlineSubsystem
LogPluginManager: Mounting plugin OnlineSubsystemNull
LogPluginManager: Mounting plugin OnlineSubsystemUtils
LogPluginManager: Mounting plugin LauncherChunkInstaller
LogPluginManager: Mounting plugin AndroidDeviceProfileSelector
LogPluginManager: Mounting plugin AndroidMoviePlayer
LogPluginManager: Mounting plugin AndroidPermission
LogPluginManager: Mounting plugin AppleMoviePlayer
LogPluginManager: Mounting plugin ArchVisCharacter
LogPluginManager: Mounting plugin AudioCapture
LogPluginManager: Mounting plugin CableComponent
LogPluginManager: Mounting plugin CustomMeshComponent
LogPluginManager: Mounting plugin EditableMesh
LogPluginManager: Mounting plugin ExampleDeviceProfileSelector
LogPluginManager: Mounting plugin GoogleCloudMessaging
LogPluginManager: Mounting plugin ImmediatePhysics
LogPluginManager: Mounting plugin IOSDeviceProfileSelector
LogPluginManager: Mounting plugin LinuxDeviceProfileSelector
LogPluginManager: Mounting plugin LocationServicesBPLibrary
LogPluginManager: Mounting plugin MobilePatchingUtils
LogPluginManager: Mounting plugin OculusVR
LogPluginManager: Plugin shader directory ../../../Engine/Plugins/Runtime/Oculus/OculusVR/Shaders found
LogPluginManager: Mapping shader source directory ../../../Engine/Plugins/Runtime/Oculus/OculusVR/Shaders to virtual directory /Plugin/OculusVR
LogPluginManager: Mounting plugin PhysXVehicles
LogPluginManager: Mounting plugin ProceduralMeshComponent
LogPluginManager: Mounting plugin RuntimePhysXCooking
LogPluginManager: Mounting plugin SteamVR
LogPluginManager: Mounting plugin WindowsMoviePlayer
LogStreaming: Display: Took  0.371s to configure plugins.
LogInit: Using libcurl 7.55.1-DEV
LogInit:  - built for x86_64-pc-win32
LogInit:  - supports SSL with OpenSSL/1.0.2h
LogInit:  - supports HTTP deflate (compression) using libz 1.2.8
LogInit:  - other features:
LogInit:      CURL_VERSION_SSL
LogInit:      CURL_VERSION_LIBZ
LogInit:      CURL_VERSION_IPV6
LogInit:      CURL_VERSION_ASYNCHDNS
LogInit:      CURL_VERSION_LARGEFILE
LogInit:      CURL_VERSION_IDN
LogInit:  CurlRequestOptions (configurable via config and command line):
LogInit:  - bVerifyPeer = false  - Libcurl will NOT verify peer certificate
LogInit:  - bUseHttpProxy = false  - Libcurl will NOT use HTTP proxy
LogInit:  - bDontReuseConnections = false  - Libcurl will reuse connections
LogInit:  - CertBundlePath = nullptr  - Libcurl will use whatever was configured at build time.
LogInit:  - MaxHostConnections = 16  - Libcurl will limit the number of connections to a host
LogInit:  - LocalHostAddr = Default
LogInit:  - BufferSize = 65536
LogInit: WinSock: version 1.1 (2.2), MaxSocks=32767, MaxUdp=65467
LogHMD: Failed initializing OVRPlugin 1.25.0
LogInit: Build: ++UE4+Release-4.20-CL-4369336
LogInit: Engine Version: 4.20.3-4369336+++UE4+Release-4.20
LogInit: Compatible Engine Version: 4.20.0-4212847+++UE4+Release-4.20
LogInit: Net CL: 4212847
LogInit: OS: Windows 10 (), CPU: Intel(R) Core(TM) i7-7700HQ CPU @ 2.80GHz, GPU: Intel(R) HD Graphics 630
LogInit: Compiled (64-bit): Sep 17 2018 12:26:19
LogInit: Compiled with Visual C++: 19.13.26129.00
LogInit: Build Configuration: Development
LogInit: Branch Name: ++UE4+Release-4.20
LogInit: Command Line: 
LogInit: Base Directory: D:/Program Files/Epic Games/UE_4.20/Engine/Binaries/Win64/
LogInit: Installed Engine Build: 1
LogDevObjectVersion: Number of dev versions registered: 20
LogDevObjectVersion:   Dev-Blueprints (B0D832E4-1F89-4F0D-ACCF-7EB736FD4AA2): 10
LogDevObjectVersion:   Dev-Build (E1C64328-A22C-4D53-A36C-8E866417BD8C): 0
LogDevObjectVersion:   Dev-Core (375EC13C-06E4-48FB-B500-84F0262A717E): 2
LogDevObjectVersion:   Dev-Editor (E4B068ED-F494-42E9-A231-DA0B2E46BB41): 24
LogDevObjectVersion:   Dev-Framework (CFFC743F-43B0-4480-9391-14DF171D2073): 34
LogDevObjectVersion:   Dev-Mobile (B02B49B5-BB20-44E9-A304-32B752E40360): 2
LogDevObjectVersion:   Dev-Networking (A4E4105C-59A1-49B5-A7C5-40C4547EDFEE): 0
LogDevObjectVersion:   Dev-Online (39C831C9-5AE6-47DC-9A44-9C173E1C8E7C): 0
LogDevObjectVersion:   Dev-Physics (78F01B33-EBEA-4F98-B9B4-84EACCB95AA2): 0
LogDevObjectVersion:   Dev-Platform (6631380F-2D4D-43E0-8009-CF276956A95A): 0
LogDevObjectVersion:   Dev-Rendering (12F88B9F-8875-4AFC-A67C-D90C383ABD29): 26
LogDevObjectVersion:   Dev-Sequencer (7B5AE74C-D270-4C10-A958-57980B212A5A): 9
LogDevObjectVersion:   Dev-VR (D7296918-1DD6-4BDD-9DE2-64A83CC13884): 2
LogDevObjectVersion:   Dev-LoadTimes (C2A15278-BFE7-4AFE-6C17-90FF531DF755): 1
LogDevObjectVersion:   Private-Geometry (6EACA3D4-40EC-4CC1-B786-8BED09428FC5): 3
LogDevObjectVersion:   Dev-AnimPhys (29E575DD-E0A3-4627-9D10-D276232CDCEA): 17
LogDevObjectVersion:   Dev-ReflectionCapture (6B266CEC-1EC7-4B8F-A30B-E4D90942FC07): 1
LogDevObjectVersion:   Dev-Automation (0DF73D61-A23F-47EA-B727-89E90C41499A): 1
LogDevObjectVersion:   FortniteMain (601D1886-AC64-4F84-AA16-D3DE0DEAC7D6): 12
LogDevObjectVersion:   Dev-Enterprise (9DFFBCD6-494F-0158-E221-12823C92A888): 1
LogStreaming: Display: Took  0.001s to delete old logs.
LogInit: Presizing for max 8388607 objects, including 0 objects not considered by GC, pre-allocating 0 bytes for permanent pool.
LogInit: Object subsystem initialized
[2019.05.11-13.24.06:784][  0]LogInit: Selected Device Profile: [Windows]
[2019.05.11-13.24.06:784][  0]LogInit: Applying CVar settings loaded from the selected device profile: [Windows]
[2019.05.11-13.24.06:804][  0]LogHAL: Display: Platform has ~ 16 GB [17046654976 / 17179869184 / 16], which maps to Larger [LargestMinGB=32, LargerMinGB=12, DefaultMinGB=8, SmallerMinGB=6, SmallestMinGB=0)
[2019.05.11-13.24.06:805][  0]LogInit: Setting Device Profile CVar: [[r.Vulkan.UseRealUBs:1]]
[2019.05.11-13.24.06:805][  0]LogInit: Going up to parent DeviceProfile []
[2019.05.11-13.24.06:805][  0]LogInit: Computer: DESKTOP-UHKKT41
[2019.05.11-13.24.06:805][  0]LogInit: User: Ivy
[2019.05.11-13.24.06:805][  0]LogInit: CPU Page size=4096, Cores=4
[2019.05.11-13.24.06:805][  0]LogInit: High frequency timer resolution =2.742192 MHz
[2019.05.11-13.24.06:805][  0]LogMemory: Memory total: Physical=15.9GB (16GB approx)
[2019.05.11-13.24.06:805][  0]LogMemory: Platform Memory Stats for Windows
[2019.05.11-13.24.06:805][  0]LogMemory: Process Physical Memory: 102.73 MB used, 102.73 MB peak
[2019.05.11-13.24.06:805][  0]LogMemory: Process Virtual Memory: 93.06 MB used, 93.06 MB peak
[2019.05.11-13.24.06:805][  0]LogMemory: Physical Memory: 7862.01 MB used,  8394.95 MB free, 16256.96 MB total
[2019.05.11-13.24.06:805][  0]LogMemory: Virtual Memory: 4653.83 MB used,  8394.95 MB free, 134217728.00 MB total
[2019.05.11-13.24.07:277][  0]LogInit: Overriding language with editor language configuration option (en).
[2019.05.11-13.24.07:277][  0]LogInit: Overriding locale with editor locale configuration option (en).
[2019.05.11-13.24.07:699][  0]LogStreaming: Display: Took  0.422s to InitEngineTextLocalization.
[2019.05.11-13.24.07:700][  0]LogInit: Setting process to per monitor DPI aware
[2019.05.11-13.24.07:791][  0]LogSlate: New Slate User Created.  User Index 0, Is Virtual User: 0
[2019.05.11-13.24.07:791][  0]LogSlate: Slate User Registered.  User Index 0, Is Virtual User: 0
[2019.05.11-13.24.08:085][  0]LogHMD: Failed to initialize OpenVR with code 110
[2019.05.11-13.24.08:085][  0]LogD3D11RHI: D3D11 adapters:
[2019.05.11-13.24.08:191][  0]LogD3D11RHI:    0. 'NVIDIA GeForce GTX 1070' (Feature Level 11_0)
[2019.05.11-13.24.08:191][  0]LogD3D11RHI:       8089/0/8128 MB DedicatedVideo/DedicatedSystem/SharedSystem, Outputs:1, VendorId:0x10de
[2019.05.11-13.24.08:204][  0]LogD3D11RHI:    1. 'Intel(R) HD Graphics 630' (Feature Level 11_0)
[2019.05.11-13.24.08:204][  0]LogD3D11RHI:       128/0/8128 MB DedicatedVideo/DedicatedSystem/SharedSystem, Outputs:0, VendorId:0x8086
[2019.05.11-13.24.08:207][  0]LogD3D11RHI:    2. 'Microsoft Basic Render Driver' (Feature Level 11_0)
[2019.05.11-13.24.08:207][  0]LogD3D11RHI:       0/0/8128 MB DedicatedVideo/DedicatedSystem/SharedSystem, Outputs:0, VendorId:0x1414
[2019.05.11-13.24.08:207][  0]LogD3D11RHI: Chosen D3D11 Adapter: 0
[2019.05.11-13.24.08:241][  0]LogD3D11RHI: Creating new Direct3DDevice
[2019.05.11-13.24.08:241][  0]LogD3D11RHI:     GPU DeviceId: 0x1ba1 (for the marketing name, search the web for "GPU Device Id")
[2019.05.11-13.24.08:241][  0]LogWindows: EnumDisplayDevices:
[2019.05.11-13.24.08:241][  0]LogWindows:    0. 'Intel(R) HD Graphics 630' (P:1 D:1)
[2019.05.11-13.24.08:243][  0]LogWindows:    1. 'Intel(R) HD Graphics 630' (P:0 D:0)
[2019.05.11-13.24.08:244][  0]LogWindows:    2. 'Intel(R) HD Graphics 630' (P:0 D:0)
[2019.05.11-13.24.08:248][  0]LogWindows:    3. 'NVIDIA GeForce GTX 1070' (P:0 D:0)
[2019.05.11-13.24.08:249][  0]LogWindows:    4. 'NVIDIA GeForce GTX 1070' (P:0 D:0)
[2019.05.11-13.24.08:251][  0]LogWindows:    5. 'NVIDIA GeForce GTX 1070' (P:0 D:0)
[2019.05.11-13.24.08:253][  0]LogWindows:    6. 'NVIDIA GeForce GTX 1070' (P:0 D:0)
[2019.05.11-13.24.08:255][  0]LogWindows: DebugString: PrimaryIsNotTheChoosenAdapter PrimaryIsNotTheChoosenAdapter PrimaryIsNotTheChoosenAdapter FoundDriverCount:4 
[2019.05.11-13.24.08:255][  0]LogD3D11RHI:     Adapter Name: NVIDIA GeForce GTX 1070
[2019.05.11-13.24.08:256][  0]LogD3D11RHI:   Driver Version: 389.12 (internal:23.21.13.8912, unified:389.12)
[2019.05.11-13.24.08:256][  0]LogD3D11RHI:      Driver Date: 3-7-2018
[2019.05.11-13.24.08:256][  0]LogRHI: Texture pool is 5662 MB (70% of 8089 MB)
[2019.05.11-13.24.08:301][  0]LogD3D11RHI: Async texture creation enabled
[2019.05.11-13.24.08:313][  0]LogD3D11RHI: GPU Timing Frequency: 1000.000000 (Debug: 2 1)
[2019.05.11-13.24.08:315][  0]LogShaderCompilers: Guid format shader working directory is -1 characters bigger than the processId version (C:/Users/Ivy/Documents/DiplomaGame/ClimbDemo/Intermediate/Shaders/WorkingDirectory/24120/).
[2019.05.11-13.24.08:315][  0]LogShaderCompilers: Cleaned the shader compiler working directory 'C:/Users/Ivy/AppData/Local/Temp/UnrealShaderWorkingDir/98A0D9034335B01A9FFF61B5C1857B85/'.
[2019.05.11-13.24.09:077][  0]LogTemp: Display: Loaded TP AllDesktopTargetPlatform
[2019.05.11-13.24.09:092][  0]LogTemp: Display: Loaded TP MacClientTargetPlatform
[2019.05.11-13.24.09:108][  0]LogTemp: Display: Loaded TP MacNoEditorTargetPlatform
[2019.05.11-13.24.09:125][  0]LogTemp: Display: Loaded TP MacServerTargetPlatform
[2019.05.11-13.24.09:141][  0]LogTemp: Display: Loaded TP MacTargetPlatform
[2019.05.11-13.24.09:156][  0]LogTemp: Display: Loaded TP WindowsClientTargetPlatform
[2019.05.11-13.24.09:175][  0]LogTemp: Display: Loaded TP WindowsNoEditorTargetPlatform
[2019.05.11-13.24.09:190][  0]LogTemp: Display: Loaded TP WindowsServerTargetPlatform
[2019.05.11-13.24.09:197][  0]LogTemp: Display: Loaded TP WindowsTargetPlatform
[2019.05.11-13.24.09:322][  0]LogTemp: Display: Loaded TP AndroidTargetPlatform
[2019.05.11-13.24.09:322][  0]LogTemp: Display: Loaded TP AndroidTargetPlatform
[2019.05.11-13.24.09:322][  0]LogTemp: Display: Loaded TP AndroidTargetPlatform
[2019.05.11-13.24.09:322][  0]LogTemp: Display: Loaded TP AndroidTargetPlatform
[2019.05.11-13.24.09:322][  0]LogTemp: Display: Loaded TP AndroidTargetPlatform
[2019.05.11-13.24.09:322][  0]LogTemp: Display: Loaded TP AndroidTargetPlatform
[2019.05.11-13.24.09:322][  0]LogTemp: Display: Loaded TP AndroidTargetPlatform
[2019.05.11-13.24.09:322][  0]LogTemp: Display: Loaded TP AndroidTargetPlatform
[2019.05.11-13.24.09:322][  0]LogTemp: Display: Loaded TP AndroidTargetPlatform
[2019.05.11-13.24.09:322][  0]LogTemp: Display: Loaded TP AndroidTargetPlatform
[2019.05.11-13.24.09:322][  0]LogTemp: Display: Loaded TP AndroidTargetPlatform
[2019.05.11-13.24.09:322][  0]LogTemp: Display: Loaded TP AndroidTargetPlatform
[2019.05.11-13.24.09:322][  0]LogTemp: Display: Loaded TP AndroidTargetPlatform
[2019.05.11-13.24.09:322][  0]LogTemp: Display: Loaded TP AndroidTargetPlatform
[2019.05.11-13.24.09:322][  0]LogTemp: Display: Loaded TP AndroidTargetPlatform
[2019.05.11-13.24.09:322][  0]LogTemp: Display: Loaded TP AndroidTargetPlatform
[2019.05.11-13.24.09:322][  0]LogTemp: Display: Loaded TP AndroidTargetPlatform
[2019.05.11-13.24.09:322][  0]LogTemp: Display: Loaded TP AndroidTargetPlatform
[2019.05.11-13.24.09:325][  0]LogTemp: Display: Loaded TP HTML5TargetPlatform
[2019.05.11-13.24.09:411][  0]LogTemp: Display: Loaded TP IOSTargetPlatform
[2019.05.11-13.24.09:411][  0]LogTemp: Display: Loaded TP IOSTargetPlatform
[2019.05.11-13.24.09:440][  0]LogTemp: Display: Loaded TP TVOSTargetPlatform
[2019.05.11-13.24.09:440][  0]LogTemp: Display: Loaded TP TVOSTargetPlatform
[2019.05.11-13.24.09:456][  0]LogTemp: Display: Loaded TP LinuxClientTargetPlatform
[2019.05.11-13.24.09:475][  0]LogTemp: Display: Loaded TP LinuxNoEditorTargetPlatform
[2019.05.11-13.24.09:493][  0]LogTemp: Display: Loaded TP LinuxServerTargetPlatform
[2019.05.11-13.24.09:513][  0]LogTemp: Display: Loaded TP LinuxTargetPlatform
[2019.05.11-13.24.09:526][  0]LogTemp: Display: Loaded TP LuminTargetPlatform
[2019.05.11-13.24.09:526][  0]LogTargetPlatformManager: Display: Building Assets For Windows
[2019.05.11-13.24.09:619][  0]LogXGEController: Cannot use XGE Controller as Incredibuild is not installed on this machine.
[2019.05.11-13.24.09:619][  0]LogShaderCompilers: Cannot use XGE Shader Compiler as Incredibuild is not installed on this machine.
[2019.05.11-13.24.09:619][  0]LogShaderCompilers: Display: Using Local Shader Compiler.
[2019.05.11-13.24.10:580][  0]LogDerivedDataCache: Display: Max Cache Size: 512 MB
[2019.05.11-13.24.10:641][  0]LogDerivedDataCache: Loaded boot cache 0.06s 71MB C:/Users/Ivy/AppData/Local/UnrealEngine/4.20/DerivedDataCache/Boot.ddc.
[2019.05.11-13.24.10:642][  0]LogDerivedDataCache: Display: Loaded Boot cache: C:/Users/Ivy/AppData/Local/UnrealEngine/4.20/DerivedDataCache/Boot.ddc
[2019.05.11-13.24.10:642][  0]LogDerivedDataCache: FDerivedDataBackendGraph:  Pak pak cache file C:/Users/Ivy/Documents/DiplomaGame/ClimbDemo/DerivedDataCache/DDC.ddp not found, will not use a pak cache.
[2019.05.11-13.24.10:642][  0]LogDerivedDataCache: Unable to find inner node Pak for hierarchical cache Hierarchy.
[2019.05.11-13.24.10:642][  0]LogDerivedDataCache: FDerivedDataBackendGraph:  CompressedPak pak cache file C:/Users/Ivy/Documents/DiplomaGame/ClimbDemo/DerivedDataCache/Compressed.ddp not found, will not use a pak cache.
[2019.05.11-13.24.10:642][  0]LogDerivedDataCache: Unable to find inner node CompressedPak for hierarchical cache Hierarchy.
[2019.05.11-13.24.10:659][  0]LogDerivedDataCache: Display: Pak cache opened for reading ../../../Engine/DerivedDataCache/Compressed.ddp.
[2019.05.11-13.24.10:679][  0]LogDerivedDataCache: Using Local data cache path C:/Users/Ivy/AppData/Local/UnrealEngine/Common/DerivedDataCache: Writable
[2019.05.11-13.24.10:679][  0]LogDerivedDataCache: Shared data cache path not found in *engine.ini, will not use an Shared cache.
[2019.05.11-13.24.10:679][  0]LogDerivedDataCache: Unable to find inner node Shared for hierarchical cache Hierarchy.
[2019.05.11-13.24.10:702][  0]LogMaterial: Verifying Global Shaders for PCD3D_SM5
[2019.05.11-13.24.10:704][  0]LogSlate: Using FreeType 2.6.0
[2019.05.11-13.24.10:705][  0]LogSlate: SlateFontServices - WITH_FREETYPE: 1, WITH_HARFBUZZ: 1
[2019.05.11-13.24.10:796][  0]LogAssetRegistry: FAssetRegistry took 0.0287 seconds to start up
[2019.05.11-13.24.11:202][  0]LogInit: Selected Device Profile: [Windows]
[2019.05.11-13.24.11:367][  0]LogSimplygon: Simplygon DLL not present - disabling.
[2019.05.11-13.24.11:373][  0]LogMeshReduction: Using SimplygonSwarm for distributed automatic mesh merging
[2019.05.11-13.24.11:373][  0]LogMeshReduction: Using ProxyLODMeshReduction for automatic mesh merging
[2019.05.11-13.24.11:373][  0]LogMeshReduction: Using QuadricMeshReduction for automatic static mesh reduction
[2019.05.11-13.24.11:373][  0]LogMeshReduction: No automatic skeletal mesh reduction module available
[2019.05.11-13.24.11:394][  0]LogNetVersion: ClimbDemo 1.0.0, NetCL: 4212847, EngineNetVer: 5, GameNetVer: 0 (Checksum: 2394580764)
[2019.05.11-13.24.12:034][  0]LogPackageLocalizationCache: Processed 11 localized package path(s) for 1 prioritized culture(s) in 0.173784 seconds
[2019.05.11-13.24.12:041][  0]LogUObjectArray: 38425 objects as part of root set at end of initial load.
[2019.05.11-13.24.12:041][  0]LogUObjectAllocator: 6690864 out of 0 bytes used by permanent object pool.
[2019.05.11-13.24.12:041][  0]LogUObjectArray: CloseDisregardForGC: 0/0 objects in disregard for GC pool
[2019.05.11-13.24.13:105][  0]LogTcpMessaging: Initializing TcpMessaging bridge
[2019.05.11-13.24.13:119][  0]LogUdpMessaging: Initializing bridge on interface 0.0.0.0:0 to multicast group 230.0.0.1:6666.
[2019.05.11-13.24.13:307][  0]SourceControl: Source control is disabled
[2019.05.11-13.24.13:307][  0]SourceControl: Source control is disabled
[2019.05.11-13.24.13:310][  0]SourceControl: Source control is disabled
[2019.05.11-13.24.13:312][  0]SourceControl: Source control is disabled
[2019.05.11-13.24.13:546][  0]LogAndroidPermission: UAndroidPermissionCallbackProxy::GetInstance
[2019.05.11-13.24.13:859][  0]LogOcInput: OculusInput pre-init called
[2019.05.11-13.24.13:938][  0]LogEngine: Initializing Engine...
[2019.05.11-13.24.13:941][  0]LogHMD: Failed to initialize OpenVR with code 110
[2019.05.11-13.24.13:944][  0]LogStats: UGameplayTagsManager::ConstructGameplayTagTree: ImportINI prefixes -  0.000 s
[2019.05.11-13.24.13:944][  0]LogStats: UGameplayTagsManager::ConstructGameplayTagTree: Construct from data asset -  0.000 s
[2019.05.11-13.24.13:944][  0]LogStats: UGameplayTagsManager::ConstructGameplayTagTree: ImportINI -  0.000 s
[2019.05.11-13.24.13:944][  0]LogStats: UGameplayTagsManager::ConstructGameplayTagTree: GameplayTagTreeChangedEvent.Broadcast -  0.000 s
[2019.05.11-13.24.14:193][  0]LogInit: Initializing FReadOnlyCVARCache
[2019.05.11-13.24.14:207][  0]LogAIModule: Creating AISystem for world Untitled
[2019.05.11-13.24.14:316][  0]LogInit: XAudio2 using '扬声器/听筒 (Realtek Audio)' : 6 channels at 48 kHz using 32 bits per sample (channel mask 0x3f)
[2019.05.11-13.24.14:398][  0]LogInit: FAudioDevice initialized.
[2019.05.11-13.24.14:398][  0]LogNetVersion: Set ProjectVersion to 1.0.0.0. Version Checksum will be recalculated on next use.
[2019.05.11-13.24.14:557][  0]LogDerivedDataCache: Saved boot cache 0.16s 71MB C:/Users/Ivy/AppData/Local/UnrealEngine/4.20/DerivedDataCache/Boot.ddc.
[2019.05.11-13.24.14:570][  0]LogInit: Texture streaming: Enabled
[2019.05.11-13.24.14:628][  0]LogEngineSessionManager: EngineSessionManager initialized
[2019.05.11-13.24.14:628][  0]LogEngineSessionManager: EngineSessionManager sent abnormal shutdown report. Type=Crashed, SessionId={54F11C9E-4A7D-5C88-B698-26B416F41188}
[2019.05.11-13.24.14:649][  0]LogInit: Transaction tracking system initialized
[2019.05.11-13.24.14:677][  0]BlueprintLog: New page: Editor Load
[2019.05.11-13.24.14:777][  0]LocalizationService: Localization service is disabled
[2019.05.11-13.24.15:186][  0]LogCook: Display: Max memory allowance for cook 16384mb min free memory 0mb
[2019.05.11-13.24.15:186][  0]LogCook: Display: Mobile HDR setting 1
[2019.05.11-13.24.15:186][  0]LogGameplayTags: Display: UGameplayTagsManager::DoneAddingNativeTags. DelegateIsBound: 0
[2019.05.11-13.24.15:186][  0]LogStats: UGameplayTagsManager::ConstructGameplayTagTree: ImportINI prefixes -  0.000 s
[2019.05.11-13.24.15:186][  0]LogStats: UGameplayTagsManager::ConstructGameplayTagTree: Construct from data asset -  0.000 s
[2019.05.11-13.24.15:186][  0]LogStats: UGameplayTagsManager::ConstructGameplayTagTree: ImportINI -  0.000 s
[2019.05.11-13.24.15:186][  0]LogStats: UGameplayTagsManager::ConstructGameplayTagTree: GameplayTagTreeChangedEvent.Broadcast -  0.000 s
[2019.05.11-13.24.15:342][  0]LogFileCache: Scanning file cache for directory 'C:/Users/Ivy/Documents/DiplomaGame/ClimbDemo/Content/' took 0.04s
[2019.05.11-13.24.15:342][  0]SourceControl: Source control is disabled
[2019.05.11-13.24.15:342][  0]Cmd: MAP LOAD FILE="C:/Users/Ivy/Documents/DiplomaGame/ClimbDemo/Content/Terrain/4/LakeLevel.umap" TEMPLATE=0 SHOWPROGRESS=1 FEATURELEVEL=3
[2019.05.11-13.24.15:343][  0]LightingResults: New page: Lighting Build
[2019.05.11-13.24.15:345][  0]MapCheck: New page: Map Check
[2019.05.11-13.24.15:345][  0]LightingResults: New page: Lighting Build
[2019.05.11-13.24.16:606][  0]LogBlueprint: Warning: [Compiler ABP_Climber] Cling_BS to JumpEnd  will never be taken, please connect something to  Can Enter Transition
[2019.05.11-13.24.17:122][  0]LogBlueprint: Warning: [Compiler ABP_Climber] [0013.28] Compile of ABP_Climber successful, but with 1 Warning(s) [in 656 ms] (/Game/Clinging/Animations/Blueprints/ABP_Climber.ABP_Climber)
[2019.05.11-13.24.17:445][  0]LogLinker: Warning: Unable to load PhysicsSerializer with outer InstancedStaticMeshComponent /Game/Terrain/HoudiniBake/terrain_bishe_1_846516E4.terrain_bishe_1_846516E4_C:InstancedStaticMesh10_GEN_VARIABLE because its class does not exist
[2019.05.11-13.24.17:445][  0]LogLinker: Warning: Unable to load PhysicsSerializer with outer InstancedStaticMeshComponent /Game/Terrain/HoudiniBake/terrain_bishe_1_846516E4.terrain_bishe_1_846516E4_C:InstancedStaticMesh11_GEN_VARIABLE because its class does not exist
[2019.05.11-13.24.17:445][  0]LogLinker: Warning: Unable to load PhysicsSerializer with outer InstancedStaticMeshComponent /Game/Terrain/HoudiniBake/terrain_bishe_1_846516E4.terrain_bishe_1_846516E4_C:InstancedStaticMesh12_GEN_VARIABLE because its class does not exist
[2019.05.11-13.24.17:445][  0]LogLinker: Warning: Unable to load PhysicsSerializer with outer InstancedStaticMeshComponent /Game/Terrain/HoudiniBake/terrain_bishe_1_846516E4.terrain_bishe_1_846516E4_C:InstancedStaticMesh13_GEN_VARIABLE because its class does not exist
[2019.05.11-13.24.17:445][  0]LogLinker: Warning: Unable to load PhysicsSerializer with outer InstancedStaticMeshComponent /Game/Terrain/HoudiniBake/terrain_bishe_1_846516E4.terrain_bishe_1_846516E4_C:InstancedStaticMesh14_GEN_VARIABLE because its class does not exist
[2019.05.11-13.24.17:445][  0]LogLinker: Warning: Unable to load PhysicsSerializer with outer InstancedStaticMeshComponent /Game/Terrain/HoudiniBake/terrain_bishe_1_846516E4.terrain_bishe_1_846516E4_C:InstancedStaticMesh15_GEN_VARIABLE because its class does not exist
[2019.05.11-13.24.17:445][  0]LogLinker: Warning: Unable to load PhysicsSerializer with outer InstancedStaticMeshComponent /Game/Terrain/HoudiniBake/terrain_bishe_1_846516E4.terrain_bishe_1_846516E4_C:InstancedStaticMesh16_GEN_VARIABLE because its class does not exist
[2019.05.11-13.24.17:446][  0]LogLinker: Warning: Unable to load PhysicsSerializer with outer InstancedStaticMeshComponent /Game/Terrain/HoudiniBake/terrain_bishe_1_846516E4.terrain_bishe_1_846516E4_C:InstancedStaticMesh17_GEN_VARIABLE because its class does not exist
[2019.05.11-13.24.17:446][  0]LogLinker: Warning: Unable to load PhysicsSerializer with outer InstancedStaticMeshComponent /Game/Terrain/HoudiniBake/terrain_bishe_1_846516E4.terrain_bishe_1_846516E4_C:InstancedStaticMesh18_GEN_VARIABLE because its class does not exist
[2019.05.11-13.24.17:446][  0]LogLinker: Warning: Unable to load PhysicsSerializer with outer InstancedStaticMeshComponent /Game/Terrain/HoudiniBake/terrain_bishe_1_846516E4.terrain_bishe_1_846516E4_C:InstancedStaticMesh19_GEN_VARIABLE because its class does not exist
[2019.05.11-13.24.17:446][  0]LogLinker: Warning: Unable to load PhysicsSerializer with outer InstancedStaticMeshComponent /Game/Terrain/HoudiniBake/terrain_bishe_1_846516E4.terrain_bishe_1_846516E4_C:InstancedStaticMesh1_GEN_VARIABLE because its class does not exist
[2019.05.11-13.24.17:446][  0]LogLinker: Warning: Unable to load PhysicsSerializer with outer InstancedStaticMeshComponent /Game/Terrain/HoudiniBake/terrain_bishe_1_846516E4.terrain_bishe_1_846516E4_C:InstancedStaticMesh20_GEN_VARIABLE because its class does not exist
[2019.05.11-13.24.17:446][  0]LogLinker: Warning: Unable to load PhysicsSerializer with outer InstancedStaticMeshComponent /Game/Terrain/HoudiniBake/terrain_bishe_1_846516E4.terrain_bishe_1_846516E4_C:InstancedStaticMesh21_GEN_VARIABLE because its class does not exist
[2019.05.11-13.24.17:446][  0]LogLinker: Warning: Unable to load PhysicsSerializer with outer InstancedStaticMeshComponent /Game/Terrain/HoudiniBake/terrain_bishe_1_846516E4.terrain_bishe_1_846516E4_C:InstancedStaticMesh22_GEN_VARIABLE because its class does not exist
[2019.05.11-13.24.17:446][  0]LogLinker: Warning: Unable to load PhysicsSerializer with outer InstancedStaticMeshComponent /Game/Terrain/HoudiniBake/terrain_bishe_1_846516E4.terrain_bishe_1_846516E4_C:InstancedStaticMesh23_GEN_VARIABLE because its class does not exist
[2019.05.11-13.24.17:446][  0]LogLinker: Warning: Unable to load PhysicsSerializer with outer InstancedStaticMeshComponent /Game/Terrain/HoudiniBake/terrain_bishe_1_846516E4.terrain_bishe_1_846516E4_C:InstancedStaticMesh24_GEN_VARIABLE because its class does not exist
[2019.05.11-13.24.17:446][  0]LogLinker: Warning: Unable to load PhysicsSerializer with outer InstancedStaticMeshComponent /Game/Terrain/HoudiniBake/terrain_bishe_1_846516E4.terrain_bishe_1_846516E4_C:InstancedStaticMesh25_GEN_VARIABLE because its class does not exist
[2019.05.11-13.24.17:446][  0]LogLinker: Warning: Unable to load PhysicsSerializer with outer InstancedStaticMeshComponent /Game/Terrain/HoudiniBake/terrain_bishe_1_846516E4.terrain_bishe_1_846516E4_C:InstancedStaticMesh26_GEN_VARIABLE because its class does not exist
[2019.05.11-13.24.17:446][  0]LogLinker: Warning: Unable to load PhysicsSerializer with outer InstancedStaticMeshComponent /Game/Terrain/HoudiniBake/terrain_bishe_1_846516E4.terrain_bishe_1_846516E4_C:InstancedStaticMesh27_GEN_VARIABLE because its class does not exist
[2019.05.11-13.24.17:446][  0]LogLinker: Warning: Unable to load PhysicsSerializer with outer InstancedStaticMeshComponent /Game/Terrain/HoudiniBake/terrain_bishe_1_846516E4.terrain_bishe_1_846516E4_C:InstancedStaticMesh28_GEN_VARIABLE because its class does not exist
[2019.05.11-13.24.17:446][  0]LogLinker: Warning: Unable to load PhysicsSerializer with outer InstancedStaticMeshComponent /Game/Terrain/HoudiniBake/terrain_bishe_1_846516E4.terrain_bishe_1_846516E4_C:InstancedStaticMesh29_GEN_VARIABLE because its class does not exist
[2019.05.11-13.24.17:446][  0]LogLinker: Warning: Unable to load PhysicsSerializer with outer InstancedStaticMeshComponent /Game/Terrain/HoudiniBake/terrain_bishe_1_846516E4.terrain_bishe_1_846516E4_C:InstancedStaticMesh2_GEN_VARIABLE because its class does not exist
[2019.05.11-13.24.17:446][  0]LogLinker: Warning: Unable to load PhysicsSerializer with outer InstancedStaticMeshComponent /Game/Terrain/HoudiniBake/terrain_bishe_1_846516E4.terrain_bishe_1_846516E4_C:InstancedStaticMesh30_GEN_VARIABLE because its class does not exist
[2019.05.11-13.24.17:447][  0]LogLinker: Warning: Unable to load PhysicsSerializer with outer InstancedStaticMeshComponent /Game/Terrain/HoudiniBake/terrain_bishe_1_846516E4.terrain_bishe_1_846516E4_C:InstancedStaticMesh31_GEN_VARIABLE because its class does not exist
[2019.05.11-13.24.17:447][  0]LogLinker: Warning: Unable to load PhysicsSerializer with outer InstancedStaticMeshComponent /Game/Terrain/HoudiniBake/terrain_bishe_1_846516E4.terrain_bishe_1_846516E4_C:InstancedStaticMesh32_GEN_VARIABLE because its class does not exist
[2019.05.11-13.24.17:447][  0]LogLinker: Warning: Unable to load PhysicsSerializer with outer InstancedStaticMeshComponent /Game/Terrain/HoudiniBake/terrain_bishe_1_846516E4.terrain_bishe_1_846516E4_C:InstancedStaticMesh3_GEN_VARIABLE because its class does not exist
[2019.05.11-13.24.17:447][  0]LogLinker: Warning: Unable to load PhysicsSerializer with outer InstancedStaticMeshComponent /Game/Terrain/HoudiniBake/terrain_bishe_1_846516E4.terrain_bishe_1_846516E4_C:InstancedStaticMesh4_GEN_VARIABLE because its class does not exist
[2019.05.11-13.24.17:447][  0]LogLinker: Warning: Unable to load PhysicsSerializer with outer InstancedStaticMeshComponent /Game/Terrain/HoudiniBake/terrain_bishe_1_846516E4.terrain_bishe_1_846516E4_C:InstancedStaticMesh5_GEN_VARIABLE because its class does not exist
[2019.05.11-13.24.17:448][  0]LogLinker: Warning: Unable to load PhysicsSerializer with outer InstancedStaticMeshComponent /Game/Terrain/HoudiniBake/terrain_bishe_1_846516E4.terrain_bishe_1_846516E4_C:InstancedStaticMesh6_GEN_VARIABLE because its class does not exist
[2019.05.11-13.24.17:448][  0]LogLinker: Warning: Unable to load PhysicsSerializer with outer InstancedStaticMeshComponent /Game/Terrain/HoudiniBake/terrain_bishe_1_846516E4.terrain_bishe_1_846516E4_C:InstancedStaticMesh7_GEN_VARIABLE because its class does not exist
[2019.05.11-13.24.17:448][  0]LogLinker: Warning: Unable to load PhysicsSerializer with outer InstancedStaticMeshComponent /Game/Terrain/HoudiniBake/terrain_bishe_1_846516E4.terrain_bishe_1_846516E4_C:InstancedStaticMesh8_GEN_VARIABLE because its class does not exist
[2019.05.11-13.24.17:448][  0]LogLinker: Warning: Unable to load PhysicsSerializer with outer InstancedStaticMeshComponent /Game/Terrain/HoudiniBake/terrain_bishe_1_846516E4.terrain_bishe_1_846516E4_C:InstancedStaticMesh9_GEN_VARIABLE because its class does not exist
[2019.05.11-13.24.17:448][  0]LogLinker: Warning: Unable to load PhysicsSerializer with outer InstancedStaticMeshComponent /Game/Terrain/HoudiniBake/terrain_bishe_1_846516E4.terrain_bishe_1_846516E4_C:InstancedStaticMesh_GEN_VARIABLE because its class does not exist
[2019.05.11-13.24.17:468][  0]LogBlueprint: Warning: [Compiler InfoTrigger] Input pin  Show  specifying non-default value no longer exists on node  Update Info . Please refresh node or reset pin to default value to remove pin.
[2019.05.11-13.24.17:469][  0]LogBlueprint: Warning: [Compiler InfoTrigger] [0013.63] Compile of InfoTrigger successful, but with 1 Warning(s) [in 3 ms] (/Game/UI/Teach/InfoTrigger.InfoTrigger)
[2019.05.11-13.24.19:313][  0]LogAIModule: Creating AISystem for world LakeLevel
[2019.05.11-13.24.19:600][  0]LogEditorServer: Finished looking for orphan Actors (0.000 secs)
[2019.05.11-13.24.19:706][  0]Cmd: MAP CHECKDEP NOCLEARLOG
[2019.05.11-13.24.19:903][  0]MapCheck: Map check complete: 0 Error(s), 0 Warning(s), took 196.918ms to complete.
[2019.05.11-13.24.19:903][  0]LogFileHelpers: Loading map 'LakeLevel' took 4.561
[2019.05.11-13.24.20:039][  0]LogSlate: Updating window title bar state: overlay mode, drag disabled, window buttons hidden, title bar hidden
[2019.05.11-13.24.20:046][  0]LogSlate: Updating window title bar state: overlay mode, drag disabled, window buttons hidden, title bar hidden
[2019.05.11-13.24.20:055][  0]LogSlate: Updating window title bar state: overlay mode, drag disabled, window buttons hidden, title bar hidden
[2019.05.11-13.24.20:063][  0]LogSlate: Updating window title bar state: overlay mode, drag disabled, window buttons hidden, title bar hidden
[2019.05.11-13.24.20:070][  0]LogCollectionManager: Loaded 0 collections in 0.001130 seconds
[2019.05.11-13.24.20:119][  0]LogFileCache: Scanning file cache for directory 'C:/Users/Ivy/Documents/DiplomaGame/ClimbDemo/Saved/Collections/' took 0.01s
[2019.05.11-13.24.20:119][  0]LogFileCache: Scanning file cache for directory 'C:/Users/Ivy/Documents/DiplomaGame/ClimbDemo/Content/Developers/Ivy/Collections/' took 0.01s
[2019.05.11-13.24.20:119][  0]LogFileCache: Scanning file cache for directory 'C:/Users/Ivy/Documents/DiplomaGame/ClimbDemo/Content/Collections/' took 0.01s
[2019.05.11-13.24.20:119][  0]LogCollectionManager: Rebuilt the GUID cache for 0 collections in 0.000000 seconds
[2019.05.11-13.24.20:128][  0]LogContentBrowser: Native class hierarchy populated in 0.0094 seconds. Added 2572 classes and 603 folders.
[2019.05.11-13.24.20:134][  0]LogContentBrowser: Native class hierarchy updated for 'WidgetCarousel' in 0.0002 seconds. Added 0 classes and 0 folders.
[2019.05.11-13.24.20:191][  0]LogContentBrowser: Native class hierarchy updated for 'AddContentDialog' in 0.0002 seconds. Added 0 classes and 0 folders.
[2019.05.11-13.24.20:203][  0]LogContentBrowser: Native class hierarchy updated for 'SceneOutliner' in 0.0002 seconds. Added 1 classes and 2 folders.
[2019.05.11-13.24.20:341][  0]LogSlate: Took 0.000306 seconds to synchronously load lazily loaded font '../../../Engine/Content/Slate/Fonts/Roboto-Regular.ttf' (155K)
[2019.05.11-13.24.20:347][  0]LogSlate: Took 0.000250 seconds to synchronously load lazily loaded font '../../../Engine/Content/Slate/Fonts/Roboto-Bold.ttf' (160K)
[2019.05.11-13.24.20:352][  0]LogSlate: Took 0.000328 seconds to synchronously load lazily loaded font '../../../Engine/Content/Editor/Slate/Fonts/FontAwesome.ttf' (139K)
[2019.05.11-13.24.20:453][  0]LogRenderer: Reallocating scene render targets to support 748x344 Format 10 NumSamples 1 (Frame:1).
[2019.05.11-13.24.20:478][  0]LogRenderer: Reallocating scene render targets to support 1496x688 Format 10 NumSamples 1 (Frame:1).
[2019.05.11-13.24.20:688][  0]LogContentBrowser: Native class hierarchy updated for 'HierarchicalLODOutliner' in 0.0004 seconds. Added 0 classes and 0 folders.
[2019.05.11-13.24.20:688][  0]LogLoad: (Engine Initialization) Total time: 16.85 seconds
[2019.05.11-13.24.20:688][  0]LogLoad: (Engine Initialization) Total Blueprint compile time: 0.00 seconds
[2019.05.11-13.24.20:708][  0]LogWindowsTextInputMethodSystem: Display: IME system now activated using TSF (微软拼音).
[2019.05.11-13.24.20:743][  0]LogContentStreaming: Texture pool size now 1000 MB
[2019.05.11-13.24.20:758][  0]LogSlate: Took 0.000227 seconds to synchronously load lazily loaded font '../../../Engine/Content/Slate/Fonts/Roboto-Light.ttf' (167K)
[2019.05.11-13.24.20:818][  2]LogAssetRegistry: Asset discovery search completed in 10.0435 seconds
[2019.05.11-13.24.20:821][  2]LogCollectionManager: Rebuilt the object cache for 0 collections in 0.000000 seconds (found 0 objects)
[2019.05.11-13.24.20:821][  2]LogCollectionManager: Fixed up redirectors for 0 collections in 0.000087 seconds (updated 0 objects)
[2019.05.11-13.24.21:729][ 53]LogSlate: Took 0.000231 seconds to synchronously load lazily loaded font '../../../Engine/Content/Slate/Fonts/Roboto-Light.ttf' (167K)
[2019.05.11-13.24.22:957][126]LogSlate: FSceneViewport::OnFocusLost() reason 0
[2019.05.11-13.24.30:831][501]LogLinker: Warning: Can't find file '/Game/-Models/Flag/FLags/Wind_jingfan_mid_Skeleton'
[2019.05.11-13.24.30:832][501]LogLinker: Warning: Can't find file for asset '/Game/-Models/Flag/FLags/Wind_jingfan_mid_Skeleton' while loading C:/Users/Ivy/Documents/DiplomaGame/ClimbDemo/Content/-Models/Flag/FLags/Wind_jingfan_mid.uasset.
[2019.05.11-13.24.30:832][501]LoadErrors: Error: /Game/-Models/Flag/FLags/Wind_jingfan_mid : Can't find file for asset. /Game/-Models/Flag/FLags/Wind_jingfan_mid_Skeleton
[2019.05.11-13.24.30:833][501]LogLinker: Warning: Can't find file '/Game/-Models/Flag/FLags/Wind_jingfan_mid_Skeleton'
[2019.05.11-13.24.30:833][501]LogLinker: Warning: Can't find file for asset '/Game/-Models/Flag/FLags/Wind_jingfan_mid_Skeleton' while loading C:/Users/Ivy/Documents/DiplomaGame/ClimbDemo/Content/-Models/Flag/FLags/Wind_jingfan_mid.uasset.
[2019.05.11-13.24.31:319][501]LogLinker: Warning: Can't find file '/Game/-Models/Flag/FLags/Wind_jingfan_mid_Skeleton'
[2019.05.11-13.24.31:319][501]LoadErrors: Failed to load /Game/-Models/Flag/FLags/Wind_jingfan_mid_Skeleton.Wind_jingfan_mid_Skeleton Referenced by Wind_jingfan_mid
[2019.05.11-13.24.31:320][501]LogLinker: Warning: Can't find file for asset '/Game/-Models/Flag/FLags/Wind_jingfan_mid_Skeleton' while loading NULL.
[2019.05.11-13.24.31:614][501]LogAIModule: Creating AISystem for world LakeLevelNew
[2019.05.11-13.24.31:681][501]LogAssetEditorManager: Opening Asset editor for World /Game/Terrain/4/LakeLevelNew.LakeLevelNew
[2019.05.11-13.24.31:716][501]Cmd: MAP LOAD FILE="C:/Users/Ivy/Documents/DiplomaGame/ClimbDemo/Content/Terrain/4/LakeLevelNew.umap" TEMPLATE=0 SHOWPROGRESS=1 FEATURELEVEL=3
[2019.05.11-13.24.31:716][501]LightingResults: New page: Lighting Build
[2019.05.11-13.24.31:716][501]LoadErrors: New page: Loading map: LakeLevelNew.umap
[2019.05.11-13.24.31:725][501]MapCheck: New page: Map Check
[2019.05.11-13.24.31:725][501]LightingResults: New page: Lighting Build
[2019.05.11-13.24.32:886][501]LogEditorServer: Finished looking for orphan Actors (0.000 secs)
[2019.05.11-13.24.32:996][501]Cmd: MAP CHECKDEP NOCLEARLOG
[2019.05.11-13.24.33:211][501]MapCheck: Map check complete: 0 Error(s), 0 Warning(s), took 214.04ms to complete.
[2019.05.11-13.24.33:217][501]LogFileHelpers: Loading map 'LakeLevelNew' took 1.502
[2019.05.11-13.24.42:205][ 22]LogSlate: FSceneViewport::OnFocusLost() reason 0
[2019.05.11-13.24.55:345][315]LogAIModule: Creating AISystem for world TestBos
[2019.05.11-13.24.55:357][315]LogAssetEditorManager: Opening Asset editor for World /Game/Test/TestBos.TestBos
[2019.05.11-13.24.55:381][315]Cmd: MAP LOAD FILE="C:/Users/Ivy/Documents/DiplomaGame/ClimbDemo/Content/Test/TestBos.umap" TEMPLATE=0 SHOWPROGRESS=1 FEATURELEVEL=3
[2019.05.11-13.24.55:382][315]LightingResults: New page: Lighting Build
[2019.05.11-13.24.55:382][315]LoadErrors: New page: Loading map: TestBos.umap
[2019.05.11-13.24.55:393][315]MapCheck: New page: Map Check
[2019.05.11-13.24.55:393][315]LightingResults: New page: Lighting Build
[2019.05.11-13.24.55:603][315]LogEditorServer: Finished looking for orphan Actors (0.000 secs)
[2019.05.11-13.24.55:650][315]Cmd: MAP CHECKDEP NOCLEARLOG
[2019.05.11-13.24.55:864][315]MapCheck: Map check complete: 0 Error(s), 0 Warning(s), took 214.967ms to complete.
[2019.05.11-13.24.55:869][315]LogFileHelpers: Loading map 'TestBos' took 0.487
[2019.05.11-13.24.56:999][374]LogTemp: Repeating last play command: Selected Viewport
[2019.05.11-13.24.57:016][374]LogPlayLevel: PlayLevel: No blueprints needed recompiling
[2019.05.11-13.24.57:031][374]PIE: New page: PIE session: TestBos (May 12, 2019, 5:24:57 AM)
[2019.05.11-13.24.57:031][374]LogPlayLevel: Creating play world package: /Game/Test/UEDPIE_0_TestBos
[2019.05.11-13.24.57:037][374]LogPlayLevel: PIE: StaticDuplicateObject took: (0.006085s)
[2019.05.11-13.24.57:038][374]LogAIModule: Creating AISystem for world TestBos
[2019.05.11-13.24.57:038][374]LogPlayLevel: PIE: World Init took: (0.000790s)
[2019.05.11-13.24.57:038][374]LogPlayLevel: PIE: Created PIE world by copying editor world from /Game/Test/TestBos.TestBos to /Game/Test/UEDPIE_0_TestBos.TestBos (0.007080s)
[2019.05.11-13.24.57:163][374]LogInit: XAudio2 using '扬声器/听筒 (Realtek Audio)' : 6 channels at 48 kHz using 32 bits per sample (channel mask 0x3f)
[2019.05.11-13.24.57:209][374]LogInit: FAudioDevice initialized.
[2019.05.11-13.24.57:258][374]LogLoad: Game class is 'GameModeBase'
[2019.05.11-13.24.57:263][374]LogWorld: Bringing World /Game/Test/UEDPIE_0_TestBos.TestBos up for play (max tick rate 60) at 2019.05.11-21.24.57
[2019.05.11-13.24.57:264][374]LogWorld: Bringing up level for play took: 0.004131
[2019.05.11-13.24.57:283][374]LogContentBrowser: Native class hierarchy updated for 'MovieSceneCapture' in 0.0004 seconds. Added 10 classes and 0 folders.
[2019.05.11-13.24.57:286][374]PIE: Play in editor start time for /Game/Test/UEDPIE_0_TestBos 1.114
[2019.05.11-13.25.03:967][770]LogSlate: Updating window title bar state: overlay mode, drag disabled, window buttons hidden, title bar hidden
[2019.05.11-13.25.04:000][770]LogPlayLevel: Display: Shutting down PIE online subsystems
[2019.05.11-13.25.04:032][770]LogSlate: Updating window title bar state: overlay mode, drag disabled, window buttons hidden, title bar hidden
[2019.05.11-13.25.04:073][772]LogPlayLevel: Display: Destroying online subsystem :Context_1
[2019.05.11-13.25.07:099][950]LogSlate: FSceneViewport::OnFocusLost() reason 0
[2019.05.11-13.25.08:697][ 44]LogEditorViewport: Clicking on Actor (LMB): AIBoss_C (AIBoss)
[2019.05.11-13.25.10:840][163]LogSlate: FSceneViewport::OnFocusLost() reason 0
[2019.05.11-13.25.14:467][271]LogWindows: Error: === Critical error: ===
[2019.05.11-13.25.14:467][271]LogWindows: Error: 
[2019.05.11-13.25.14:467][271]LogWindows: Error: Fatal error!
[2019.05.11-13.25.14:467][271]LogWindows: Error: 
[2019.05.11-13.25.14:467][271]LogWindows: Error: Unhandled Exception: EXCEPTION_ACCESS_VIOLATION reading address 0x00000008
[2019.05.11-13.25.14:467][271]LogWindows: Error: 
[2019.05.11-13.25.14:467][271]LogWindows: Error: [Callstack] 0x00007ffa08dbc181 UE4Editor-Landscape.dll!UnknownFunction []
[2019.05.11-13.25.14:467][271]LogWindows: Error: [Callstack] 0x00007ffa08d37263 UE4Editor-Landscape.dll!UnknownFunction []
[2019.05.11-13.25.14:467][271]LogWindows: Error: [Callstack] 0x00007ffa08d31aa2 UE4Editor-Landscape.dll!UnknownFunction []
[2019.05.11-13.25.14:467][271]LogWindows: Error: [Callstack] 0x00007ffa08d318a4 UE4Editor-Landscape.dll!UnknownFunction []
[2019.05.11-13.25.14:467][271]LogWindows: Error: [Callstack] 0x00007ffa0a343345 UE4Editor-CoreUObject.dll!UnknownFunction []
[2019.05.11-13.25.14:467][271]LogWindows: Error: [Callstack] 0x00007ffa0a42b7a1 UE4Editor-CoreUObject.dll!UnknownFunction []
[2019.05.11-13.25.14:467][271]LogWindows: Error: [Callstack] 0x00007ffa0a4462c4 UE4Editor-CoreUObject.dll!UnknownFunction []
[2019.05.11-13.25.14:467][271]LogWindows: Error: [Callstack] 0x00007ffa0a4454b9 UE4Editor-CoreUObject.dll!UnknownFunction []
[2019.05.11-13.25.14:467][271]LogWindows: Error: [Callstack] 0x00007ffa0a45c30e UE4Editor-CoreUObject.dll!UnknownFunction []
[2019.05.11-13.25.14:467][271]LogWindows: Error: [Callstack] 0x00007ffa0a469a28 UE4Editor-CoreUObject.dll!UnknownFunction []
[2019.05.11-13.25.14:467][271]LogWindows: Error: [Callstack] 0x00007ffa0a46916e UE4Editor-CoreUObject.dll!UnknownFunction []
[2019.05.11-13.25.14:467][271]LogWindows: Error: [Callstack] 0x00007ff9c0ad3e37 UE4Editor-ContentBrowser.dll!UnknownFunction []
[2019.05.11-13.25.14:467][271]LogWindows: Error: [Callstack] 0x00007ff9c0a90499 UE4Editor-ContentBrowser.dll!UnknownFunction []
[2019.05.11-13.25.14:467][271]LogWindows: Error: [Callstack] 0x00007ff9c0adefe3 UE4Editor-ContentBrowser.dll!UnknownFunction []
[2019.05.11-13.25.14:467][271]LogWindows: Error: [Callstack] 0x00007ff9c0a8e1ea UE4Editor-ContentBrowser.dll!UnknownFunction []
[2019.05.11-13.25.14:467][271]LogWindows: Error: [Callstack] 0x00007ff9c0a8ab30 UE4Editor-ContentBrowser.dll!UnknownFunction []
[2019.05.11-13.25.14:467][271]LogWindows: Error: [Callstack] 0x00007ff9c0aeb950 UE4Editor-ContentBrowser.dll!UnknownFunction []
[2019.05.11-13.25.14:467][271]LogWindows: Error: [Callstack] 0x00007ff9c0adf4af UE4Editor-ContentBrowser.dll!UnknownFunction []
[2019.05.11-13.25.14:467][271]LogWindows: Error: [Callstack] 0x00007ffa09a08f0a UE4Editor-Slate.dll!UnknownFunction []
[2019.05.11-13.25.14:467][271]LogWindows: Error: [Callstack] 0x00007ffa09a9fdce UE4Editor-Slate.dll!UnknownFunction []
[2019.05.11-13.25.14:467][271]LogWindows: Error: [Callstack] 0x00007ffa09a86fca UE4Editor-Slate.dll!UnknownFunction []
[2019.05.11-13.25.14:467][271]LogWindows: Error: [Callstack] 0x00007ffa09a7a87a UE4Editor-Slate.dll!UnknownFunction []
[2019.05.11-13.25.14:467][271]LogWindows: Error: [Callstack] 0x00007ffa1b68d16f UE4Editor-ApplicationCore.dll!UnknownFunction []
[2019.05.11-13.25.14:467][271]LogWindows: Error: [Callstack] 0x00007ffa1b680270 UE4Editor-ApplicationCore.dll!UnknownFunction []
[2019.05.11-13.25.14:467][271]LogWindows: Error: [Callstack] 0x00007ffa1b68f4c5 UE4Editor-ApplicationCore.dll!UnknownFunction []
[2019.05.11-13.25.14:467][271]LogWindows: Error: [Callstack] 0x00007ffa1b67c209 UE4Editor-ApplicationCore.dll!UnknownFunction []
[2019.05.11-13.25.14:467][271]LogWindows: Error: [Callstack] 0x00007ffa551a6d41 USER32.dll!UnknownFunction []
[2019.05.11-13.25.14:467][271]LogWindows: Error: [Callstack] 0x00007ffa551a6713 USER32.dll!UnknownFunction []
[2019.05.11-13.25.14:467][271]LogWindows: Error: [Callstack] 0x00007ffa1b690646 UE4Editor-ApplicationCore.dll!UnknownFunction []
[2019.05.11-13.25.14:467][271]LogWindows: Error: [Callstack] 0x00007ff7ebac54e5 UE4Editor.exe!UnknownFunction []
[2019.05.11-13.25.14:467][271]LogWindows: Error: [Callstack] 0x00007ff7ebad5b3c UE4Editor.exe!UnknownFunction []
[2019.05.11-13.25.14:467][271]LogWindows: Error: [Callstack] 0x00007ff7ebad5bba UE4Editor.exe!UnknownFunction []
[2019.05.11-13.25.14:468][271]LogWindows: Error: [Callstack] 0x00007ff7ebae3dac UE4Editor.exe!UnknownFunction []
[2019.05.11-13.25.14:468][271]LogWindows: Error: [Callstack] 0x00007ff7ebae5aaa UE4Editor.exe!UnknownFunction []
[2019.05.11-13.25.14:468][271]LogWindows: Error: [Callstack] 0x00007ffa55014034 KERNEL32.DLL!UnknownFunction []
[2019.05.11-13.25.14:468][271]LogWindows: Error: [Callstack] 0x00007ffa55a53691 ntdll.dll!UnknownFunction []
[2019.05.11-13.25.14:468][271]LogWindows: Error: 
[2019.05.11-13.25.14:487][271]LogExit: Executing StaticShutdownAfterError
[2019.05.11-13.25.14:491][271]LogWindows: FPlatformMisc::RequestExit(1)
[2019.05.11-13.25.14:503][271]Log file closed, 05/11/19 21:25:14
