Log file open, 06/15/19 00:38:06
LogWindows: Failed to load 'aqProf.dll' (GetLastError=126)
LogWindows: File 'aqProf.dll' does not exist
LogWindows: Failed to load 'VtuneApi.dll' (GetLastError=126)
LogWindows: File 'VtuneApi.dll' does not exist
LogWindows: Failed to load 'VtuneApi32e.dll' (GetLastError=126)
LogWindows: File 'VtuneApi32e.dll' does not exist
LogInit: Display: Running engine for game: ClimbDemo
LogPlatformFile: Not using cached read wrapper
LogTaskGraph: Started task graph with 5 named threads and 14 total threads with 3 sets of task threads.
LogStats: Stats thread started at 0.222770
LogD3D11RHI: Loaded GFSDK_Aftermath_Lib.x64.dll
LogICUInternationalization: Display: ICU TimeZone Detection - Raw Offset: +8:00, Platform Override: ''
LogPluginManager: Mounting plugin Paper2D
LogPluginManager: Mounting plugin AISupport
LogPluginManager: Mounting plugin LightPropagationVolume
LogPluginManager: Mounting plugin CLionSourceCodeAccess
LogPluginManager: Mounting plugin CodeLiteSourceCodeAccess
LogPluginManager: Mounting plugin GitSourceControl
LogPluginManager: Mounting plugin KDevelopSourceCodeAccess
LogPluginManager: Mounting plugin NullSourceCodeAccess
LogPluginManager: Mounting plugin PerforceSourceControl
LogPluginManager: Mounting plugin SubversionSourceControl
LogPluginManager: Mounting plugin UObjectPlugin
LogPluginManager: Mounting plugin VisualStudioCodeSourceCodeAccess
LogPluginManager: Mounting plugin VisualStudioSourceCodeAccess
LogPluginManager: Mounting plugin XCodeSourceCodeAccess
LogPluginManager: Mounting plugin AssetManagerEditor
LogPluginManager: Mounting plugin CryptoKeys
LogPluginManager: Mounting plugin DataValidation
LogPluginManager: Mounting plugin FacialAnimation
LogPluginManager: Mounting plugin GameplayTagsEditor
LogPluginManager: Mounting plugin MacGraphicsSwitching
LogPluginManager: Mounting plugin MeshEditor
LogPluginManager: Mounting plugin MobileLauncherProfileWizard
LogPluginManager: Mounting plugin PluginBrowser
LogPluginManager: Mounting plugin SpeedTreeImporter
LogPluginManager: Mounting plugin DatasmithContent
LogPluginManager: Mounting plugin AlembicImporter
LogPluginManager: Mounting plugin AppleImageUtils
LogPluginManager: Mounting plugin AppleVision
LogPluginManager: Mounting plugin BackChannel
LogPluginManager: Mounting plugin CharacterAI
LogPluginManager: Mounting plugin GeometryCache
LogPluginManager: Mounting plugin HTML5Networking
LogPluginManager: Mounting plugin ProxyLODPlugin
LogPluginManager: Mounting plugin MagicLeap
LogPluginManager: Mounting plugin MagicLeapEmulator
LogPluginManager: Mounting plugin MagicLeapMedia
LogPluginManager: Mounting plugin AndroidMedia
LogPluginManager: Mounting plugin AvfMedia
LogPluginManager: Mounting plugin ImgMedia
LogPluginManager: Mounting plugin LinearTimecode
LogPluginManager: Mounting plugin MediaCompositing
LogPluginManager: Mounting plugin MediaPlayerEditor
LogPluginManager: Mounting plugin WmfMedia
LogPluginManager: Mounting plugin TcpMessaging
LogPluginManager: Mounting plugin UdpMessaging
LogPluginManager: Mounting plugin ActorSequence
LogPluginManager: Mounting plugin LevelSequenceEditor
LogPluginManager: Mounting plugin MatineeToLevelSequence
LogPluginManager: Mounting plugin NetcodeUnitTest
LogPluginManager: Mounting plugin NUTUnrealEngine4
LogPluginManager: Mounting plugin OnlineSubsystemGooglePlay
LogPluginManager: Mounting plugin OnlineSubsystemIOS
LogPluginManager: Mounting plugin OnlineSubsystem
LogPluginManager: Mounting plugin OnlineSubsystemNull
LogPluginManager: Mounting plugin OnlineSubsystemUtils
LogPluginManager: Mounting plugin LauncherChunkInstaller
LogPluginManager: Mounting plugin AndroidDeviceProfileSelector
LogPluginManager: Mounting plugin AndroidMoviePlayer
LogPluginManager: Mounting plugin AndroidPermission
LogPluginManager: Mounting plugin AppleMoviePlayer
LogPluginManager: Mounting plugin ArchVisCharacter
LogPluginManager: Mounting plugin AudioCapture
LogPluginManager: Mounting plugin CableComponent
LogPluginManager: Mounting plugin CustomMeshComponent
LogPluginManager: Mounting plugin EditableMesh
LogPluginManager: Mounting plugin ExampleDeviceProfileSelector
LogPluginManager: Mounting plugin GoogleCloudMessaging
LogPluginManager: Mounting plugin HoudiniEngine
LogPluginManager: Mounting plugin ImmediatePhysics
LogPluginManager: Mounting plugin IOSDeviceProfileSelector
LogPluginManager: Mounting plugin LinuxDeviceProfileSelector
LogPluginManager: Mounting plugin LocationServicesBPLibrary
LogPluginManager: Mounting plugin MobilePatchingUtils
LogPluginManager: Mounting plugin OculusVR
LogPluginManager: Plugin shader directory ../../../Engine/Plugins/Runtime/Oculus/OculusVR/Shaders found
LogPluginManager: Mapping shader source directory ../../../Engine/Plugins/Runtime/Oculus/OculusVR/Shaders to virtual directory /Plugin/OculusVR
LogPluginManager: Mounting plugin PhysXVehicles
LogPluginManager: Mounting plugin ProceduralMeshComponent
LogPluginManager: Mounting plugin RuntimePhysXCooking
LogPluginManager: Mounting plugin SteamVR
LogPluginManager: Mounting plugin WindowsMoviePlayer
LogStreaming: Display: Took  0.176s to configure plugins.
LogInit: Using libcurl 7.55.1-DEV
LogInit:  - built for x86_64-pc-win32
LogInit:  - supports SSL with OpenSSL/1.0.2h
LogInit:  - supports HTTP deflate (compression) using libz 1.2.8
LogInit:  - other features:
LogInit:      CURL_VERSION_SSL
LogInit:      CURL_VERSION_LIBZ
LogInit:      CURL_VERSION_IPV6
LogInit:      CURL_VERSION_ASYNCHDNS
LogInit:      CURL_VERSION_LARGEFILE
LogInit:      CURL_VERSION_IDN
LogInit:  CurlRequestOptions (configurable via config and command line):
LogInit:  - bVerifyPeer = false  - Libcurl will NOT verify peer certificate
LogInit:  - bUseHttpProxy = true  - Libcurl will use HTTP proxy
LogInit:  - HttpProxyAddress = '127.0.0.1:1080'
LogInit:  - bDontReuseConnections = false  - Libcurl will reuse connections
LogInit:  - CertBundlePath = nullptr  - Libcurl will use whatever was configured at build time.
LogInit:  - MaxHostConnections = 16  - Libcurl will limit the number of connections to a host
LogInit:  - LocalHostAddr = Default
LogInit:  - BufferSize = 65536
LogInit: WinSock: version 1.1 (2.2), MaxSocks=32767, MaxUdp=65467
LogInit: Build: ++UE4+Release-4.20-CL-4369336
LogInit: Engine Version: 4.20.3-4369336+++UE4+Release-4.20
LogInit: Compatible Engine Version: 4.20.0-4212847+++UE4+Release-4.20
LogInit: Net CL: 4212847
LogInit: OS: Windows 10 (), CPU: Intel(R) Core(TM) i5-4590 CPU @ 3.30GHz, GPU: NVIDIA GeForce GTX 960
LogInit: Compiled (64-bit): Sep 17 2018 12:26:19
LogInit: Compiled with Visual C++: 19.13.26129.00
LogInit: Build Configuration: Development
LogInit: Branch Name: ++UE4+Release-4.20
LogInit: Command Line:  
LogInit: Base Directory: E:/UE4/UE_4.20/Engine/Binaries/Win64/
LogInit: Installed Engine Build: 1
LogDevObjectVersion: Number of dev versions registered: 20
LogDevObjectVersion:   Dev-Blueprints (B0D832E4-1F89-4F0D-ACCF-7EB736FD4AA2): 10
LogDevObjectVersion:   Dev-Build (E1C64328-A22C-4D53-A36C-8E866417BD8C): 0
LogDevObjectVersion:   Dev-Core (375EC13C-06E4-48FB-B500-84F0262A717E): 2
LogDevObjectVersion:   Dev-Editor (E4B068ED-F494-42E9-A231-DA0B2E46BB41): 24
LogDevObjectVersion:   Dev-Framework (CFFC743F-43B0-4480-9391-14DF171D2073): 34
LogDevObjectVersion:   Dev-Mobile (B02B49B5-BB20-44E9-A304-32B752E40360): 2
LogDevObjectVersion:   Dev-Networking (A4E4105C-59A1-49B5-A7C5-40C4547EDFEE): 0
LogDevObjectVersion:   Dev-Online (39C831C9-5AE6-47DC-9A44-9C173E1C8E7C): 0
LogDevObjectVersion:   Dev-Physics (78F01B33-EBEA-4F98-B9B4-84EACCB95AA2): 0
LogDevObjectVersion:   Dev-Platform (6631380F-2D4D-43E0-8009-CF276956A95A): 0
LogDevObjectVersion:   Dev-Rendering (12F88B9F-8875-4AFC-A67C-D90C383ABD29): 26
LogDevObjectVersion:   Dev-Sequencer (7B5AE74C-D270-4C10-A958-57980B212A5A): 9
LogDevObjectVersion:   Dev-VR (D7296918-1DD6-4BDD-9DE2-64A83CC13884): 2
LogDevObjectVersion:   Dev-LoadTimes (C2A15278-BFE7-4AFE-6C17-90FF531DF755): 1
LogDevObjectVersion:   Private-Geometry (6EACA3D4-40EC-4CC1-B786-8BED09428FC5): 3
LogDevObjectVersion:   Dev-AnimPhys (29E575DD-E0A3-4627-9D10-D276232CDCEA): 17
LogDevObjectVersion:   Dev-ReflectionCapture (6B266CEC-1EC7-4B8F-A30B-E4D90942FC07): 1
LogDevObjectVersion:   Dev-Automation (0DF73D61-A23F-47EA-B727-89E90C41499A): 1
LogDevObjectVersion:   FortniteMain (601D1886-AC64-4F84-AA16-D3DE0DEAC7D6): 12
LogDevObjectVersion:   Dev-Enterprise (9DFFBCD6-494F-0158-E221-12823C92A888): 1
LogStreaming: Display: Took  0.002s to delete old logs.
LogInit: Presizing for max 8388607 objects, including 0 objects not considered by GC, pre-allocating 0 bytes for permanent pool.
LogInit: Object subsystem initialized
[2019.06.14-16.38.07:186][  0]LogInit: Selected Device Profile: [Windows]
[2019.06.14-16.38.07:186][  0]LogInit: Applying CVar settings loaded from the selected device profile: [Windows]
[2019.06.14-16.38.07:203][  0]LogHAL: Display: Platform has ~ 16 GB [17069932544 / 17179869184 / 16], which maps to Larger [LargestMinGB=32, LargerMinGB=12, DefaultMinGB=8, SmallerMinGB=6, SmallestMinGB=0)
[2019.06.14-16.38.07:203][  0]LogInit: Setting Device Profile CVar: [[r.Vulkan.UseRealUBs:1]]
[2019.06.14-16.38.07:203][  0]LogInit: Going up to parent DeviceProfile []
[2019.06.14-16.38.07:203][  0]LogInit: Computer: DESKTOP-LAG4IKO
[2019.06.14-16.38.07:203][  0]LogInit: User: 14367
[2019.06.14-16.38.07:203][  0]LogInit: CPU Page size=4096, Cores=4
[2019.06.14-16.38.07:203][  0]LogInit: High frequency timer resolution =10.000000 MHz
[2019.06.14-16.38.07:204][  0]LogMemory: Memory total: Physical=15.9GB (16GB approx)
[2019.06.14-16.38.07:204][  0]LogMemory: Platform Memory Stats for Windows
[2019.06.14-16.38.07:204][  0]LogMemory: Process Physical Memory: 105.05 MB used, 105.05 MB peak
[2019.06.14-16.38.07:204][  0]LogMemory: Process Virtual Memory: 87.01 MB used, 87.01 MB peak
[2019.06.14-16.38.07:204][  0]LogMemory: Physical Memory: 3790.18 MB used,  12488.98 MB free, 16279.16 MB total
[2019.06.14-16.38.07:204][  0]LogMemory: Virtual Memory: 4637.21 MB used,  12488.98 MB free, 134217728.00 MB total
[2019.06.14-16.38.07:243][  0]LogInit: Using OS detected language (zh-CN).
[2019.06.14-16.38.07:243][  0]LogInit: Using OS detected locale (zh-CN).
[2019.06.14-16.38.07:639][  0]LogStreaming: Display: Took  0.396s to InitEngineTextLocalization.
[2019.06.14-16.38.07:639][  0]LogInit: Setting process to per monitor DPI aware
[2019.06.14-16.38.07:683][  0]LogSlate: New Slate User Created.  User Index 0, Is Virtual User: 0
[2019.06.14-16.38.07:683][  0]LogSlate: Slate User Registered.  User Index 0, Is Virtual User: 0
[2019.06.14-16.38.08:043][  0]LogHMD: Failed to initialize OpenVR with code 110
[2019.06.14-16.38.08:043][  0]LogD3D11RHI: D3D11 adapters:
[2019.06.14-16.38.08:102][  0]LogD3D11RHI:    0. 'NVIDIA GeForce GTX 960' (Feature Level 11_0)
[2019.06.14-16.38.08:102][  0]LogD3D11RHI:       4062/0/8139 MB DedicatedVideo/DedicatedSystem/SharedSystem, Outputs:1, VendorId:0x10de
[2019.06.14-16.38.08:114][  0]LogD3D11RHI:    1. 'Intel(R) HD Graphics 4600' (Feature Level 11_0)
[2019.06.14-16.38.08:114][  0]LogD3D11RHI:       112/0/2048 MB DedicatedVideo/DedicatedSystem/SharedSystem, Outputs:0, VendorId:0x8086
[2019.06.14-16.38.08:117][  0]LogD3D11RHI:    2. 'Microsoft Basic Render Driver' (Feature Level 11_0)
[2019.06.14-16.38.08:117][  0]LogD3D11RHI:       0/0/8139 MB DedicatedVideo/DedicatedSystem/SharedSystem, Outputs:0, VendorId:0x1414
[2019.06.14-16.38.08:118][  0]LogD3D11RHI: Chosen D3D11 Adapter: 0
[2019.06.14-16.38.08:129][  0]LogD3D11RHI: Creating new Direct3DDevice
[2019.06.14-16.38.08:129][  0]LogD3D11RHI:     GPU DeviceId: 0x1401 (for the marketing name, search the web for "GPU Device Id")
[2019.06.14-16.38.08:129][  0]LogWindows: EnumDisplayDevices:
[2019.06.14-16.38.08:130][  0]LogWindows:    0. 'NVIDIA GeForce GTX 960' (P:1 D:1)
[2019.06.14-16.38.08:131][  0]LogWindows:    1. 'NVIDIA GeForce GTX 960' (P:0 D:0)
[2019.06.14-16.38.08:132][  0]LogWindows:    2. 'NVIDIA GeForce GTX 960' (P:0 D:0)
[2019.06.14-16.38.08:134][  0]LogWindows:    3. 'NVIDIA GeForce GTX 960' (P:0 D:0)
[2019.06.14-16.38.08:135][  0]LogWindows:    4. 'Intel(R) HD Graphics 4600' (P:0 D:0)
[2019.06.14-16.38.08:136][  0]LogWindows:    5. 'Intel(R) HD Graphics 4600' (P:0 D:0)
[2019.06.14-16.38.08:138][  0]LogWindows:    6. 'Intel(R) HD Graphics 4600' (P:0 D:0)
[2019.06.14-16.38.08:138][  0]LogWindows: DebugString: PrimaryIsNotTheChoosenAdapter PrimaryIsNotTheChoosenAdapter PrimaryIsNotTheChoosenAdapter FoundDriverCount:4 
[2019.06.14-16.38.08:139][  0]LogD3D11RHI:     Adapter Name: NVIDIA GeForce GTX 960
[2019.06.14-16.38.08:139][  0]LogD3D11RHI:   Driver Version: 388.13 (internal:23.21.13.8813, unified:388.13)
[2019.06.14-16.38.08:139][  0]LogD3D11RHI:      Driver Date: 10-27-2017
[2019.06.14-16.38.08:139][  0]LogRHI: Texture pool is 2843 MB (70% of 4062 MB)
[2019.06.14-16.38.08:183][  0]LogD3D11RHI: Async texture creation enabled
[2019.06.14-16.38.08:195][  0]LogD3D11RHI: GPU Timing Frequency: 1000.000000 (Debug: 2 1)
[2019.06.14-16.38.08:200][  0]LogShaderCompilers: Guid format shader working directory is 12 characters bigger than the processId version (D:/Documents/DiplomaGame/ClimbDemo/Intermediate/Shaders/WorkingDirectory/1656/).
[2019.06.14-16.38.08:201][  0]LogShaderCompilers: Cleaned the shader compiler working directory 'C:/Users/14367/AppData/Local/Temp/UnrealShaderWorkingDir/908DAEC04783EB275C7C998B200D66C1/'.
[2019.06.14-16.38.08:614][  0]LogTemp: Display: Loaded TP AllDesktopTargetPlatform
[2019.06.14-16.38.08:629][  0]LogTemp: Display: Loaded TP MacClientTargetPlatform
[2019.06.14-16.38.08:644][  0]LogTemp: Display: Loaded TP MacNoEditorTargetPlatform
[2019.06.14-16.38.08:660][  0]LogTemp: Display: Loaded TP MacServerTargetPlatform
[2019.06.14-16.38.08:676][  0]LogTemp: Display: Loaded TP MacTargetPlatform
[2019.06.14-16.38.08:691][  0]LogTemp: Display: Loaded TP WindowsClientTargetPlatform
[2019.06.14-16.38.08:707][  0]LogTemp: Display: Loaded TP WindowsNoEditorTargetPlatform
[2019.06.14-16.38.08:722][  0]LogTemp: Display: Loaded TP WindowsServerTargetPlatform
[2019.06.14-16.38.08:729][  0]LogTemp: Display: Loaded TP WindowsTargetPlatform
[2019.06.14-16.38.08:810][  0]LogTemp: Display: Loaded TP AndroidTargetPlatform
[2019.06.14-16.38.08:810][  0]LogTemp: Display: Loaded TP AndroidTargetPlatform
[2019.06.14-16.38.08:810][  0]LogTemp: Display: Loaded TP AndroidTargetPlatform
[2019.06.14-16.38.08:810][  0]LogTemp: Display: Loaded TP AndroidTargetPlatform
[2019.06.14-16.38.08:810][  0]LogTemp: Display: Loaded TP AndroidTargetPlatform
[2019.06.14-16.38.08:810][  0]LogTemp: Display: Loaded TP AndroidTargetPlatform
[2019.06.14-16.38.08:810][  0]LogTemp: Display: Loaded TP AndroidTargetPlatform
[2019.06.14-16.38.08:810][  0]LogTemp: Display: Loaded TP AndroidTargetPlatform
[2019.06.14-16.38.08:810][  0]LogTemp: Display: Loaded TP AndroidTargetPlatform
[2019.06.14-16.38.08:810][  0]LogTemp: Display: Loaded TP AndroidTargetPlatform
[2019.06.14-16.38.08:810][  0]LogTemp: Display: Loaded TP AndroidTargetPlatform
[2019.06.14-16.38.08:810][  0]LogTemp: Display: Loaded TP AndroidTargetPlatform
[2019.06.14-16.38.08:810][  0]LogTemp: Display: Loaded TP AndroidTargetPlatform
[2019.06.14-16.38.08:810][  0]LogTemp: Display: Loaded TP AndroidTargetPlatform
[2019.06.14-16.38.08:810][  0]LogTemp: Display: Loaded TP AndroidTargetPlatform
[2019.06.14-16.38.08:810][  0]LogTemp: Display: Loaded TP AndroidTargetPlatform
[2019.06.14-16.38.08:810][  0]LogTemp: Display: Loaded TP AndroidTargetPlatform
[2019.06.14-16.38.08:810][  0]LogTemp: Display: Loaded TP AndroidTargetPlatform
[2019.06.14-16.38.08:812][  0]LogTemp: Display: Loaded TP HTML5TargetPlatform
[2019.06.14-16.38.08:877][  0]LogTemp: Display: Loaded TP IOSTargetPlatform
[2019.06.14-16.38.08:877][  0]LogTemp: Display: Loaded TP IOSTargetPlatform
[2019.06.14-16.38.08:903][  0]LogTemp: Display: Loaded TP TVOSTargetPlatform
[2019.06.14-16.38.08:903][  0]LogTemp: Display: Loaded TP TVOSTargetPlatform
[2019.06.14-16.38.08:916][  0]LogTemp: Display: Loaded TP LinuxClientTargetPlatform
[2019.06.14-16.38.08:930][  0]LogTemp: Display: Loaded TP LinuxNoEditorTargetPlatform
[2019.06.14-16.38.08:943][  0]LogTemp: Display: Loaded TP LinuxServerTargetPlatform
[2019.06.14-16.38.08:957][  0]LogTemp: Display: Loaded TP LinuxTargetPlatform
[2019.06.14-16.38.08:967][  0]LogTemp: Display: Loaded TP LuminTargetPlatform
[2019.06.14-16.38.08:967][  0]LogTargetPlatformManager: Display: Building Assets For Windows
[2019.06.14-16.38.09:052][  0]LogXGEController: Cleaning working directory: C:/Users/14367/AppData/Local/Temp/UnrealXGEWorkingDir/
[2019.06.14-16.38.09:052][  0]LogXGEController: Cannot use XGE Controller as Incredibuild is not installed on this machine.
[2019.06.14-16.38.09:053][  0]LogShaderCompilers: Cannot use XGE Shader Compiler as Incredibuild is not installed on this machine.
[2019.06.14-16.38.09:053][  0]LogShaderCompilers: Display: Using Local Shader Compiler.
[2019.06.14-16.38.09:824][  0]LogDerivedDataCache: Display: Max Cache Size: 512 MB
[2019.06.14-16.38.09:918][  0]LogDerivedDataCache: Loaded boot cache 0.09s 71MB C:/Users/14367/AppData/Local/UnrealEngine/4.20/DerivedDataCache/Boot.ddc.
[2019.06.14-16.38.09:919][  0]LogDerivedDataCache: Display: Loaded Boot cache: C:/Users/14367/AppData/Local/UnrealEngine/4.20/DerivedDataCache/Boot.ddc
[2019.06.14-16.38.09:919][  0]LogDerivedDataCache: FDerivedDataBackendGraph:  Pak pak cache file D:/Documents/DiplomaGame/ClimbDemo/DerivedDataCache/DDC.ddp not found, will not use a pak cache.
[2019.06.14-16.38.09:919][  0]LogDerivedDataCache: Unable to find inner node Pak for hierarchical cache Hierarchy.
[2019.06.14-16.38.09:919][  0]LogDerivedDataCache: FDerivedDataBackendGraph:  CompressedPak pak cache file D:/Documents/DiplomaGame/ClimbDemo/DerivedDataCache/Compressed.ddp not found, will not use a pak cache.
[2019.06.14-16.38.09:919][  0]LogDerivedDataCache: Unable to find inner node CompressedPak for hierarchical cache Hierarchy.
[2019.06.14-16.38.09:937][  0]LogDerivedDataCache: Display: Pak cache opened for reading ../../../Engine/DerivedDataCache/Compressed.ddp.
[2019.06.14-16.38.09:950][  0]LogDerivedDataCache: Using Local data cache path C:/Users/14367/AppData/Local/UnrealEngine/Common/DerivedDataCache: Writable
[2019.06.14-16.38.09:950][  0]LogDerivedDataCache: Shared data cache path not found in *engine.ini, will not use an Shared cache.
[2019.06.14-16.38.09:950][  0]LogDerivedDataCache: Unable to find inner node Shared for hierarchical cache Hierarchy.
[2019.06.14-16.38.09:973][  0]LogMaterial: Verifying Global Shaders for PCD3D_SM5
[2019.06.14-16.38.09:975][  0]LogSlate: Using FreeType 2.6.0
[2019.06.14-16.38.09:976][  0]LogSlate: SlateFontServices - WITH_FREETYPE: 1, WITH_HARFBUZZ: 1
[2019.06.14-16.38.10:070][  0]LogAssetRegistry: FAssetRegistry took 0.0268 seconds to start up
[2019.06.14-16.38.10:410][  0]LogInit: Selected Device Profile: [Windows]
[2019.06.14-16.38.10:561][  0]LogSimplygon: Simplygon DLL not present - disabling.
[2019.06.14-16.38.10:567][  0]LogMeshReduction: Using SimplygonSwarm for distributed automatic mesh merging
[2019.06.14-16.38.10:567][  0]LogMeshReduction: Using ProxyLODMeshReduction for automatic mesh merging
[2019.06.14-16.38.10:567][  0]LogMeshReduction: Using QuadricMeshReduction for automatic static mesh reduction
[2019.06.14-16.38.10:567][  0]LogMeshReduction: No automatic skeletal mesh reduction module available
[2019.06.14-16.38.10:588][  0]LogNetVersion: ClimbDemo 1.0.0, NetCL: 4212847, EngineNetVer: 5, GameNetVer: 0 (Checksum: 2394580764)
[2019.06.14-16.38.11:361][  0]LogPackageLocalizationCache: Processed 12 localized package path(s) for 4 prioritized culture(s) in 0.293207 seconds
[2019.06.14-16.38.11:369][  0]LogUObjectArray: 38426 objects as part of root set at end of initial load.
[2019.06.14-16.38.11:369][  0]LogUObjectAllocator: 6691096 out of 0 bytes used by permanent object pool.
[2019.06.14-16.38.11:369][  0]LogUObjectArray: CloseDisregardForGC: 0/0 objects in disregard for GC pool
[2019.06.14-16.38.12:441][  0]LogTcpMessaging: Initializing TcpMessaging bridge
[2019.06.14-16.38.12:455][  0]LogUdpMessaging: Initializing bridge on interface 0.0.0.0:0 to multicast group 230.0.0.1:6666.
[2019.06.14-16.38.12:624][  0]SourceControl: 源码管理已禁用
[2019.06.14-16.38.12:624][  0]SourceControl: 源码管理已禁用
[2019.06.14-16.38.12:627][  0]SourceControl: 源码管理已禁用
[2019.06.14-16.38.12:629][  0]SourceControl: 源码管理已禁用
[2019.06.14-16.38.12:814][  0]LogAndroidPermission: UAndroidPermissionCallbackProxy::GetInstance
[2019.06.14-16.38.12:939][  0]LogHoudiniEngine: Starting the Houdini Engine module.
[2019.06.14-16.38.12:940][  0]LogHoudiniEngine: Loaded libHAPIL.dll from Registry path F:/AnZhuangChengXu/Houdini 17.0.416/bin
[2019.06.14-16.38.12:941][  0]LogLinker: Warning: Asset '../../Plugins/Runtime/HoudiniEngine/Content/houdini_logo.uasset' has been saved with empty engine version. The asset will be loaded but may be incompatible.
[2019.06.14-16.38.12:944][  0]LogLinker: Warning: Asset '../../Plugins/Runtime/HoudiniEngine/Content/houdini_default_material.uasset' has been saved with empty engine version. The asset will be loaded but may be incompatible.
[2019.06.14-16.38.12:950][  0]LogLinker: Warning: Asset '../../Plugins/Runtime/HoudiniEngine/Content/houdini_bgeo_import.uasset' has been saved with empty engine version. The asset will be loaded but may be incompatible.
[2019.06.14-16.38.15:959][  0]LogHoudiniEngine: Error: Failed to create a Houdini Engine session
[2019.06.14-16.38.15:959][  0]LogHoudiniEngine: Starting up the Houdini Engine API module failed: Generic Failure
[2019.06.14-16.38.15:978][  0]LogOcInput: OculusInput pre-init called
[2019.06.14-16.38.16:052][  0]LogEngine: Initializing Engine...
[2019.06.14-16.38.16:053][  0]LogHMD: Failed to initialize OpenVR with code 110
[2019.06.14-16.38.16:055][  0]LogStats: UGameplayTagsManager::ConstructGameplayTagTree: ImportINI prefixes -  0.000 s
[2019.06.14-16.38.16:055][  0]LogStats: UGameplayTagsManager::ConstructGameplayTagTree: Construct from data asset -  0.000 s
[2019.06.14-16.38.16:055][  0]LogStats: UGameplayTagsManager::ConstructGameplayTagTree: ImportINI -  0.000 s
[2019.06.14-16.38.16:055][  0]LogStats: UGameplayTagsManager::ConstructGameplayTagTree: GameplayTagTreeChangedEvent.Broadcast -  0.000 s
[2019.06.14-16.38.16:282][  0]LogInit: Initializing FReadOnlyCVARCache
[2019.06.14-16.38.16:300][  0]LogAIModule: Creating AISystem for world Untitled
[2019.06.14-16.38.16:336][  0]LogInit: XAudio2 using '数字音频(S/PDIF) (High Definition Audio 设备)' : 2 channels at 44.1 kHz using 16 bits per sample (channel mask 0x3)
[2019.06.14-16.38.16:394][  0]LogInit: FAudioDevice initialized.
[2019.06.14-16.38.16:394][  0]LogNetVersion: Set ProjectVersion to 1.0.0.0. Version Checksum will be recalculated on next use.
[2019.06.14-16.38.16:582][  0]LogDerivedDataCache: Saved boot cache 0.19s 71MB C:/Users/14367/AppData/Local/UnrealEngine/4.20/DerivedDataCache/Boot.ddc.
[2019.06.14-16.38.16:620][  0]LogInit: Texture streaming: Enabled
[2019.06.14-16.38.16:645][  0]LogEngineSessionManager: EngineSessionManager initialized
[2019.06.14-16.38.16:665][  0]LogInit: Transaction tracking system initialized
[2019.06.14-16.38.16:698][  0]BlueprintLog: New page: 编辑器加载
[2019.06.14-16.38.16:806][  0]LocalizationService: 本地化服务已禁用
[2019.06.14-16.38.17:117][  0]LogCook: Display: Max memory allowance for cook 16384mb min free memory 0mb
[2019.06.14-16.38.17:117][  0]LogCook: Display: Mobile HDR setting 1
[2019.06.14-16.38.17:117][  0]LogGameplayTags: Display: UGameplayTagsManager::DoneAddingNativeTags. DelegateIsBound: 0
[2019.06.14-16.38.17:117][  0]LogStats: UGameplayTagsManager::ConstructGameplayTagTree: ImportINI prefixes -  0.000 s
[2019.06.14-16.38.17:117][  0]LogStats: UGameplayTagsManager::ConstructGameplayTagTree: Construct from data asset -  0.000 s
[2019.06.14-16.38.17:117][  0]LogStats: UGameplayTagsManager::ConstructGameplayTagTree: ImportINI -  0.000 s
[2019.06.14-16.38.17:117][  0]LogStats: UGameplayTagsManager::ConstructGameplayTagTree: GameplayTagTreeChangedEvent.Broadcast -  0.000 s
[2019.06.14-16.38.17:207][  0]LogFileCache: Scanning file cache for directory 'D:/Documents/DiplomaGame/ClimbDemo/Content/' took 0.05s
[2019.06.14-16.38.17:207][  0]LogHoudiniEngineEditor: Starting the Houdini Engine Editor module.
[2019.06.14-16.38.17:208][  0]LogHoudiniEngineEditor: Houdini Engine Editor module startup complete.
[2019.06.14-16.38.17:266][  0]SourceControl: 源码管理已禁用
[2019.06.14-16.38.17:267][  0]Cmd: MAP LOAD FILE="D:/Documents/DiplomaGame/ClimbDemo/Content/Terrain/4/LakeLevelNew.umap" TEMPLATE=0 SHOWPROGRESS=1 FEATURELEVEL=3
[2019.06.14-16.38.17:267][  0]LightingResults: New page: 光照构建
[2019.06.14-16.38.17:271][  0]MapCheck: New page: 地图检测
[2019.06.14-16.38.17:271][  0]LightingResults: New page: 光照构建
[2019.06.14-16.38.18:357][  0]LogLinker: Warning: 无法找到文件 '/Game/Audio/受伤主角'
[2019.06.14-16.38.18:357][  0]LoadErrors: 加载失败 /Game/Audio/受伤主角 引用者 CharacterMesh0
[2019.06.14-16.38.18:357][  0]LogLinker: Warning: 无法在加载 D:/Documents/DiplomaGame/ClimbDemo/Content/Blueprints/Hero/ABP_Player.uasset 时找到资源 '/Game/Audio/受伤主角’ 的文件。
[2019.06.14-16.38.18:357][  0]LoadErrors: 加载失败 /Game/Audio/受伤主角 引用者 CharacterMesh0
[2019.06.14-16.38.18:357][  0]LoadErrors: Error: /Game/Blueprints/Hero/ABP_Player : 无法找到资源的文件。 /Game/Audio/受伤主角
[2019.06.14-16.38.18:365][  0]LogLinker: Warning: 无法找到文件 '/Game/Audio/受伤主角'
[2019.06.14-16.38.18:365][  0]LoadErrors: 加载失败 /Game/Audio/受伤主角.受伤主角 引用者 CharacterMesh0
[2019.06.14-16.38.18:365][  0]LogLinker: Warning: 无法在加载 D:/Documents/DiplomaGame/ClimbDemo/Content/Blueprints/Hero/ABP_Player.uasset 时找到资源 '/Game/Audio/受伤主角’ 的文件。
[2019.06.14-16.38.18:365][  0]LoadErrors: 加载失败 /Game/Audio/受伤主角.受伤主角 引用者 CharacterMesh0
[2019.06.14-16.38.18:365][  0]LoadErrors: Error: /Game/Blueprints/Hero/ABP_Player : 无法找到资源的文件。 /Game/Audio/受伤主角
[2019.06.14-16.38.18:387][  0]LogLinker: Warning: 无法找到文件 '/Game/Audio/受伤主角'
[2019.06.14-16.38.18:387][  0]LoadErrors: 加载失败 /Game/Audio/受伤主角.受伤主角 引用者 K2Node_CallFunction_6
[2019.06.14-16.38.18:387][  0]LogLinker: Warning: 无法在加载 D:/Documents/DiplomaGame/ClimbDemo/Content/Blueprints/Hero/ABP_Player.uasset 时找到资源 '/Game/Audio/受伤主角’ 的文件。
[2019.06.14-16.38.18:387][  0]LoadErrors: 加载失败 /Game/Audio/受伤主角.受伤主角 引用者 K2Node_CallFunction_6
[2019.06.14-16.38.18:387][  0]LoadErrors: Error: /Game/Blueprints/Hero/ABP_Player : 无法找到资源的文件。 /Game/Audio/受伤主角
[2019.06.14-16.38.18:405][  0]LogLinker: Warning: 无法找到文件 '/Game/Audio/受伤主角'
[2019.06.14-16.38.18:405][  0]LoadErrors: 加载失败 /Game/Blueprints/Hero/MyChar.MyChar_C 引用者 CharacterMesh0
[2019.06.14-16.38.18:405][  0]LogLinker: Warning: 无法在加载 D:/Documents/DiplomaGame/ClimbDemo/Content/Blueprints/Hero/MyChar.uasset 时找到资源 '/Game/Audio/受伤主角’ 的文件。
[2019.06.14-16.38.18:405][  0]LoadErrors: 加载失败 /Game/Blueprints/Hero/MyChar.MyChar_C 引用者 CharacterMesh0
[2019.06.14-16.38.18:405][  0]LoadErrors: Error: /Game/Blueprints/Hero/MyChar : 无法找到资源的文件。 /Game/Audio/受伤主角
[2019.06.14-16.38.18:412][  0]LogLinker: Warning: 无法找到文件 '/Game/Audio/受伤主角'
[2019.06.14-16.38.18:412][  0]LoadErrors: 加载失败 /Game/Blueprints/Hero/MyChar.MyChar_C 引用者 CharacterMesh0
[2019.06.14-16.38.18:412][  0]LogLinker: Warning: 无法在加载 D:/Documents/DiplomaGame/ClimbDemo/Content/Blueprints/Hero/MyChar.uasset 时找到资源 '/Game/Audio/受伤主角’ 的文件。
[2019.06.14-16.38.18:412][  0]LoadErrors: 加载失败 /Game/Blueprints/Hero/MyChar.MyChar_C 引用者 CharacterMesh0
[2019.06.14-16.38.18:413][  0]LoadErrors: Error: /Game/Blueprints/Hero/MyChar : 无法找到资源的文件。 /Game/Audio/受伤主角
[2019.06.14-16.38.18:611][  0]LogBlueprint: Warning: [Compiler ABP_Climber] Cling_BS到JumpEnd  will never be taken, please connect something to  Can Enter Transition
[2019.06.14-16.38.19:135][  0]LogBlueprint: Warning: [Compiler ABP_Climber] [0014.71]ABP_Climber 编译成功，但出现了 1 个警告[674 毫秒内]（/Game/Clinging/Animations/Blueprints/ABP_Climber.ABP_Climber）
[2019.06.14-16.38.19:819][  0]LogLinker: Warning: Asset 'D:/Documents/DiplomaGame/ClimbDemo/Content/BaseMaterials/SeaShaders/Textures/T_SmallWaves_N.uasset' has been saved with empty engine version. The asset will be loaded but may be incompatible.
[2019.06.14-16.38.24:513][  0]LogAIModule: Creating AISystem for world LakeLevelNew
[2019.06.14-16.38.24:912][  0]LogScript: Warning: Script Msg: Attempted to access index 15 from array 'BIrdSBP' of length 15 in '/Game/Blueprints/Bird/InsectsBirdsFish/Blueprints/NewFolder/BP_Bird_Spline1.BP_Bird_Spline1_C'!
[2019.06.14-16.38.24:912][  0]LogScript: Warning: “无访问”正在尝试读取属性 CallFunc_Array_Get_Item
	BP_Bird_Spline1_C /Game/Terrain/4/LakeLevelNew.LakeLevelNew:PersistentLevel.BP_Bird_Spline1_34488
	Function /Game/Blueprints/Bird/InsectsBirdsFish/Blueprints/NewFolder/BP_Bird_Spline1.BP_Bird_Spline1_C:UpdateBird:027F
[2019.06.14-16.38.24:912][  0]LogScript: Warning: Script Msg: Attempted to access index 16 from array 'BIrdSBP' of length 15 in '/Game/Blueprints/Bird/InsectsBirdsFish/Blueprints/NewFolder/BP_Bird_Spline1.BP_Bird_Spline1_C'!
[2019.06.14-16.38.24:912][  0]LogScript: Warning: “无访问”正在尝试读取属性 CallFunc_Array_Get_Item
	BP_Bird_Spline1_C /Game/Terrain/4/LakeLevelNew.LakeLevelNew:PersistentLevel.BP_Bird_Spline1_34488
	Function /Game/Blueprints/Bird/InsectsBirdsFish/Blueprints/NewFolder/BP_Bird_Spline1.BP_Bird_Spline1_C:UpdateBird:027F
[2019.06.14-16.38.24:913][  0]LogScript: Warning: Script Msg: Attempted to access index 17 from array 'BIrdSBP' of length 15 in '/Game/Blueprints/Bird/InsectsBirdsFish/Blueprints/NewFolder/BP_Bird_Spline1.BP_Bird_Spline1_C'!
[2019.06.14-16.38.24:913][  0]LogScript: Warning: “无访问”正在尝试读取属性 CallFunc_Array_Get_Item
	BP_Bird_Spline1_C /Game/Terrain/4/LakeLevelNew.LakeLevelNew:PersistentLevel.BP_Bird_Spline1_34488
	Function /Game/Blueprints/Bird/InsectsBirdsFish/Blueprints/NewFolder/BP_Bird_Spline1.BP_Bird_Spline1_C:UpdateBird:027F
[2019.06.14-16.38.24:913][  0]LogScript: Warning: Script Msg: Attempted to access index 18 from array 'BIrdSBP' of length 15 in '/Game/Blueprints/Bird/InsectsBirdsFish/Blueprints/NewFolder/BP_Bird_Spline1.BP_Bird_Spline1_C'!
[2019.06.14-16.38.24:913][  0]LogScript: Warning: “无访问”正在尝试读取属性 CallFunc_Array_Get_Item
	BP_Bird_Spline1_C /Game/Terrain/4/LakeLevelNew.LakeLevelNew:PersistentLevel.BP_Bird_Spline1_34488
	Function /Game/Blueprints/Bird/InsectsBirdsFish/Blueprints/NewFolder/BP_Bird_Spline1.BP_Bird_Spline1_C:UpdateBird:027F
[2019.06.14-16.38.24:913][  0]LogScript: Warning: Script Msg: Attempted to access index 19 from array 'BIrdSBP' of length 15 in '/Game/Blueprints/Bird/InsectsBirdsFish/Blueprints/NewFolder/BP_Bird_Spline1.BP_Bird_Spline1_C'!
[2019.06.14-16.38.24:913][  0]LogScript: Warning: “无访问”正在尝试读取属性 CallFunc_Array_Get_Item
	BP_Bird_Spline1_C /Game/Terrain/4/LakeLevelNew.LakeLevelNew:PersistentLevel.BP_Bird_Spline1_34488
	Function /Game/Blueprints/Bird/InsectsBirdsFish/Blueprints/NewFolder/BP_Bird_Spline1.BP_Bird_Spline1_C:UpdateBird:027F
[2019.06.14-16.38.25:033][  0]LogEditorServer: Finished looking for orphan Actors (0.000 secs)
[2019.06.14-16.38.25:149][  0]Cmd: MAP CHECKDEP NOCLEARLOG
[2019.06.14-16.38.25:512][  0]MapCheck: 地图检测完成：0个错误，0 个警告，用时363.009毫秒完成。
[2019.06.14-16.38.25:512][  0]LogFileHelpers: Loading map 'LakeLevelNew' took 8.245
[2019.06.14-16.38.25:633][  0]LogSlate: Updating window title bar state: overlay mode, drag disabled, window buttons hidden, title bar hidden
[2019.06.14-16.38.25:641][  0]LogSlate: Updating window title bar state: overlay mode, drag disabled, window buttons hidden, title bar hidden
[2019.06.14-16.38.25:650][  0]LogCollectionManager: Loaded 0 collections in 0.002635 seconds
[2019.06.14-16.38.25:696][  0]LogFileCache: Scanning file cache for directory 'D:/Documents/DiplomaGame/ClimbDemo/Saved/Collections/' took 0.01s
[2019.06.14-16.38.25:696][  0]LogFileCache: Scanning file cache for directory 'D:/Documents/DiplomaGame/ClimbDemo/Content/Developers/14367/Collections/' took 0.01s
[2019.06.14-16.38.25:696][  0]LogFileCache: Scanning file cache for directory 'D:/Documents/DiplomaGame/ClimbDemo/Content/Collections/' took 0.01s
[2019.06.14-16.38.25:696][  0]LogCollectionManager: Rebuilt the GUID cache for 0 collections in 0.000000 seconds
[2019.06.14-16.38.25:706][  0]LogContentBrowser: Native class hierarchy populated in 0.0099 seconds. Added 2610 classes and 610 folders.
[2019.06.14-16.38.25:716][  0]LogContentBrowser: Native class hierarchy updated for 'WidgetCarousel' in 0.0003 seconds. Added 0 classes and 0 folders.
[2019.06.14-16.38.25:794][  0]LogContentBrowser: Native class hierarchy updated for 'AddContentDialog' in 0.0003 seconds. Added 0 classes and 0 folders.
[2019.06.14-16.38.25:801][  0]LogContentBrowser: Native class hierarchy updated for 'SceneOutliner' in 0.0003 seconds. Added 1 classes and 2 folders.
[2019.06.14-16.38.26:244][  0]LogSlate: Took 0.000318 seconds to synchronously load lazily loaded font '../../../Engine/Content/Slate/Fonts/Roboto-Regular.ttf' (155K)
[2019.06.14-16.38.26:248][  0]LogSlate: Took 0.003206 seconds to synchronously load lazily loaded font '../../../Engine/Content/Slate/Fonts/DroidSansFallback.ttf' (3848K)
[2019.06.14-16.38.26:249][  0]LogSlate: Took 0.000246 seconds to synchronously load lazily loaded font '../../../Engine/Content/Slate/Fonts/Roboto-Bold.ttf' (160K)
[2019.06.14-16.38.26:253][  0]LogSlate: Took 0.000343 seconds to synchronously load lazily loaded font '../../../Engine/Content/Editor/Slate/Fonts/FontAwesome.ttf' (139K)
[2019.06.14-16.38.26:343][  0]LogRenderer: Reallocating scene render targets to support 492x248 Format 10 NumSamples 1 (Frame:1).
[2019.06.14-16.38.26:384][  0]LogRenderer: Reallocating scene render targets to support 984x496 Format 10 NumSamples 1 (Frame:1).
[2019.06.14-16.38.26:434][  0]LogSlate: Took 0.000273 seconds to synchronously load lazily loaded font '../../../Engine/Content/Slate/Fonts/Roboto-Light.ttf' (167K)
[2019.06.14-16.38.26:511][  0]LogContentBrowser: Native class hierarchy updated for 'HierarchicalLODOutliner' in 0.0004 seconds. Added 0 classes and 0 folders.
[2019.06.14-16.38.26:511][  0]LogLoad: (Engine Initialization) Total time: 22.09 seconds
[2019.06.14-16.38.26:511][  0]LogLoad: (Engine Initialization) Total Blueprint compile time: 0.00 seconds
[2019.06.14-16.38.26:535][  0]LogWindowsTextInputMethodSystem: Display: IME system now activated using TSF (中文(简体) - 2345王牌拼音输入法).
[2019.06.14-16.38.26:567][  0]LogContentStreaming: Texture pool size now 1000 MB
[2019.06.14-16.38.26:575][  0]LogSlate: FSceneViewport::OnFocusLost() reason 2
[2019.06.14-16.38.26:692][  1]LogMaterial: Display: Missing cached shader map for material Material_0, compiling. 
[2019.06.14-16.38.26:764][  2]LogShaderCompilers: Display: Shaders left to compile 5
[2019.06.14-16.38.26:937][  3]LogAssetRegistry: Asset discovery search completed in 16.8891 seconds
[2019.06.14-16.38.26:939][  3]LogCollectionManager: Rebuilt the object cache for 0 collections in 0.000000 seconds (found 0 objects)
[2019.06.14-16.38.26:939][  3]LogCollectionManager: Fixed up redirectors for 0 collections in 0.000070 seconds (updated 0 objects)
[2019.06.14-16.38.27:703][ 20]LogSlate: Took 0.000248 seconds to synchronously load lazily loaded font '../../../Engine/Content/Slate/Fonts/Roboto-Light.ttf' (167K)
[2019.06.14-16.38.39:550][295]LogSlate: Window '消息日志' being destroyed
[2019.06.14-16.38.39:558][295]LogSlate: Window '消息日志' being destroyed
[2019.06.14-16.38.40:394][307]LogSlate: FSceneViewport::OnFocusLost() reason 0
[2019.06.14-16.38.40:465][309]LogTemp: Repeating last play command: 选中的视口
[2019.06.14-16.38.40:509][309]LogBlueprintUserMessages: Early PlayInEditor Detection: Level '/Game/Terrain/4/LakeLevelNew.LakeLevelNew:PersistentLevel' has LevelScriptBlueprint '/Game/Terrain/4/LakeLevelNew.LakeLevelNew:PersistentLevel.LakeLevelNew' with GeneratedClass '/Game/Terrain/4/LakeLevelNew.LakeLevelNew_C' with ClassGeneratedBy '/Game/Terrain/4/LakeLevelNew.LakeLevelNew:PersistentLevel.LakeLevelNew'
[2019.06.14-16.38.40:509][309]LogPlayLevel: PlayLevel: No blueprints needed recompiling
[2019.06.14-16.38.40:523][309]PIE: New page: PIE会话: LakeLevelNew (2019年6月15日 上午8:38:40)
[2019.06.14-16.38.40:524][309]LogPlayLevel: Creating play world package: /Game/Terrain/4/UEDPIE_0_LakeLevelNew
[2019.06.14-16.38.40:783][309]LogPlayLevel: PIE: StaticDuplicateObject took: (0.259532s)
[2019.06.14-16.38.40:784][309]LogAIModule: Creating AISystem for world LakeLevelNew
[2019.06.14-16.38.40:784][309]LogPlayLevel: PIE: World Init took: (0.001030s)
[2019.06.14-16.38.40:785][309]LogPlayLevel: PIE: Created PIE world by copying editor world from /Game/Terrain/4/LakeLevelNew.LakeLevelNew to /Game/Terrain/4/UEDPIE_0_LakeLevelNew.LakeLevelNew (0.260968s)
[2019.06.14-16.38.40:826][309]LogInit: XAudio2 using '数字音频(S/PDIF) (High Definition Audio 设备)' : 2 channels at 44.1 kHz using 16 bits per sample (channel mask 0x3)
[2019.06.14-16.38.40:845][309]LogInit: FAudioDevice initialized.
[2019.06.14-16.38.40:887][309]LogLoad: Game class is 'NewGameMode_C'
[2019.06.14-16.38.42:018][309]LogWorld: Bringing World /Game/Terrain/4/UEDPIE_0_LakeLevelNew.LakeLevelNew up for play (max tick rate 0) at 2019.06.15-00.38.42
[2019.06.14-16.38.42:040][309]LogWorld: Bringing up level for play took: 1.151306
[2019.06.14-16.38.42:059][309]LogContentBrowser: Native class hierarchy updated for 'MovieSceneCapture' in 0.0004 seconds. Added 10 classes and 0 folders.
[2019.06.14-16.38.42:069][309]LogMediaAssets: Error: Failed to validate media source OP (file://C:/Users/Ivy/Documents/Tencent Files/1205591375/FileRecv/OP.mp4)
[2019.06.14-16.38.42:070][309]PIE: /Game/Terrain/4/UEDPIE_0_LakeLevelNew的‘在编辑器中播放’的起始时间1.863
[2019.06.14-16.38.42:070][309]LogBlueprintUserMessages: Late PlayInEditor Detection: Level '/Game/Terrain/4/LakeLevelNew.LakeLevelNew:PersistentLevel' has LevelScriptBlueprint '/Game/Terrain/4/LakeLevelNew.LakeLevelNew:PersistentLevel.LakeLevelNew' with GeneratedClass '/Game/Terrain/4/LakeLevelNew.LakeLevelNew_C' with ClassGeneratedBy '/Game/Terrain/4/LakeLevelNew.LakeLevelNew:PersistentLevel.LakeLevelNew'
[2019.06.14-16.38.42:397][310]LogCharacterMovement: Warning: GetSimulationTimeStep() - Max iterations 8 hit while remaining time 0.068511 > MaxSimulationTimeStep (0.050) for 'Enemy_Heye', movement 'Walking'
[2019.06.14-16.38.42:398][310]LogCharacterMovement: Warning: GetSimulationTimeStep() - Max iterations 8 hit while remaining time 0.076419 > MaxSimulationTimeStep (0.050) for 'AIOne_5', movement 'Walking'
[2019.06.14-16.39.07:034][307]LogBlueprintUserMessages: Early EndPlayMap Detection: Level '/Game/Terrain/4/LakeLevelNew.LakeLevelNew:PersistentLevel' has LevelScriptBlueprint '/Game/Terrain/4/LakeLevelNew.LakeLevelNew:PersistentLevel.LakeLevelNew' with GeneratedClass '/Game/Terrain/4/LakeLevelNew.LakeLevelNew_C' with ClassGeneratedBy '/Game/Terrain/4/LakeLevelNew.LakeLevelNew:PersistentLevel.LakeLevelNew'
[2019.06.14-16.39.07:034][307]LogSlate: Updating window title bar state: overlay mode, drag disabled, window buttons hidden, title bar hidden
[2019.06.14-16.39.07:092][307]LogPlayLevel: Display: Shutting down PIE online subsystems
[2019.06.14-16.39.07:093][307]LogBlueprintUserMessages: Late EndPlayMap Detection: Level '/Game/Terrain/4/LakeLevelNew.LakeLevelNew:PersistentLevel' has LevelScriptBlueprint '/Game/Terrain/4/LakeLevelNew.LakeLevelNew:PersistentLevel.LakeLevelNew' with GeneratedClass '/Game/Terrain/4/LakeLevelNew.LakeLevelNew_C' with ClassGeneratedBy '/Game/Terrain/4/LakeLevelNew.LakeLevelNew:PersistentLevel.LakeLevelNew'
[2019.06.14-16.39.07:119][307]LogActorComponent: UnregisterComponent: (/Game/Terrain/4/UEDPIE_0_LakeLevelNew.LakeLevelNew:PersistentLevel.terrain_bishe_3.None) Not registered. Aborting.
[2019.06.14-16.39.07:119][307]LogActorComponent: UnregisterComponent: (/Game/Terrain/4/UEDPIE_0_LakeLevelNew.LakeLevelNew:PersistentLevel.terrain_bishe_3.None) Not registered. Aborting.
[2019.06.14-16.39.07:119][307]LogActorComponent: UnregisterComponent: (/Game/Terrain/4/UEDPIE_0_LakeLevelNew.LakeLevelNew:PersistentLevel.terrain_bishe_3.None) Not registered. Aborting.
[2019.06.14-16.39.07:119][307]LogActorComponent: UnregisterComponent: (/Game/Terrain/4/UEDPIE_0_LakeLevelNew.LakeLevelNew:PersistentLevel.terrain_bishe_3.None) Not registered. Aborting.
[2019.06.14-16.39.07:119][307]LogActorComponent: UnregisterComponent: (/Game/Terrain/4/UEDPIE_0_LakeLevelNew.LakeLevelNew:PersistentLevel.terrain_bishe_3.None) Not registered. Aborting.
[2019.06.14-16.39.07:119][307]LogActorComponent: UnregisterComponent: (/Game/Terrain/4/UEDPIE_0_LakeLevelNew.LakeLevelNew:PersistentLevel.terrain_bishe_3.None) Not registered. Aborting.
[2019.06.14-16.39.07:119][307]LogActorComponent: UnregisterComponent: (/Game/Terrain/4/UEDPIE_0_LakeLevelNew.LakeLevelNew:PersistentLevel.terrain_bishe_3.None) Not registered. Aborting.
[2019.06.14-16.39.07:119][307]LogActorComponent: UnregisterComponent: (/Game/Terrain/4/UEDPIE_0_LakeLevelNew.LakeLevelNew:PersistentLevel.terrain_bishe_3.None) Not registered. Aborting.
[2019.06.14-16.39.07:119][307]LogActorComponent: UnregisterComponent: (/Game/Terrain/4/UEDPIE_0_LakeLevelNew.LakeLevelNew:PersistentLevel.terrain_bishe_3.None) Not registered. Aborting.
[2019.06.14-16.39.07:119][307]LogActorComponent: UnregisterComponent: (/Game/Terrain/4/UEDPIE_0_LakeLevelNew.LakeLevelNew:PersistentLevel.terrain_bishe_3.None) Not registered. Aborting.
[2019.06.14-16.39.07:119][307]LogActorComponent: UnregisterComponent: (/Game/Terrain/4/UEDPIE_0_LakeLevelNew.LakeLevelNew:PersistentLevel.terrain_bishe_3.None) Not registered. Aborting.
[2019.06.14-16.39.07:119][307]LogActorComponent: UnregisterComponent: (/Game/Terrain/4/UEDPIE_0_LakeLevelNew.LakeLevelNew:PersistentLevel.terrain_bishe_3.None) Not registered. Aborting.
[2019.06.14-16.39.07:119][307]LogActorComponent: UnregisterComponent: (/Game/Terrain/4/UEDPIE_0_LakeLevelNew.LakeLevelNew:PersistentLevel.terrain_bishe_3.None) Not registered. Aborting.
[2019.06.14-16.39.07:119][307]LogActorComponent: UnregisterComponent: (/Game/Terrain/4/UEDPIE_0_LakeLevelNew.LakeLevelNew:PersistentLevel.terrain_bishe_3.None) Not registered. Aborting.
[2019.06.14-16.39.07:120][307]LogActorComponent: UnregisterComponent: (/Game/Terrain/4/UEDPIE_0_LakeLevelNew.LakeLevelNew:PersistentLevel.terrain_bishe_3.None) Not registered. Aborting.
[2019.06.14-16.39.07:120][307]LogActorComponent: UnregisterComponent: (/Game/Terrain/4/UEDPIE_0_LakeLevelNew.LakeLevelNew:PersistentLevel.terrain_bishe_3.None) Not registered. Aborting.
[2019.06.14-16.39.07:120][307]LogActorComponent: UnregisterComponent: (/Game/Terrain/4/UEDPIE_0_LakeLevelNew.LakeLevelNew:PersistentLevel.terrain_bishe_3.None) Not registered. Aborting.
[2019.06.14-16.39.07:120][307]LogActorComponent: UnregisterComponent: (/Game/Terrain/4/UEDPIE_0_LakeLevelNew.LakeLevelNew:PersistentLevel.terrain_bishe_3.None) Not registered. Aborting.
[2019.06.14-16.39.07:120][307]LogActorComponent: UnregisterComponent: (/Game/Terrain/4/UEDPIE_0_LakeLevelNew.LakeLevelNew:PersistentLevel.terrain_bishe_3.None) Not registered. Aborting.
[2019.06.14-16.39.07:120][307]LogActorComponent: UnregisterComponent: (/Game/Terrain/4/UEDPIE_0_LakeLevelNew.LakeLevelNew:PersistentLevel.terrain_bishe_3.None) Not registered. Aborting.
[2019.06.14-16.39.07:120][307]LogActorComponent: UnregisterComponent: (/Game/Terrain/4/UEDPIE_0_LakeLevelNew.LakeLevelNew:PersistentLevel.terrain_bishe_3.None) Not registered. Aborting.
[2019.06.14-16.39.07:120][307]LogActorComponent: UnregisterComponent: (/Game/Terrain/4/UEDPIE_0_LakeLevelNew.LakeLevelNew:PersistentLevel.terrain_bishe_3.None) Not registered. Aborting.
[2019.06.14-16.39.07:120][307]LogActorComponent: UnregisterComponent: (/Game/Terrain/4/UEDPIE_0_LakeLevelNew.LakeLevelNew:PersistentLevel.terrain_bishe_3.None) Not registered. Aborting.
[2019.06.14-16.39.07:120][307]LogActorComponent: UnregisterComponent: (/Game/Terrain/4/UEDPIE_0_LakeLevelNew.LakeLevelNew:PersistentLevel.terrain_bishe_3.None) Not registered. Aborting.
[2019.06.14-16.39.07:120][307]LogActorComponent: UnregisterComponent: (/Game/Terrain/4/UEDPIE_0_LakeLevelNew.LakeLevelNew:PersistentLevel.terrain_bishe_3.None) Not registered. Aborting.
[2019.06.14-16.39.07:120][307]LogActorComponent: UnregisterComponent: (/Game/Terrain/4/UEDPIE_0_LakeLevelNew.LakeLevelNew:PersistentLevel.terrain_bishe_3.None) Not registered. Aborting.
[2019.06.14-16.39.07:120][307]LogActorComponent: UnregisterComponent: (/Game/Terrain/4/UEDPIE_0_LakeLevelNew.LakeLevelNew:PersistentLevel.terrain_bishe_3.None) Not registered. Aborting.
[2019.06.14-16.39.07:120][307]LogActorComponent: UnregisterComponent: (/Game/Terrain/4/UEDPIE_0_LakeLevelNew.LakeLevelNew:PersistentLevel.terrain_bishe_3.None) Not registered. Aborting.
[2019.06.14-16.39.07:120][307]LogActorComponent: UnregisterComponent: (/Game/Terrain/4/UEDPIE_0_LakeLevelNew.LakeLevelNew:PersistentLevel.terrain_bishe_3.None) Not registered. Aborting.
[2019.06.14-16.39.07:123][307]LogHoudiniEngine: Warning: terrain_bishe_3: null parameter when clearing
[2019.06.14-16.39.07:123][307]LogHoudiniEngine: Warning: terrain_bishe_3: null parameter when clearing
[2019.06.14-16.39.07:123][307]LogHoudiniEngine: Warning: terrain_bishe_3: null parameter when clearing
[2019.06.14-16.39.07:123][307]LogHoudiniEngine: Warning: terrain_bishe_3: null parameter when clearing
[2019.06.14-16.39.07:123][307]LogHoudiniEngine: Warning: terrain_bishe_3: null parameter when clearing
[2019.06.14-16.39.07:123][307]LogHoudiniEngine: Warning: terrain_bishe_3: null parameter when clearing
[2019.06.14-16.39.07:123][307]LogHoudiniEngine: Warning: terrain_bishe_3: null parameter when clearing
[2019.06.14-16.39.07:123][307]LogHoudiniEngine: Warning: terrain_bishe_3: null parameter when clearing
[2019.06.14-16.39.07:123][307]LogHoudiniEngine: Warning: terrain_bishe_3: null parameter when clearing
[2019.06.14-16.39.07:123][307]LogHoudiniEngine: Warning: terrain_bishe_3: null parameter when clearing
[2019.06.14-16.39.07:123][307]LogHoudiniEngine: Warning: terrain_bishe_3: null parameter when clearing
[2019.06.14-16.39.07:123][307]LogHoudiniEngine: Warning: terrain_bishe_3: null parameter when clearing
[2019.06.14-16.39.07:123][307]LogHoudiniEngine: Warning: terrain_bishe_3: null parameter when clearing
[2019.06.14-16.39.07:123][307]LogHoudiniEngine: Warning: terrain_bishe_3: null parameter when clearing
[2019.06.14-16.39.07:123][307]LogHoudiniEngine: Warning: terrain_bishe_3: null parameter when clearing
[2019.06.14-16.39.07:123][307]LogHoudiniEngine: Warning: terrain_bishe_3: null parameter when clearing
[2019.06.14-16.39.07:123][307]LogHoudiniEngine: Warning: terrain_bishe_3: null parameter when clearing
[2019.06.14-16.39.07:123][307]LogHoudiniEngine: Warning: terrain_bishe_3: null parameter when clearing
[2019.06.14-16.39.07:123][307]LogHoudiniEngine: Warning: terrain_bishe_3: null parameter when clearing
[2019.06.14-16.39.07:123][307]LogHoudiniEngine: Warning: terrain_bishe_3: null parameter when clearing
[2019.06.14-16.39.07:123][307]LogHoudiniEngine: Warning: terrain_bishe_3: null parameter when clearing
[2019.06.14-16.39.07:123][307]LogHoudiniEngine: Warning: terrain_bishe_3: null parameter when clearing
[2019.06.14-16.39.07:127][307]LogSlate: Updating window title bar state: overlay mode, drag disabled, window buttons hidden, title bar hidden
[2019.06.14-16.39.07:166][308]LogPlayLevel: Display: Destroying online subsystem :Context_4
[2019.06.14-16.39.22:561][148]LogSlate: FSceneViewport::OnFocusLost() reason 0
[2019.06.14-16.39.22:666][160]LogTemp: Repeating last play command: 选中的视口
[2019.06.14-16.39.22:709][160]LogBlueprintUserMessages: Early PlayInEditor Detection: Level '/Game/Terrain/4/LakeLevelNew.LakeLevelNew:PersistentLevel' has LevelScriptBlueprint '/Game/Terrain/4/LakeLevelNew.LakeLevelNew:PersistentLevel.LakeLevelNew' with GeneratedClass '/Game/Terrain/4/LakeLevelNew.LakeLevelNew_C' with ClassGeneratedBy '/Game/Terrain/4/LakeLevelNew.LakeLevelNew:PersistentLevel.LakeLevelNew'
[2019.06.14-16.39.22:710][160]LogPlayLevel: PlayLevel: No blueprints needed recompiling
[2019.06.14-16.39.22:710][160]PIE: New page: PIE会话: LakeLevelNew (2019年6月15日 上午8:39:22)
[2019.06.14-16.39.22:710][160]LogPlayLevel: Creating play world package: /Game/Terrain/4/UEDPIE_0_LakeLevelNew
[2019.06.14-16.39.22:867][160]LogPlayLevel: PIE: StaticDuplicateObject took: (0.156768s)
[2019.06.14-16.39.22:867][160]LogAIModule: Creating AISystem for world LakeLevelNew
[2019.06.14-16.39.22:868][160]LogPlayLevel: PIE: World Init took: (0.000831s)
[2019.06.14-16.39.22:868][160]LogPlayLevel: PIE: Created PIE world by copying editor world from /Game/Terrain/4/LakeLevelNew.LakeLevelNew to /Game/Terrain/4/UEDPIE_0_LakeLevelNew.LakeLevelNew (0.157934s)
[2019.06.14-16.39.22:909][160]LogInit: XAudio2 using '数字音频(S/PDIF) (High Definition Audio 设备)' : 2 channels at 44.1 kHz using 16 bits per sample (channel mask 0x3)
[2019.06.14-16.39.22:928][160]LogInit: FAudioDevice initialized.
[2019.06.14-16.39.22:959][160]LogLoad: Game class is 'NewGameMode_C'
[2019.06.14-16.39.24:049][160]LogWorld: Bringing World /Game/Terrain/4/UEDPIE_0_LakeLevelNew.LakeLevelNew up for play (max tick rate 0) at 2019.06.15-00.39.24
[2019.06.14-16.39.24:067][160]LogWorld: Bringing up level for play took: 1.107281
[2019.06.14-16.39.24:089][160]LogMediaAssets: Error: Failed to validate media source OP (file://C:/Users/Ivy/Documents/Tencent Files/1205591375/FileRecv/OP.mp4)
[2019.06.14-16.39.24:089][160]PIE: /Game/Terrain/4/UEDPIE_0_LakeLevelNew的‘在编辑器中播放’的起始时间1.883
[2019.06.14-16.39.24:090][160]LogBlueprintUserMessages: Late PlayInEditor Detection: Level '/Game/Terrain/4/LakeLevelNew.LakeLevelNew:PersistentLevel' has LevelScriptBlueprint '/Game/Terrain/4/LakeLevelNew.LakeLevelNew:PersistentLevel.LakeLevelNew' with GeneratedClass '/Game/Terrain/4/LakeLevelNew.LakeLevelNew_C' with ClassGeneratedBy '/Game/Terrain/4/LakeLevelNew.LakeLevelNew:PersistentLevel.LakeLevelNew'
[2019.06.14-16.39.28:943][344]LogBlueprintUserMessages: Early EndPlayMap Detection: Level '/Game/Terrain/4/LakeLevelNew.LakeLevelNew:PersistentLevel' has LevelScriptBlueprint '/Game/Terrain/4/LakeLevelNew.LakeLevelNew:PersistentLevel.LakeLevelNew' with GeneratedClass '/Game/Terrain/4/LakeLevelNew.LakeLevelNew_C' with ClassGeneratedBy '/Game/Terrain/4/LakeLevelNew.LakeLevelNew:PersistentLevel.LakeLevelNew'
[2019.06.14-16.39.28:943][344]LogSlate: Updating window title bar state: overlay mode, drag disabled, window buttons hidden, title bar hidden
[2019.06.14-16.39.28:997][344]LogPlayLevel: Display: Shutting down PIE online subsystems
[2019.06.14-16.39.28:998][344]LogBlueprintUserMessages: Late EndPlayMap Detection: Level '/Game/Terrain/4/LakeLevelNew.LakeLevelNew:PersistentLevel' has LevelScriptBlueprint '/Game/Terrain/4/LakeLevelNew.LakeLevelNew:PersistentLevel.LakeLevelNew' with GeneratedClass '/Game/Terrain/4/LakeLevelNew.LakeLevelNew_C' with ClassGeneratedBy '/Game/Terrain/4/LakeLevelNew.LakeLevelNew:PersistentLevel.LakeLevelNew'
[2019.06.14-16.39.29:024][344]LogActorComponent: UnregisterComponent: (/Game/Terrain/4/UEDPIE_0_LakeLevelNew.LakeLevelNew:PersistentLevel.terrain_bishe_3.None) Not registered. Aborting.
[2019.06.14-16.39.29:024][344]LogActorComponent: UnregisterComponent: (/Game/Terrain/4/UEDPIE_0_LakeLevelNew.LakeLevelNew:PersistentLevel.terrain_bishe_3.None) Not registered. Aborting.
[2019.06.14-16.39.29:024][344]LogActorComponent: UnregisterComponent: (/Game/Terrain/4/UEDPIE_0_LakeLevelNew.LakeLevelNew:PersistentLevel.terrain_bishe_3.None) Not registered. Aborting.
[2019.06.14-16.39.29:024][344]LogActorComponent: UnregisterComponent: (/Game/Terrain/4/UEDPIE_0_LakeLevelNew.LakeLevelNew:PersistentLevel.terrain_bishe_3.None) Not registered. Aborting.
[2019.06.14-16.39.29:024][344]LogActorComponent: UnregisterComponent: (/Game/Terrain/4/UEDPIE_0_LakeLevelNew.LakeLevelNew:PersistentLevel.terrain_bishe_3.None) Not registered. Aborting.
[2019.06.14-16.39.29:024][344]LogActorComponent: UnregisterComponent: (/Game/Terrain/4/UEDPIE_0_LakeLevelNew.LakeLevelNew:PersistentLevel.terrain_bishe_3.None) Not registered. Aborting.
[2019.06.14-16.39.29:024][344]LogActorComponent: UnregisterComponent: (/Game/Terrain/4/UEDPIE_0_LakeLevelNew.LakeLevelNew:PersistentLevel.terrain_bishe_3.None) Not registered. Aborting.
[2019.06.14-16.39.29:024][344]LogActorComponent: UnregisterComponent: (/Game/Terrain/4/UEDPIE_0_LakeLevelNew.LakeLevelNew:PersistentLevel.terrain_bishe_3.None) Not registered. Aborting.
[2019.06.14-16.39.29:024][344]LogActorComponent: UnregisterComponent: (/Game/Terrain/4/UEDPIE_0_LakeLevelNew.LakeLevelNew:PersistentLevel.terrain_bishe_3.None) Not registered. Aborting.
[2019.06.14-16.39.29:024][344]LogActorComponent: UnregisterComponent: (/Game/Terrain/4/UEDPIE_0_LakeLevelNew.LakeLevelNew:PersistentLevel.terrain_bishe_3.None) Not registered. Aborting.
[2019.06.14-16.39.29:024][344]LogActorComponent: UnregisterComponent: (/Game/Terrain/4/UEDPIE_0_LakeLevelNew.LakeLevelNew:PersistentLevel.terrain_bishe_3.None) Not registered. Aborting.
[2019.06.14-16.39.29:024][344]LogActorComponent: UnregisterComponent: (/Game/Terrain/4/UEDPIE_0_LakeLevelNew.LakeLevelNew:PersistentLevel.terrain_bishe_3.None) Not registered. Aborting.
[2019.06.14-16.39.29:024][344]LogActorComponent: UnregisterComponent: (/Game/Terrain/4/UEDPIE_0_LakeLevelNew.LakeLevelNew:PersistentLevel.terrain_bishe_3.None) Not registered. Aborting.
[2019.06.14-16.39.29:024][344]LogActorComponent: UnregisterComponent: (/Game/Terrain/4/UEDPIE_0_LakeLevelNew.LakeLevelNew:PersistentLevel.terrain_bishe_3.None) Not registered. Aborting.
[2019.06.14-16.39.29:024][344]LogActorComponent: UnregisterComponent: (/Game/Terrain/4/UEDPIE_0_LakeLevelNew.LakeLevelNew:PersistentLevel.terrain_bishe_3.None) Not registered. Aborting.
[2019.06.14-16.39.29:024][344]LogActorComponent: UnregisterComponent: (/Game/Terrain/4/UEDPIE_0_LakeLevelNew.LakeLevelNew:PersistentLevel.terrain_bishe_3.None) Not registered. Aborting.
[2019.06.14-16.39.29:024][344]LogActorComponent: UnregisterComponent: (/Game/Terrain/4/UEDPIE_0_LakeLevelNew.LakeLevelNew:PersistentLevel.terrain_bishe_3.None) Not registered. Aborting.
[2019.06.14-16.39.29:024][344]LogActorComponent: UnregisterComponent: (/Game/Terrain/4/UEDPIE_0_LakeLevelNew.LakeLevelNew:PersistentLevel.terrain_bishe_3.None) Not registered. Aborting.
[2019.06.14-16.39.29:024][344]LogActorComponent: UnregisterComponent: (/Game/Terrain/4/UEDPIE_0_LakeLevelNew.LakeLevelNew:PersistentLevel.terrain_bishe_3.None) Not registered. Aborting.
[2019.06.14-16.39.29:024][344]LogActorComponent: UnregisterComponent: (/Game/Terrain/4/UEDPIE_0_LakeLevelNew.LakeLevelNew:PersistentLevel.terrain_bishe_3.None) Not registered. Aborting.
[2019.06.14-16.39.29:024][344]LogActorComponent: UnregisterComponent: (/Game/Terrain/4/UEDPIE_0_LakeLevelNew.LakeLevelNew:PersistentLevel.terrain_bishe_3.None) Not registered. Aborting.
[2019.06.14-16.39.29:024][344]LogActorComponent: UnregisterComponent: (/Game/Terrain/4/UEDPIE_0_LakeLevelNew.LakeLevelNew:PersistentLevel.terrain_bishe_3.None) Not registered. Aborting.
[2019.06.14-16.39.29:024][344]LogActorComponent: UnregisterComponent: (/Game/Terrain/4/UEDPIE_0_LakeLevelNew.LakeLevelNew:PersistentLevel.terrain_bishe_3.None) Not registered. Aborting.
[2019.06.14-16.39.29:024][344]LogActorComponent: UnregisterComponent: (/Game/Terrain/4/UEDPIE_0_LakeLevelNew.LakeLevelNew:PersistentLevel.terrain_bishe_3.None) Not registered. Aborting.
[2019.06.14-16.39.29:024][344]LogActorComponent: UnregisterComponent: (/Game/Terrain/4/UEDPIE_0_LakeLevelNew.LakeLevelNew:PersistentLevel.terrain_bishe_3.None) Not registered. Aborting.
[2019.06.14-16.39.29:024][344]LogActorComponent: UnregisterComponent: (/Game/Terrain/4/UEDPIE_0_LakeLevelNew.LakeLevelNew:PersistentLevel.terrain_bishe_3.None) Not registered. Aborting.
[2019.06.14-16.39.29:024][344]LogActorComponent: UnregisterComponent: (/Game/Terrain/4/UEDPIE_0_LakeLevelNew.LakeLevelNew:PersistentLevel.terrain_bishe_3.None) Not registered. Aborting.
[2019.06.14-16.39.29:024][344]LogActorComponent: UnregisterComponent: (/Game/Terrain/4/UEDPIE_0_LakeLevelNew.LakeLevelNew:PersistentLevel.terrain_bishe_3.None) Not registered. Aborting.
[2019.06.14-16.39.29:024][344]LogActorComponent: UnregisterComponent: (/Game/Terrain/4/UEDPIE_0_LakeLevelNew.LakeLevelNew:PersistentLevel.terrain_bishe_3.None) Not registered. Aborting.
[2019.06.14-16.39.29:028][344]LogHoudiniEngine: Warning: terrain_bishe_3: null parameter when clearing
[2019.06.14-16.39.29:028][344]LogHoudiniEngine: Warning: terrain_bishe_3: null parameter when clearing
[2019.06.14-16.39.29:028][344]LogHoudiniEngine: Warning: terrain_bishe_3: null parameter when clearing
[2019.06.14-16.39.29:028][344]LogHoudiniEngine: Warning: terrain_bishe_3: null parameter when clearing
[2019.06.14-16.39.29:028][344]LogHoudiniEngine: Warning: terrain_bishe_3: null parameter when clearing
[2019.06.14-16.39.29:028][344]LogHoudiniEngine: Warning: terrain_bishe_3: null parameter when clearing
[2019.06.14-16.39.29:028][344]LogHoudiniEngine: Warning: terrain_bishe_3: null parameter when clearing
[2019.06.14-16.39.29:028][344]LogHoudiniEngine: Warning: terrain_bishe_3: null parameter when clearing
[2019.06.14-16.39.29:028][344]LogHoudiniEngine: Warning: terrain_bishe_3: null parameter when clearing
[2019.06.14-16.39.29:028][344]LogHoudiniEngine: Warning: terrain_bishe_3: null parameter when clearing
[2019.06.14-16.39.29:028][344]LogHoudiniEngine: Warning: terrain_bishe_3: null parameter when clearing
[2019.06.14-16.39.29:028][344]LogHoudiniEngine: Warning: terrain_bishe_3: null parameter when clearing
[2019.06.14-16.39.29:028][344]LogHoudiniEngine: Warning: terrain_bishe_3: null parameter when clearing
[2019.06.14-16.39.29:028][344]LogHoudiniEngine: Warning: terrain_bishe_3: null parameter when clearing
[2019.06.14-16.39.29:028][344]LogHoudiniEngine: Warning: terrain_bishe_3: null parameter when clearing
[2019.06.14-16.39.29:028][344]LogHoudiniEngine: Warning: terrain_bishe_3: null parameter when clearing
[2019.06.14-16.39.29:028][344]LogHoudiniEngine: Warning: terrain_bishe_3: null parameter when clearing
[2019.06.14-16.39.29:028][344]LogHoudiniEngine: Warning: terrain_bishe_3: null parameter when clearing
[2019.06.14-16.39.29:028][344]LogHoudiniEngine: Warning: terrain_bishe_3: null parameter when clearing
[2019.06.14-16.39.29:028][344]LogHoudiniEngine: Warning: terrain_bishe_3: null parameter when clearing
[2019.06.14-16.39.29:028][344]LogHoudiniEngine: Warning: terrain_bishe_3: null parameter when clearing
[2019.06.14-16.39.29:028][344]LogHoudiniEngine: Warning: terrain_bishe_3: null parameter when clearing
[2019.06.14-16.39.29:032][344]LogSlate: Updating window title bar state: overlay mode, drag disabled, window buttons hidden, title bar hidden
[2019.06.14-16.39.29:068][345]LogPlayLevel: Display: Destroying online subsystem :Context_5
[2019.06.14-16.39.29:698][415]LogSlate: FSceneViewport::OnFocusLost() reason 2
[2019.06.14-16.39.56:864][280]LogSlate: FSceneViewport::OnFocusLost() reason 2
[2019.06.14-16.40.03:678][493]LogSlate: FSceneViewport::OnFocusLost() reason 2
[2019.06.14-16.40.06:979][856]LogBlueprintUserMessages: Early PlayInEditor Detection: Level '/Game/Terrain/4/LakeLevelNew.LakeLevelNew:PersistentLevel' has LevelScriptBlueprint '/Game/Terrain/4/LakeLevelNew.LakeLevelNew:PersistentLevel.LakeLevelNew' with GeneratedClass '/Game/Terrain/4/LakeLevelNew.LakeLevelNew_C' with ClassGeneratedBy '/Game/Terrain/4/LakeLevelNew.LakeLevelNew:PersistentLevel.LakeLevelNew'
[2019.06.14-16.40.06:979][856]LogPlayLevel: PlayLevel: No blueprints needed recompiling
[2019.06.14-16.40.06:980][856]PIE: New page: PIE会话: LakeLevelNew (2019年6月15日 上午8:40:06)
[2019.06.14-16.40.06:980][856]LogPlayLevel: Creating play world package: /Game/Terrain/4/UEDPIE_0_LakeLevelNew
[2019.06.14-16.40.07:139][856]LogPlayLevel: PIE: StaticDuplicateObject took: (0.159670s)
[2019.06.14-16.40.07:140][856]LogAIModule: Creating AISystem for world LakeLevelNew
[2019.06.14-16.40.07:140][856]LogPlayLevel: PIE: World Init took: (0.000965s)
[2019.06.14-16.40.07:141][856]LogPlayLevel: PIE: Created PIE world by copying editor world from /Game/Terrain/4/LakeLevelNew.LakeLevelNew to /Game/Terrain/4/UEDPIE_0_LakeLevelNew.LakeLevelNew (0.160961s)
[2019.06.14-16.40.07:180][856]LogInit: XAudio2 using '数字音频(S/PDIF) (High Definition Audio 设备)' : 2 channels at 44.1 kHz using 16 bits per sample (channel mask 0x3)
[2019.06.14-16.40.07:199][856]LogInit: FAudioDevice initialized.
[2019.06.14-16.40.07:206][856]LogSlate: FSceneViewport::OnFocusLost() reason 2
[2019.06.14-16.40.07:226][856]LogSlate: Updating window title bar state: overlay mode, drag disabled, window buttons hidden, title bar hidden
[2019.06.14-16.40.07:268][856]LogLoad: Game class is 'NewGameMode_C'
[2019.06.14-16.40.08:368][856]LogWorld: Bringing World /Game/Terrain/4/UEDPIE_0_LakeLevelNew.LakeLevelNew up for play (max tick rate 0) at 2019.06.15-00.40.08
[2019.06.14-16.40.08:386][856]LogWorld: Bringing up level for play took: 1.117113
[2019.06.14-16.40.08:409][856]LogMediaAssets: Error: Failed to validate media source OP (file://C:/Users/Ivy/Documents/Tencent Files/1205591375/FileRecv/OP.mp4)
[2019.06.14-16.40.08:412][856]PIE: /Game/Terrain/4/UEDPIE_0_LakeLevelNew的‘在编辑器中播放’的起始时间2.205
[2019.06.14-16.40.08:413][856]LogBlueprintUserMessages: Late PlayInEditor Detection: Level '/Game/Terrain/4/LakeLevelNew.LakeLevelNew:PersistentLevel' has LevelScriptBlueprint '/Game/Terrain/4/LakeLevelNew.LakeLevelNew:PersistentLevel.LakeLevelNew' with GeneratedClass '/Game/Terrain/4/LakeLevelNew.LakeLevelNew_C' with ClassGeneratedBy '/Game/Terrain/4/LakeLevelNew.LakeLevelNew:PersistentLevel.LakeLevelNew'
[2019.06.14-16.40.08:701][856]LogRenderer: Reallocating scene render targets to support 1292x756 Format 10 NumSamples 1 (Frame:1).
[2019.06.14-16.40.35:159][847]LogBlueprintUserMessages: Early EndPlayMap Detection: Level '/Game/Terrain/4/LakeLevelNew.LakeLevelNew:PersistentLevel' has LevelScriptBlueprint '/Game/Terrain/4/LakeLevelNew.LakeLevelNew:PersistentLevel.LakeLevelNew' with GeneratedClass '/Game/Terrain/4/LakeLevelNew.LakeLevelNew_C' with ClassGeneratedBy '/Game/Terrain/4/LakeLevelNew.LakeLevelNew:PersistentLevel.LakeLevelNew'
[2019.06.14-16.40.35:159][847]LogSlate: Updating window title bar state: overlay mode, drag disabled, window buttons hidden, title bar hidden
[2019.06.14-16.40.35:203][847]LogSlate: Window 'ClimbDemo 游戏预览 Standalone (64-bit/PCD3D_SM5)' being destroyed
[2019.06.14-16.40.35:257][847]LogPlayLevel: Display: Shutting down PIE online subsystems
[2019.06.14-16.40.35:257][847]LogBlueprintUserMessages: Late EndPlayMap Detection: Level '/Game/Terrain/4/LakeLevelNew.LakeLevelNew:PersistentLevel' has LevelScriptBlueprint '/Game/Terrain/4/LakeLevelNew.LakeLevelNew:PersistentLevel.LakeLevelNew' with GeneratedClass '/Game/Terrain/4/LakeLevelNew.LakeLevelNew_C' with ClassGeneratedBy '/Game/Terrain/4/LakeLevelNew.LakeLevelNew:PersistentLevel.LakeLevelNew'
[2019.06.14-16.40.35:285][847]LogActorComponent: UnregisterComponent: (/Game/Terrain/4/UEDPIE_0_LakeLevelNew.LakeLevelNew:PersistentLevel.terrain_bishe_3.None) Not registered. Aborting.
[2019.06.14-16.40.35:285][847]LogActorComponent: UnregisterComponent: (/Game/Terrain/4/UEDPIE_0_LakeLevelNew.LakeLevelNew:PersistentLevel.terrain_bishe_3.None) Not registered. Aborting.
[2019.06.14-16.40.35:285][847]LogActorComponent: UnregisterComponent: (/Game/Terrain/4/UEDPIE_0_LakeLevelNew.LakeLevelNew:PersistentLevel.terrain_bishe_3.None) Not registered. Aborting.
[2019.06.14-16.40.35:285][847]LogActorComponent: UnregisterComponent: (/Game/Terrain/4/UEDPIE_0_LakeLevelNew.LakeLevelNew:PersistentLevel.terrain_bishe_3.None) Not registered. Aborting.
[2019.06.14-16.40.35:285][847]LogActorComponent: UnregisterComponent: (/Game/Terrain/4/UEDPIE_0_LakeLevelNew.LakeLevelNew:PersistentLevel.terrain_bishe_3.None) Not registered. Aborting.
[2019.06.14-16.40.35:285][847]LogActorComponent: UnregisterComponent: (/Game/Terrain/4/UEDPIE_0_LakeLevelNew.LakeLevelNew:PersistentLevel.terrain_bishe_3.None) Not registered. Aborting.
[2019.06.14-16.40.35:285][847]LogActorComponent: UnregisterComponent: (/Game/Terrain/4/UEDPIE_0_LakeLevelNew.LakeLevelNew:PersistentLevel.terrain_bishe_3.None) Not registered. Aborting.
[2019.06.14-16.40.35:285][847]LogActorComponent: UnregisterComponent: (/Game/Terrain/4/UEDPIE_0_LakeLevelNew.LakeLevelNew:PersistentLevel.terrain_bishe_3.None) Not registered. Aborting.
[2019.06.14-16.40.35:285][847]LogActorComponent: UnregisterComponent: (/Game/Terrain/4/UEDPIE_0_LakeLevelNew.LakeLevelNew:PersistentLevel.terrain_bishe_3.None) Not registered. Aborting.
[2019.06.14-16.40.35:285][847]LogActorComponent: UnregisterComponent: (/Game/Terrain/4/UEDPIE_0_LakeLevelNew.LakeLevelNew:PersistentLevel.terrain_bishe_3.None) Not registered. Aborting.
[2019.06.14-16.40.35:285][847]LogActorComponent: UnregisterComponent: (/Game/Terrain/4/UEDPIE_0_LakeLevelNew.LakeLevelNew:PersistentLevel.terrain_bishe_3.None) Not registered. Aborting.
[2019.06.14-16.40.35:285][847]LogActorComponent: UnregisterComponent: (/Game/Terrain/4/UEDPIE_0_LakeLevelNew.LakeLevelNew:PersistentLevel.terrain_bishe_3.None) Not registered. Aborting.
[2019.06.14-16.40.35:285][847]LogActorComponent: UnregisterComponent: (/Game/Terrain/4/UEDPIE_0_LakeLevelNew.LakeLevelNew:PersistentLevel.terrain_bishe_3.None) Not registered. Aborting.
[2019.06.14-16.40.35:285][847]LogActorComponent: UnregisterComponent: (/Game/Terrain/4/UEDPIE_0_LakeLevelNew.LakeLevelNew:PersistentLevel.terrain_bishe_3.None) Not registered. Aborting.
[2019.06.14-16.40.35:285][847]LogActorComponent: UnregisterComponent: (/Game/Terrain/4/UEDPIE_0_LakeLevelNew.LakeLevelNew:PersistentLevel.terrain_bishe_3.None) Not registered. Aborting.
[2019.06.14-16.40.35:285][847]LogActorComponent: UnregisterComponent: (/Game/Terrain/4/UEDPIE_0_LakeLevelNew.LakeLevelNew:PersistentLevel.terrain_bishe_3.None) Not registered. Aborting.
[2019.06.14-16.40.35:285][847]LogActorComponent: UnregisterComponent: (/Game/Terrain/4/UEDPIE_0_LakeLevelNew.LakeLevelNew:PersistentLevel.terrain_bishe_3.None) Not registered. Aborting.
[2019.06.14-16.40.35:285][847]LogActorComponent: UnregisterComponent: (/Game/Terrain/4/UEDPIE_0_LakeLevelNew.LakeLevelNew:PersistentLevel.terrain_bishe_3.None) Not registered. Aborting.
[2019.06.14-16.40.35:285][847]LogActorComponent: UnregisterComponent: (/Game/Terrain/4/UEDPIE_0_LakeLevelNew.LakeLevelNew:PersistentLevel.terrain_bishe_3.None) Not registered. Aborting.
[2019.06.14-16.40.35:285][847]LogActorComponent: UnregisterComponent: (/Game/Terrain/4/UEDPIE_0_LakeLevelNew.LakeLevelNew:PersistentLevel.terrain_bishe_3.None) Not registered. Aborting.
[2019.06.14-16.40.35:285][847]LogActorComponent: UnregisterComponent: (/Game/Terrain/4/UEDPIE_0_LakeLevelNew.LakeLevelNew:PersistentLevel.terrain_bishe_3.None) Not registered. Aborting.
[2019.06.14-16.40.35:285][847]LogActorComponent: UnregisterComponent: (/Game/Terrain/4/UEDPIE_0_LakeLevelNew.LakeLevelNew:PersistentLevel.terrain_bishe_3.None) Not registered. Aborting.
[2019.06.14-16.40.35:285][847]LogActorComponent: UnregisterComponent: (/Game/Terrain/4/UEDPIE_0_LakeLevelNew.LakeLevelNew:PersistentLevel.terrain_bishe_3.None) Not registered. Aborting.
[2019.06.14-16.40.35:285][847]LogActorComponent: UnregisterComponent: (/Game/Terrain/4/UEDPIE_0_LakeLevelNew.LakeLevelNew:PersistentLevel.terrain_bishe_3.None) Not registered. Aborting.
[2019.06.14-16.40.35:285][847]LogActorComponent: UnregisterComponent: (/Game/Terrain/4/UEDPIE_0_LakeLevelNew.LakeLevelNew:PersistentLevel.terrain_bishe_3.None) Not registered. Aborting.
[2019.06.14-16.40.35:285][847]LogActorComponent: UnregisterComponent: (/Game/Terrain/4/UEDPIE_0_LakeLevelNew.LakeLevelNew:PersistentLevel.terrain_bishe_3.None) Not registered. Aborting.
[2019.06.14-16.40.35:285][847]LogActorComponent: UnregisterComponent: (/Game/Terrain/4/UEDPIE_0_LakeLevelNew.LakeLevelNew:PersistentLevel.terrain_bishe_3.None) Not registered. Aborting.
[2019.06.14-16.40.35:285][847]LogActorComponent: UnregisterComponent: (/Game/Terrain/4/UEDPIE_0_LakeLevelNew.LakeLevelNew:PersistentLevel.terrain_bishe_3.None) Not registered. Aborting.
[2019.06.14-16.40.35:285][847]LogActorComponent: UnregisterComponent: (/Game/Terrain/4/UEDPIE_0_LakeLevelNew.LakeLevelNew:PersistentLevel.terrain_bishe_3.None) Not registered. Aborting.
[2019.06.14-16.40.35:292][847]LogHoudiniEngine: Warning: terrain_bishe_3: null parameter when clearing
[2019.06.14-16.40.35:292][847]LogHoudiniEngine: Warning: terrain_bishe_3: null parameter when clearing
[2019.06.14-16.40.35:292][847]LogHoudiniEngine: Warning: terrain_bishe_3: null parameter when clearing
[2019.06.14-16.40.35:292][847]LogHoudiniEngine: Warning: terrain_bishe_3: null parameter when clearing
[2019.06.14-16.40.35:292][847]LogHoudiniEngine: Warning: terrain_bishe_3: null parameter when clearing
[2019.06.14-16.40.35:292][847]LogHoudiniEngine: Warning: terrain_bishe_3: null parameter when clearing
[2019.06.14-16.40.35:292][847]LogHoudiniEngine: Warning: terrain_bishe_3: null parameter when clearing
[2019.06.14-16.40.35:292][847]LogHoudiniEngine: Warning: terrain_bishe_3: null parameter when clearing
[2019.06.14-16.40.35:292][847]LogHoudiniEngine: Warning: terrain_bishe_3: null parameter when clearing
[2019.06.14-16.40.35:292][847]LogHoudiniEngine: Warning: terrain_bishe_3: null parameter when clearing
[2019.06.14-16.40.35:292][847]LogHoudiniEngine: Warning: terrain_bishe_3: null parameter when clearing
[2019.06.14-16.40.35:292][847]LogHoudiniEngine: Warning: terrain_bishe_3: null parameter when clearing
[2019.06.14-16.40.35:292][847]LogHoudiniEngine: Warning: terrain_bishe_3: null parameter when clearing
[2019.06.14-16.40.35:292][847]LogHoudiniEngine: Warning: terrain_bishe_3: null parameter when clearing
[2019.06.14-16.40.35:292][847]LogHoudiniEngine: Warning: terrain_bishe_3: null parameter when clearing
[2019.06.14-16.40.35:292][847]LogHoudiniEngine: Warning: terrain_bishe_3: null parameter when clearing
[2019.06.14-16.40.35:292][847]LogHoudiniEngine: Warning: terrain_bishe_3: null parameter when clearing
[2019.06.14-16.40.35:292][847]LogHoudiniEngine: Warning: terrain_bishe_3: null parameter when clearing
[2019.06.14-16.40.35:292][847]LogHoudiniEngine: Warning: terrain_bishe_3: null parameter when clearing
[2019.06.14-16.40.35:292][847]LogHoudiniEngine: Warning: terrain_bishe_3: null parameter when clearing
[2019.06.14-16.40.35:292][847]LogHoudiniEngine: Warning: terrain_bishe_3: null parameter when clearing
[2019.06.14-16.40.35:293][847]LogHoudiniEngine: Warning: terrain_bishe_3: null parameter when clearing
[2019.06.14-16.40.35:326][848]LogPlayLevel: Display: Destroying online subsystem :Context_6
[2019.06.14-16.41.19:197][873]LogSlate: FSceneViewport::OnFocusLost() reason 0
[2019.06.14-16.41.22:445][254]LogMaterial: Display: Missing cached shader map for material Material_1, compiling. 
[2019.06.14-16.41.22:493][255]LogShaderCompilers: Display: Shaders left to compile 5
[2019.06.14-16.42.40:067][ 86]LogEditorFactories: Performing atomic reimport of [C:/Users/14367/Desktop/毕设/MMMM_/xf-1/beast_bone_uv/0_beast_bone_lotus_leaf_uv.png]
[2019.06.14-16.42.40:077][ 86]LogFactory: FactoryCreateFile: Texture2D with ReimportTextureFactory (0 0 C:/Users/14367/Desktop/毕设/MMMM_/xf-1/beast_bone_uv/0_beast_bone_lotus_leaf_uv.png)
[2019.06.14-16.42.40:439][ 86]LogTexture: Display: 正在编译纹理：0_beast_bone_lotus_leaf_uv（AutoDXT、4096X4096）
[2019.06.14-16.42.50:502][ 86]LogEditorFactories: -- imported successfully
[2019.06.14-16.42.55:452][431]LogAssetEditorManager: Opening Asset editor for Texture2D /Game/Terrain/MMMM_/xf-1/beast_bone_uv/0_beast_bone_lotus_leaf_uv.0_beast_bone_lotus_leaf_uv
[2019.06.14-16.42.55:506][431]LogContentBrowser: Native class hierarchy updated for 'TextureEditor' in 0.0004 seconds. Added 1 classes and 2 folders.
[2019.06.14-16.42.58:112][642]LogSlate: Window '0_beast_bone_lotus_leaf_uv*' being destroyed
[2019.06.14-16.43.14:420][430]LogSlate: Window '保存内容' being destroyed
[2019.06.14-16.43.15:451][430]LogSavePackage: Moving 'D:/Documents/DiplomaGame/ClimbDemo/Saved/0_beast_bone_lotus_leaf_uv62EC05004EDCDA31308297828E01AE08.tmp' to 'D:/Documents/DiplomaGame/ClimbDemo/Content/Terrain/MMMM_/xf-1/beast_bone_uv/0_beast_bone_lotus_leaf_uv.uasset'
[2019.06.14-16.43.18:226][730]LogAssetEditorManager: Opening Asset editor for StaticMesh /Game/Terrain/MMMM_/xf-1/beast_bone_uv/0_beast_bone_2.0_beast_bone_2
[2019.06.14-16.43.19:072][731]LogRenderer: Reallocating scene render targets to support 1292x924 Format 10 NumSamples 1 (Frame:1).
[2019.06.14-16.43.36:904][821]LogSlate: FSceneViewport::OnFocusLost() reason 0
