Log file open, 01/08/19 13:57:26
LogWindows: Failed to load 'aqProf.dll' (GetLastError=126)
LogWindows: File 'aqProf.dll' does not exist
LogWindows: Failed to load 'VtuneApi.dll' (GetLastError=126)
LogWindows: File 'VtuneApi.dll' does not exist
LogWindows: Failed to load 'VtuneApi32e.dll' (GetLastError=126)
LogWindows: File 'VtuneApi32e.dll' does not exist
LogInit: Display: Running engine for game: MyProject
LogPlatformFile: Not using cached read wrapper
LogInit: Display: RandInit(895637283) SRandInit(895637283).
LogInit: Read version file with build ID '3944462'
LogInit: Overriding engine version to CL 4033788, compatible CL 3944462
LogInit: Registered custom module enumerator with build ID '3944462'
LogTaskGraph: Started task graph with 5 named threads and 23 total threads with 3 sets of task threads.
LogStats: Stats thread started at 0.491322
LogD3D11RHI: Aftermath initialized
LogICUInternationalization: Display: ICU TimeZone Detection - Raw Offset: +8:00, Platform Override: ''
LogModuleManager: Display: Found up-to-date module file ../../../Engine/Plugins/2D/Paper2D/Binaries/Win64/UE4Editor-Paper2D.dll (API version 3944462).
LogModuleManager: Display: Found up-to-date module file ../../../Engine/Plugins/2D/Paper2D/Binaries/Win64/UE4Editor-Paper2DEditor.dll (API version 3944462).
LogModuleManager: Display: Found up-to-date module file ../../../Engine/Plugins/2D/Paper2D/Binaries/Win64/UE4Editor-PaperSpriteSheetImporter.dll (API version 3944462).
LogModuleManager: Display: Found up-to-date module file ../../../Engine/Plugins/2D/Paper2D/Binaries/Win64/UE4Editor-PaperTiledImporter.dll (API version 3944462).
LogModuleManager: Display: Found up-to-date module file ../../../Engine/Plugins/2D/Paper2D/Binaries/Win64/UE4Editor-SmartSnapping.dll (API version 3944462).
LogModuleManager: Display: Found up-to-date module file ../../../Engine/Plugins/Blendables/LightPropagationVolume/Binaries/Win64/UE4Editor-LightPropagationVolumeRuntime.dll (API version 3944462).
LogModuleManager: Display: Found up-to-date module file ../../../Engine/Plugins/Blendables/LightPropagationVolume/Binaries/Win64/UE4Editor-LightPropagationVolumeEditor.dll (API version 3944462).
LogModuleManager: Display: Found up-to-date module file ../../../Engine/Plugins/Developer/CLionSourceCodeAccess/Binaries/Win64/UE4Editor-CLionSourceCodeAccess.dll (API version 3944462).
LogModuleManager: Display: Found up-to-date module file ../../../Engine/Plugins/Developer/GitSourceControl/Binaries/Win64/UE4Editor-GitSourceControl.dll (API version 3944462).
LogModuleManager: Display: Found up-to-date module file ../../../Engine/Plugins/Developer/PerforceSourceControl/Binaries/Win64/UE4Editor-PerforceSourceControl.dll (API version 3944462).
LogModuleManager: Display: Found up-to-date module file ../../../Engine/Plugins/Developer/SubversionSourceControl/Binaries/Win64/UE4Editor-SubversionSourceControl.dll (API version 3944462).
LogModuleManager: Display: Found up-to-date module file ../../../Engine/Plugins/Developer/UObjectPlugin/Binaries/Win64/UE4Editor-UObjectPlugin.dll (API version 3944462).
LogModuleManager: Display: Found up-to-date module file ../../../Engine/Plugins/Developer/VisualStudioCodeSourceCodeAccess/Binaries/Win64/UE4Editor-VisualStudioCodeSourceCodeAccess.dll (API version 3944462).
LogModuleManager: Display: Found up-to-date module file ../../../Engine/Plugins/Developer/VisualStudioSourceCodeAccess/Binaries/Win64/UE4Editor-VisualStudioSourceCodeAccess.dll (API version 3944462).
LogModuleManager: Display: Found up-to-date module file ../../../Engine/Plugins/Editor/AssetManagerEditor/Binaries/Win64/UE4Editor-AssetManagerEditor.dll (API version 3944462).
LogModuleManager: Display: Found up-to-date module file ../../../Engine/Plugins/Editor/CryptoKeys/Binaries/Win64/UE4Editor-CryptoKeys.dll (API version 3944462).
LogModuleManager: Display: Found up-to-date module file ../../../Engine/Plugins/Editor/CryptoKeys/Binaries/Win64/UE4Editor-CryptoKeysOpenSSL.dll (API version 3944462).
LogModuleManager: Display: Found up-to-date module file ../../../Engine/Plugins/Editor/DataValidation/Binaries/Win64/UE4Editor-DataValidation.dll (API version 3944462).
LogModuleManager: Display: Found up-to-date module file ../../../Engine/Plugins/Editor/FacialAnimation/Binaries/Win64/UE4Editor-FacialAnimation.dll (API version 3944462).
LogModuleManager: Display: Found up-to-date module file ../../../Engine/Plugins/Editor/FacialAnimation/Binaries/Win64/UE4Editor-FacialAnimationEditor.dll (API version 3944462).
LogModuleManager: Display: Found up-to-date module file ../../../Engine/Plugins/Editor/GameplayTagsEditor/Binaries/Win64/UE4Editor-GameplayTagsEditor.dll (API version 3944462).
LogModuleManager: Display: Found up-to-date module file ../../../Engine/Plugins/Editor/MobileLauncherProfileWizard/Binaries/Win64/UE4Editor-MobileLauncherProfileWizard.dll (API version 3944462).
LogModuleManager: Display: Found up-to-date module file ../../../Engine/Plugins/Editor/PluginBrowser/Binaries/Win64/UE4Editor-PluginBrowser.dll (API version 3944462).
LogModuleManager: Display: Found up-to-date module file ../../../Engine/Plugins/Editor/SpeedTreeImporter/Binaries/Win64/UE4Editor-SpeedTreeImporter.dll (API version 3944462).
LogModuleManager: Display: Found up-to-date module file ../../../Engine/Plugins/Enterprise/DatasmithContent/Binaries/Win64/UE4Editor-DatasmithContent.dll (API version 3944462).
LogModuleManager: Display: Found up-to-date module file ../../../Engine/Plugins/Experimental/AlembicImporter/Binaries/Win64/UE4Editor-AlembicImporter.dll (API version 3944462).
LogModuleManager: Display: Found up-to-date module file ../../../Engine/Plugins/Experimental/AlembicImporter/Binaries/Win64/UE4Editor-AlembicLibrary.dll (API version 3944462).
LogModuleManager: Display: Found up-to-date module file ../../../Engine/Plugins/Experimental/CharacterAI/Binaries/Win64/UE4Editor-CharacterAI.dll (API version 3944462).
LogModuleManager: Display: Found up-to-date module file ../../../Engine/Plugins/Experimental/HTML5Networking/Binaries/Win64/UE4Editor-HTML5Networking.dll (API version 3944462).
LogModuleManager: Display: Found up-to-date module file ../../../Engine/Plugins/Media/AndroidMedia/Binaries/Win64/UE4Editor-AndroidMediaEditor.dll (API version 3944462).
LogModuleManager: Display: Found up-to-date module file ../../../Engine/Plugins/Media/AndroidMedia/Binaries/Win64/UE4Editor-AndroidMediaFactory.dll (API version 3944462).
LogModuleManager: Display: Found up-to-date module file ../../../Engine/Plugins/Media/AvfMedia/Binaries/Win64/UE4Editor-AvfMediaEditor.dll (API version 3944462).
LogModuleManager: Display: Found up-to-date module file ../../../Engine/Plugins/Media/AvfMedia/Binaries/Win64/UE4Editor-AvfMediaFactory.dll (API version 3944462).
LogModuleManager: Display: Found up-to-date module file ../../../Engine/Plugins/Media/AvfMedia/Binaries/Win64/UE4Editor-AvfMediaFactory.dll (API version 3944462).
LogModuleManager: Display: Found up-to-date module file ../../../Engine/Plugins/Media/ImgMedia/Binaries/Win64/UE4Editor-ImgMedia.dll (API version 3944462).
LogModuleManager: Display: Found up-to-date module file ../../../Engine/Plugins/Media/ImgMedia/Binaries/Win64/UE4Editor-ImgMediaEditor.dll (API version 3944462).
LogModuleManager: Display: Found up-to-date module file ../../../Engine/Plugins/Media/ImgMedia/Binaries/Win64/UE4Editor-ImgMediaFactory.dll (API version 3944462).
LogModuleManager: Display: Found up-to-date module file ../../../Engine/Plugins/Media/ImgMedia/Binaries/Win64/UE4Editor-ImgMediaFactory.dll (API version 3944462).
LogModuleManager: Display: Found up-to-date module file ../../../Engine/Plugins/Media/ImgMedia/Binaries/Win64/UE4Editor-OpenExrWrapper.dll (API version 3944462).
LogModuleManager: Display: Found up-to-date module file ../../../Engine/Plugins/Media/LinearTimecode/Binaries/Win64/UE4Editor-LinearTimecode.dll (API version 3944462).
LogModuleManager: Display: Found up-to-date module file ../../../Engine/Plugins/Media/MediaCompositing/Binaries/Win64/UE4Editor-MediaCompositing.dll (API version 3944462).
LogModuleManager: Display: Found up-to-date module file ../../../Engine/Plugins/Media/MediaCompositing/Binaries/Win64/UE4Editor-MediaCompositingEditor.dll (API version 3944462).
LogModuleManager: Display: Found up-to-date module file ../../../Engine/Plugins/Media/MediaPlayerEditor/Binaries/Win64/UE4Editor-MediaPlayerEditor.dll (API version 3944462).
LogModuleManager: Display: Found up-to-date module file ../../../Engine/Plugins/Media/WmfMedia/Binaries/Win64/UE4Editor-WmfMedia.dll (API version 3944462).
LogModuleManager: Display: Found up-to-date module file ../../../Engine/Plugins/Media/WmfMedia/Binaries/Win64/UE4Editor-WmfMediaEditor.dll (API version 3944462).
LogModuleManager: Display: Found up-to-date module file ../../../Engine/Plugins/Media/WmfMedia/Binaries/Win64/UE4Editor-WmfMediaFactory.dll (API version 3944462).
LogModuleManager: Display: Found up-to-date module file ../../../Engine/Plugins/Media/WmfMedia/Binaries/Win64/UE4Editor-WmfMediaFactory.dll (API version 3944462).
LogModuleManager: Display: Found up-to-date module file ../../../Engine/Plugins/Messaging/TcpMessaging/Binaries/Win64/UE4Editor-TcpMessaging.dll (API version 3944462).
LogModuleManager: Display: Found up-to-date module file ../../../Engine/Plugins/Messaging/UdpMessaging/Binaries/Win64/UE4Editor-UdpMessaging.dll (API version 3944462).
LogModuleManager: Display: Found up-to-date module file ../../../Engine/Plugins/MovieScene/ActorSequence/Binaries/Win64/UE4Editor-ActorSequence.dll (API version 3944462).
LogModuleManager: Display: Found up-to-date module file ../../../Engine/Plugins/MovieScene/LevelSequenceEditor/Binaries/Win64/UE4Editor-LevelSequenceEditor.dll (API version 3944462).
LogModuleManager: Display: Found up-to-date module file ../../../Engine/Plugins/MovieScene/MatineeToLevelSequence/Binaries/Win64/UE4Editor-MatineeToLevelSequence.dll (API version 3944462).
LogModuleManager: Display: Found up-to-date module file ../../../Engine/Plugins/NetcodeUnitTest/NetcodeUnitTest/Binaries/Win64/UE4Editor-NetcodeUnitTest.dll (API version 3944462).
LogModuleManager: Display: Found up-to-date module file ../../../Engine/Plugins/NetcodeUnitTest/NUTUnrealEngine4/Binaries/Win64/UE4Editor-NUTUnrealEngine4.dll (API version 3944462).
LogModuleManager: Display: Found up-to-date module file ../../../Engine/Plugins/Online/OnlineSubsystem/Binaries/Win64/UE4Editor-OnlineSubsystem.dll (API version 3944462).
LogModuleManager: Display: Found up-to-date module file ../../../Engine/Plugins/Runtime/AndroidPermission/Binaries/Win64/UE4Editor-AndroidPermission.dll (API version 3944462).
LogModuleManager: Display: Found up-to-date module file ../../../Engine/Plugins/Online/OnlineSubsystemNull/Binaries/Win64/UE4Editor-OnlineSubsystemNull.dll (API version 3944462).
LogModuleManager: Display: Found up-to-date module file ../../../Engine/Plugins/Online/OnlineSubsystemUtils/Binaries/Win64/UE4Editor-OnlineSubsystemUtils.dll (API version 3944462).
LogModuleManager: Display: Found up-to-date module file ../../../Engine/Plugins/Online/OnlineSubsystemUtils/Binaries/Win64/UE4Editor-OnlineBlueprintSupport.dll (API version 3944462).
LogModuleManager: Display: Found up-to-date module file ../../../Engine/Plugins/Runtime/AndroidDeviceProfileSelector/Binaries/Win64/UE4Editor-AndroidDeviceProfileSelector.dll (API version 3944462).
LogModuleManager: Display: Found up-to-date module file ../../../Engine/Plugins/Runtime/AppleARKit/Binaries/Win64/UE4Editor-AppleARKit.dll (API version 3944462).
LogModuleManager: Display: Found up-to-date module file ../../../Engine/Plugins/Runtime/ProceduralMeshComponent/Binaries/Win64/UE4Editor-ProceduralMeshComponent.dll (API version 3944462).
LogModuleManager: Display: Found up-to-date module file ../../../Engine/Plugins/Runtime/ProceduralMeshComponent/Binaries/Win64/UE4Editor-ProceduralMeshComponentEditor.dll (API version 3944462).
LogModuleManager: Display: Found up-to-date module file ../../../Engine/Plugins/Animation/LiveLink/Binaries/Win64/UE4Editor-LiveLink.dll (API version 3944462).
LogModuleManager: Display: Found up-to-date module file ../../../Engine/Plugins/Animation/LiveLink/Binaries/Win64/UE4Editor-LiveLinkEditor.dll (API version 3944462).
LogModuleManager: Display: Found up-to-date module file ../../../Engine/Plugins/Runtime/ArchVisCharacter/Binaries/Win64/UE4Editor-ArchVisCharacter.dll (API version 3944462).
LogModuleManager: Display: Found up-to-date module file ../../../Engine/Plugins/Runtime/AudioCapture/Binaries/Win64/UE4Editor-AudioCapture.dll (API version 3944462).
LogModuleManager: Display: Found up-to-date module file ../../../Engine/Plugins/Runtime/AudioCapture/Binaries/Win64/UE4Editor-AudioCaptureEditor.dll (API version 3944462).
LogModuleManager: Display: Found up-to-date module file ../../../Engine/Plugins/Runtime/CableComponent/Binaries/Win64/UE4Editor-CableComponent.dll (API version 3944462).
LogModuleManager: Display: Found up-to-date module file ../../../Engine/Plugins/Runtime/CustomMeshComponent/Binaries/Win64/UE4Editor-CustomMeshComponent.dll (API version 3944462).
LogModuleManager: Display: Found up-to-date module file ../../../Engine/Plugins/Runtime/ExampleDeviceProfileSelector/Binaries/Win64/UE4Editor-ExampleDeviceProfileSelector.dll (API version 3944462).
LogModuleManager: Display: Found up-to-date module file ../../../Engine/Plugins/Runtime/ImmediatePhysics/Binaries/Win64/UE4Editor-ImmediatePhysics.dll (API version 3944462).
LogModuleManager: Display: Found up-to-date module file ../../../Engine/Plugins/Runtime/ImmediatePhysics/Binaries/Win64/UE4Editor-ImmediatePhysicsEditor.dll (API version 3944462).
LogModuleManager: Display: Found up-to-date module file ../../../Engine/Plugins/Runtime/LocationServicesBPLibrary/Binaries/Win64/UE4Editor-LocationServicesBPLibrary.dll (API version 3944462).
LogModuleManager: Display: Found up-to-date module file ../../../Engine/Plugins/Runtime/MobilePatchingUtils/Binaries/Win64/UE4Editor-MobilePatchingUtils.dll (API version 3944462).
LogModuleManager: Display: Found up-to-date module file ../../../Engine/Plugins/Runtime/Oculus/OculusVR/Binaries/Win64/UE4Editor-OculusHMD.dll (API version 3944462).
LogModuleManager: Display: Found up-to-date module file ../../../Engine/Plugins/Runtime/Oculus/OculusVR/Binaries/Win64/UE4Editor-OculusInput.dll (API version 3944462).
LogModuleManager: Display: Found up-to-date module file ../../../Engine/Plugins/Runtime/Oculus/OculusVR/Binaries/Win64/UE4Editor-OculusEditor.dll (API version 3944462).
LogModuleManager: Display: Found up-to-date module file ../../../Engine/Plugins/Runtime/PhysXVehicles/Binaries/Win64/UE4Editor-PhysXVehicles.dll (API version 3944462).
LogModuleManager: Display: Found up-to-date module file ../../../Engine/Plugins/Runtime/PhysXVehicles/Binaries/Win64/UE4Editor-PhysXVehiclesEditor.dll (API version 3944462).
LogModuleManager: Display: Found up-to-date module file ../../../Engine/Plugins/Runtime/RuntimePhysXCooking/Binaries/Win64/UE4Editor-RuntimePhysXCooking.dll (API version 3944462).
LogModuleManager: Display: Found up-to-date module file ../../../Engine/Plugins/Runtime/Steam/SteamVR/Binaries/Win64/UE4Editor-SteamVR.dll (API version 3944462).
LogModuleManager: Display: Found up-to-date module file ../../../Engine/Plugins/Runtime/Steam/SteamVR/Binaries/Win64/UE4Editor-SteamVRController.dll (API version 3944462).
LogModuleManager: Display: Found up-to-date module file ../../../Engine/Plugins/Runtime/WindowsMoviePlayer/Binaries/Win64/UE4Editor-WindowsMoviePlayer.dll (API version 3944462).
LogPluginManager: Mounting plugin Paper2D
LogPluginManager: Mounting plugin LiveLink
LogPluginManager: Mounting plugin LightPropagationVolume
LogPluginManager: Mounting plugin CLionSourceCodeAccess
LogPluginManager: Mounting plugin CodeLiteSourceCodeAccess
LogPluginManager: Mounting plugin GitSourceControl
LogPluginManager: Mounting plugin KDevelopSourceCodeAccess
LogPluginManager: Mounting plugin NullSourceCodeAccess
LogPluginManager: Mounting plugin PerforceSourceControl
LogPluginManager: Mounting plugin SubversionSourceControl
LogPluginManager: Mounting plugin UObjectPlugin
LogPluginManager: Mounting plugin VisualStudioCodeSourceCodeAccess
LogPluginManager: Mounting plugin VisualStudioSourceCodeAccess
LogPluginManager: Mounting plugin XCodeSourceCodeAccess
LogPluginManager: Mounting plugin AssetManagerEditor
LogPluginManager: Mounting plugin CryptoKeys
LogPluginManager: Mounting plugin DataValidation
LogPluginManager: Mounting plugin FacialAnimation
LogPluginManager: Mounting plugin GameplayTagsEditor
LogPluginManager: Mounting plugin MobileLauncherProfileWizard
LogPluginManager: Mounting plugin PluginBrowser
LogPluginManager: Mounting plugin SpeedTreeImporter
LogPluginManager: Mounting plugin DatasmithContent
LogPluginManager: Mounting plugin AlembicImporter
LogPluginManager: Mounting plugin CharacterAI
LogPluginManager: Mounting plugin HTML5Networking
LogPluginManager: Mounting plugin AndroidMedia
LogPluginManager: Mounting plugin AvfMedia
LogPluginManager: Mounting plugin ImgMedia
LogPluginManager: Mounting plugin LinearTimecode
LogPluginManager: Mounting plugin MediaCompositing
LogPluginManager: Mounting plugin MediaPlayerEditor
LogPluginManager: Mounting plugin WmfMedia
LogPluginManager: Mounting plugin TcpMessaging
LogPluginManager: Mounting plugin UdpMessaging
LogPluginManager: Mounting plugin ActorSequence
LogPluginManager: Mounting plugin LevelSequenceEditor
LogPluginManager: Mounting plugin MatineeToLevelSequence
LogPluginManager: Mounting plugin NetcodeUnitTest
LogPluginManager: Mounting plugin NUTUnrealEngine4
LogPluginManager: Mounting plugin OnlineSubsystemGooglePlay
LogPluginManager: Mounting plugin OnlineSubsystemIOS
LogPluginManager: Mounting plugin OnlineSubsystem
LogPluginManager: Mounting plugin OnlineSubsystemNull
LogPluginManager: Mounting plugin OnlineSubsystemUtils
LogPluginManager: Mounting plugin AndroidDeviceProfileSelector
LogPluginManager: Mounting plugin AndroidMoviePlayer
LogPluginManager: Mounting plugin AndroidPermission
LogPluginManager: Mounting plugin AppleARKit
LogPluginManager: Mounting plugin AppleMoviePlayer
LogPluginManager: Mounting plugin ArchVisCharacter
LogPluginManager: Mounting plugin AudioCapture
LogPluginManager: Mounting plugin CableComponent
LogPluginManager: Mounting plugin CustomMeshComponent
LogPluginManager: Mounting plugin ExampleDeviceProfileSelector
LogPluginManager: Mounting plugin GoogleCloudMessaging
LogPluginManager: Mounting plugin ImmediatePhysics
LogPluginManager: Mounting plugin IOSDeviceProfileSelector
LogPluginManager: Mounting plugin LinuxDeviceProfileSelector
LogPluginManager: Mounting plugin LocationServicesBPLibrary
LogPluginManager: Mounting plugin MobilePatchingUtils
LogPluginManager: Mounting plugin OculusVR
LogPluginManager: Plugin shader directory ../../../Engine/Plugins/Runtime/Oculus/OculusVR/Shaders found
LogPluginManager: Mapping shader source directory ../../../Engine/Plugins/Runtime/Oculus/OculusVR/Shaders to virtual directory /Plugin/OculusVR
LogPluginManager: Mounting plugin PhysXVehicles
LogPluginManager: Mounting plugin ProceduralMeshComponent
LogPluginManager: Mounting plugin RuntimePhysXCooking
LogPluginManager: Mounting plugin SteamVR
LogPluginManager: Mounting plugin WindowsMoviePlayer
LogStreaming: Display: Took  3.000s to configure plugins.
LogInit: Using libcurl 7.47.1
LogInit:  - built for x86_64-pc-win32
LogInit:  - supports SSL with OpenSSL/1.0.2g
LogInit:  - supports HTTP deflate (compression) using libz 1.2.8
LogInit:  - other features:
LogInit:      CURL_VERSION_SSL
LogInit:      CURL_VERSION_LIBZ
LogInit:      CURL_VERSION_IPV6
LogInit:      CURL_VERSION_ASYNCHDNS
LogInit:      CURL_VERSION_LARGEFILE
LogInit:      CURL_VERSION_IDN
LogInit:  CurlRequestOptions (configurable via config and command line):
LogInit:  - bVerifyPeer = false  - Libcurl will NOT verify peer certificate
LogInit:  - bUseHttpProxy = false  - Libcurl will NOT use HTTP proxy
LogInit:  - bDontReuseConnections = false  - Libcurl will reuse connections
LogInit:  - CertBundlePath = nullptr  - Libcurl will use whatever was configured at build time.
LogInit:  - MaxHostConnections = 16  - Libcurl will limit the number of connections to a host
LogInit:  - LocalHostAddr = Default
LogInit: WinSock: version 1.1 (2.2), MaxSocks=32767, MaxUdp=65467
LogInit: WinSock: I am DESKTOP-UHKKT41 (192.168.0.103:0)
LogHMD: Failed initializing OVRPlugin 1.21.0
LogInit: Build: ++UE4+Release-4.19-CL-4033788
LogInit: Engine Version: 4.19.2-4033788+++UE4+Release-4.19
LogInit: Compatible Engine Version: 4.19.0-3944462+++UE4+Release-4.19
LogInit: Net CL: 3944462
LogDevObjectVersion: Number of dev versions registered: 18
LogDevObjectVersion:   Dev-Blueprints (B0D832E4-1F89-4F0D-ACCF-7EB736FD4AA2): 10
LogDevObjectVersion:   Dev-Build (E1C64328-A22C-4D53-A36C-8E866417BD8C): 0
LogDevObjectVersion:   Dev-Core (375EC13C-06E4-48FB-B500-84F0262A717E): 2
LogDevObjectVersion:   Dev-Editor (E4B068ED-F494-42E9-A231-DA0B2E46BB41): 23
LogDevObjectVersion:   Dev-Framework (CFFC743F-43B0-4480-9391-14DF171D2073): 33
LogDevObjectVersion:   Dev-Mobile (B02B49B5-BB20-44E9-A304-32B752E40360): 2
LogDevObjectVersion:   Dev-Networking (A4E4105C-59A1-49B5-A7C5-40C4547EDFEE): 0
LogDevObjectVersion:   Dev-Online (39C831C9-5AE6-47DC-9A44-9C173E1C8E7C): 0
LogDevObjectVersion:   Dev-Physics (78F01B33-EBEA-4F98-B9B4-84EACCB95AA2): 0
LogDevObjectVersion:   Dev-Platform (6631380F-2D4D-43E0-8009-CF276956A95A): 0
LogDevObjectVersion:   Dev-Rendering (12F88B9F-8875-4AFC-A67C-D90C383ABD29): 25
LogDevObjectVersion:   Dev-Sequencer (7B5AE74C-D270-4C10-A958-57980B212A5A): 6
LogDevObjectVersion:   Dev-VR (D7296918-1DD6-4BDD-9DE2-64A83CC13884): 1
LogDevObjectVersion:   Dev-LoadTimes (C2A15278-BFE7-4AFE-6C17-90FF531DF755): 1
LogDevObjectVersion:   Private-Geometry (6EACA3D4-40EC-4CC1-B786-8BED09428FC5): 2
LogDevObjectVersion:   Dev-AnimPhys (29E575DD-E0A3-4627-9D10-D276232CDCEA): 16
LogDevObjectVersion:   Dev-ReflectionCapture (6B266CEC-1EC7-4B8F-A30B-E4D90942FC07): 1
LogDevObjectVersion:   Dev-Automation (0DF73D61-A23F-47EA-B727-89E90C41499A): 1
LogInit: Compiled (64-bit): Apr 27 2018 02:06:57
LogInit: Compiled with Visual C++: 19.00.24215.01
LogInit: Build Configuration: Development
LogInit: Branch Name: ++UE4+Release-4.19
LogInit: Command Line:  
LogInit: Base Directory: D:/Program Files/Epic Games/UE_4.19/Engine/Binaries/Win64/
LogInit: Installed Engine Build: 1
LogStreaming: Display: Took  0.001s to delete old logs.
LogInit: Presizing for max 8388607 objects, including 0 objects not considered by GC, pre-allocating 0 bytes for permanent pool.
LogInit: Object subsystem initialized
[2019.01.08-05.57.32:757][  0]LogInit: Selected Device Profile: [Windows]
[2019.01.08-05.57.32:757][  0]LogInit: Applying CVar settings loaded from the selected device profile: [Windows]
[2019.01.08-05.57.32:876][  0]LogInit: Computer: DESKTOP-UHKKT41
[2019.01.08-05.57.32:876][  0]LogInit: User: Ivy
[2019.01.08-05.57.32:876][  0]LogInit: CPU Page size=4096, Cores=4
[2019.01.08-05.57.32:876][  0]LogInit: High frequency timer resolution =2.742187 MHz
[2019.01.08-05.57.32:887][  0]LogMemory: Memory total: Physical=15.9GB (16GB approx)
[2019.01.08-05.57.32:887][  0]LogMemory: Platform Memory Stats for Windows
[2019.01.08-05.57.32:887][  0]LogMemory: Process Physical Memory: 276.46 MB used, 276.46 MB peak
[2019.01.08-05.57.32:887][  0]LogMemory: Process Virtual Memory: 269.13 MB used, 269.13 MB peak
[2019.01.08-05.57.32:887][  0]LogMemory: Physical Memory: 4010.74 MB used,  12246.22 MB free, 16256.96 MB total
[2019.01.08-05.57.32:887][  0]LogMemory: Virtual Memory: 4842.02 MB used,  12246.22 MB free, 134217728.00 MB total
[2019.01.08-05.57.34:167][  0]LogInit: Overriding language with editor language configuration option (en).
[2019.01.08-05.57.34:167][  0]LogInit: Overriding locale with editor locale configuration option (en).
[2019.01.08-05.57.35:130][  0]LogStreaming: Display: Took  0.955s to EndInitTextLocalization.
[2019.01.08-05.57.35:150][  0]LogInit: Setting process to per monitor DPI aware
[2019.01.08-05.57.36:002][  0]LogSlate: New Slate User Created.  User Index 0, Is Virtual User: 0
[2019.01.08-05.57.36:002][  0]LogSlate: Slate User Registered.  User Index 0, Is Virtual User: 0
[2019.01.08-05.57.37:038][  0]LogD3D11RHI: D3D11 adapters:
[2019.01.08-05.57.37:393][  0]LogD3D11RHI:    0. 'NVIDIA GeForce GTX 1070' (Feature Level 11_0)
[2019.01.08-05.57.37:393][  0]LogD3D11RHI:       8089/0/8128 MB DedicatedVideo/DedicatedSystem/SharedSystem, Outputs:1, VendorId:0x10de
[2019.01.08-05.57.37:431][  0]LogD3D11RHI:    1. 'Intel(R) HD Graphics 630' (Feature Level 11_0)
[2019.01.08-05.57.37:431][  0]LogD3D11RHI:       128/0/8128 MB DedicatedVideo/DedicatedSystem/SharedSystem, Outputs:0, VendorId:0x8086
[2019.01.08-05.57.37:434][  0]LogD3D11RHI:    2. 'Microsoft Basic Render Driver' (Feature Level 11_0)
[2019.01.08-05.57.37:434][  0]LogD3D11RHI:       0/0/8128 MB DedicatedVideo/DedicatedSystem/SharedSystem, Outputs:0, VendorId:0x1414
[2019.01.08-05.57.37:434][  0]LogD3D11RHI: Chosen D3D11 Adapter: 0
[2019.01.08-05.57.37:468][  0]LogD3D11RHI: Creating new Direct3DDevice
[2019.01.08-05.57.37:468][  0]LogD3D11RHI:     GPU DeviceId: 0x1ba1 (for the marketing name, search the web for "GPU Device Id")
[2019.01.08-05.57.37:468][  0]LogWindows: EnumDisplayDevices:
[2019.01.08-05.57.37:469][  0]LogWindows:    0. 'Intel(R) HD Graphics 630' (P:1 D:1)
[2019.01.08-05.57.37:469][  0]LogWindows:    1. 'Intel(R) HD Graphics 630' (P:0 D:0)
[2019.01.08-05.57.37:470][  0]LogWindows:    2. 'Intel(R) HD Graphics 630' (P:0 D:0)
[2019.01.08-05.57.37:471][  0]LogWindows:    3. 'NVIDIA GeForce GTX 1070' (P:0 D:0)
[2019.01.08-05.57.37:472][  0]LogWindows:    4. 'NVIDIA GeForce GTX 1070' (P:0 D:0)
[2019.01.08-05.57.37:472][  0]LogWindows:    5. 'NVIDIA GeForce GTX 1070' (P:0 D:0)
[2019.01.08-05.57.37:473][  0]LogWindows:    6. 'NVIDIA GeForce GTX 1070' (P:0 D:0)
[2019.01.08-05.57.37:474][  0]LogWindows: DebugString: GetVideoDriverDetailsInvalid PrimaryIsNotTheChoosenAdapter GetVideoDriverDetailsInvalid PrimaryIsNotTheChoosenAdapter GetVideoDriverDetailsInvalid PrimaryIsNotTheChoosenAdapter GetVideoDriverDetailsInvalid PrimaryIsNotTheChoosenAdapter GetVideoDriverDetailsInvalid PrimaryIsNotTheChoosenAdapter GetVideoDriverDetailsInvalid PrimaryIsNotTheChoosenAdapter GetVideoDriverDetailsInvalid PrimaryIsNotTheChoosenAdapter FoundDriverCount:0 
[2019.01.08-05.57.37:474][  0]LogD3D11RHI:     Adapter Name: NVIDIA GeForce GTX 1070
[2019.01.08-05.57.37:474][  0]LogD3D11RHI:   Driver Version: Unknown (internal:Unknown, unified:Unknown)
[2019.01.08-05.57.37:474][  0]LogD3D11RHI:      Driver Date: Unknown
[2019.01.08-05.57.37:474][  0]LogRHI: Texture pool is 5662 MB (70% of 8089 MB)
[2019.01.08-05.57.37:544][  0]LogD3D11RHI: [Aftermath] Aftermath enabled and primed
[2019.01.08-05.57.37:544][  0]LogD3D11RHI: [Aftermath] Aftermath enabled and primed
[2019.01.08-05.57.37:544][  0]LogD3D11RHI: Async texture creation enabled
[2019.01.08-05.57.37:789][  0]LogD3D11RHI: GPU Timing Frequency: 1000.000000 (Debug: 2 1)
[2019.01.08-05.57.37:905][  0]LogShaderCompilers: Guid format shader working directory is -1 characters bigger than the processId version (C:/Users/Ivy/Documents/DiplomaGame/MyProject/Intermediate/Shaders/WorkingDirectory/14208/).
[2019.01.08-05.57.37:912][  0]LogShaderCompilers: Cleaned the shader compiler working directory 'C:/Users/Ivy/AppData/Local/Temp/UnrealShaderWorkingDir/017C931144BAEAE7AB91FDA3E37C1DE1/'.
[2019.01.08-05.57.39:016][  0]LogTemp: Display: Loaded TP AllDesktopTargetPlatform
[2019.01.08-05.57.39:038][  0]LogTemp: Display: Loaded TP MacClientTargetPlatform
[2019.01.08-05.57.39:063][  0]LogTemp: Display: Loaded TP MacNoEditorTargetPlatform
[2019.01.08-05.57.39:088][  0]LogTemp: Display: Loaded TP MacServerTargetPlatform
[2019.01.08-05.57.39:136][  0]LogTemp: Display: Loaded TP MacTargetPlatform
[2019.01.08-05.57.39:170][  0]LogTemp: Display: Loaded TP WindowsClientTargetPlatform
[2019.01.08-05.57.39:196][  0]LogTemp: Display: Loaded TP WindowsNoEditorTargetPlatform
[2019.01.08-05.57.39:225][  0]LogTemp: Display: Loaded TP WindowsServerTargetPlatform
[2019.01.08-05.57.39:247][  0]LogTemp: Display: Loaded TP WindowsTargetPlatform
[2019.01.08-05.57.39:277][  0]LogTemp: Display: Loaded TP Android_ASTCTargetPlatform
[2019.01.08-05.57.39:305][  0]LogTemp: Display: Loaded TP Android_ATCTargetPlatform
[2019.01.08-05.57.39:332][  0]LogTemp: Display: Loaded TP Android_DXTTargetPlatform
[2019.01.08-05.57.39:364][  0]LogTemp: Display: Loaded TP Android_ETC1aTargetPlatform
[2019.01.08-05.57.39:385][  0]LogTemp: Display: Loaded TP Android_ETC1TargetPlatform
[2019.01.08-05.57.39:407][  0]LogTemp: Display: Loaded TP Android_ETC2TargetPlatform
[2019.01.08-05.57.39:471][  0]LogTemp: Display: Loaded TP Android_MultiTargetPlatform
[2019.01.08-05.57.39:471][  0]LogTemp: Display: Loaded TP Android_PVRTCTargetPlatform
[2019.01.08-05.57.39:530][  0]LogTemp: Display: Loaded TP AndroidTargetPlatform
[2019.01.08-05.57.39:547][  0]LogTemp: Display: Loaded TP HTML5TargetPlatform
[2019.01.08-05.57.39:677][  0]LogTemp: Display: Loaded TP IOSTargetPlatform
[2019.01.08-05.57.39:703][  0]LogTemp: Display: Loaded TP TVOSTargetPlatform
[2019.01.08-05.57.39:731][  0]LogTemp: Display: Loaded TP LinuxClientTargetPlatform
[2019.01.08-05.57.39:755][  0]LogTemp: Display: Loaded TP LinuxNoEditorTargetPlatform
[2019.01.08-05.57.39:782][  0]LogTemp: Display: Loaded TP LinuxServerTargetPlatform
[2019.01.08-05.57.39:807][  0]LogTemp: Display: Loaded TP LinuxTargetPlatform
[2019.01.08-05.57.39:807][  0]LogTargetPlatformManager: Display: Building Assets For Windows
[2019.01.08-05.57.40:867][  0]LogXGEController: Cleaning working directory: C:/Users/Ivy/AppData/Local/Temp/UnrealXGEWorkingDir/
[2019.01.08-05.57.40:869][  0]LogXGEController: Cannot use XGE Controller as Incredibuild is not installed on this machine.
[2019.01.08-05.57.40:876][  0]LogShaderCompilers: Cannot use XGE Shader Compiler as Incredibuild is not installed on this machine.
[2019.01.08-05.57.40:876][  0]LogShaderCompilers: Display: Using Local Shader Compiler.
[2019.01.08-05.57.42:740][  0]LogDerivedDataCache: Display: Max Cache Size: 512 MB
[2019.01.08-05.57.43:000][  0]LogDerivedDataCache: Loaded boot cache 0.26s 74MB C:/Users/Ivy/AppData/Local/UnrealEngine/4.19/DerivedDataCache/Boot.ddc.
[2019.01.08-05.57.43:000][  0]LogDerivedDataCache: Display: Loaded Boot cache: C:/Users/Ivy/AppData/Local/UnrealEngine/4.19/DerivedDataCache/Boot.ddc
[2019.01.08-05.57.43:000][  0]LogDerivedDataCache: FDerivedDataBackendGraph:  Pak pak cache file C:/Users/Ivy/Documents/DiplomaGame/MyProject/DerivedDataCache/DDC.ddp not found, will not use a pak cache.
[2019.01.08-05.57.43:000][  0]LogDerivedDataCache: Unable to find inner node Pak for hierarchical cache Hierarchy.
[2019.01.08-05.57.43:000][  0]LogDerivedDataCache: FDerivedDataBackendGraph:  CompressedPak pak cache file C:/Users/Ivy/Documents/DiplomaGame/MyProject/DerivedDataCache/Compressed.ddp not found, will not use a pak cache.
[2019.01.08-05.57.43:000][  0]LogDerivedDataCache: Unable to find inner node CompressedPak for hierarchical cache Hierarchy.
[2019.01.08-05.57.43:059][  0]LogDerivedDataCache: Display: Pak cache opened for reading ../../../Engine/DerivedDataCache/Compressed.ddp.
[2019.01.08-05.57.43:079][  0]LogDerivedDataCache: Using Local data cache path C:/Users/Ivy/AppData/Local/UnrealEngine/Common/DerivedDataCache: Writable
[2019.01.08-05.57.43:079][  0]LogDerivedDataCache: Shared data cache path not found in *engine.ini, will not use an Shared cache.
[2019.01.08-05.57.43:079][  0]LogDerivedDataCache: Unable to find inner node Shared for hierarchical cache Hierarchy.
[2019.01.08-05.57.43:158][  0]LogMaterial: Verifying Global Shaders for PCD3D_SM5
[2019.01.08-05.57.43:222][  0]LogSlate: Using Freetype 2.6.0
[2019.01.08-05.57.43:273][  0]LogSlate: SlateFontCache - WITH_FREETYPE: 1, WITH_HARFBUZZ: 1
[2019.01.08-05.57.43:274][  0]LogSlate: SlateFontCache - WITH_FREETYPE: 1, WITH_HARFBUZZ: 1
[2019.01.08-05.57.46:794][  0]LogAssetRegistry: FAssetRegistry took 0.0505 seconds to start up
[2019.01.08-05.57.52:269][  0]LogInit: Selected Device Profile: [Windows]
[2019.01.08-05.57.53:836][  0]LogSimplygon: Simplygon DLL not present - disabling.
[2019.01.08-05.57.53:880][  0]LogMeshReduction: Using SimplygonSwarm for distributed automatic mesh merging
[2019.01.08-05.57.53:882][  0]LogMeshReduction: Using QuadricMeshReduction for automatic static mesh reduction
[2019.01.08-05.57.53:882][  0]LogMeshReduction: No automatic skeletal mesh reduction module available
[2019.01.08-05.57.53:882][  0]LogMeshReduction: No automatic mesh merging module available
[2019.01.08-05.57.53:882][  0]LogMeshMerging: No automatic mesh merging module available
[2019.01.08-05.57.54:333][  0]LogNetVersion: MyProject , NetCL: 3944462, EngineNetVer: 2, GameNetVer: 0 (Checksum: 2475486345)
[2019.01.08-05.57.58:170][  0]LogPackageLocalizationCache: Processed 9 localized package path(s) for 1 prioritized culture(s) in 0.221831 seconds
[2019.01.08-05.57.58:197][  0]LogUObjectArray: 36728 objects as part of root set at end of initial load.
[2019.01.08-05.57.58:197][  0]LogUObjectAllocator: 7314312 out of 0 bytes used by permanent object pool.
[2019.01.08-05.57.58:197][  0]LogUObjectArray: CloseDisregardForGC: 0/0 objects in disregard for GC pool
[2019.01.08-05.58.25:763][  0]LogTcpMessaging: Initializing TcpMessaging bridge
[2019.01.08-05.58.25:816][  0]LogUdpMessaging: Initializing bridge on interface 0.0.0.0:0 to multicast group 230.0.0.1:6666.
[2019.01.08-05.58.26:826][  0]SourceControl: Source control is disabled
[2019.01.08-05.58.26:826][  0]SourceControl: Source control is disabled
[2019.01.08-05.58.26:918][  0]SourceControl: Source control is disabled
[2019.01.08-05.58.26:963][  0]SourceControl: Source control is disabled
[2019.01.08-05.58.31:913][  0]LogAndroidPermission: UAndroidPermissionCallbackProxy::GetInstance
[2019.01.08-05.58.32:368][  0]LogOcInput: OculusInput pre-init called
[2019.01.08-05.58.32:996][  0]LogEngine: Initializing Engine...
[2019.01.08-05.58.33:054][  0]LogHMD: Failed to initialize OpenVR with code 110
[2019.01.08-05.58.33:066][  0]LogStats: UGameplayTagsManager::ConstructGameplayTagTree: Construct from data asset -  0.000 s
[2019.01.08-05.58.33:068][  0]LogStats: UGameplayTagsManager::ConstructGameplayTagTree: GameplayTagTreeChangedEvent.Broadcast -  0.000 s
[2019.01.08-05.58.33:811][  0]LogAIModule: Creating AISystem for world Untitled
[2019.01.08-05.58.33:998][  0]LogInit: XAudio2 using '扬声器/听筒 (Realtek Audio)' : 6 channels at 48 kHz using 32 bits per sample (channel mask 0x3f)
[2019.01.08-05.58.36:174][  0]LogInit: FAudioDevice initialized.
[2019.01.08-05.58.36:308][  0]LogDerivedDataCache: Saved boot cache 0.10s 74MB C:/Users/Ivy/AppData/Local/UnrealEngine/4.19/DerivedDataCache/Boot.ddc.
[2019.01.08-05.58.36:368][  0]LogInit: Texture streaming: Enabled
[2019.01.08-05.58.36:594][  0]LogEngineSessionManager: EngineSessionManager initialized
[2019.01.08-05.58.37:837][  0]LogInit: Transaction tracking system initialized
[2019.01.08-05.58.40:392][  0]BlueprintLog: New page: Editor Load
[2019.01.08-05.58.41:742][  0]LocalizationService: Localization service is disabled
[2019.01.08-05.58.42:639][  0]LogConsoleResponse: Display: 
[2019.01.08-05.58.45:499][  0]LogFileCache: Scanning file cache for directory 'C:/Users/Ivy/Documents/DiplomaGame/MyProject/Content/' took 0.02s
[2019.01.08-05.58.45:499][  0]LogCook: Display: Max memory allowance for cook 16384mb min free memory 0mb
[2019.01.08-05.58.45:499][  0]LogCook: Display: Mobile HDR setting 1
[2019.01.08-05.58.45:499][  0]LogGameplayTags: Display: UGameplayTagsManager::DoneAddingNativeTags. DelegateIsBound: 0
[2019.01.08-05.58.45:499][  0]LogStats: UGameplayTagsManager::ConstructGameplayTagTree: Construct from data asset -  0.000 s
[2019.01.08-05.58.45:499][  0]LogStats: UGameplayTagsManager::ConstructGameplayTagTree: GameplayTagTreeChangedEvent.Broadcast -  0.000 s
[2019.01.08-05.58.50:873][  0]SourceControl: Source control is disabled
[2019.01.08-05.58.51:033][  0]Cmd: MAP LOAD FILE="C:/Users/Ivy/Documents/DiplomaGame/MyProject/Content/ThirdPersonBP/Maps/ThirdPersonExampleMap.umap" TEMPLATE=0 SHOWPROGRESS=1 FEATURELEVEL=3
[2019.01.08-05.58.51:848][  0]LightingResults: New page: Lighting Build
[2019.01.08-05.58.52:081][  0]MapCheck: New page: Map Check
[2019.01.08-05.58.52:082][  0]LightingResults: New page: Lighting Build
[2019.01.08-05.58.53:627][  0]LogUObjectGlobals: Created PersistentFrame Addr=0x000002a06abd87c0, Size=64, Default__ThirdPerson_AnimBP_C Function /Game/Mannequin/Animations/ThirdPerson_AnimBP.ThirdPerson_AnimBP_C:ExecuteUbergraph_ThirdPerson_AnimBP
[2019.01.08-05.58.53:989][  0]LogUObjectGlobals: Destroyed PersistentFrame Addr=0x000002a06abd87c0, Size=64
[2019.01.08-05.58.53:989][  0]LogUObjectGlobals: Created PersistentFrame Addr=0x000002a008357300, Size=64, Default__ThirdPerson_AnimBP_C Function /Engine/Transient.REINST_ThirdPerson_AnimBP_C_0:ExecuteUbergraph_ThirdPerson_AnimBP
[2019.01.08-05.58.54:395][  0]LogUObjectGlobals: Created PersistentFrame Addr=0x000002a008310e00, Size=72, Default__ThirdPerson_AnimBP_C Function /Game/Mannequin/Animations/ThirdPerson_AnimBP.ThirdPerson_AnimBP_C:ExecuteUbergraph_ThirdPerson_AnimBP
[2019.01.08-05.58.54:428][  0]LogUObjectGlobals: Created PersistentFrame Addr=0x000002a0046c2038, Size=4, Default__SplineActorBP_C Function /Game/ThirdPersonBP/Blueprints/SplineActorBP.SplineActorBP_C:ExecuteUbergraph_SplineActorBP
[2019.01.08-05.58.54:491][  0]LogUObjectGlobals: Destroyed PersistentFrame Addr=0x000002a0046c2038, Size=4
[2019.01.08-05.58.54:492][  0]LogUObjectGlobals: Created PersistentFrame Addr=0x000002a0046c2038, Size=4, Default__SplineActorBP_C Function /Engine/Transient.REINST_SplineActorBP_C_4:ExecuteUbergraph_SplineActorBP
[2019.01.08-05.58.54:504][  0]LogUObjectGlobals: Created PersistentFrame Addr=0x000002a0046c1e30, Size=4, Default__SplineActorBP_C Function /Game/ThirdPersonBP/Blueprints/SplineActorBP.SplineActorBP_C:ExecuteUbergraph_SplineActorBP
[2019.01.08-05.58.54:553][  0]LogUObjectGlobals: Created PersistentFrame Addr=0x000002a008304800, Size=216, Default__startPointTest_C Function /Game/ThirdPersonBP/Blueprints/startPointTest.startPointTest_C:ExecuteUbergraph_startPointTest
[2019.01.08-05.58.54:560][  0]LogUObjectGlobals: Destroyed PersistentFrame Addr=0x000002a008304800, Size=216
[2019.01.08-05.58.54:560][  0]LogUObjectGlobals: Created PersistentFrame Addr=0x000002a00828b900, Size=216, Default__startPointTest_C Function /Engine/Transient.REINST_startPointTest_C_6:ExecuteUbergraph_startPointTest
[2019.01.08-05.58.54:560][  0]LogUObjectGlobals: Created PersistentFrame Addr=0x000002a00828b820, Size=216, Default__startPointTest_C Function /Game/ThirdPersonBP/Blueprints/startPointTest.startPointTest_C:ExecuteUbergraph_startPointTest
[2019.01.08-05.58.54:564][  0]LogUObjectGlobals: Destroyed PersistentFrame Addr=0x000002a00828b820, Size=216
[2019.01.08-05.58.54:565][  0]LogUObjectGlobals: Created PersistentFrame Addr=0x000002a00828b820, Size=216, Default__startPointTest_C Function /Engine/Transient.REINST_startPointTest_C_7:ExecuteUbergraph_startPointTest
[2019.01.08-05.58.54:571][  0]LogUObjectGlobals: Created PersistentFrame Addr=0x000002a00828a240, Size=216, Default__startPointTest_C Function /Game/ThirdPersonBP/Blueprints/startPointTest.startPointTest_C:ExecuteUbergraph_startPointTest
[2019.01.08-05.58.54:949][  0]LogUObjectGlobals: Created PersistentFrame Addr=0x000002a0081ebc80, Size=864, Default__ThirdPersonCharacter_C Function /Game/ThirdPersonBP/Blueprints/ThirdPersonCharacter.ThirdPersonCharacter_C:ExecuteUbergraph_ThirdPersonCharacter
[2019.01.08-05.58.54:986][  0]LogUObjectGlobals: Destroyed PersistentFrame Addr=0x000002a0081ebc80, Size=864
[2019.01.08-05.58.54:986][  0]LogUObjectGlobals: Created PersistentFrame Addr=0x000002a0081ebc80, Size=864, Default__ThirdPersonCharacter_C Function /Engine/Transient.REINST_ThirdPersonCharacter_C_9:ExecuteUbergraph_ThirdPersonCharacter
[2019.01.08-05.58.55:025][  0]LogUObjectGlobals: Created PersistentFrame Addr=0x000002a0081ea400, Size=864, Default__ThirdPersonCharacter_C Function /Game/ThirdPersonBP/Blueprints/ThirdPersonCharacter.ThirdPersonCharacter_C:ExecuteUbergraph_ThirdPersonCharacter
[2019.01.08-05.58.56:302][  0]LogUObjectGlobals: Created PersistentFrame Addr=0x000002a007b279e0, Size=216, Default__startPointTestError_C Function /Game/ThirdPersonBP/Blueprints/startPointTestError.startPointTestError_C:ExecuteUbergraph_startPointTestError
[2019.01.08-05.58.56:304][  0]LogUObjectGlobals: Destroyed PersistentFrame Addr=0x000002a007b279e0, Size=216
[2019.01.08-05.58.56:304][  0]LogUObjectGlobals: Created PersistentFrame Addr=0x000002a007b279e0, Size=216, Default__startPointTestError_C Function /Engine/Transient.REINST_startPointTestError_C_13:ExecuteUbergraph_startPointTestError
[2019.01.08-05.58.56:306][  0]LogUObjectGlobals: Created PersistentFrame Addr=0x000002a007b24720, Size=216, Default__startPointTestError_C Function /Game/ThirdPersonBP/Blueprints/startPointTestError.startPointTestError_C:ExecuteUbergraph_startPointTestError
[2019.01.08-05.58.58:583][  0]LogSkeletalMesh: Skeletal Mesh found in DDC [136.690536ms] /Game/Mannequin/Character/Mesh/SK_Mannequin.SK_Mannequin
[2019.01.08-05.58.59:096][  0]LogAIModule: Creating AISystem for world ThirdPersonExampleMap
[2019.01.08-05.58.59:436][  0]LogMaterial: Warning: Material /Game/StarterContent/Materials/M_Basic_Wall.M_Basic_Wall needed to have new flag set bUsedWithSplineMeshes !
[2019.01.08-05.58.59:650][  0]LogMaterial: Missing cached shader map for material M_Basic_Wall, compiling. 
[2019.01.08-05.58.59:822][  0]LogShaderCompilers: Display: Shaders left to compile 59
[2019.01.08-05.58.59:822][  0]LogShaderCompilers: Display: Shaders left to compile 49
[2019.01.08-05.58.59:822][  0]LogShaderCompilers: Display: Shaders left to compile 39
[2019.01.08-05.58.59:822][  0]LogShaderCompilers: Display: Shaders left to compile 29
[2019.01.08-05.58.59:822][  0]LogShaderCompilers: Display: Shaders left to compile 19
[2019.01.08-05.58.59:822][  0]MapCheck: Warning: M_Basic_Wall Material /Game/StarterContent/Materials/M_Basic_Wall.M_Basic_Wall was missing the usage flag bUsedWithSplineMeshes. If the material asset is not re-saved, it may not render correctly when run outside the editor. Fix
[2019.01.08-05.59.01:056][  0]LogEditorServer: Finished looking for orphan Actors (0.000 secs)
[2019.01.08-05.59.01:151][  0]LogUObjectGlobals: Destroyed PersistentFrame Addr=0x000002a008357300, Size=64
[2019.01.08-05.59.01:151][  0]LogUObjectGlobals: Destroyed PersistentFrame Addr=0x000002a0046c2038, Size=4
[2019.01.08-05.59.01:151][  0]LogUObjectGlobals: Destroyed PersistentFrame Addr=0x000002a00828b900, Size=216
[2019.01.08-05.59.01:151][  0]LogUObjectGlobals: Destroyed PersistentFrame Addr=0x000002a00828b820, Size=216
[2019.01.08-05.59.01:151][  0]LogUObjectGlobals: Destroyed PersistentFrame Addr=0x000002a0081ebc80, Size=864
[2019.01.08-05.59.01:152][  0]LogUObjectGlobals: Destroyed PersistentFrame Addr=0x000002a007b279e0, Size=216
[2019.01.08-05.59.01:200][  0]Cmd: MAP CHECKDEP NOCLEARLOG
[2019.01.08-05.59.01:302][  0]MapCheck: Map check complete: 0 Error(s), 1 Warning(s), took 102.514ms to complete.
[2019.01.08-05.59.01:399][  0]LogFileHelpers: Loading map 'ThirdPersonExampleMap' took 10.454
[2019.01.08-05.59.02:558][  0]LogCollectionManager: Loaded 0 collections in 0.002368 seconds
[2019.01.08-05.59.02:692][  0]LogFileCache: Scanning file cache for directory 'C:/Users/Ivy/Documents/DiplomaGame/MyProject/Saved/Collections/' took 0.01s
[2019.01.08-05.59.02:692][  0]LogFileCache: Scanning file cache for directory 'C:/Users/Ivy/Documents/DiplomaGame/MyProject/Content/Developers/Ivy/Collections/' took 0.01s
[2019.01.08-05.59.02:692][  0]LogFileCache: Scanning file cache for directory 'C:/Users/Ivy/Documents/DiplomaGame/MyProject/Content/Collections/' took 0.01s
[2019.01.08-05.59.02:692][  0]LogCollectionManager: Rebuilt the GUID cache for 0 collections in 0.000000 seconds
[2019.01.08-05.59.02:706][  0]LogContentBrowser: Native class hierarchy populated in 0.0127 seconds. Added 2452 classes and 558 folders.
[2019.01.08-05.59.02:765][  0]LogContentBrowser: Native class hierarchy updated for 'WidgetCarousel' in 0.0003 seconds. Added 0 classes and 0 folders.
[2019.01.08-05.59.03:427][  0]LogShaderCompilers: Display: Shaders left to compile 9
[2019.01.08-05.59.03:427][  0]LogContentBrowser: Native class hierarchy updated for 'AddContentDialog' in 0.0004 seconds. Added 0 classes and 0 folders.
[2019.01.08-05.59.03:470][  0]LogContentBrowser: Native class hierarchy updated for 'SceneOutliner' in 0.0005 seconds. Added 1 classes and 2 folders.
[2019.01.08-05.59.04:374][  0]LogContentBrowser: Native class hierarchy updated for 'HierarchicalLODOutliner' in 0.0003 seconds. Added 0 classes and 0 folders.
[2019.01.08-05.59.04:374][  0]LogLoad: (Engine Initialization) Total time: 105.96 seconds
[2019.01.08-05.59.04:374][  0]LogLoad: (Engine Initialization) Total Blueprint compile time: 0.00 seconds
[2019.01.08-05.59.04:785][  0]LogContentStreaming: Texture pool size now 1000 MB
[2019.01.08-05.59.04:871][  0]LogSlate: Took 0.039173 seconds to synchronously load lazily loaded font '../../../Engine/Content/Slate/Fonts/Roboto-Bold.ttf' (160K)
[2019.01.08-05.59.04:886][  0]LogSlate: Took 0.014838 seconds to synchronously load lazily loaded font '../../../Engine/Content/Slate/Fonts/Roboto-Regular.ttf' (155K)
[2019.01.08-05.59.04:924][  0]LogSlate: Took 0.014625 seconds to synchronously load lazily loaded font '../../../Engine/Content/Editor/Slate/Fonts/FontAwesome.ttf' (139K)
[2019.01.08-05.59.05:401][  0]LogRenderer: Reallocating scene render targets to support 744x292 Format 10 NumSamples 1 (Frame:1).
[2019.01.08-05.59.05:693][  1]LogAssetRegistry: Asset discovery search completed in 78.9233 seconds
[2019.01.08-05.59.05:695][  1]LogCollectionManager: Rebuilt the object cache for 0 collections in 0.000000 seconds (found 0 objects)
[2019.01.08-05.59.05:696][  1]LogCollectionManager: Fixed up redirectors for 0 collections in 0.000106 seconds (updated 0 objects)
[2019.01.08-05.59.09:401][ 12]LogSlate: Took 0.013812 seconds to synchronously load lazily loaded font '../../../Engine/Content/Slate/Fonts/Roboto-Light.ttf' (167K)
[2019.01.08-05.59.13:689][ 25]LogSlate: FSceneViewport::OnFocusLost() reason 0
[2019.01.08-05.59.13:939][ 39]LogUObjectGlobals: Created PersistentFrame Addr=0x000002a021e888b0, Size=80, Default__NewAnimBlueprint_C Function /Game/NewAnimBlueprint.NewAnimBlueprint_C:ExecuteUbergraph_NewAnimBlueprint
[2019.01.08-05.59.13:945][ 39]LogUObjectGlobals: Destroyed PersistentFrame Addr=0x000002a021e888b0, Size=80
[2019.01.08-05.59.13:945][ 39]LogUObjectGlobals: Created PersistentFrame Addr=0x000002a007b5dda0, Size=80, Default__NewAnimBlueprint_C Function /Engine/Transient.REINST_NewAnimBlueprint_C_1:ExecuteUbergraph_NewAnimBlueprint
[2019.01.08-05.59.13:951][ 39]LogUObjectGlobals: Created PersistentFrame Addr=0x000002a02c8967a0, Size=80, Default__NewAnimBlueprint_C Function /Game/NewAnimBlueprint.NewAnimBlueprint_C:ExecuteUbergraph_NewAnimBlueprint
[2019.01.08-05.59.13:995][ 39]LogUObjectGlobals: Created PersistentFrame Addr=0x000002a0192487d0, Size=8, Default__AICharactor_Controller_C Function /Game/AI/AICharactor_Controller.AICharactor_Controller_C:ExecuteUbergraph_AICharactor_Controller
[2019.01.08-05.59.14:000][ 39]LogUObjectGlobals: Created PersistentFrame Addr=0x000002a02c883e00, Size=512, Default__BTS_VersionCheck_C Function /Game/AI/BTS_VersionCheck.BTS_VersionCheck_C:ExecuteUbergraph_BTS_VersionCheck
[2019.01.08-05.59.14:016][ 39]LogUObjectGlobals: Created PersistentFrame Addr=0x000002a02c8de200, Size=48, Default__BTT_SetWalkSpeed_C Function /Game/AI/BTT_SetWalkSpeed.BTT_SetWalkSpeed_C:ExecuteUbergraph_BTT_SetWalkSpeed
[2019.01.08-05.59.14:023][ 39]LogUObjectGlobals: Created PersistentFrame Addr=0x000002a02c87ee80, Size=104, Default__BTT_WanderToPoint_C Function /Game/AI/BTT_WanderToPoint.BTT_WanderToPoint_C:ExecuteUbergraph_BTT_WanderToPoint
[2019.01.08-05.59.14:037][ 39]LogUObjectGlobals: Destroyed PersistentFrame Addr=0x000002a0192487d0, Size=8
[2019.01.08-05.59.14:037][ 39]LogUObjectGlobals: Created PersistentFrame Addr=0x000002a0192487d0, Size=8, Default__AICharactor_Controller_C Function /Engine/Transient.REINST_AICharactor_Controller_C_16:ExecuteUbergraph_AICharactor_Controller
[2019.01.08-05.59.14:038][ 39]LogUObjectGlobals: Destroyed PersistentFrame Addr=0x000002a02c8de200, Size=48
[2019.01.08-05.59.14:038][ 39]LogUObjectGlobals: Created PersistentFrame Addr=0x000002a02c8de200, Size=48, Default__BTT_SetWalkSpeed_C Function /Engine/Transient.REINST_BTT_SetWalkSpeed_C_17:ExecuteUbergraph_BTT_SetWalkSpeed
[2019.01.08-05.59.14:038][ 39]LogUObjectGlobals: Destroyed PersistentFrame Addr=0x000002a02c87ee80, Size=104
[2019.01.08-05.59.14:038][ 39]LogUObjectGlobals: Created PersistentFrame Addr=0x000002a02c87ee80, Size=104, Default__BTT_WanderToPoint_C Function /Engine/Transient.REINST_BTT_WanderToPoint_C_18:ExecuteUbergraph_BTT_WanderToPoint
[2019.01.08-05.59.14:039][ 39]LogUObjectGlobals: Destroyed PersistentFrame Addr=0x000002a02c883e00, Size=512
[2019.01.08-05.59.14:039][ 39]LogUObjectGlobals: Created PersistentFrame Addr=0x000002a02c883e00, Size=512, Default__BTS_VersionCheck_C Function /Engine/Transient.REINST_BTS_VersionCheck_C_19:ExecuteUbergraph_BTS_VersionCheck
[2019.01.08-05.59.14:047][ 39]LogUObjectGlobals: Created PersistentFrame Addr=0x000002a0157ce440, Size=8, Default__AICharactor_Controller_C Function /Game/AI/AICharactor_Controller.AICharactor_Controller_C:ExecuteUbergraph_AICharactor_Controller
[2019.01.08-05.59.14:048][ 39]LogUObjectGlobals: Created PersistentFrame Addr=0x000002a02c8dd7b0, Size=48, Default__BTT_SetWalkSpeed_C Function /Game/AI/BTT_SetWalkSpeed.BTT_SetWalkSpeed_C:ExecuteUbergraph_BTT_SetWalkSpeed
[2019.01.08-05.59.14:049][ 39]LogUObjectGlobals: Created PersistentFrame Addr=0x000002a02c8b3b30, Size=104, Default__BTT_WanderToPoint_C Function /Game/AI/BTT_WanderToPoint.BTT_WanderToPoint_C:ExecuteUbergraph_BTT_WanderToPoint
[2019.01.08-05.59.14:052][ 39]LogUObjectGlobals: Created PersistentFrame Addr=0x000002a02c880400, Size=512, Default__BTS_VersionCheck_C Function /Game/AI/BTS_VersionCheck.BTS_VersionCheck_C:ExecuteUbergraph_BTS_VersionCheck
[2019.01.08-05.59.14:305][ 39]LogSlate: Took 0.000421 seconds to synchronously load lazily loaded font '../../../Engine/Content/Slate/Fonts/Roboto-Light.ttf' (167K)
[2019.01.08-05.59.15:258][ 39]LogContentBrowser: Native class hierarchy updated for 'BlueprintGraph' in 0.0022 seconds. Added 116 classes and 0 folders.
[2019.01.08-05.59.15:734][ 39]LogUObjectGlobals: Created PersistentFrame Addr=0x000002a02efc9770, Size=4, Default__SKEL_PROTO_BP_AnimBlueprint_0_C Function /Engine/Transient.SKEL_PROTO_BP_AnimBlueprint_0_C:ExecuteUbergraph_PROTO_BP_AnimBlueprint_0
[2019.01.08-05.59.15:735][ 39]LogUObjectGlobals: Created PersistentFrame Addr=0x000002a02efc9768, Size=4, Default__PROTO_BP_AnimBlueprint_0_C Function /Engine/Transient.PROTO_BP_AnimBlueprint_0_C:ExecuteUbergraph_PROTO_BP_AnimBlueprint_0
[2019.01.08-05.59.16:761][ 39]LogSlate: Took 0.016238 seconds to synchronously load lazily loaded font '../../../Engine/Content/Slate/Fonts/Roboto-BoldCondensed.ttf' (158K)
[2019.01.08-05.59.22:519][335]LogSlate: Took 0.062570 seconds to synchronously load lazily loaded font '../../../Engine/Content/Slate/Fonts/DroidSansFallback.ttf' (3848K)
[2019.01.08-05.59.26:876][569]LogSlate: Took 0.010025 seconds to synchronously load lazily loaded font '../../../Engine/Content/Slate/Fonts/Roboto-Italic.ttf' (157K)
[2019.01.08-05.59.36:907][163]BlueprintLog: New page: Compile AICharactor_Controller
[2019.01.08-05.59.36:954][163]LogUObjectGlobals: Destroyed PersistentFrame Addr=0x000002a0157ce440, Size=8
[2019.01.08-05.59.36:954][163]LogUObjectGlobals: Created PersistentFrame Addr=0x000002a07a502d08, Size=8, AICharactor_Controller_C_1 Function /Engine/Transient.REINST_AICharactor_Controller_C_42:ExecuteUbergraph_AICharactor_Controller
[2019.01.08-05.59.36:955][163]LogUObjectGlobals: Created PersistentFrame Addr=0x000002a07a500a98, Size=8, Default__AICharactor_Controller_C Function /Game/AI/AICharactor_Controller.AICharactor_Controller_C:ExecuteUbergraph_AICharactor_Controller
[2019.01.08-05.59.37:148][163]LogUObjectGlobals: Destroyed PersistentFrame Addr=0x000002a02c87ee80, Size=104
[2019.01.08-05.59.37:148][163]LogUObjectGlobals: Destroyed PersistentFrame Addr=0x000002a02c8de200, Size=48
[2019.01.08-05.59.37:148][163]LogUObjectGlobals: Destroyed PersistentFrame Addr=0x000002a02c883e00, Size=512
[2019.01.08-05.59.37:149][163]LogUObjectGlobals: Destroyed PersistentFrame Addr=0x000002a0192487d0, Size=8
[2019.01.08-05.59.37:149][163]LogUObjectGlobals: Destroyed PersistentFrame Addr=0x000002a007b5dda0, Size=80
[2019.01.08-05.59.40:541][354]LogAIModule: Creating AISystem for world AIMap
[2019.01.08-05.59.40:575][354]LogUObjectGlobals: Destroyed PersistentFrame Addr=0x000002a07a502d08, Size=8
[2019.01.08-05.59.42:190][354]LogSlate: Window 'Save Content' being destroyed
[2019.01.08-05.59.42:229][354]Cmd: OBJ SAVEPACKAGE PACKAGE="/Game/AI/AICharactor_Controller" FILE="C:/Users/Ivy/Documents/DiplomaGame/MyProject/Content/AI/AICharactor_Controller.uasset" SILENT=true
[2019.01.08-05.59.42:315][354]LogSavePackage: Save=58.13ms
[2019.01.08-05.59.42:315][354]LogSavePackage: Moving 'C:/Users/Ivy/Documents/DiplomaGame/MyProject/Saved/AICharactor_Controller07369DF1415F706A1B838B983AD1809E.tmp' to 'C:/Users/Ivy/Documents/DiplomaGame/MyProject/Content/AI/AICharactor_Controller.uasset'
[2019.01.08-05.59.42:360][354]LogSavePackage: Display: Finished SavePackage C:/Users/Ivy/Documents/DiplomaGame/MyProject/Content/AI/AICharactor_Controller.uasset
[2019.01.08-05.59.42:372][354]Cmd: MAP LOAD FILE="C:/Users/Ivy/Documents/DiplomaGame/MyProject/Content/AI/AIMap.umap" TEMPLATE=0 SHOWPROGRESS=1 FEATURELEVEL=3
[2019.01.08-05.59.42:372][354]LightingResults: New page: Lighting Build
[2019.01.08-05.59.42:373][354]LoadErrors: New page: Loading map: AIMap.umap
[2019.01.08-05.59.42:375][354]MapCheck: New page: Map Check
[2019.01.08-05.59.42:375][354]LightingResults: New page: Lighting Build
[2019.01.08-05.59.42:514][354]LogEditorServer: Finished looking for orphan Actors (0.000 secs)
[2019.01.08-05.59.42:563][354]Cmd: MAP CHECKDEP NOCLEARLOG
[2019.01.08-05.59.42:664][354]MapCheck: Map check complete: 0 Error(s), 0 Warning(s), took 101.327ms to complete.
[2019.01.08-05.59.42:669][354]LogFileHelpers: Loading map 'AIMap' took 0.310
[2019.01.08-05.59.43:847][419]LogTemp: Repeating last play command: Selected Viewport
[2019.01.08-05.59.43:877][419]LogPlayLevel: PlayLevel: No blueprints needed recompiling
[2019.01.08-05.59.43:926][419]PIE: New page: PIE session: AIMap (Jan 8, 2019, 9:59:43 PM)
[2019.01.08-05.59.43:926][419]LogPlayLevel: Creating play world package: /Game/AI/UEDPIE_0_AIMap
[2019.01.08-05.59.43:940][419]LogPlayLevel: PIE: StaticDuplicateObject took: (0.013523s)
[2019.01.08-05.59.43:940][419]LogAIModule: Creating AISystem for world AIMap
[2019.01.08-05.59.43:940][419]LogPlayLevel: PIE: World Init took: (0.000761s)
[2019.01.08-05.59.43:940][419]LogPlayLevel: PIE: Created PIE world by copying editor world from /Game/AI/AIMap.AIMap to /Game/AI/UEDPIE_0_AIMap.AIMap (0.014430s)
[2019.01.08-05.59.44:000][419]LogInit: XAudio2 using '扬声器/听筒 (Realtek Audio)' : 6 channels at 48 kHz using 32 bits per sample (channel mask 0x3f)
[2019.01.08-05.59.44:526][419]LogInit: FAudioDevice initialized.
[2019.01.08-05.59.44:626][419]LogLoad: Game class is 'ThirdPersonGameMode_C'
[2019.01.08-05.59.44:638][419]LogWorld: Bringing World /Game/AI/UEDPIE_0_AIMap.AIMap up for play (max tick rate 60) at 2019.01.08-13.59.44
[2019.01.08-05.59.44:649][419]LogWorld: Bringing up level for play took: 0.020705
[2019.01.08-05.59.44:695][419]LogContentBrowser: Native class hierarchy updated for 'MovieSceneCapture' in 0.0004 seconds. Added 11 classes and 0 folders.
[2019.01.08-05.59.44:735][419]PIE: Play in editor start time for /Game/AI/UEDPIE_0_AIMap 0.82
[2019.01.08-05.59.59:724][134]LogSlate: FSceneViewport::OnFocusLost() reason 0
